[0.028s] Invoking command in '/home/uonaim/matlab_ws/FOOT/build/import_imu': AMENT_PREFIX_PATH=/home/uonaim/matlab_ws/FOOT/install:${AMENT_PREFIX_PATH} CMAKE_PREFIX_PATH=/home/uonaim/matlab_ws/FOOT/install:/usr/local/MATLAB/R2023b/sys/ros2/glnxa64/ros2: LD_LIBRARY_PATH=/home/uonaim/matlab_ws/FOOT/install/lib${LD_LIBRARY_PATH} PS1=(venv) VIRTUAL_ENV_PROMPT=(venv) /usr/local/MATLAB/R2023b/bin/glnxa64/cmake/bin/cmake --build /home/uonaim/matlab_ws/FOOT/build/import_imu -- -j14 -l14
[0.037s] [0/1] Re-running CMake...
[0.052s] -- Found ament_cmake: 1.3.3 (/usr/local/MATLAB/R2023b/sys/ros2/glnxa64/ros2/share/ament_cmake/cmake)
[0.169s] -- Found ament_cmake_ros: 0.10.0 (/usr/local/MATLAB/R2023b/sys/ros2/glnxa64/ros2/share/ament_cmake_ros/cmake)
[0.173s] -- Found custom_msgs: 0.0.0 (/home/uonaim/matlab_ws/FOOT/install/share/custom_msgs/cmake)
[0.203s] -- Found rosidl_generator_c: 3.1.4 (/usr/local/MATLAB/R2023b/sys/ros2/glnxa64/ros2/share/rosidl_generator_c/cmake)
[0.207s] -- Found rosidl_adapter: 3.1.4 (/usr/local/MATLAB/R2023b/sys/ros2/glnxa64/ros2/share/rosidl_adapter/cmake)
[0.214s] -- Found rosidl_generator_cpp: 3.1.4 (/usr/local/MATLAB/R2023b/sys/ros2/glnxa64/ros2/share/rosidl_generator_cpp/cmake)
[0.227s] -- Using all available rosidl_typesupport_c: rosidl_typesupport_fastrtps_c;rosidl_typesupport_introspection_c
[0.246s] -- Using all available rosidl_typesupport_cpp: rosidl_typesupport_fastrtps_cpp;rosidl_typesupport_introspection_cpp
[0.338s] -- Found rclcpp: 16.0.3 (/usr/local/MATLAB/R2023b/sys/ros2/glnxa64/ros2/share/rclcpp/cmake)
[0.381s] -- Found rmw_implementation_cmake: 6.1.1 (/usr/local/MATLAB/R2023b/sys/ros2/glnxa64/ros2/share/rmw_implementation_cmake/cmake)
[0.382s] -- Found rmw_cyclonedds_cpp: 1.3.4 (/usr/local/MATLAB/R2023b/sys/ros2/glnxa64/ros2/share/rmw_cyclonedds_cpp/cmake)
[0.408s] -- Using RMW implementation 'rmw_cyclonedds_cpp' as default
[0.503s] -- Found sensor_msgs: 4.2.3 (/usr/local/MATLAB/R2023b/sys/ros2/glnxa64/ros2/share/sensor_msgs/cmake)
[0.681s] -- Configuring done
[0.696s] -- Generating done
[0.704s] -- Build files have been written to: /home/uonaim/matlab_ws/FOOT/build/import_imu
[3.999s] [1/10] Building CXX object CMakeFiles/Import_IMU.dir/src/slros_busmsg_conversion.cpp.o
[3.999s] In file included from /home/uonaim/matlab_ws/FOOT/src/import_imu/include/import_imu/slros_busmsg_conversion.h:14,
[3.999s]                  from /home/uonaim/matlab_ws/FOOT/src/import_imu/src/slros_busmsg_conversion.cpp:1:
[3.999s] /home/uonaim/matlab_ws/FOOT/src/import_imu/include/import_imu/slros_msgconvert_utils.h: In instantiation of ‘void convertToBusFixedPrimitiveArray(BusType&, const MsgType&, const slros::ROSPropertyWarnStatus&) [with BusType = double [9]; MsgType = std::array<double, 9>]’:
[4.000s] /home/uonaim/matlab_ws/FOOT/src/import_imu/src/slros_busmsg_conversion.cpp:234:128:   required from here
[4.000s] /home/uonaim/matlab_ws/FOOT/src/import_imu/include/import_imu/slros_msgconvert_utils.h:543:81: warning: unused parameter ‘warnStatus’ [-Wunused-parameter]
[4.000s]   543 |                                             const slros::ROSPropertyWarnStatus& warnStatus) {
[4.000s]       |                                             ~~~~~~~~~~~~~~~~~~~~~~~~~~~~~~~~~~~~^~~~~~~~~~
[7.153s] [2/10] Building CXX object CMakeFiles/Import_IMU.dir/src/slros2_initialize.cpp.o
[10.201s] [3/10] Building CXX object CMakeFiles/Import_IMU.dir/src/Import_IMU_data.cpp.o
[25.066s] [4/10] Building CXX object CMakeFiles/Import_IMU.dir/src/Import_IMU.cpp.o
[25.097s] [5/10] Building CXX object CMakeFiles/Import_IMU.dir/src/rtGetInf.cpp.o
[25.126s] [6/10] Building CXX object CMakeFiles/Import_IMU.dir/src/rtGetNaN.cpp.o
[25.162s] [7/10] Building CXX object CMakeFiles/Import_IMU.dir/src/rt_nonfinite.cpp.o
[28.677s] [8/10] Building CXX object CMakeFiles/Import_IMU.dir/src/ros2nodeinterface.cpp.o
[31.834s] [9/10] Building CXX object CMakeFiles/Import_IMU.dir/src/main.cpp.o
[32.598s] [10/10] Linking CXX executable Import_IMU
[32.600s] Invoked command in '/home/uonaim/matlab_ws/FOOT/build/import_imu' returned '0': AMENT_PREFIX_PATH=/home/uonaim/matlab_ws/FOOT/install:${AMENT_PREFIX_PATH} CMAKE_PREFIX_PATH=/home/uonaim/matlab_ws/FOOT/install:/usr/local/MATLAB/R2023b/sys/ros2/glnxa64/ros2: LD_LIBRARY_PATH=/home/uonaim/matlab_ws/FOOT/install/lib${LD_LIBRARY_PATH} PS1=(venv) VIRTUAL_ENV_PROMPT=(venv) /usr/local/MATLAB/R2023b/bin/glnxa64/cmake/bin/cmake --build /home/uonaim/matlab_ws/FOOT/build/import_imu -- -j14 -l14
[32.623s] Invoking command in '/home/uonaim/matlab_ws/FOOT/build/import_imu': AMENT_PREFIX_PATH=/home/uonaim/matlab_ws/FOOT/install:${AMENT_PREFIX_PATH} CMAKE_PREFIX_PATH=/home/uonaim/matlab_ws/FOOT/install:/usr/local/MATLAB/R2023b/sys/ros2/glnxa64/ros2: LD_LIBRARY_PATH=/home/uonaim/matlab_ws/FOOT/install/lib${LD_LIBRARY_PATH} PS1=(venv) VIRTUAL_ENV_PROMPT=(venv) /usr/local/MATLAB/R2023b/bin/glnxa64/cmake/bin/cmake --install /home/uonaim/matlab_ws/FOOT/build/import_imu
[32.627s] -- Install configuration: "Release"
[32.627s] -- Installing: /home/uonaim/matlab_ws/FOOT/install/lib/import_imu/Import_IMU
[32.631s] -- Up-to-date: /home/uonaim/matlab_ws/FOOT/install/share/ament_index/resource_index/package_run_dependencies/import_imu
[32.631s] -- Up-to-date: /home/uonaim/matlab_ws/FOOT/install/share/ament_index/resource_index/parent_prefix_path/import_imu
[32.631s] -- Up-to-date: /home/uonaim/matlab_ws/FOOT/install/share/import_imu/environment/ament_prefix_path.sh
[32.632s] -- Installing: /home/uonaim/matlab_ws/FOOT/install/share/import_imu/environment/ament_prefix_path.dsv
[32.632s] -- Up-to-date: /home/uonaim/matlab_ws/FOOT/install/share/import_imu/environment/path.sh
[32.632s] -- Installing: /home/uonaim/matlab_ws/FOOT/install/share/import_imu/environment/path.dsv
[32.632s] -- Up-to-date: /home/uonaim/matlab_ws/FOOT/install/share/import_imu/local_setup.bash
[32.632s] -- Up-to-date: /home/uonaim/matlab_ws/FOOT/install/share/import_imu/local_setup.sh
[32.632s] -- Up-to-date: /home/uonaim/matlab_ws/FOOT/install/share/import_imu/local_setup.zsh
[32.632s] -- Installing: /home/uonaim/matlab_ws/FOOT/install/share/import_imu/local_setup.dsv
[32.632s] -- Installing: /home/uonaim/matlab_ws/FOOT/install/share/import_imu/package.dsv
[32.632s] -- Up-to-date: /home/uonaim/matlab_ws/FOOT/install/share/ament_index/resource_index/packages/import_imu
[32.632s] -- Up-to-date: /home/uonaim/matlab_ws/FOOT/install/share/import_imu/cmake/ament_cmake_export_include_directories-extras.cmake
[32.632s] -- Up-to-date: /home/uonaim/matlab_ws/FOOT/install/share/import_imu/cmake/import_imuConfig.cmake
[32.632s] -- Up-to-date: /home/uonaim/matlab_ws/FOOT/install/share/import_imu/cmake/import_imuConfig-version.cmake
[32.632s] -- Installing: /home/uonaim/matlab_ws/FOOT/install/share/import_imu/package.xml
[32.640s] Invoked command in '/home/uonaim/matlab_ws/FOOT/build/import_imu' returned '0': AMENT_PREFIX_PATH=/home/uonaim/matlab_ws/FOOT/install:${AMENT_PREFIX_PATH} CMAKE_PREFIX_PATH=/home/uonaim/matlab_ws/FOOT/install:/usr/local/MATLAB/R2023b/sys/ros2/glnxa64/ros2: LD_LIBRARY_PATH=/home/uonaim/matlab_ws/FOOT/install/lib${LD_LIBRARY_PATH} PS1=(venv) VIRTUAL_ENV_PROMPT=(venv) /usr/local/MATLAB/R2023b/bin/glnxa64/cmake/bin/cmake --install /home/uonaim/matlab_ws/FOOT/build/import_imu
