[0.409s] DEBUG:colcon:Command line arguments: ['/root/.matlab/R2023b/ros2/glnxa64/venv/bin/colcon', 'build', '--merge-install', '--base-paths', '/home/uonaim/matlab_ws/FOOT/src', '--cmake-args', '-DALIAS_ROS2_TF2=1', '-G', 'Ninja', '-DCMAKE_C_COMPILER=/usr/bin/gcc', '-DCMAKE_CXX_COMPILER=/usr/bin/g++']
[0.409s] DEBUG:colcon:Parsed command line arguments: Namespace(log_base=None, log_level=None, verb_name='build', build_base='build', install_base='install', merge_install=True, symlink_install=False, test_result_base=None, continue_on_error=False, executor='parallel', parallel_workers=14, event_handlers=None, ignore_user_meta=False, metas=['./colcon.meta'], base_paths=['/home/uonaim/matlab_ws/FOOT/src'], packages_ignore=None, packages_ignore_regex=None, paths=None, packages_up_to=None, packages_up_to_regex=None, packages_above=None, packages_above_and_dependencies=None, packages_above_depth=None, packages_select_by_dep=None, packages_skip_by_dep=None, packages_skip_up_to=None, packages_select_build_failed=False, packages_skip_build_finished=False, packages_select_test_failures=False, packages_skip_test_passed=False, packages_select=None, packages_skip=None, packages_select_regex=None, packages_skip_regex=None, packages_start=None, packages_end=None, cmake_args=['-DALIAS_ROS2_TF2=1', '-G', 'Ninja', '-DCMAKE_C_COMPILER=/usr/bin/gcc', '-DCMAKE_CXX_COMPILER=/usr/bin/g++'], cmake_target=None, cmake_target_skip_unavailable=False, cmake_clean_cache=False, cmake_clean_first=False, cmake_force_configure=False, ament_cmake_args=None, catkin_cmake_args=None, catkin_skip_building_tests=False, verb_parser=<colcon_defaults.argument_parser.defaults.DefaultArgumentsDecorator object at 0x7f4f9ce41540>, verb_extension=<colcon_core.verb.build.BuildVerb object at 0x7f4f9cd68d90>, main=<bound method BuildVerb.main of <colcon_core.verb.build.BuildVerb object at 0x7f4f9cd68d90>>)
[0.455s] Level 1:colcon.colcon_core.package_discovery:discover_packages(colcon_meta) check parameters
[0.455s] Level 1:colcon.colcon_core.package_discovery:discover_packages(recursive) check parameters
[0.455s] Level 1:colcon.colcon_core.package_discovery:discover_packages(ignore) check parameters
[0.455s] Level 1:colcon.colcon_core.package_discovery:discover_packages(path) check parameters
[0.455s] Level 1:colcon.colcon_core.package_discovery:discover_packages(recursive) discover
[0.455s] INFO:colcon.colcon_core.package_discovery:Crawling recursively for packages in '/home/uonaim/matlab_ws/FOOT/src'
[0.455s] Level 1:colcon.colcon_core.package_identification:_identify(/home/uonaim/matlab_ws/FOOT/src) by extensions ['ignore', 'ignore_ament_install']
[0.455s] Level 1:colcon.colcon_core.package_identification:_identify(/home/uonaim/matlab_ws/FOOT/src) by extension 'ignore'
[0.455s] Level 1:colcon.colcon_core.package_identification:_identify(/home/uonaim/matlab_ws/FOOT/src) by extension 'ignore_ament_install'
[0.455s] Level 1:colcon.colcon_core.package_identification:_identify(/home/uonaim/matlab_ws/FOOT/src) by extensions ['colcon_pkg']
[0.455s] Level 1:colcon.colcon_core.package_identification:_identify(/home/uonaim/matlab_ws/FOOT/src) by extension 'colcon_pkg'
[0.455s] Level 1:colcon.colcon_core.package_identification:_identify(/home/uonaim/matlab_ws/FOOT/src) by extensions ['colcon_meta']
[0.455s] Level 1:colcon.colcon_core.package_identification:_identify(/home/uonaim/matlab_ws/FOOT/src) by extension 'colcon_meta'
[0.456s] Level 1:colcon.colcon_core.package_identification:_identify(/home/uonaim/matlab_ws/FOOT/src) by extensions ['ros']
[0.456s] Level 1:colcon.colcon_core.package_identification:_identify(/home/uonaim/matlab_ws/FOOT/src) by extension 'ros'
[0.471s] Level 1:colcon.colcon_core.package_identification:_identify(/home/uonaim/matlab_ws/FOOT/src) by extensions ['cmake', 'python']
[0.471s] Level 1:colcon.colcon_core.package_identification:_identify(/home/uonaim/matlab_ws/FOOT/src) by extension 'cmake'
[0.471s] Level 1:colcon.colcon_core.package_identification:_identify(/home/uonaim/matlab_ws/FOOT/src) by extension 'python'
[0.471s] Level 1:colcon.colcon_core.package_identification:_identify(/home/uonaim/matlab_ws/FOOT/src) by extensions ['python_setup_py']
[0.471s] Level 1:colcon.colcon_core.package_identification:_identify(/home/uonaim/matlab_ws/FOOT/src) by extension 'python_setup_py'
[0.471s] Level 1:colcon.colcon_core.package_identification:_identify(/home/uonaim/matlab_ws/FOOT/src/custom_msgs) by extensions ['ignore', 'ignore_ament_install']
[0.471s] Level 1:colcon.colcon_core.package_identification:_identify(/home/uonaim/matlab_ws/FOOT/src/custom_msgs) by extension 'ignore'
[0.471s] Level 1:colcon.colcon_core.package_identification:_identify(/home/uonaim/matlab_ws/FOOT/src/custom_msgs) by extension 'ignore_ament_install'
[0.471s] Level 1:colcon.colcon_core.package_identification:_identify(/home/uonaim/matlab_ws/FOOT/src/custom_msgs) by extensions ['colcon_pkg']
[0.471s] Level 1:colcon.colcon_core.package_identification:_identify(/home/uonaim/matlab_ws/FOOT/src/custom_msgs) by extension 'colcon_pkg'
[0.471s] Level 1:colcon.colcon_core.package_identification:_identify(/home/uonaim/matlab_ws/FOOT/src/custom_msgs) by extensions ['colcon_meta']
[0.471s] Level 1:colcon.colcon_core.package_identification:_identify(/home/uonaim/matlab_ws/FOOT/src/custom_msgs) by extension 'colcon_meta'
[0.471s] Level 1:colcon.colcon_core.package_identification:_identify(/home/uonaim/matlab_ws/FOOT/src/custom_msgs) by extensions ['ros']
[0.471s] Level 1:colcon.colcon_core.package_identification:_identify(/home/uonaim/matlab_ws/FOOT/src/custom_msgs) by extension 'ros'
[0.473s] DEBUG:colcon.colcon_core.package_identification:Package '/home/uonaim/matlab_ws/FOOT/src/custom_msgs' with type 'ros.ament_cmake' and name 'custom_msgs'
[0.473s] Level 1:colcon.colcon_core.package_identification:_identify(/home/uonaim/matlab_ws/FOOT/src/testing_dm_hby) by extensions ['ignore', 'ignore_ament_install']
[0.474s] Level 1:colcon.colcon_core.package_identification:_identify(/home/uonaim/matlab_ws/FOOT/src/testing_dm_hby) by extension 'ignore'
[0.474s] Level 1:colcon.colcon_core.package_identification:_identify(/home/uonaim/matlab_ws/FOOT/src/testing_dm_hby) by extension 'ignore_ament_install'
[0.474s] Level 1:colcon.colcon_core.package_identification:_identify(/home/uonaim/matlab_ws/FOOT/src/testing_dm_hby) by extensions ['colcon_pkg']
[0.474s] Level 1:colcon.colcon_core.package_identification:_identify(/home/uonaim/matlab_ws/FOOT/src/testing_dm_hby) by extension 'colcon_pkg'
[0.474s] Level 1:colcon.colcon_core.package_identification:_identify(/home/uonaim/matlab_ws/FOOT/src/testing_dm_hby) by extensions ['colcon_meta']
[0.474s] Level 1:colcon.colcon_core.package_identification:_identify(/home/uonaim/matlab_ws/FOOT/src/testing_dm_hby) by extension 'colcon_meta'
[0.474s] Level 1:colcon.colcon_core.package_identification:_identify(/home/uonaim/matlab_ws/FOOT/src/testing_dm_hby) by extensions ['ros']
[0.474s] Level 1:colcon.colcon_core.package_identification:_identify(/home/uonaim/matlab_ws/FOOT/src/testing_dm_hby) by extension 'ros'
[0.474s] DEBUG:colcon.colcon_core.package_identification:Package '/home/uonaim/matlab_ws/FOOT/src/testing_dm_hby' with type 'ros.ament_cmake' and name 'testing_dm_hby'
[0.474s] Level 1:colcon.colcon_core.package_discovery:discover_packages(recursive) using defaults
[0.505s] Level 5:colcon.colcon_core.verb:set package 'custom_msgs' build argument 'cmake_args' from command line to '['-DALIAS_ROS2_TF2=1', '-G', 'Ninja', '-DCMAKE_C_COMPILER=/usr/bin/gcc', '-DCMAKE_CXX_COMPILER=/usr/bin/g++']'
[0.505s] Level 5:colcon.colcon_core.verb:set package 'custom_msgs' build argument 'cmake_target' from command line to 'None'
[0.505s] Level 5:colcon.colcon_core.verb:set package 'custom_msgs' build argument 'cmake_target_skip_unavailable' from command line to 'False'
[0.505s] Level 5:colcon.colcon_core.verb:set package 'custom_msgs' build argument 'cmake_clean_cache' from command line to 'False'
[0.505s] Level 5:colcon.colcon_core.verb:set package 'custom_msgs' build argument 'cmake_clean_first' from command line to 'False'
[0.505s] Level 5:colcon.colcon_core.verb:set package 'custom_msgs' build argument 'cmake_force_configure' from command line to 'False'
[0.505s] Level 5:colcon.colcon_core.verb:set package 'custom_msgs' build argument 'ament_cmake_args' from command line to 'None'
[0.505s] Level 5:colcon.colcon_core.verb:set package 'custom_msgs' build argument 'catkin_cmake_args' from command line to 'None'
[0.505s] Level 5:colcon.colcon_core.verb:set package 'custom_msgs' build argument 'catkin_skip_building_tests' from command line to 'False'
[0.505s] DEBUG:colcon.colcon_core.verb:Building package 'custom_msgs' with the following arguments: {'ament_cmake_args': None, 'build_base': '/home/uonaim/matlab_ws/FOOT/build/custom_msgs', 'catkin_cmake_args': None, 'catkin_skip_building_tests': False, 'cmake_args': ['-DALIAS_ROS2_TF2=1', '-G', 'Ninja', '-DCMAKE_C_COMPILER=/usr/bin/gcc', '-DCMAKE_CXX_COMPILER=/usr/bin/g++'], 'cmake_clean_cache': False, 'cmake_clean_first': False, 'cmake_force_configure': False, 'cmake_target': None, 'cmake_target_skip_unavailable': False, 'install_base': '/home/uonaim/matlab_ws/FOOT/install', 'merge_install': True, 'path': '/home/uonaim/matlab_ws/FOOT/src/custom_msgs', 'symlink_install': False, 'test_result_base': None}
[0.511s] Level 5:colcon.colcon_core.verb:set package 'testing_dm_hby' build argument 'cmake_args' from command line to '['-DALIAS_ROS2_TF2=1', '-G', 'Ninja', '-DCMAKE_C_COMPILER=/usr/bin/gcc', '-DCMAKE_CXX_COMPILER=/usr/bin/g++']'
[0.511s] Level 5:colcon.colcon_core.verb:set package 'testing_dm_hby' build argument 'cmake_target' from command line to 'None'
[0.511s] Level 5:colcon.colcon_core.verb:set package 'testing_dm_hby' build argument 'cmake_target_skip_unavailable' from command line to 'False'
[0.511s] Level 5:colcon.colcon_core.verb:set package 'testing_dm_hby' build argument 'cmake_clean_cache' from command line to 'False'
[0.511s] Level 5:colcon.colcon_core.verb:set package 'testing_dm_hby' build argument 'cmake_clean_first' from command line to 'False'
[0.511s] Level 5:colcon.colcon_core.verb:set package 'testing_dm_hby' build argument 'cmake_force_configure' from command line to 'False'
[0.511s] Level 5:colcon.colcon_core.verb:set package 'testing_dm_hby' build argument 'ament_cmake_args' from command line to 'None'
[0.511s] Level 5:colcon.colcon_core.verb:set package 'testing_dm_hby' build argument 'catkin_cmake_args' from command line to 'None'
[0.511s] Level 5:colcon.colcon_core.verb:set package 'testing_dm_hby' build argument 'catkin_skip_building_tests' from command line to 'False'
[0.511s] DEBUG:colcon.colcon_core.verb:Building package 'testing_dm_hby' with the following arguments: {'ament_cmake_args': None, 'build_base': '/home/uonaim/matlab_ws/FOOT/build/testing_dm_hby', 'catkin_cmake_args': None, 'catkin_skip_building_tests': False, 'cmake_args': ['-DALIAS_ROS2_TF2=1', '-G', 'Ninja', '-DCMAKE_C_COMPILER=/usr/bin/gcc', '-DCMAKE_CXX_COMPILER=/usr/bin/g++'], 'cmake_clean_cache': False, 'cmake_clean_first': False, 'cmake_force_configure': False, 'cmake_target': None, 'cmake_target_skip_unavailable': False, 'install_base': '/home/uonaim/matlab_ws/FOOT/install', 'merge_install': True, 'path': '/home/uonaim/matlab_ws/FOOT/src/testing_dm_hby', 'symlink_install': False, 'test_result_base': None}
[0.512s] INFO:colcon.colcon_core.executor:Executing jobs using 'parallel' executor
[0.522s] DEBUG:colcon.colcon_parallel_executor.executor.parallel:run_until_complete
[0.523s] INFO:colcon.colcon_ros.task.ament_cmake.build:Building ROS package in '/home/uonaim/matlab_ws/FOOT/src/custom_msgs' with build type 'ament_cmake'
[0.523s] INFO:colcon.colcon_cmake.task.cmake.build:Building CMake package in '/home/uonaim/matlab_ws/FOOT/src/custom_msgs'
[0.551s] INFO:colcon.colcon_core.plugin_system:Skipping extension 'colcon_core.shell.bat': Not used on non-Windows systems
[0.551s] INFO:colcon.colcon_core.shell:Skip shell extension 'powershell' for command environment: Not usable outside of PowerShell
[0.551s] DEBUG:colcon.colcon_core.shell:Skip shell extension 'dsv' for command environment
[0.572s] DEBUG:colcon.colcon_core.event_handler.log_command:Invoking command in '/home/uonaim/matlab_ws/FOOT/build/custom_msgs': PS1=(venv) VIRTUAL_ENV_PROMPT=(venv) /usr/local/MATLAB/R2023b/bin/glnxa64/cmake/bin/cmake --build /home/uonaim/matlab_ws/FOOT/build/custom_msgs -- -j14 -l14
[1.350s] DEBUG:colcon.colcon_core.event_handler.log_command:Invoked command in '/home/uonaim/matlab_ws/FOOT/build/custom_msgs' returned '0': PS1=(venv) VIRTUAL_ENV_PROMPT=(venv) /usr/local/MATLAB/R2023b/bin/glnxa64/cmake/bin/cmake --build /home/uonaim/matlab_ws/FOOT/build/custom_msgs -- -j14 -l14
[1.378s] DEBUG:colcon.colcon_core.event_handler.log_command:Invoking command in '/home/uonaim/matlab_ws/FOOT/build/custom_msgs': PS1=(venv) VIRTUAL_ENV_PROMPT=(venv) /usr/local/MATLAB/R2023b/bin/glnxa64/cmake/bin/cmake --install /home/uonaim/matlab_ws/FOOT/build/custom_msgs
[1.390s] Level 1:colcon.colcon_core.environment:create_environment_scripts_only(custom_msgs)
[1.391s] DEBUG:colcon.colcon_core.event_handler.log_command:Invoked command in '/home/uonaim/matlab_ws/FOOT/build/custom_msgs' returned '0': PS1=(venv) VIRTUAL_ENV_PROMPT=(venv) /usr/local/MATLAB/R2023b/bin/glnxa64/cmake/bin/cmake --install /home/uonaim/matlab_ws/FOOT/build/custom_msgs
[1.397s] Level 1:colcon.colcon_core.environment:checking '/home/uonaim/matlab_ws/FOOT/install' for CMake module files
[1.398s] Level 1:colcon.colcon_core.environment:checking '/home/uonaim/matlab_ws/FOOT/install' for CMake config files
[1.398s] Level 1:colcon.colcon_core.shell:create_environment_hook('custom_msgs', 'cmake_prefix_path')
[1.402s] INFO:colcon.colcon_core.shell:Creating environment hook '/home/uonaim/matlab_ws/FOOT/install/share/custom_msgs/hook/cmake_prefix_path.ps1'
[1.403s] INFO:colcon.colcon_core.shell:Creating environment descriptor '/home/uonaim/matlab_ws/FOOT/install/share/custom_msgs/hook/cmake_prefix_path.dsv'
[1.403s] INFO:colcon.colcon_core.shell:Creating environment hook '/home/uonaim/matlab_ws/FOOT/install/share/custom_msgs/hook/cmake_prefix_path.sh'
[1.404s] Level 1:colcon.colcon_core.environment:checking '/home/uonaim/matlab_ws/FOOT/install/lib'
[1.404s] Level 1:colcon.colcon_core.shell:create_environment_hook('custom_msgs', 'ld_library_path_lib')
[1.408s] INFO:colcon.colcon_core.shell:Creating environment hook '/home/uonaim/matlab_ws/FOOT/install/share/custom_msgs/hook/ld_library_path_lib.ps1'
[1.408s] INFO:colcon.colcon_core.shell:Creating environment descriptor '/home/uonaim/matlab_ws/FOOT/install/share/custom_msgs/hook/ld_library_path_lib.dsv'
[1.408s] INFO:colcon.colcon_core.shell:Creating environment hook '/home/uonaim/matlab_ws/FOOT/install/share/custom_msgs/hook/ld_library_path_lib.sh'
[1.409s] Level 1:colcon.colcon_core.environment:checking '/home/uonaim/matlab_ws/FOOT/install/bin'
[1.409s] Level 1:colcon.colcon_core.environment:checking '/home/uonaim/matlab_ws/FOOT/install/lib/pkgconfig/custom_msgs.pc'
[1.410s] Level 1:colcon.colcon_core.environment:checking '/home/uonaim/matlab_ws/FOOT/install/lib/python3.10/site-packages'
[1.410s] Level 1:colcon.colcon_core.environment:checking '/home/uonaim/matlab_ws/FOOT/install/bin'
[1.414s] INFO:colcon.colcon_core.shell:Creating package script '/home/uonaim/matlab_ws/FOOT/install/share/custom_msgs/package.ps1'
[1.414s] INFO:colcon.colcon_core.shell:Creating package descriptor '/home/uonaim/matlab_ws/FOOT/install/share/custom_msgs/package.dsv'
[1.415s] INFO:colcon.colcon_core.shell:Creating package script '/home/uonaim/matlab_ws/FOOT/install/share/custom_msgs/package.sh'
[1.415s] INFO:colcon.colcon_core.shell:Creating package script '/home/uonaim/matlab_ws/FOOT/install/share/custom_msgs/package.bash'
[1.416s] INFO:colcon.colcon_core.shell:Creating package script '/home/uonaim/matlab_ws/FOOT/install/share/custom_msgs/package.zsh'
[1.416s] Level 1:colcon.colcon_core.environment:create_file_with_runtime_dependencies(/home/uonaim/matlab_ws/FOOT/install/share/colcon-core/packages/custom_msgs)
[1.441s] Level 1:colcon.colcon_core.environment:create_environment_scripts_only(custom_msgs)
[1.446s] Level 1:colcon.colcon_core.environment:checking '/home/uonaim/matlab_ws/FOOT/install' for CMake module files
[1.446s] Level 1:colcon.colcon_core.environment:checking '/home/uonaim/matlab_ws/FOOT/install' for CMake config files
[1.447s] Level 1:colcon.colcon_core.shell:create_environment_hook('custom_msgs', 'cmake_prefix_path')
[1.450s] INFO:colcon.colcon_core.shell:Creating environment hook '/home/uonaim/matlab_ws/FOOT/install/share/custom_msgs/hook/cmake_prefix_path.ps1'
[1.451s] INFO:colcon.colcon_core.shell:Creating environment descriptor '/home/uonaim/matlab_ws/FOOT/install/share/custom_msgs/hook/cmake_prefix_path.dsv'
[1.451s] INFO:colcon.colcon_core.shell:Creating environment hook '/home/uonaim/matlab_ws/FOOT/install/share/custom_msgs/hook/cmake_prefix_path.sh'
[1.451s] Level 1:colcon.colcon_core.environment:checking '/home/uonaim/matlab_ws/FOOT/install/lib'
[1.452s] Level 1:colcon.colcon_core.shell:create_environment_hook('custom_msgs', 'ld_library_path_lib')
[1.455s] INFO:colcon.colcon_core.shell:Creating environment hook '/home/uonaim/matlab_ws/FOOT/install/share/custom_msgs/hook/ld_library_path_lib.ps1'
[1.456s] INFO:colcon.colcon_core.shell:Creating environment descriptor '/home/uonaim/matlab_ws/FOOT/install/share/custom_msgs/hook/ld_library_path_lib.dsv'
[1.456s] INFO:colcon.colcon_core.shell:Creating environment hook '/home/uonaim/matlab_ws/FOOT/install/share/custom_msgs/hook/ld_library_path_lib.sh'
[1.456s] Level 1:colcon.colcon_core.environment:checking '/home/uonaim/matlab_ws/FOOT/install/bin'
[1.456s] Level 1:colcon.colcon_core.environment:checking '/home/uonaim/matlab_ws/FOOT/install/lib/pkgconfig/custom_msgs.pc'
[1.456s] Level 1:colcon.colcon_core.environment:checking '/home/uonaim/matlab_ws/FOOT/install/lib/python3.10/site-packages'
[1.456s] Level 1:colcon.colcon_core.environment:checking '/home/uonaim/matlab_ws/FOOT/install/bin'
[1.460s] INFO:colcon.colcon_core.shell:Creating package script '/home/uonaim/matlab_ws/FOOT/install/share/custom_msgs/package.ps1'
[1.461s] INFO:colcon.colcon_core.shell:Creating package descriptor '/home/uonaim/matlab_ws/FOOT/install/share/custom_msgs/package.dsv'
[1.461s] INFO:colcon.colcon_core.shell:Creating package script '/home/uonaim/matlab_ws/FOOT/install/share/custom_msgs/package.sh'
[1.461s] INFO:colcon.colcon_core.shell:Creating package script '/home/uonaim/matlab_ws/FOOT/install/share/custom_msgs/package.bash'
[1.462s] INFO:colcon.colcon_core.shell:Creating package script '/home/uonaim/matlab_ws/FOOT/install/share/custom_msgs/package.zsh'
[1.462s] Level 1:colcon.colcon_core.environment:create_file_with_runtime_dependencies(/home/uonaim/matlab_ws/FOOT/install/share/colcon-core/packages/custom_msgs)
[1.462s] INFO:colcon.colcon_ros.task.ament_cmake.build:Building ROS package in '/home/uonaim/matlab_ws/FOOT/src/testing_dm_hby' with build type 'ament_cmake'
[1.463s] INFO:colcon.colcon_cmake.task.cmake.build:Building CMake package in '/home/uonaim/matlab_ws/FOOT/src/testing_dm_hby'
[1.467s] INFO:colcon.colcon_core.shell:Skip shell extension 'powershell' for command environment: Not usable outside of PowerShell
[1.467s] DEBUG:colcon.colcon_core.shell:Skip shell extension 'dsv' for command environment
[1.490s] DEBUG:colcon.colcon_core.event_handler.log_command:Invoking command in '/home/uonaim/matlab_ws/FOOT/build/testing_dm_hby': AMENT_PREFIX_PATH=/home/uonaim/matlab_ws/FOOT/install:${AMENT_PREFIX_PATH} CMAKE_PREFIX_PATH=/home/uonaim/matlab_ws/FOOT/install:/usr/local/MATLAB/R2023b/sys/ros2/glnxa64/ros2: LD_LIBRARY_PATH=/home/uonaim/matlab_ws/FOOT/install/lib${LD_LIBRARY_PATH} PS1=(venv) VIRTUAL_ENV_PROMPT=(venv) /usr/local/MATLAB/R2023b/bin/glnxa64/cmake/bin/cmake --build /home/uonaim/matlab_ws/FOOT/build/testing_dm_hby -- -j14 -l14
[14.497s] DEBUG:colcon.colcon_core.event_handler.log_command:Invoked command in '/home/uonaim/matlab_ws/FOOT/build/testing_dm_hby' returned '0': AMENT_PREFIX_PATH=/home/uonaim/matlab_ws/FOOT/install:${AMENT_PREFIX_PATH} CMAKE_PREFIX_PATH=/home/uonaim/matlab_ws/FOOT/install:/usr/local/MATLAB/R2023b/sys/ros2/glnxa64/ros2: LD_LIBRARY_PATH=/home/uonaim/matlab_ws/FOOT/install/lib${LD_LIBRARY_PATH} PS1=(venv) VIRTUAL_ENV_PROMPT=(venv) /usr/local/MATLAB/R2023b/bin/glnxa64/cmake/bin/cmake --build /home/uonaim/matlab_ws/FOOT/build/testing_dm_hby -- -j14 -l14
[14.520s] DEBUG:colcon.colcon_core.event_handler.log_command:Invoking command in '/home/uonaim/matlab_ws/FOOT/build/testing_dm_hby': AMENT_PREFIX_PATH=/home/uonaim/matlab_ws/FOOT/install:${AMENT_PREFIX_PATH} CMAKE_PREFIX_PATH=/home/uonaim/matlab_ws/FOOT/install:/usr/local/MATLAB/R2023b/sys/ros2/glnxa64/ros2: LD_LIBRARY_PATH=/home/uonaim/matlab_ws/FOOT/install/lib${LD_LIBRARY_PATH} PS1=(venv) VIRTUAL_ENV_PROMPT=(venv) /usr/local/MATLAB/R2023b/bin/glnxa64/cmake/bin/cmake --install /home/uonaim/matlab_ws/FOOT/build/testing_dm_hby
[14.528s] Level 1:colcon.colcon_core.environment:create_environment_scripts_only(testing_dm_hby)
[14.534s] Level 1:colcon.colcon_core.environment:checking '/home/uonaim/matlab_ws/FOOT/install' for CMake module files
[14.534s] DEBUG:colcon.colcon_core.event_handler.log_command:Invoked command in '/home/uonaim/matlab_ws/FOOT/build/testing_dm_hby' returned '0': AMENT_PREFIX_PATH=/home/uonaim/matlab_ws/FOOT/install:${AMENT_PREFIX_PATH} CMAKE_PREFIX_PATH=/home/uonaim/matlab_ws/FOOT/install:/usr/local/MATLAB/R2023b/sys/ros2/glnxa64/ros2: LD_LIBRARY_PATH=/home/uonaim/matlab_ws/FOOT/install/lib${LD_LIBRARY_PATH} PS1=(venv) VIRTUAL_ENV_PROMPT=(venv) /usr/local/MATLAB/R2023b/bin/glnxa64/cmake/bin/cmake --install /home/uonaim/matlab_ws/FOOT/build/testing_dm_hby
[14.535s] Level 1:colcon.colcon_core.environment:checking '/home/uonaim/matlab_ws/FOOT/install' for CMake config files
[14.535s] Level 1:colcon.colcon_core.shell:create_environment_hook('testing_dm_hby', 'cmake_prefix_path')
[14.539s] INFO:colcon.colcon_core.shell:Creating environment hook '/home/uonaim/matlab_ws/FOOT/install/share/testing_dm_hby/hook/cmake_prefix_path.ps1'
[14.540s] INFO:colcon.colcon_core.shell:Creating environment descriptor '/home/uonaim/matlab_ws/FOOT/install/share/testing_dm_hby/hook/cmake_prefix_path.dsv'
[14.540s] INFO:colcon.colcon_core.shell:Creating environment hook '/home/uonaim/matlab_ws/FOOT/install/share/testing_dm_hby/hook/cmake_prefix_path.sh'
[14.540s] Level 1:colcon.colcon_core.environment:checking '/home/uonaim/matlab_ws/FOOT/install/lib'
[14.540s] Level 1:colcon.colcon_core.shell:create_environment_hook('testing_dm_hby', 'ld_library_path_lib')
[14.545s] INFO:colcon.colcon_core.shell:Creating environment hook '/home/uonaim/matlab_ws/FOOT/install/share/testing_dm_hby/hook/ld_library_path_lib.ps1'
[14.545s] INFO:colcon.colcon_core.shell:Creating environment descriptor '/home/uonaim/matlab_ws/FOOT/install/share/testing_dm_hby/hook/ld_library_path_lib.dsv'
[14.545s] INFO:colcon.colcon_core.shell:Creating environment hook '/home/uonaim/matlab_ws/FOOT/install/share/testing_dm_hby/hook/ld_library_path_lib.sh'
[14.546s] Level 1:colcon.colcon_core.environment:checking '/home/uonaim/matlab_ws/FOOT/install/bin'
[14.546s] Level 1:colcon.colcon_core.environment:checking '/home/uonaim/matlab_ws/FOOT/install/lib/pkgconfig/testing_dm_hby.pc'
[14.546s] Level 1:colcon.colcon_core.environment:checking '/home/uonaim/matlab_ws/FOOT/install/lib/python3.10/site-packages'
[14.546s] Level 1:colcon.colcon_core.environment:checking '/home/uonaim/matlab_ws/FOOT/install/bin'
[14.550s] INFO:colcon.colcon_core.shell:Creating package script '/home/uonaim/matlab_ws/FOOT/install/share/testing_dm_hby/package.ps1'
[14.551s] INFO:colcon.colcon_core.shell:Creating package descriptor '/home/uonaim/matlab_ws/FOOT/install/share/testing_dm_hby/package.dsv'
[14.551s] INFO:colcon.colcon_core.shell:Creating package script '/home/uonaim/matlab_ws/FOOT/install/share/testing_dm_hby/package.sh'
[14.552s] INFO:colcon.colcon_core.shell:Creating package script '/home/uonaim/matlab_ws/FOOT/install/share/testing_dm_hby/package.bash'
[14.552s] INFO:colcon.colcon_core.shell:Creating package script '/home/uonaim/matlab_ws/FOOT/install/share/testing_dm_hby/package.zsh'
[14.552s] Level 1:colcon.colcon_core.environment:create_file_with_runtime_dependencies(/home/uonaim/matlab_ws/FOOT/install/share/colcon-core/packages/testing_dm_hby)
[14.577s] Level 1:colcon.colcon_core.environment:create_environment_scripts_only(testing_dm_hby)
[14.582s] Level 1:colcon.colcon_core.environment:checking '/home/uonaim/matlab_ws/FOOT/install' for CMake module files
[14.582s] Level 1:colcon.colcon_core.environment:checking '/home/uonaim/matlab_ws/FOOT/install' for CMake config files
[14.583s] Level 1:colcon.colcon_core.shell:create_environment_hook('testing_dm_hby', 'cmake_prefix_path')
[14.587s] INFO:colcon.colcon_core.shell:Creating environment hook '/home/uonaim/matlab_ws/FOOT/install/share/testing_dm_hby/hook/cmake_prefix_path.ps1'
[14.588s] INFO:colcon.colcon_core.shell:Creating environment descriptor '/home/uonaim/matlab_ws/FOOT/install/share/testing_dm_hby/hook/cmake_prefix_path.dsv'
[14.588s] INFO:colcon.colcon_core.shell:Creating environment hook '/home/uonaim/matlab_ws/FOOT/install/share/testing_dm_hby/hook/cmake_prefix_path.sh'
[14.588s] Level 1:colcon.colcon_core.environment:checking '/home/uonaim/matlab_ws/FOOT/install/lib'
[14.588s] Level 1:colcon.colcon_core.shell:create_environment_hook('testing_dm_hby', 'ld_library_path_lib')
[14.592s] INFO:colcon.colcon_core.shell:Creating environment hook '/home/uonaim/matlab_ws/FOOT/install/share/testing_dm_hby/hook/ld_library_path_lib.ps1'
[14.593s] INFO:colcon.colcon_core.shell:Creating environment descriptor '/home/uonaim/matlab_ws/FOOT/install/share/testing_dm_hby/hook/ld_library_path_lib.dsv'
[14.593s] INFO:colcon.colcon_core.shell:Creating environment hook '/home/uonaim/matlab_ws/FOOT/install/share/testing_dm_hby/hook/ld_library_path_lib.sh'
[14.593s] Level 1:colcon.colcon_core.environment:checking '/home/uonaim/matlab_ws/FOOT/install/bin'
[14.593s] Level 1:colcon.colcon_core.environment:checking '/home/uonaim/matlab_ws/FOOT/install/lib/pkgconfig/testing_dm_hby.pc'
[14.593s] Level 1:colcon.colcon_core.environment:checking '/home/uonaim/matlab_ws/FOOT/install/lib/python3.10/site-packages'
[14.594s] Level 1:colcon.colcon_core.environment:checking '/home/uonaim/matlab_ws/FOOT/install/bin'
[14.597s] INFO:colcon.colcon_core.shell:Creating package script '/home/uonaim/matlab_ws/FOOT/install/share/testing_dm_hby/package.ps1'
[14.598s] INFO:colcon.colcon_core.shell:Creating package descriptor '/home/uonaim/matlab_ws/FOOT/install/share/testing_dm_hby/package.dsv'
[14.598s] INFO:colcon.colcon_core.shell:Creating package script '/home/uonaim/matlab_ws/FOOT/install/share/testing_dm_hby/package.sh'
[14.599s] INFO:colcon.colcon_core.shell:Creating package script '/home/uonaim/matlab_ws/FOOT/install/share/testing_dm_hby/package.bash'
[14.599s] INFO:colcon.colcon_core.shell:Creating package script '/home/uonaim/matlab_ws/FOOT/install/share/testing_dm_hby/package.zsh'
[14.599s] Level 1:colcon.colcon_core.environment:create_file_with_runtime_dependencies(/home/uonaim/matlab_ws/FOOT/install/share/colcon-core/packages/testing_dm_hby)
[14.600s] DEBUG:colcon.colcon_parallel_executor.executor.parallel:closing loop
[14.600s] DEBUG:colcon.colcon_parallel_executor.executor.parallel:loop closed
[14.600s] DEBUG:colcon.colcon_parallel_executor.executor.parallel:run_until_complete finished with '0'
[14.600s] DEBUG:colcon.colcon_core.event_reactor:joining thread
[14.605s] INFO:colcon.colcon_core.plugin_system:Skipping extension 'colcon_notification.desktop_notification.notify2': 'notify2' not found
[14.605s] INFO:colcon.colcon_core.plugin_system:Skipping extension 'colcon_notification.desktop_notification.terminal_notifier': Not used on non-Darwin systems
[14.605s] INFO:colcon.colcon_core.plugin_system:Skipping extension 'colcon_notification.desktop_notification.win32': Not used on non-Windows systems
[14.605s] INFO:colcon.colcon_notification.desktop_notification:Sending desktop notification using 'notify_send'
[14.612s] DEBUG:colcon.colcon_core.event_reactor:joined thread
[14.618s] INFO:colcon.colcon_core.shell:Creating prefix script '/home/uonaim/matlab_ws/FOOT/install/local_setup.ps1'
[14.618s] INFO:colcon.colcon_core.shell:Creating prefix util module '/home/uonaim/matlab_ws/FOOT/install/_local_setup_util_ps1.py'
[14.619s] INFO:colcon.colcon_core.shell:Creating prefix chain script '/home/uonaim/matlab_ws/FOOT/install/setup.ps1'
[14.623s] INFO:colcon.colcon_core.shell:Creating prefix script '/home/uonaim/matlab_ws/FOOT/install/local_setup.sh'
[14.623s] INFO:colcon.colcon_core.shell:Creating prefix util module '/home/uonaim/matlab_ws/FOOT/install/_local_setup_util_sh.py'
[14.623s] INFO:colcon.colcon_core.shell:Creating prefix chain script '/home/uonaim/matlab_ws/FOOT/install/setup.sh'
[14.627s] INFO:colcon.colcon_core.shell:Creating prefix script '/home/uonaim/matlab_ws/FOOT/install/local_setup.bash'
[14.628s] INFO:colcon.colcon_core.shell:Creating prefix chain script '/home/uonaim/matlab_ws/FOOT/install/setup.bash'
[14.631s] INFO:colcon.colcon_core.shell:Creating prefix script '/home/uonaim/matlab_ws/FOOT/install/local_setup.zsh'
[14.631s] INFO:colcon.colcon_core.shell:Creating prefix chain script '/home/uonaim/matlab_ws/FOOT/install/setup.zsh'
