[0.025s] Invoking command in '/home/uonaim/matlab_ws/FOOT/build/import_imu': AMENT_PREFIX_PATH=/home/uonaim/matlab_ws/FOOT/install:${AMENT_PREFIX_PATH} CMAKE_PREFIX_PATH=/home/uonaim/matlab_ws/FOOT/install:/usr/local/MATLAB/R2023b/sys/ros2/glnxa64/ros2: LD_LIBRARY_PATH=/home/uonaim/matlab_ws/FOOT/install/lib${LD_LIBRARY_PATH} PS1=(venv) VIRTUAL_ENV_PROMPT=(venv) /usr/local/MATLAB/R2023b/bin/glnxa64/cmake/bin/cmake /home/uonaim/matlab_ws/FOOT/src/import_imu -DALIAS_ROS2_TF2=1 -G Ninja -DCMAKE_C_COMPILER=/usr/bin/gcc -DCMAKE_CXX_COMPILER=/usr/bin/g++ -DCMAKE_INSTALL_PREFIX=/home/uonaim/matlab_ws/FOOT/install
[0.118s] -- The C compiler identification is GNU 10.5.0
[0.220s] -- The CXX compiler identification is GNU 10.5.0
[0.235s] -- Detecting C compiler ABI info
[0.315s] -- Detecting C compiler ABI info - done
[0.321s] -- Check for working C compiler: /usr/bin/gcc - skipped
[0.321s] -- Detecting C compile features
[0.322s] -- Detecting C compile features - done
[0.325s] -- Detecting CXX compiler ABI info
[0.414s] -- Detecting CXX compiler ABI info - done
[0.420s] -- Check for working CXX compiler: /usr/bin/g++ - skipped
[0.421s] -- Detecting CXX compile features
[0.421s] -- Detecting CXX compile features - done
[0.426s] -- Found ament_cmake: 1.3.3 (/usr/local/MATLAB/R2023b/sys/ros2/glnxa64/ros2/share/ament_cmake/cmake)
[1.280s] -- Found Python3: /root/.matlab/R2023b/ros2/glnxa64/venv/bin/python3.10 (found version "3.10.12") found components: Interpreter 
[1.379s] -- Found ament_cmake_ros: 0.10.0 (/usr/local/MATLAB/R2023b/sys/ros2/glnxa64/ros2/share/ament_cmake_ros/cmake)
[1.387s] -- Found custom_msgs: 0.0.0 (/home/uonaim/matlab_ws/FOOT/install/share/custom_msgs/cmake)
[1.431s] -- Found rosidl_generator_c: 3.1.4 (/usr/local/MATLAB/R2023b/sys/ros2/glnxa64/ros2/share/rosidl_generator_c/cmake)
[1.437s] -- Found rosidl_adapter: 3.1.4 (/usr/local/MATLAB/R2023b/sys/ros2/glnxa64/ros2/share/rosidl_adapter/cmake)
[1.447s] -- Found rosidl_generator_cpp: 3.1.4 (/usr/local/MATLAB/R2023b/sys/ros2/glnxa64/ros2/share/rosidl_generator_cpp/cmake)
[1.464s] -- Using all available rosidl_typesupport_c: rosidl_typesupport_fastrtps_c;rosidl_typesupport_introspection_c
[1.487s] -- Using all available rosidl_typesupport_cpp: rosidl_typesupport_fastrtps_cpp;rosidl_typesupport_introspection_cpp
[1.588s] -- Found rclcpp: 16.0.3 (/usr/local/MATLAB/R2023b/sys/ros2/glnxa64/ros2/share/rclcpp/cmake)
[1.662s] -- Found rmw_implementation_cmake: 6.1.1 (/usr/local/MATLAB/R2023b/sys/ros2/glnxa64/ros2/share/rmw_implementation_cmake/cmake)
[1.667s] -- Found rmw_cyclonedds_cpp: 1.3.4 (/usr/local/MATLAB/R2023b/sys/ros2/glnxa64/ros2/share/rmw_cyclonedds_cpp/cmake)
[1.704s] -- Using RMW implementation 'rmw_cyclonedds_cpp' as default
[1.715s] -- Performing Test CMAKE_HAVE_LIBC_PTHREAD
[1.801s] -- Performing Test CMAKE_HAVE_LIBC_PTHREAD - Success
[1.803s] -- Found Threads: TRUE  
[1.989s] -- Configuring done
[2.005s] -- Generating done
[2.017s] -- Build files have been written to: /home/uonaim/matlab_ws/FOOT/build/import_imu
[2.029s] Invoked command in '/home/uonaim/matlab_ws/FOOT/build/import_imu' returned '0': AMENT_PREFIX_PATH=/home/uonaim/matlab_ws/FOOT/install:${AMENT_PREFIX_PATH} CMAKE_PREFIX_PATH=/home/uonaim/matlab_ws/FOOT/install:/usr/local/MATLAB/R2023b/sys/ros2/glnxa64/ros2: LD_LIBRARY_PATH=/home/uonaim/matlab_ws/FOOT/install/lib${LD_LIBRARY_PATH} PS1=(venv) VIRTUAL_ENV_PROMPT=(venv) /usr/local/MATLAB/R2023b/bin/glnxa64/cmake/bin/cmake /home/uonaim/matlab_ws/FOOT/src/import_imu -DALIAS_ROS2_TF2=1 -G Ninja -DCMAKE_C_COMPILER=/usr/bin/gcc -DCMAKE_CXX_COMPILER=/usr/bin/g++ -DCMAKE_INSTALL_PREFIX=/home/uonaim/matlab_ws/FOOT/install
[2.031s] Invoking command in '/home/uonaim/matlab_ws/FOOT/build/import_imu': AMENT_PREFIX_PATH=/home/uonaim/matlab_ws/FOOT/install:${AMENT_PREFIX_PATH} CMAKE_PREFIX_PATH=/home/uonaim/matlab_ws/FOOT/install:/usr/local/MATLAB/R2023b/sys/ros2/glnxa64/ros2: LD_LIBRARY_PATH=/home/uonaim/matlab_ws/FOOT/install/lib${LD_LIBRARY_PATH} PS1=(venv) VIRTUAL_ENV_PROMPT=(venv) /usr/local/MATLAB/R2023b/bin/glnxa64/cmake/bin/cmake --build /home/uonaim/matlab_ws/FOOT/build/import_imu -- -j14 -l14
[2.086s] [1/10] Building CXX object CMakeFiles/Import_IMU.dir/src/rtGetInf.cpp.o
[2.087s] [2/10] Building CXX object CMakeFiles/Import_IMU.dir/src/rtGetNaN.cpp.o
[2.093s] [3/10] Building CXX object CMakeFiles/Import_IMU.dir/src/rt_nonfinite.cpp.o
[5.456s] [4/10] Building CXX object CMakeFiles/Import_IMU.dir/src/slros_busmsg_conversion.cpp.o
[5.628s] [5/10] Building CXX object CMakeFiles/Import_IMU.dir/src/slros2_initialize.cpp.o
[6.062s] [6/10] Building CXX object CMakeFiles/Import_IMU.dir/src/ros2nodeinterface.cpp.o
[6.344s] [7/10] Building CXX object CMakeFiles/Import_IMU.dir/src/Import_IMU_data.cpp.o
[6.409s] [8/10] Building CXX object CMakeFiles/Import_IMU.dir/src/main.cpp.o
[11.422s] [9/10] Building CXX object CMakeFiles/Import_IMU.dir/src/Import_IMU.cpp.o
[12.061s] [10/10] Linking CXX executable Import_IMU
[12.063s] Invoked command in '/home/uonaim/matlab_ws/FOOT/build/import_imu' returned '0': AMENT_PREFIX_PATH=/home/uonaim/matlab_ws/FOOT/install:${AMENT_PREFIX_PATH} CMAKE_PREFIX_PATH=/home/uonaim/matlab_ws/FOOT/install:/usr/local/MATLAB/R2023b/sys/ros2/glnxa64/ros2: LD_LIBRARY_PATH=/home/uonaim/matlab_ws/FOOT/install/lib${LD_LIBRARY_PATH} PS1=(venv) VIRTUAL_ENV_PROMPT=(venv) /usr/local/MATLAB/R2023b/bin/glnxa64/cmake/bin/cmake --build /home/uonaim/matlab_ws/FOOT/build/import_imu -- -j14 -l14
[12.085s] Invoking command in '/home/uonaim/matlab_ws/FOOT/build/import_imu': AMENT_PREFIX_PATH=/home/uonaim/matlab_ws/FOOT/install:${AMENT_PREFIX_PATH} CMAKE_PREFIX_PATH=/home/uonaim/matlab_ws/FOOT/install:/usr/local/MATLAB/R2023b/sys/ros2/glnxa64/ros2: LD_LIBRARY_PATH=/home/uonaim/matlab_ws/FOOT/install/lib${LD_LIBRARY_PATH} PS1=(venv) VIRTUAL_ENV_PROMPT=(venv) /usr/local/MATLAB/R2023b/bin/glnxa64/cmake/bin/cmake --install /home/uonaim/matlab_ws/FOOT/build/import_imu
[12.088s] -- Install configuration: "Release"
[12.088s] -- Installing: /home/uonaim/matlab_ws/FOOT/install/lib/import_imu/Import_IMU
[12.090s] -- Installing: /home/uonaim/matlab_ws/FOOT/install/share/ament_index/resource_index/package_run_dependencies/import_imu
[12.090s] -- Installing: /home/uonaim/matlab_ws/FOOT/install/share/ament_index/resource_index/parent_prefix_path/import_imu
[12.091s] -- Installing: /home/uonaim/matlab_ws/FOOT/install/share/import_imu/environment/ament_prefix_path.sh
[12.091s] -- Installing: /home/uonaim/matlab_ws/FOOT/install/share/import_imu/environment/ament_prefix_path.dsv
[12.091s] -- Installing: /home/uonaim/matlab_ws/FOOT/install/share/import_imu/environment/path.sh
[12.091s] -- Installing: /home/uonaim/matlab_ws/FOOT/install/share/import_imu/environment/path.dsv
[12.091s] -- Installing: /home/uonaim/matlab_ws/FOOT/install/share/import_imu/local_setup.bash
[12.091s] -- Installing: /home/uonaim/matlab_ws/FOOT/install/share/import_imu/local_setup.sh
[12.091s] -- Installing: /home/uonaim/matlab_ws/FOOT/install/share/import_imu/local_setup.zsh
[12.092s] -- Installing: /home/uonaim/matlab_ws/FOOT/install/share/import_imu/local_setup.dsv
[12.092s] -- Installing: /home/uonaim/matlab_ws/FOOT/install/share/import_imu/package.dsv
[12.092s] -- Installing: /home/uonaim/matlab_ws/FOOT/install/share/ament_index/resource_index/packages/import_imu
[12.092s] -- Installing: /home/uonaim/matlab_ws/FOOT/install/share/import_imu/cmake/ament_cmake_export_include_directories-extras.cmake
[12.092s] -- Installing: /home/uonaim/matlab_ws/FOOT/install/share/import_imu/cmake/import_imuConfig.cmake
[12.092s] -- Installing: /home/uonaim/matlab_ws/FOOT/install/share/import_imu/cmake/import_imuConfig-version.cmake
[12.092s] -- Installing: /home/uonaim/matlab_ws/FOOT/install/share/import_imu/package.xml
[12.100s] Invoked command in '/home/uonaim/matlab_ws/FOOT/build/import_imu' returned '0': AMENT_PREFIX_PATH=/home/uonaim/matlab_ws/FOOT/install:${AMENT_PREFIX_PATH} CMAKE_PREFIX_PATH=/home/uonaim/matlab_ws/FOOT/install:/usr/local/MATLAB/R2023b/sys/ros2/glnxa64/ros2: LD_LIBRARY_PATH=/home/uonaim/matlab_ws/FOOT/install/lib${LD_LIBRARY_PATH} PS1=(venv) VIRTUAL_ENV_PROMPT=(venv) /usr/local/MATLAB/R2023b/bin/glnxa64/cmake/bin/cmake --install /home/uonaim/matlab_ws/FOOT/build/import_imu
