[0.025s] Invoking command in '/home/uonaim/matlab_ws/FOOT/build/import_imu': AMENT_PREFIX_PATH=/home/uonaim/matlab_ws/FOOT/install:${AMENT_PREFIX_PATH} CMAKE_PREFIX_PATH=/home/uonaim/matlab_ws/FOOT/install:/usr/local/MATLAB/R2023b/sys/ros2/glnxa64/ros2: LD_LIBRARY_PATH=/home/uonaim/matlab_ws/FOOT/install/lib${LD_LIBRARY_PATH} PS1=(venv) VIRTUAL_ENV_PROMPT=(venv) /usr/local/MATLAB/R2023b/bin/glnxa64/cmake/bin/cmake --build /home/uonaim/matlab_ws/FOOT/build/import_imu -- -j14 -l14
[0.035s] [0/1] Re-running CMake...
[0.049s] -- Found ament_cmake: 1.3.3 (/usr/local/MATLAB/R2023b/sys/ros2/glnxa64/ros2/share/ament_cmake/cmake)
[0.152s] -- Found ament_cmake_ros: 0.10.0 (/usr/local/MATLAB/R2023b/sys/ros2/glnxa64/ros2/share/ament_cmake_ros/cmake)
[0.155s] -- Found custom_msgs: 0.0.0 (/home/uonaim/matlab_ws/FOOT/install/share/custom_msgs/cmake)
[0.184s] -- Found rosidl_generator_c: 3.1.4 (/usr/local/MATLAB/R2023b/sys/ros2/glnxa64/ros2/share/rosidl_generator_c/cmake)
[0.186s] -- Found rosidl_adapter: 3.1.4 (/usr/local/MATLAB/R2023b/sys/ros2/glnxa64/ros2/share/rosidl_adapter/cmake)
[0.195s] -- Found rosidl_generator_cpp: 3.1.4 (/usr/local/MATLAB/R2023b/sys/ros2/glnxa64/ros2/share/rosidl_generator_cpp/cmake)
[0.207s] -- Using all available rosidl_typesupport_c: rosidl_typesupport_fastrtps_c;rosidl_typesupport_introspection_c
[0.223s] -- Using all available rosidl_typesupport_cpp: rosidl_typesupport_fastrtps_cpp;rosidl_typesupport_introspection_cpp
[0.306s] -- Found rclcpp: 16.0.3 (/usr/local/MATLAB/R2023b/sys/ros2/glnxa64/ros2/share/rclcpp/cmake)
[0.345s] -- Found rmw_implementation_cmake: 6.1.1 (/usr/local/MATLAB/R2023b/sys/ros2/glnxa64/ros2/share/rmw_implementation_cmake/cmake)
[0.346s] -- Found rmw_cyclonedds_cpp: 1.3.4 (/usr/local/MATLAB/R2023b/sys/ros2/glnxa64/ros2/share/rmw_cyclonedds_cpp/cmake)
[0.371s] -- Using RMW implementation 'rmw_cyclonedds_cpp' as default
[0.459s] -- Found sensor_msgs: 4.2.3 (/usr/local/MATLAB/R2023b/sys/ros2/glnxa64/ros2/share/sensor_msgs/cmake)
[0.622s] -- Configuring done
[0.635s] -- Generating done
[0.643s] -- Build files have been written to: /home/uonaim/matlab_ws/FOOT/build/import_imu
[0.686s] [1/10] Building CXX object CMakeFiles/Import_IMU.dir/src/rtGetInf.cpp.o
[3.806s] [2/10] Building CXX object CMakeFiles/Import_IMU.dir/src/ros2nodeinterface.cpp.o
[6.507s] [3/10] Building CXX object CMakeFiles/Import_IMU.dir/src/Import_IMU_data.cpp.o
[6.537s] [4/10] Building CXX object CMakeFiles/Import_IMU.dir/src/rtGetNaN.cpp.o
[9.293s] [5/10] Building CXX object CMakeFiles/Import_IMU.dir/src/main.cpp.o
[22.455s] [6/10] Building CXX object CMakeFiles/Import_IMU.dir/src/Import_IMU.cpp.o
[22.487s] [7/10] Building CXX object CMakeFiles/Import_IMU.dir/src/rt_nonfinite.cpp.o
[25.308s] [8/10] Building CXX object CMakeFiles/Import_IMU.dir/src/slros2_initialize.cpp.o
[28.210s] [9/10] Building CXX object CMakeFiles/Import_IMU.dir/src/slros_busmsg_conversion.cpp.o
[28.210s] In file included from /home/uonaim/matlab_ws/FOOT/src/import_imu/include/import_imu/slros_busmsg_conversion.h:14,
[28.210s]                  from /home/uonaim/matlab_ws/FOOT/src/import_imu/src/slros_busmsg_conversion.cpp:1:
[28.210s] /home/uonaim/matlab_ws/FOOT/src/import_imu/include/import_imu/slros_msgconvert_utils.h: In instantiation of ‘void convertToBusFixedPrimitiveArray(BusType&, const MsgType&, const slros::ROSPropertyWarnStatus&) [with BusType = double [9]; MsgType = std::array<double, 9>]’:
[28.210s] /home/uonaim/matlab_ws/FOOT/src/import_imu/src/slros_busmsg_conversion.cpp:234:128:   required from here
[28.210s] /home/uonaim/matlab_ws/FOOT/src/import_imu/include/import_imu/slros_msgconvert_utils.h:543:81: warning: unused parameter ‘warnStatus’ [-Wunused-parameter]
[28.210s]   543 |                                             const slros::ROSPropertyWarnStatus& warnStatus) {
[28.210s]       |                                             ~~~~~~~~~~~~~~~~~~~~~~~~~~~~~~~~~~~~^~~~~~~~~~
[28.821s] [10/10] Linking CXX executable Import_IMU
[28.824s] Invoked command in '/home/uonaim/matlab_ws/FOOT/build/import_imu' returned '0': AMENT_PREFIX_PATH=/home/uonaim/matlab_ws/FOOT/install:${AMENT_PREFIX_PATH} CMAKE_PREFIX_PATH=/home/uonaim/matlab_ws/FOOT/install:/usr/local/MATLAB/R2023b/sys/ros2/glnxa64/ros2: LD_LIBRARY_PATH=/home/uonaim/matlab_ws/FOOT/install/lib${LD_LIBRARY_PATH} PS1=(venv) VIRTUAL_ENV_PROMPT=(venv) /usr/local/MATLAB/R2023b/bin/glnxa64/cmake/bin/cmake --build /home/uonaim/matlab_ws/FOOT/build/import_imu -- -j14 -l14
[28.849s] Invoking command in '/home/uonaim/matlab_ws/FOOT/build/import_imu': AMENT_PREFIX_PATH=/home/uonaim/matlab_ws/FOOT/install:${AMENT_PREFIX_PATH} CMAKE_PREFIX_PATH=/home/uonaim/matlab_ws/FOOT/install:/usr/local/MATLAB/R2023b/sys/ros2/glnxa64/ros2: LD_LIBRARY_PATH=/home/uonaim/matlab_ws/FOOT/install/lib${LD_LIBRARY_PATH} PS1=(venv) VIRTUAL_ENV_PROMPT=(venv) /usr/local/MATLAB/R2023b/bin/glnxa64/cmake/bin/cmake --install /home/uonaim/matlab_ws/FOOT/build/import_imu
[28.852s] -- Install configuration: "Release"
[28.852s] -- Installing: /home/uonaim/matlab_ws/FOOT/install/lib/import_imu/Import_IMU
[28.856s] -- Up-to-date: /home/uonaim/matlab_ws/FOOT/install/share/ament_index/resource_index/package_run_dependencies/import_imu
[28.856s] -- Up-to-date: /home/uonaim/matlab_ws/FOOT/install/share/ament_index/resource_index/parent_prefix_path/import_imu
[28.856s] -- Up-to-date: /home/uonaim/matlab_ws/FOOT/install/share/import_imu/environment/ament_prefix_path.sh
[28.856s] -- Installing: /home/uonaim/matlab_ws/FOOT/install/share/import_imu/environment/ament_prefix_path.dsv
[28.857s] -- Up-to-date: /home/uonaim/matlab_ws/FOOT/install/share/import_imu/environment/path.sh
[28.857s] -- Installing: /home/uonaim/matlab_ws/FOOT/install/share/import_imu/environment/path.dsv
[28.857s] -- Up-to-date: /home/uonaim/matlab_ws/FOOT/install/share/import_imu/local_setup.bash
[28.857s] -- Up-to-date: /home/uonaim/matlab_ws/FOOT/install/share/import_imu/local_setup.sh
[28.857s] -- Up-to-date: /home/uonaim/matlab_ws/FOOT/install/share/import_imu/local_setup.zsh
[28.857s] -- Installing: /home/uonaim/matlab_ws/FOOT/install/share/import_imu/local_setup.dsv
[28.857s] -- Installing: /home/uonaim/matlab_ws/FOOT/install/share/import_imu/package.dsv
[28.857s] -- Up-to-date: /home/uonaim/matlab_ws/FOOT/install/share/ament_index/resource_index/packages/import_imu
[28.857s] -- Up-to-date: /home/uonaim/matlab_ws/FOOT/install/share/import_imu/cmake/ament_cmake_export_include_directories-extras.cmake
[28.858s] -- Up-to-date: /home/uonaim/matlab_ws/FOOT/install/share/import_imu/cmake/import_imuConfig.cmake
[28.858s] -- Up-to-date: /home/uonaim/matlab_ws/FOOT/install/share/import_imu/cmake/import_imuConfig-version.cmake
[28.858s] -- Installing: /home/uonaim/matlab_ws/FOOT/install/share/import_imu/package.xml
[28.860s] Invoked command in '/home/uonaim/matlab_ws/FOOT/build/import_imu' returned '0': AMENT_PREFIX_PATH=/home/uonaim/matlab_ws/FOOT/install:${AMENT_PREFIX_PATH} CMAKE_PREFIX_PATH=/home/uonaim/matlab_ws/FOOT/install:/usr/local/MATLAB/R2023b/sys/ros2/glnxa64/ros2: LD_LIBRARY_PATH=/home/uonaim/matlab_ws/FOOT/install/lib${LD_LIBRARY_PATH} PS1=(venv) VIRTUAL_ENV_PROMPT=(venv) /usr/local/MATLAB/R2023b/bin/glnxa64/cmake/bin/cmake --install /home/uonaim/matlab_ws/FOOT/build/import_imu
