[0.024s] Invoking command in '/home/uonaim/matlab_ws/FOOT/build/import_imu': AMENT_PREFIX_PATH=/home/uonaim/matlab_ws/FOOT/install:${AMENT_PREFIX_PATH} CMAKE_PREFIX_PATH=/home/uonaim/matlab_ws/FOOT/install:/usr/local/MATLAB/R2023b/sys/ros2/glnxa64/ros2: LD_LIBRARY_PATH=/home/uonaim/matlab_ws/FOOT/install/lib${LD_LIBRARY_PATH} PS1=(venv) VIRTUAL_ENV_PROMPT=(venv) /usr/local/MATLAB/R2023b/bin/glnxa64/cmake/bin/cmake --build /home/uonaim/matlab_ws/FOOT/build/import_imu -- -j14 -l14
[0.034s] [0/1] Re-running CMake...
[0.048s] -- Found ament_cmake: 1.3.3 (/usr/local/MATLAB/R2023b/sys/ros2/glnxa64/ros2/share/ament_cmake/cmake)
[0.147s] -- Found ament_cmake_ros: 0.10.0 (/usr/local/MATLAB/R2023b/sys/ros2/glnxa64/ros2/share/ament_cmake_ros/cmake)
[0.150s] -- Found custom_msgs: 0.0.0 (/home/uonaim/matlab_ws/FOOT/install/share/custom_msgs/cmake)
[0.178s] -- Found rosidl_generator_c: 3.1.4 (/usr/local/MATLAB/R2023b/sys/ros2/glnxa64/ros2/share/rosidl_generator_c/cmake)
[0.180s] -- Found rosidl_adapter: 3.1.4 (/usr/local/MATLAB/R2023b/sys/ros2/glnxa64/ros2/share/rosidl_adapter/cmake)
[0.187s] -- Found rosidl_generator_cpp: 3.1.4 (/usr/local/MATLAB/R2023b/sys/ros2/glnxa64/ros2/share/rosidl_generator_cpp/cmake)
[0.198s] -- Using all available rosidl_typesupport_c: rosidl_typesupport_fastrtps_c;rosidl_typesupport_introspection_c
[0.214s] -- Using all available rosidl_typesupport_cpp: rosidl_typesupport_fastrtps_cpp;rosidl_typesupport_introspection_cpp
[0.296s] -- Found rclcpp: 16.0.3 (/usr/local/MATLAB/R2023b/sys/ros2/glnxa64/ros2/share/rclcpp/cmake)
[0.335s] -- Found rmw_implementation_cmake: 6.1.1 (/usr/local/MATLAB/R2023b/sys/ros2/glnxa64/ros2/share/rmw_implementation_cmake/cmake)
[0.336s] -- Found rmw_cyclonedds_cpp: 1.3.4 (/usr/local/MATLAB/R2023b/sys/ros2/glnxa64/ros2/share/rmw_cyclonedds_cpp/cmake)
[0.360s] -- Using RMW implementation 'rmw_cyclonedds_cpp' as default
[0.450s] -- Found sensor_msgs: 4.2.3 (/usr/local/MATLAB/R2023b/sys/ros2/glnxa64/ros2/share/sensor_msgs/cmake)
[0.606s] -- Configuring done
[0.620s] -- Generating done
[0.628s] -- Build files have been written to: /home/uonaim/matlab_ws/FOOT/build/import_imu
[0.676s] [1/10] Building CXX object CMakeFiles/Import_IMU.dir/src/rt_nonfinite.cpp.o
[3.940s] [2/10] Building CXX object CMakeFiles/Import_IMU.dir/src/slros2_initialize.cpp.o
[7.376s] [3/10] Building CXX object CMakeFiles/Import_IMU.dir/src/slros_busmsg_conversion.cpp.o
[7.376s] In file included from /home/uonaim/matlab_ws/FOOT/src/import_imu/include/import_imu/slros_busmsg_conversion.h:14,
[7.376s]                  from /home/uonaim/matlab_ws/FOOT/src/import_imu/src/slros_busmsg_conversion.cpp:1:
[7.376s] /home/uonaim/matlab_ws/FOOT/src/import_imu/include/import_imu/slros_msgconvert_utils.h: In instantiation of ‘void convertToBusFixedPrimitiveArray(BusType&, const MsgType&, const slros::ROSPropertyWarnStatus&) [with BusType = double [9]; MsgType = std::array<double, 9>]’:
[7.376s] /home/uonaim/matlab_ws/FOOT/src/import_imu/src/slros_busmsg_conversion.cpp:234:128:   required from here
[7.376s] /home/uonaim/matlab_ws/FOOT/src/import_imu/include/import_imu/slros_msgconvert_utils.h:543:81: warning: unused parameter ‘warnStatus’ [-Wunused-parameter]
[7.376s]   543 |                                             const slros::ROSPropertyWarnStatus& warnStatus) {
[7.376s]       |                                             ~~~~~~~~~~~~~~~~~~~~~~~~~~~~~~~~~~~~^~~~~~~~~~
[7.405s] [4/10] Building CXX object CMakeFiles/Import_IMU.dir/src/rtGetNaN.cpp.o
[7.408s] [5/10] Building CXX object CMakeFiles/Import_IMU.dir/src/rtGetInf.cpp.o
[10.975s] [6/10] Building CXX object CMakeFiles/Import_IMU.dir/src/main.cpp.o
[11.181s] [7/10] Building CXX object CMakeFiles/Import_IMU.dir/src/Import_IMU_data.cpp.o
[11.635s] [8/10] Building CXX object CMakeFiles/Import_IMU.dir/src/ros2nodeinterface.cpp.o
[22.762s] [9/10] Building CXX object CMakeFiles/Import_IMU.dir/src/Import_IMU.cpp.o
[23.430s] [10/10] Linking CXX executable Import_IMU
[23.433s] Invoked command in '/home/uonaim/matlab_ws/FOOT/build/import_imu' returned '0': AMENT_PREFIX_PATH=/home/uonaim/matlab_ws/FOOT/install:${AMENT_PREFIX_PATH} CMAKE_PREFIX_PATH=/home/uonaim/matlab_ws/FOOT/install:/usr/local/MATLAB/R2023b/sys/ros2/glnxa64/ros2: LD_LIBRARY_PATH=/home/uonaim/matlab_ws/FOOT/install/lib${LD_LIBRARY_PATH} PS1=(venv) VIRTUAL_ENV_PROMPT=(venv) /usr/local/MATLAB/R2023b/bin/glnxa64/cmake/bin/cmake --build /home/uonaim/matlab_ws/FOOT/build/import_imu -- -j14 -l14
[23.457s] Invoking command in '/home/uonaim/matlab_ws/FOOT/build/import_imu': AMENT_PREFIX_PATH=/home/uonaim/matlab_ws/FOOT/install:${AMENT_PREFIX_PATH} CMAKE_PREFIX_PATH=/home/uonaim/matlab_ws/FOOT/install:/usr/local/MATLAB/R2023b/sys/ros2/glnxa64/ros2: LD_LIBRARY_PATH=/home/uonaim/matlab_ws/FOOT/install/lib${LD_LIBRARY_PATH} PS1=(venv) VIRTUAL_ENV_PROMPT=(venv) /usr/local/MATLAB/R2023b/bin/glnxa64/cmake/bin/cmake --install /home/uonaim/matlab_ws/FOOT/build/import_imu
[23.460s] -- Install configuration: "Release"
[23.460s] -- Installing: /home/uonaim/matlab_ws/FOOT/install/lib/import_imu/Import_IMU
[23.464s] -- Up-to-date: /home/uonaim/matlab_ws/FOOT/install/share/ament_index/resource_index/package_run_dependencies/import_imu
[23.465s] -- Up-to-date: /home/uonaim/matlab_ws/FOOT/install/share/ament_index/resource_index/parent_prefix_path/import_imu
[23.465s] -- Up-to-date: /home/uonaim/matlab_ws/FOOT/install/share/import_imu/environment/ament_prefix_path.sh
[23.465s] -- Installing: /home/uonaim/matlab_ws/FOOT/install/share/import_imu/environment/ament_prefix_path.dsv
[23.465s] -- Up-to-date: /home/uonaim/matlab_ws/FOOT/install/share/import_imu/environment/path.sh
[23.465s] -- Installing: /home/uonaim/matlab_ws/FOOT/install/share/import_imu/environment/path.dsv
[23.465s] -- Up-to-date: /home/uonaim/matlab_ws/FOOT/install/share/import_imu/local_setup.bash
[23.465s] -- Up-to-date: /home/uonaim/matlab_ws/FOOT/install/share/import_imu/local_setup.sh
[23.465s] -- Up-to-date: /home/uonaim/matlab_ws/FOOT/install/share/import_imu/local_setup.zsh
[23.465s] -- Installing: /home/uonaim/matlab_ws/FOOT/install/share/import_imu/local_setup.dsv
[23.465s] -- Installing: /home/uonaim/matlab_ws/FOOT/install/share/import_imu/package.dsv
[23.466s] -- Up-to-date: /home/uonaim/matlab_ws/FOOT/install/share/ament_index/resource_index/packages/import_imu
[23.466s] -- Up-to-date: /home/uonaim/matlab_ws/FOOT/install/share/import_imu/cmake/ament_cmake_export_include_directories-extras.cmake
[23.466s] -- Up-to-date: /home/uonaim/matlab_ws/FOOT/install/share/import_imu/cmake/import_imuConfig.cmake
[23.466s] -- Up-to-date: /home/uonaim/matlab_ws/FOOT/install/share/import_imu/cmake/import_imuConfig-version.cmake
[23.466s] -- Installing: /home/uonaim/matlab_ws/FOOT/install/share/import_imu/package.xml
[23.475s] Invoked command in '/home/uonaim/matlab_ws/FOOT/build/import_imu' returned '0': AMENT_PREFIX_PATH=/home/uonaim/matlab_ws/FOOT/install:${AMENT_PREFIX_PATH} CMAKE_PREFIX_PATH=/home/uonaim/matlab_ws/FOOT/install:/usr/local/MATLAB/R2023b/sys/ros2/glnxa64/ros2: LD_LIBRARY_PATH=/home/uonaim/matlab_ws/FOOT/install/lib${LD_LIBRARY_PATH} PS1=(venv) VIRTUAL_ENV_PROMPT=(venv) /usr/local/MATLAB/R2023b/bin/glnxa64/cmake/bin/cmake --install /home/uonaim/matlab_ws/FOOT/build/import_imu
