[0.396s] DEBUG:colcon:Command line arguments: ['/root/.matlab/R2023b/ros2/glnxa64/venv/bin/colcon', 'build', '--merge-install', '--base-paths', '/home/uonaim/matlab_ws/FOOT/src', '--cmake-args', '-DALIAS_ROS2_TF2=1', '-G', 'Ninja', '-DCMAKE_C_COMPILER=/usr/bin/gcc', '-DCMAKE_CXX_COMPILER=/usr/bin/g++']
[0.396s] DEBUG:colcon:Parsed command line arguments: Namespace(log_base=None, log_level=None, verb_name='build', build_base='build', install_base='install', merge_install=True, symlink_install=False, test_result_base=None, continue_on_error=False, executor='parallel', parallel_workers=14, event_handlers=None, ignore_user_meta=False, metas=['./colcon.meta'], base_paths=['/home/uonaim/matlab_ws/FOOT/src'], packages_ignore=None, packages_ignore_regex=None, paths=None, packages_up_to=None, packages_up_to_regex=None, packages_above=None, packages_above_and_dependencies=None, packages_above_depth=None, packages_select_by_dep=None, packages_skip_by_dep=None, packages_skip_up_to=None, packages_select_build_failed=False, packages_skip_build_finished=False, packages_select_test_failures=False, packages_skip_test_passed=False, packages_select=None, packages_skip=None, packages_select_regex=None, packages_skip_regex=None, packages_start=None, packages_end=None, cmake_args=['-DALIAS_ROS2_TF2=1', '-G', 'Ninja', '-DCMAKE_C_COMPILER=/usr/bin/gcc', '-DCMAKE_CXX_COMPILER=/usr/bin/g++'], cmake_target=None, cmake_target_skip_unavailable=False, cmake_clean_cache=False, cmake_clean_first=False, cmake_force_configure=False, ament_cmake_args=None, catkin_cmake_args=None, catkin_skip_building_tests=False, verb_parser=<colcon_defaults.argument_parser.defaults.DefaultArgumentsDecorator object at 0x7f3d123c5ba0>, verb_extension=<colcon_core.verb.build.BuildVerb object at 0x7f3d1282d1b0>, main=<bound method BuildVerb.main of <colcon_core.verb.build.BuildVerb object at 0x7f3d1282d1b0>>)
[0.440s] Level 1:colcon.colcon_core.package_discovery:discover_packages(colcon_meta) check parameters
[0.440s] Level 1:colcon.colcon_core.package_discovery:discover_packages(recursive) check parameters
[0.440s] Level 1:colcon.colcon_core.package_discovery:discover_packages(ignore) check parameters
[0.440s] Level 1:colcon.colcon_core.package_discovery:discover_packages(path) check parameters
[0.440s] Level 1:colcon.colcon_core.package_discovery:discover_packages(recursive) discover
[0.440s] INFO:colcon.colcon_core.package_discovery:Crawling recursively for packages in '/home/uonaim/matlab_ws/FOOT/src'
[0.440s] Level 1:colcon.colcon_core.package_identification:_identify(/home/uonaim/matlab_ws/FOOT/src) by extensions ['ignore', 'ignore_ament_install']
[0.440s] Level 1:colcon.colcon_core.package_identification:_identify(/home/uonaim/matlab_ws/FOOT/src) by extension 'ignore'
[0.441s] Level 1:colcon.colcon_core.package_identification:_identify(/home/uonaim/matlab_ws/FOOT/src) by extension 'ignore_ament_install'
[0.441s] Level 1:colcon.colcon_core.package_identification:_identify(/home/uonaim/matlab_ws/FOOT/src) by extensions ['colcon_pkg']
[0.441s] Level 1:colcon.colcon_core.package_identification:_identify(/home/uonaim/matlab_ws/FOOT/src) by extension 'colcon_pkg'
[0.441s] Level 1:colcon.colcon_core.package_identification:_identify(/home/uonaim/matlab_ws/FOOT/src) by extensions ['colcon_meta']
[0.441s] Level 1:colcon.colcon_core.package_identification:_identify(/home/uonaim/matlab_ws/FOOT/src) by extension 'colcon_meta'
[0.441s] Level 1:colcon.colcon_core.package_identification:_identify(/home/uonaim/matlab_ws/FOOT/src) by extensions ['ros']
[0.441s] Level 1:colcon.colcon_core.package_identification:_identify(/home/uonaim/matlab_ws/FOOT/src) by extension 'ros'
[0.456s] Level 1:colcon.colcon_core.package_identification:_identify(/home/uonaim/matlab_ws/FOOT/src) by extensions ['cmake', 'python']
[0.456s] Level 1:colcon.colcon_core.package_identification:_identify(/home/uonaim/matlab_ws/FOOT/src) by extension 'cmake'
[0.456s] Level 1:colcon.colcon_core.package_identification:_identify(/home/uonaim/matlab_ws/FOOT/src) by extension 'python'
[0.456s] Level 1:colcon.colcon_core.package_identification:_identify(/home/uonaim/matlab_ws/FOOT/src) by extensions ['python_setup_py']
[0.456s] Level 1:colcon.colcon_core.package_identification:_identify(/home/uonaim/matlab_ws/FOOT/src) by extension 'python_setup_py'
[0.456s] Level 1:colcon.colcon_core.package_identification:_identify(/home/uonaim/matlab_ws/FOOT/src/custom_msgs) by extensions ['ignore', 'ignore_ament_install']
[0.456s] Level 1:colcon.colcon_core.package_identification:_identify(/home/uonaim/matlab_ws/FOOT/src/custom_msgs) by extension 'ignore'
[0.456s] Level 1:colcon.colcon_core.package_identification:_identify(/home/uonaim/matlab_ws/FOOT/src/custom_msgs) by extension 'ignore_ament_install'
[0.456s] Level 1:colcon.colcon_core.package_identification:_identify(/home/uonaim/matlab_ws/FOOT/src/custom_msgs) by extensions ['colcon_pkg']
[0.456s] Level 1:colcon.colcon_core.package_identification:_identify(/home/uonaim/matlab_ws/FOOT/src/custom_msgs) by extension 'colcon_pkg'
[0.456s] Level 1:colcon.colcon_core.package_identification:_identify(/home/uonaim/matlab_ws/FOOT/src/custom_msgs) by extensions ['colcon_meta']
[0.456s] Level 1:colcon.colcon_core.package_identification:_identify(/home/uonaim/matlab_ws/FOOT/src/custom_msgs) by extension 'colcon_meta'
[0.456s] Level 1:colcon.colcon_core.package_identification:_identify(/home/uonaim/matlab_ws/FOOT/src/custom_msgs) by extensions ['ros']
[0.456s] Level 1:colcon.colcon_core.package_identification:_identify(/home/uonaim/matlab_ws/FOOT/src/custom_msgs) by extension 'ros'
[0.458s] DEBUG:colcon.colcon_core.package_identification:Package '/home/uonaim/matlab_ws/FOOT/src/custom_msgs' with type 'ros.ament_cmake' and name 'custom_msgs'
[0.458s] Level 1:colcon.colcon_core.package_identification:_identify(/home/uonaim/matlab_ws/FOOT/src/import_imu) by extensions ['ignore', 'ignore_ament_install']
[0.459s] Level 1:colcon.colcon_core.package_identification:_identify(/home/uonaim/matlab_ws/FOOT/src/import_imu) by extension 'ignore'
[0.459s] Level 1:colcon.colcon_core.package_identification:_identify(/home/uonaim/matlab_ws/FOOT/src/import_imu) by extension 'ignore_ament_install'
[0.459s] Level 1:colcon.colcon_core.package_identification:_identify(/home/uonaim/matlab_ws/FOOT/src/import_imu) by extensions ['colcon_pkg']
[0.459s] Level 1:colcon.colcon_core.package_identification:_identify(/home/uonaim/matlab_ws/FOOT/src/import_imu) by extension 'colcon_pkg'
[0.459s] Level 1:colcon.colcon_core.package_identification:_identify(/home/uonaim/matlab_ws/FOOT/src/import_imu) by extensions ['colcon_meta']
[0.459s] Level 1:colcon.colcon_core.package_identification:_identify(/home/uonaim/matlab_ws/FOOT/src/import_imu) by extension 'colcon_meta'
[0.459s] Level 1:colcon.colcon_core.package_identification:_identify(/home/uonaim/matlab_ws/FOOT/src/import_imu) by extensions ['ros']
[0.459s] Level 1:colcon.colcon_core.package_identification:_identify(/home/uonaim/matlab_ws/FOOT/src/import_imu) by extension 'ros'
[0.459s] DEBUG:colcon.colcon_core.package_identification:Package '/home/uonaim/matlab_ws/FOOT/src/import_imu' with type 'ros.ament_cmake' and name 'import_imu'
[0.459s] Level 1:colcon.colcon_core.package_identification:_identify(/home/uonaim/matlab_ws/FOOT/src/testing_dm_hby) by extensions ['ignore', 'ignore_ament_install']
[0.459s] Level 1:colcon.colcon_core.package_identification:_identify(/home/uonaim/matlab_ws/FOOT/src/testing_dm_hby) by extension 'ignore'
[0.459s] Level 1:colcon.colcon_core.package_identification:_identify(/home/uonaim/matlab_ws/FOOT/src/testing_dm_hby) by extension 'ignore_ament_install'
[0.459s] Level 1:colcon.colcon_core.package_identification:_identify(/home/uonaim/matlab_ws/FOOT/src/testing_dm_hby) by extensions ['colcon_pkg']
[0.459s] Level 1:colcon.colcon_core.package_identification:_identify(/home/uonaim/matlab_ws/FOOT/src/testing_dm_hby) by extension 'colcon_pkg'
[0.460s] Level 1:colcon.colcon_core.package_identification:_identify(/home/uonaim/matlab_ws/FOOT/src/testing_dm_hby) by extensions ['colcon_meta']
[0.460s] Level 1:colcon.colcon_core.package_identification:_identify(/home/uonaim/matlab_ws/FOOT/src/testing_dm_hby) by extension 'colcon_meta'
[0.460s] Level 1:colcon.colcon_core.package_identification:_identify(/home/uonaim/matlab_ws/FOOT/src/testing_dm_hby) by extensions ['ros']
[0.460s] Level 1:colcon.colcon_core.package_identification:_identify(/home/uonaim/matlab_ws/FOOT/src/testing_dm_hby) by extension 'ros'
[0.460s] DEBUG:colcon.colcon_core.package_identification:Package '/home/uonaim/matlab_ws/FOOT/src/testing_dm_hby' with type 'ros.ament_cmake' and name 'testing_dm_hby'
[0.460s] Level 1:colcon.colcon_core.package_discovery:discover_packages(recursive) using defaults
[0.490s] Level 5:colcon.colcon_core.verb:set package 'custom_msgs' build argument 'cmake_args' from command line to '['-DALIAS_ROS2_TF2=1', '-G', 'Ninja', '-DCMAKE_C_COMPILER=/usr/bin/gcc', '-DCMAKE_CXX_COMPILER=/usr/bin/g++']'
[0.490s] Level 5:colcon.colcon_core.verb:set package 'custom_msgs' build argument 'cmake_target' from command line to 'None'
[0.491s] Level 5:colcon.colcon_core.verb:set package 'custom_msgs' build argument 'cmake_target_skip_unavailable' from command line to 'False'
[0.491s] Level 5:colcon.colcon_core.verb:set package 'custom_msgs' build argument 'cmake_clean_cache' from command line to 'False'
[0.491s] Level 5:colcon.colcon_core.verb:set package 'custom_msgs' build argument 'cmake_clean_first' from command line to 'False'
[0.491s] Level 5:colcon.colcon_core.verb:set package 'custom_msgs' build argument 'cmake_force_configure' from command line to 'False'
[0.491s] Level 5:colcon.colcon_core.verb:set package 'custom_msgs' build argument 'ament_cmake_args' from command line to 'None'
[0.491s] Level 5:colcon.colcon_core.verb:set package 'custom_msgs' build argument 'catkin_cmake_args' from command line to 'None'
[0.491s] Level 5:colcon.colcon_core.verb:set package 'custom_msgs' build argument 'catkin_skip_building_tests' from command line to 'False'
[0.491s] DEBUG:colcon.colcon_core.verb:Building package 'custom_msgs' with the following arguments: {'ament_cmake_args': None, 'build_base': '/home/uonaim/matlab_ws/FOOT/build/custom_msgs', 'catkin_cmake_args': None, 'catkin_skip_building_tests': False, 'cmake_args': ['-DALIAS_ROS2_TF2=1', '-G', 'Ninja', '-DCMAKE_C_COMPILER=/usr/bin/gcc', '-DCMAKE_CXX_COMPILER=/usr/bin/g++'], 'cmake_clean_cache': False, 'cmake_clean_first': False, 'cmake_force_configure': False, 'cmake_target': None, 'cmake_target_skip_unavailable': False, 'install_base': '/home/uonaim/matlab_ws/FOOT/install', 'merge_install': True, 'path': '/home/uonaim/matlab_ws/FOOT/src/custom_msgs', 'symlink_install': False, 'test_result_base': None}
[0.496s] Level 5:colcon.colcon_core.verb:set package 'import_imu' build argument 'cmake_args' from command line to '['-DALIAS_ROS2_TF2=1', '-G', 'Ninja', '-DCMAKE_C_COMPILER=/usr/bin/gcc', '-DCMAKE_CXX_COMPILER=/usr/bin/g++']'
[0.496s] Level 5:colcon.colcon_core.verb:set package 'import_imu' build argument 'cmake_target' from command line to 'None'
[0.496s] Level 5:colcon.colcon_core.verb:set package 'import_imu' build argument 'cmake_target_skip_unavailable' from command line to 'False'
[0.496s] Level 5:colcon.colcon_core.verb:set package 'import_imu' build argument 'cmake_clean_cache' from command line to 'False'
[0.496s] Level 5:colcon.colcon_core.verb:set package 'import_imu' build argument 'cmake_clean_first' from command line to 'False'
[0.496s] Level 5:colcon.colcon_core.verb:set package 'import_imu' build argument 'cmake_force_configure' from command line to 'False'
[0.496s] Level 5:colcon.colcon_core.verb:set package 'import_imu' build argument 'ament_cmake_args' from command line to 'None'
[0.496s] Level 5:colcon.colcon_core.verb:set package 'import_imu' build argument 'catkin_cmake_args' from command line to 'None'
[0.496s] Level 5:colcon.colcon_core.verb:set package 'import_imu' build argument 'catkin_skip_building_tests' from command line to 'False'
[0.496s] DEBUG:colcon.colcon_core.verb:Building package 'import_imu' with the following arguments: {'ament_cmake_args': None, 'build_base': '/home/uonaim/matlab_ws/FOOT/build/import_imu', 'catkin_cmake_args': None, 'catkin_skip_building_tests': False, 'cmake_args': ['-DALIAS_ROS2_TF2=1', '-G', 'Ninja', '-DCMAKE_C_COMPILER=/usr/bin/gcc', '-DCMAKE_CXX_COMPILER=/usr/bin/g++'], 'cmake_clean_cache': False, 'cmake_clean_first': False, 'cmake_force_configure': False, 'cmake_target': None, 'cmake_target_skip_unavailable': False, 'install_base': '/home/uonaim/matlab_ws/FOOT/install', 'merge_install': True, 'path': '/home/uonaim/matlab_ws/FOOT/src/import_imu', 'symlink_install': False, 'test_result_base': None}
[0.502s] Level 5:colcon.colcon_core.verb:set package 'testing_dm_hby' build argument 'cmake_args' from command line to '['-DALIAS_ROS2_TF2=1', '-G', 'Ninja', '-DCMAKE_C_COMPILER=/usr/bin/gcc', '-DCMAKE_CXX_COMPILER=/usr/bin/g++']'
[0.502s] Level 5:colcon.colcon_core.verb:set package 'testing_dm_hby' build argument 'cmake_target' from command line to 'None'
[0.502s] Level 5:colcon.colcon_core.verb:set package 'testing_dm_hby' build argument 'cmake_target_skip_unavailable' from command line to 'False'
[0.502s] Level 5:colcon.colcon_core.verb:set package 'testing_dm_hby' build argument 'cmake_clean_cache' from command line to 'False'
[0.502s] Level 5:colcon.colcon_core.verb:set package 'testing_dm_hby' build argument 'cmake_clean_first' from command line to 'False'
[0.502s] Level 5:colcon.colcon_core.verb:set package 'testing_dm_hby' build argument 'cmake_force_configure' from command line to 'False'
[0.502s] Level 5:colcon.colcon_core.verb:set package 'testing_dm_hby' build argument 'ament_cmake_args' from command line to 'None'
[0.502s] Level 5:colcon.colcon_core.verb:set package 'testing_dm_hby' build argument 'catkin_cmake_args' from command line to 'None'
[0.502s] Level 5:colcon.colcon_core.verb:set package 'testing_dm_hby' build argument 'catkin_skip_building_tests' from command line to 'False'
[0.502s] DEBUG:colcon.colcon_core.verb:Building package 'testing_dm_hby' with the following arguments: {'ament_cmake_args': None, 'build_base': '/home/uonaim/matlab_ws/FOOT/build/testing_dm_hby', 'catkin_cmake_args': None, 'catkin_skip_building_tests': False, 'cmake_args': ['-DALIAS_ROS2_TF2=1', '-G', 'Ninja', '-DCMAKE_C_COMPILER=/usr/bin/gcc', '-DCMAKE_CXX_COMPILER=/usr/bin/g++'], 'cmake_clean_cache': False, 'cmake_clean_first': False, 'cmake_force_configure': False, 'cmake_target': None, 'cmake_target_skip_unavailable': False, 'install_base': '/home/uonaim/matlab_ws/FOOT/install', 'merge_install': True, 'path': '/home/uonaim/matlab_ws/FOOT/src/testing_dm_hby', 'symlink_install': False, 'test_result_base': None}
[0.503s] INFO:colcon.colcon_core.executor:Executing jobs using 'parallel' executor
[0.513s] DEBUG:colcon.colcon_parallel_executor.executor.parallel:run_until_complete
[0.513s] INFO:colcon.colcon_ros.task.ament_cmake.build:Building ROS package in '/home/uonaim/matlab_ws/FOOT/src/custom_msgs' with build type 'ament_cmake'
[0.513s] INFO:colcon.colcon_cmake.task.cmake.build:Building CMake package in '/home/uonaim/matlab_ws/FOOT/src/custom_msgs'
[0.535s] INFO:colcon.colcon_core.plugin_system:Skipping extension 'colcon_core.shell.bat': Not used on non-Windows systems
[0.535s] INFO:colcon.colcon_core.shell:Skip shell extension 'powershell' for command environment: Not usable outside of PowerShell
[0.535s] DEBUG:colcon.colcon_core.shell:Skip shell extension 'dsv' for command environment
[0.557s] DEBUG:colcon.colcon_core.event_handler.log_command:Invoking command in '/home/uonaim/matlab_ws/FOOT/build/custom_msgs': PS1=(venv) VIRTUAL_ENV_PROMPT=(venv) /usr/local/MATLAB/R2023b/bin/glnxa64/cmake/bin/cmake --build /home/uonaim/matlab_ws/FOOT/build/custom_msgs -- -j14 -l14
[1.318s] DEBUG:colcon.colcon_core.event_handler.log_command:Invoked command in '/home/uonaim/matlab_ws/FOOT/build/custom_msgs' returned '0': PS1=(venv) VIRTUAL_ENV_PROMPT=(venv) /usr/local/MATLAB/R2023b/bin/glnxa64/cmake/bin/cmake --build /home/uonaim/matlab_ws/FOOT/build/custom_msgs -- -j14 -l14
[1.345s] DEBUG:colcon.colcon_core.event_handler.log_command:Invoking command in '/home/uonaim/matlab_ws/FOOT/build/custom_msgs': PS1=(venv) VIRTUAL_ENV_PROMPT=(venv) /usr/local/MATLAB/R2023b/bin/glnxa64/cmake/bin/cmake --install /home/uonaim/matlab_ws/FOOT/build/custom_msgs
[1.356s] Level 1:colcon.colcon_core.environment:create_environment_scripts_only(custom_msgs)
[1.358s] DEBUG:colcon.colcon_core.event_handler.log_command:Invoked command in '/home/uonaim/matlab_ws/FOOT/build/custom_msgs' returned '0': PS1=(venv) VIRTUAL_ENV_PROMPT=(venv) /usr/local/MATLAB/R2023b/bin/glnxa64/cmake/bin/cmake --install /home/uonaim/matlab_ws/FOOT/build/custom_msgs
[1.363s] Level 1:colcon.colcon_core.environment:checking '/home/uonaim/matlab_ws/FOOT/install' for CMake module files
[1.363s] Level 1:colcon.colcon_core.environment:checking '/home/uonaim/matlab_ws/FOOT/install' for CMake config files
[1.364s] Level 1:colcon.colcon_core.shell:create_environment_hook('custom_msgs', 'cmake_prefix_path')
[1.368s] INFO:colcon.colcon_core.shell:Creating environment hook '/home/uonaim/matlab_ws/FOOT/install/share/custom_msgs/hook/cmake_prefix_path.ps1'
[1.368s] INFO:colcon.colcon_core.shell:Creating environment descriptor '/home/uonaim/matlab_ws/FOOT/install/share/custom_msgs/hook/cmake_prefix_path.dsv'
[1.369s] INFO:colcon.colcon_core.shell:Creating environment hook '/home/uonaim/matlab_ws/FOOT/install/share/custom_msgs/hook/cmake_prefix_path.sh'
[1.369s] Level 1:colcon.colcon_core.environment:checking '/home/uonaim/matlab_ws/FOOT/install/lib'
[1.369s] Level 1:colcon.colcon_core.shell:create_environment_hook('custom_msgs', 'ld_library_path_lib')
[1.373s] INFO:colcon.colcon_core.shell:Creating environment hook '/home/uonaim/matlab_ws/FOOT/install/share/custom_msgs/hook/ld_library_path_lib.ps1'
[1.373s] INFO:colcon.colcon_core.shell:Creating environment descriptor '/home/uonaim/matlab_ws/FOOT/install/share/custom_msgs/hook/ld_library_path_lib.dsv'
[1.374s] INFO:colcon.colcon_core.shell:Creating environment hook '/home/uonaim/matlab_ws/FOOT/install/share/custom_msgs/hook/ld_library_path_lib.sh'
[1.374s] Level 1:colcon.colcon_core.environment:checking '/home/uonaim/matlab_ws/FOOT/install/bin'
[1.374s] Level 1:colcon.colcon_core.environment:checking '/home/uonaim/matlab_ws/FOOT/install/lib/pkgconfig/custom_msgs.pc'
[1.375s] Level 1:colcon.colcon_core.environment:checking '/home/uonaim/matlab_ws/FOOT/install/lib/python3.10/site-packages'
[1.375s] Level 1:colcon.colcon_core.environment:checking '/home/uonaim/matlab_ws/FOOT/install/bin'
[1.379s] INFO:colcon.colcon_core.shell:Creating package script '/home/uonaim/matlab_ws/FOOT/install/share/custom_msgs/package.ps1'
[1.379s] INFO:colcon.colcon_core.shell:Creating package descriptor '/home/uonaim/matlab_ws/FOOT/install/share/custom_msgs/package.dsv'
[1.380s] INFO:colcon.colcon_core.shell:Creating package script '/home/uonaim/matlab_ws/FOOT/install/share/custom_msgs/package.sh'
[1.380s] INFO:colcon.colcon_core.shell:Creating package script '/home/uonaim/matlab_ws/FOOT/install/share/custom_msgs/package.bash'
[1.381s] INFO:colcon.colcon_core.shell:Creating package script '/home/uonaim/matlab_ws/FOOT/install/share/custom_msgs/package.zsh'
[1.381s] Level 1:colcon.colcon_core.environment:create_file_with_runtime_dependencies(/home/uonaim/matlab_ws/FOOT/install/share/colcon-core/packages/custom_msgs)
[1.407s] Level 1:colcon.colcon_core.environment:create_environment_scripts_only(custom_msgs)
[1.411s] Level 1:colcon.colcon_core.environment:checking '/home/uonaim/matlab_ws/FOOT/install' for CMake module files
[1.412s] Level 1:colcon.colcon_core.environment:checking '/home/uonaim/matlab_ws/FOOT/install' for CMake config files
[1.413s] Level 1:colcon.colcon_core.shell:create_environment_hook('custom_msgs', 'cmake_prefix_path')
[1.417s] INFO:colcon.colcon_core.shell:Creating environment hook '/home/uonaim/matlab_ws/FOOT/install/share/custom_msgs/hook/cmake_prefix_path.ps1'
[1.418s] INFO:colcon.colcon_core.shell:Creating environment descriptor '/home/uonaim/matlab_ws/FOOT/install/share/custom_msgs/hook/cmake_prefix_path.dsv'
[1.418s] INFO:colcon.colcon_core.shell:Creating environment hook '/home/uonaim/matlab_ws/FOOT/install/share/custom_msgs/hook/cmake_prefix_path.sh'
[1.418s] Level 1:colcon.colcon_core.environment:checking '/home/uonaim/matlab_ws/FOOT/install/lib'
[1.418s] Level 1:colcon.colcon_core.shell:create_environment_hook('custom_msgs', 'ld_library_path_lib')
[1.422s] INFO:colcon.colcon_core.shell:Creating environment hook '/home/uonaim/matlab_ws/FOOT/install/share/custom_msgs/hook/ld_library_path_lib.ps1'
[1.423s] INFO:colcon.colcon_core.shell:Creating environment descriptor '/home/uonaim/matlab_ws/FOOT/install/share/custom_msgs/hook/ld_library_path_lib.dsv'
[1.423s] INFO:colcon.colcon_core.shell:Creating environment hook '/home/uonaim/matlab_ws/FOOT/install/share/custom_msgs/hook/ld_library_path_lib.sh'
[1.423s] Level 1:colcon.colcon_core.environment:checking '/home/uonaim/matlab_ws/FOOT/install/bin'
[1.423s] Level 1:colcon.colcon_core.environment:checking '/home/uonaim/matlab_ws/FOOT/install/lib/pkgconfig/custom_msgs.pc'
[1.424s] Level 1:colcon.colcon_core.environment:checking '/home/uonaim/matlab_ws/FOOT/install/lib/python3.10/site-packages'
[1.424s] Level 1:colcon.colcon_core.environment:checking '/home/uonaim/matlab_ws/FOOT/install/bin'
[1.429s] INFO:colcon.colcon_core.shell:Creating package script '/home/uonaim/matlab_ws/FOOT/install/share/custom_msgs/package.ps1'
[1.429s] INFO:colcon.colcon_core.shell:Creating package descriptor '/home/uonaim/matlab_ws/FOOT/install/share/custom_msgs/package.dsv'
[1.430s] INFO:colcon.colcon_core.shell:Creating package script '/home/uonaim/matlab_ws/FOOT/install/share/custom_msgs/package.sh'
[1.430s] INFO:colcon.colcon_core.shell:Creating package script '/home/uonaim/matlab_ws/FOOT/install/share/custom_msgs/package.bash'
[1.431s] INFO:colcon.colcon_core.shell:Creating package script '/home/uonaim/matlab_ws/FOOT/install/share/custom_msgs/package.zsh'
[1.431s] Level 1:colcon.colcon_core.environment:create_file_with_runtime_dependencies(/home/uonaim/matlab_ws/FOOT/install/share/colcon-core/packages/custom_msgs)
[1.432s] INFO:colcon.colcon_ros.task.ament_cmake.build:Building ROS package in '/home/uonaim/matlab_ws/FOOT/src/import_imu' with build type 'ament_cmake'
[1.432s] INFO:colcon.colcon_cmake.task.cmake.build:Building CMake package in '/home/uonaim/matlab_ws/FOOT/src/import_imu'
[1.437s] INFO:colcon.colcon_core.shell:Skip shell extension 'powershell' for command environment: Not usable outside of PowerShell
[1.437s] DEBUG:colcon.colcon_core.shell:Skip shell extension 'dsv' for command environment
[1.449s] INFO:colcon.colcon_ros.task.ament_cmake.build:Building ROS package in '/home/uonaim/matlab_ws/FOOT/src/testing_dm_hby' with build type 'ament_cmake'
[1.449s] INFO:colcon.colcon_cmake.task.cmake.build:Building CMake package in '/home/uonaim/matlab_ws/FOOT/src/testing_dm_hby'
[1.453s] INFO:colcon.colcon_core.shell:Skip shell extension 'powershell' for command environment: Not usable outside of PowerShell
[1.453s] DEBUG:colcon.colcon_core.shell:Skip shell extension 'dsv' for command environment
[1.467s] DEBUG:colcon.colcon_core.event_handler.log_command:Invoking command in '/home/uonaim/matlab_ws/FOOT/build/import_imu': AMENT_PREFIX_PATH=/home/uonaim/matlab_ws/FOOT/install:${AMENT_PREFIX_PATH} CMAKE_PREFIX_PATH=/home/uonaim/matlab_ws/FOOT/install:/usr/local/MATLAB/R2023b/sys/ros2/glnxa64/ros2: LD_LIBRARY_PATH=/home/uonaim/matlab_ws/FOOT/install/lib${LD_LIBRARY_PATH} PS1=(venv) VIRTUAL_ENV_PROMPT=(venv) /usr/local/MATLAB/R2023b/bin/glnxa64/cmake/bin/cmake --build /home/uonaim/matlab_ws/FOOT/build/import_imu -- -j14 -l14
[1.474s] DEBUG:colcon.colcon_core.event_handler.log_command:Invoking command in '/home/uonaim/matlab_ws/FOOT/build/testing_dm_hby': AMENT_PREFIX_PATH=/home/uonaim/matlab_ws/FOOT/install:${AMENT_PREFIX_PATH} CMAKE_PREFIX_PATH=/home/uonaim/matlab_ws/FOOT/install:/usr/local/MATLAB/R2023b/sys/ros2/glnxa64/ros2: LD_LIBRARY_PATH=/home/uonaim/matlab_ws/FOOT/install/lib${LD_LIBRARY_PATH} PS1=(venv) VIRTUAL_ENV_PROMPT=(venv) /usr/local/MATLAB/R2023b/bin/glnxa64/cmake/bin/cmake --build /home/uonaim/matlab_ws/FOOT/build/testing_dm_hby -- -j14 -l14
[1.487s] DEBUG:colcon.colcon_core.event_handler.log_command:Invoked command in '/home/uonaim/matlab_ws/FOOT/build/testing_dm_hby' returned '0': AMENT_PREFIX_PATH=/home/uonaim/matlab_ws/FOOT/install:${AMENT_PREFIX_PATH} CMAKE_PREFIX_PATH=/home/uonaim/matlab_ws/FOOT/install:/usr/local/MATLAB/R2023b/sys/ros2/glnxa64/ros2: LD_LIBRARY_PATH=/home/uonaim/matlab_ws/FOOT/install/lib${LD_LIBRARY_PATH} PS1=(venv) VIRTUAL_ENV_PROMPT=(venv) /usr/local/MATLAB/R2023b/bin/glnxa64/cmake/bin/cmake --build /home/uonaim/matlab_ws/FOOT/build/testing_dm_hby -- -j14 -l14
[1.507s] DEBUG:colcon.colcon_core.event_handler.log_command:Invoking command in '/home/uonaim/matlab_ws/FOOT/build/testing_dm_hby': AMENT_PREFIX_PATH=/home/uonaim/matlab_ws/FOOT/install:${AMENT_PREFIX_PATH} CMAKE_PREFIX_PATH=/home/uonaim/matlab_ws/FOOT/install:/usr/local/MATLAB/R2023b/sys/ros2/glnxa64/ros2: LD_LIBRARY_PATH=/home/uonaim/matlab_ws/FOOT/install/lib${LD_LIBRARY_PATH} PS1=(venv) VIRTUAL_ENV_PROMPT=(venv) /usr/local/MATLAB/R2023b/bin/glnxa64/cmake/bin/cmake --install /home/uonaim/matlab_ws/FOOT/build/testing_dm_hby
[1.512s] Level 1:colcon.colcon_core.environment:create_environment_scripts_only(testing_dm_hby)
[1.517s] Level 1:colcon.colcon_core.environment:checking '/home/uonaim/matlab_ws/FOOT/install' for CMake module files
[1.518s] DEBUG:colcon.colcon_core.event_handler.log_command:Invoked command in '/home/uonaim/matlab_ws/FOOT/build/testing_dm_hby' returned '0': AMENT_PREFIX_PATH=/home/uonaim/matlab_ws/FOOT/install:${AMENT_PREFIX_PATH} CMAKE_PREFIX_PATH=/home/uonaim/matlab_ws/FOOT/install:/usr/local/MATLAB/R2023b/sys/ros2/glnxa64/ros2: LD_LIBRARY_PATH=/home/uonaim/matlab_ws/FOOT/install/lib${LD_LIBRARY_PATH} PS1=(venv) VIRTUAL_ENV_PROMPT=(venv) /usr/local/MATLAB/R2023b/bin/glnxa64/cmake/bin/cmake --install /home/uonaim/matlab_ws/FOOT/build/testing_dm_hby
[1.518s] Level 1:colcon.colcon_core.environment:checking '/home/uonaim/matlab_ws/FOOT/install' for CMake config files
[1.518s] Level 1:colcon.colcon_core.shell:create_environment_hook('testing_dm_hby', 'cmake_prefix_path')
[1.523s] INFO:colcon.colcon_core.shell:Creating environment hook '/home/uonaim/matlab_ws/FOOT/install/share/testing_dm_hby/hook/cmake_prefix_path.ps1'
[1.523s] INFO:colcon.colcon_core.shell:Creating environment descriptor '/home/uonaim/matlab_ws/FOOT/install/share/testing_dm_hby/hook/cmake_prefix_path.dsv'
[1.523s] INFO:colcon.colcon_core.shell:Creating environment hook '/home/uonaim/matlab_ws/FOOT/install/share/testing_dm_hby/hook/cmake_prefix_path.sh'
[1.524s] Level 1:colcon.colcon_core.environment:checking '/home/uonaim/matlab_ws/FOOT/install/lib'
[1.524s] Level 1:colcon.colcon_core.shell:create_environment_hook('testing_dm_hby', 'ld_library_path_lib')
[1.528s] INFO:colcon.colcon_core.shell:Creating environment hook '/home/uonaim/matlab_ws/FOOT/install/share/testing_dm_hby/hook/ld_library_path_lib.ps1'
[1.529s] INFO:colcon.colcon_core.shell:Creating environment descriptor '/home/uonaim/matlab_ws/FOOT/install/share/testing_dm_hby/hook/ld_library_path_lib.dsv'
[1.529s] INFO:colcon.colcon_core.shell:Creating environment hook '/home/uonaim/matlab_ws/FOOT/install/share/testing_dm_hby/hook/ld_library_path_lib.sh'
[1.529s] Level 1:colcon.colcon_core.environment:checking '/home/uonaim/matlab_ws/FOOT/install/bin'
[1.530s] Level 1:colcon.colcon_core.environment:checking '/home/uonaim/matlab_ws/FOOT/install/lib/pkgconfig/testing_dm_hby.pc'
[1.530s] Level 1:colcon.colcon_core.environment:checking '/home/uonaim/matlab_ws/FOOT/install/lib/python3.10/site-packages'
[1.530s] Level 1:colcon.colcon_core.environment:checking '/home/uonaim/matlab_ws/FOOT/install/bin'
[1.534s] INFO:colcon.colcon_core.shell:Creating package script '/home/uonaim/matlab_ws/FOOT/install/share/testing_dm_hby/package.ps1'
[1.535s] INFO:colcon.colcon_core.shell:Creating package descriptor '/home/uonaim/matlab_ws/FOOT/install/share/testing_dm_hby/package.dsv'
[1.535s] INFO:colcon.colcon_core.shell:Creating package script '/home/uonaim/matlab_ws/FOOT/install/share/testing_dm_hby/package.sh'
[1.535s] INFO:colcon.colcon_core.shell:Creating package script '/home/uonaim/matlab_ws/FOOT/install/share/testing_dm_hby/package.bash'
[1.536s] INFO:colcon.colcon_core.shell:Creating package script '/home/uonaim/matlab_ws/FOOT/install/share/testing_dm_hby/package.zsh'
[1.536s] Level 1:colcon.colcon_core.environment:create_file_with_runtime_dependencies(/home/uonaim/matlab_ws/FOOT/install/share/colcon-core/packages/testing_dm_hby)
[1.562s] Level 1:colcon.colcon_core.environment:create_environment_scripts_only(testing_dm_hby)
[1.567s] Level 1:colcon.colcon_core.environment:checking '/home/uonaim/matlab_ws/FOOT/install' for CMake module files
[1.567s] Level 1:colcon.colcon_core.environment:checking '/home/uonaim/matlab_ws/FOOT/install' for CMake config files
[1.568s] Level 1:colcon.colcon_core.shell:create_environment_hook('testing_dm_hby', 'cmake_prefix_path')
[1.572s] INFO:colcon.colcon_core.shell:Creating environment hook '/home/uonaim/matlab_ws/FOOT/install/share/testing_dm_hby/hook/cmake_prefix_path.ps1'
[1.573s] INFO:colcon.colcon_core.shell:Creating environment descriptor '/home/uonaim/matlab_ws/FOOT/install/share/testing_dm_hby/hook/cmake_prefix_path.dsv'
[1.573s] INFO:colcon.colcon_core.shell:Creating environment hook '/home/uonaim/matlab_ws/FOOT/install/share/testing_dm_hby/hook/cmake_prefix_path.sh'
[1.574s] Level 1:colcon.colcon_core.environment:checking '/home/uonaim/matlab_ws/FOOT/install/lib'
[1.574s] Level 1:colcon.colcon_core.shell:create_environment_hook('testing_dm_hby', 'ld_library_path_lib')
[1.578s] INFO:colcon.colcon_core.shell:Creating environment hook '/home/uonaim/matlab_ws/FOOT/install/share/testing_dm_hby/hook/ld_library_path_lib.ps1'
[1.579s] INFO:colcon.colcon_core.shell:Creating environment descriptor '/home/uonaim/matlab_ws/FOOT/install/share/testing_dm_hby/hook/ld_library_path_lib.dsv'
[1.579s] INFO:colcon.colcon_core.shell:Creating environment hook '/home/uonaim/matlab_ws/FOOT/install/share/testing_dm_hby/hook/ld_library_path_lib.sh'
[1.579s] Level 1:colcon.colcon_core.environment:checking '/home/uonaim/matlab_ws/FOOT/install/bin'
[1.579s] Level 1:colcon.colcon_core.environment:checking '/home/uonaim/matlab_ws/FOOT/install/lib/pkgconfig/testing_dm_hby.pc'
[1.580s] Level 1:colcon.colcon_core.environment:checking '/home/uonaim/matlab_ws/FOOT/install/lib/python3.10/site-packages'
[1.580s] Level 1:colcon.colcon_core.environment:checking '/home/uonaim/matlab_ws/FOOT/install/bin'
[1.584s] INFO:colcon.colcon_core.shell:Creating package script '/home/uonaim/matlab_ws/FOOT/install/share/testing_dm_hby/package.ps1'
[1.585s] INFO:colcon.colcon_core.shell:Creating package descriptor '/home/uonaim/matlab_ws/FOOT/install/share/testing_dm_hby/package.dsv'
[1.586s] INFO:colcon.colcon_core.shell:Creating package script '/home/uonaim/matlab_ws/FOOT/install/share/testing_dm_hby/package.sh'
[1.586s] INFO:colcon.colcon_core.shell:Creating package script '/home/uonaim/matlab_ws/FOOT/install/share/testing_dm_hby/package.bash'
[1.586s] INFO:colcon.colcon_core.shell:Creating package script '/home/uonaim/matlab_ws/FOOT/install/share/testing_dm_hby/package.zsh'
[1.587s] Level 1:colcon.colcon_core.environment:create_file_with_runtime_dependencies(/home/uonaim/matlab_ws/FOOT/install/share/colcon-core/packages/testing_dm_hby)
[16.682s] DEBUG:colcon.colcon_core.event_handler.log_command:Invoked command in '/home/uonaim/matlab_ws/FOOT/build/import_imu' returned '0': AMENT_PREFIX_PATH=/home/uonaim/matlab_ws/FOOT/install:${AMENT_PREFIX_PATH} CMAKE_PREFIX_PATH=/home/uonaim/matlab_ws/FOOT/install:/usr/local/MATLAB/R2023b/sys/ros2/glnxa64/ros2: LD_LIBRARY_PATH=/home/uonaim/matlab_ws/FOOT/install/lib${LD_LIBRARY_PATH} PS1=(venv) VIRTUAL_ENV_PROMPT=(venv) /usr/local/MATLAB/R2023b/bin/glnxa64/cmake/bin/cmake --build /home/uonaim/matlab_ws/FOOT/build/import_imu -- -j14 -l14
[16.704s] DEBUG:colcon.colcon_core.event_handler.log_command:Invoking command in '/home/uonaim/matlab_ws/FOOT/build/import_imu': AMENT_PREFIX_PATH=/home/uonaim/matlab_ws/FOOT/install:${AMENT_PREFIX_PATH} CMAKE_PREFIX_PATH=/home/uonaim/matlab_ws/FOOT/install:/usr/local/MATLAB/R2023b/sys/ros2/glnxa64/ros2: LD_LIBRARY_PATH=/home/uonaim/matlab_ws/FOOT/install/lib${LD_LIBRARY_PATH} PS1=(venv) VIRTUAL_ENV_PROMPT=(venv) /usr/local/MATLAB/R2023b/bin/glnxa64/cmake/bin/cmake --install /home/uonaim/matlab_ws/FOOT/build/import_imu
[16.713s] Level 1:colcon.colcon_core.environment:create_environment_scripts_only(import_imu)
[16.719s] Level 1:colcon.colcon_core.environment:checking '/home/uonaim/matlab_ws/FOOT/install' for CMake module files
[16.719s] DEBUG:colcon.colcon_core.event_handler.log_command:Invoked command in '/home/uonaim/matlab_ws/FOOT/build/import_imu' returned '0': AMENT_PREFIX_PATH=/home/uonaim/matlab_ws/FOOT/install:${AMENT_PREFIX_PATH} CMAKE_PREFIX_PATH=/home/uonaim/matlab_ws/FOOT/install:/usr/local/MATLAB/R2023b/sys/ros2/glnxa64/ros2: LD_LIBRARY_PATH=/home/uonaim/matlab_ws/FOOT/install/lib${LD_LIBRARY_PATH} PS1=(venv) VIRTUAL_ENV_PROMPT=(venv) /usr/local/MATLAB/R2023b/bin/glnxa64/cmake/bin/cmake --install /home/uonaim/matlab_ws/FOOT/build/import_imu
[16.720s] Level 1:colcon.colcon_core.environment:checking '/home/uonaim/matlab_ws/FOOT/install' for CMake config files
[16.720s] Level 1:colcon.colcon_core.shell:create_environment_hook('import_imu', 'cmake_prefix_path')
[16.725s] INFO:colcon.colcon_core.shell:Creating environment hook '/home/uonaim/matlab_ws/FOOT/install/share/import_imu/hook/cmake_prefix_path.ps1'
[16.725s] INFO:colcon.colcon_core.shell:Creating environment descriptor '/home/uonaim/matlab_ws/FOOT/install/share/import_imu/hook/cmake_prefix_path.dsv'
[16.725s] INFO:colcon.colcon_core.shell:Creating environment hook '/home/uonaim/matlab_ws/FOOT/install/share/import_imu/hook/cmake_prefix_path.sh'
[16.726s] Level 1:colcon.colcon_core.environment:checking '/home/uonaim/matlab_ws/FOOT/install/lib'
[16.726s] Level 1:colcon.colcon_core.shell:create_environment_hook('import_imu', 'ld_library_path_lib')
[16.730s] INFO:colcon.colcon_core.shell:Creating environment hook '/home/uonaim/matlab_ws/FOOT/install/share/import_imu/hook/ld_library_path_lib.ps1'
[16.731s] INFO:colcon.colcon_core.shell:Creating environment descriptor '/home/uonaim/matlab_ws/FOOT/install/share/import_imu/hook/ld_library_path_lib.dsv'
[16.731s] INFO:colcon.colcon_core.shell:Creating environment hook '/home/uonaim/matlab_ws/FOOT/install/share/import_imu/hook/ld_library_path_lib.sh'
[16.731s] Level 1:colcon.colcon_core.environment:checking '/home/uonaim/matlab_ws/FOOT/install/bin'
[16.731s] Level 1:colcon.colcon_core.environment:checking '/home/uonaim/matlab_ws/FOOT/install/lib/pkgconfig/import_imu.pc'
[16.731s] Level 1:colcon.colcon_core.environment:checking '/home/uonaim/matlab_ws/FOOT/install/lib/python3.10/site-packages'
[16.732s] Level 1:colcon.colcon_core.environment:checking '/home/uonaim/matlab_ws/FOOT/install/bin'
[16.736s] INFO:colcon.colcon_core.shell:Creating package script '/home/uonaim/matlab_ws/FOOT/install/share/import_imu/package.ps1'
[16.736s] INFO:colcon.colcon_core.shell:Creating package descriptor '/home/uonaim/matlab_ws/FOOT/install/share/import_imu/package.dsv'
[16.737s] INFO:colcon.colcon_core.shell:Creating package script '/home/uonaim/matlab_ws/FOOT/install/share/import_imu/package.sh'
[16.737s] INFO:colcon.colcon_core.shell:Creating package script '/home/uonaim/matlab_ws/FOOT/install/share/import_imu/package.bash'
[16.737s] INFO:colcon.colcon_core.shell:Creating package script '/home/uonaim/matlab_ws/FOOT/install/share/import_imu/package.zsh'
[16.738s] Level 1:colcon.colcon_core.environment:create_file_with_runtime_dependencies(/home/uonaim/matlab_ws/FOOT/install/share/colcon-core/packages/import_imu)
[16.763s] Level 1:colcon.colcon_core.environment:create_environment_scripts_only(import_imu)
[16.768s] Level 1:colcon.colcon_core.environment:checking '/home/uonaim/matlab_ws/FOOT/install' for CMake module files
[16.768s] Level 1:colcon.colcon_core.environment:checking '/home/uonaim/matlab_ws/FOOT/install' for CMake config files
[16.769s] Level 1:colcon.colcon_core.shell:create_environment_hook('import_imu', 'cmake_prefix_path')
[16.772s] INFO:colcon.colcon_core.shell:Creating environment hook '/home/uonaim/matlab_ws/FOOT/install/share/import_imu/hook/cmake_prefix_path.ps1'
[16.773s] INFO:colcon.colcon_core.shell:Creating environment descriptor '/home/uonaim/matlab_ws/FOOT/install/share/import_imu/hook/cmake_prefix_path.dsv'
[16.773s] INFO:colcon.colcon_core.shell:Creating environment hook '/home/uonaim/matlab_ws/FOOT/install/share/import_imu/hook/cmake_prefix_path.sh'
[16.774s] Level 1:colcon.colcon_core.environment:checking '/home/uonaim/matlab_ws/FOOT/install/lib'
[16.774s] Level 1:colcon.colcon_core.shell:create_environment_hook('import_imu', 'ld_library_path_lib')
[16.778s] INFO:colcon.colcon_core.shell:Creating environment hook '/home/uonaim/matlab_ws/FOOT/install/share/import_imu/hook/ld_library_path_lib.ps1'
[16.778s] INFO:colcon.colcon_core.shell:Creating environment descriptor '/home/uonaim/matlab_ws/FOOT/install/share/import_imu/hook/ld_library_path_lib.dsv'
[16.779s] INFO:colcon.colcon_core.shell:Creating environment hook '/home/uonaim/matlab_ws/FOOT/install/share/import_imu/hook/ld_library_path_lib.sh'
[16.779s] Level 1:colcon.colcon_core.environment:checking '/home/uonaim/matlab_ws/FOOT/install/bin'
[16.779s] Level 1:colcon.colcon_core.environment:checking '/home/uonaim/matlab_ws/FOOT/install/lib/pkgconfig/import_imu.pc'
[16.779s] Level 1:colcon.colcon_core.environment:checking '/home/uonaim/matlab_ws/FOOT/install/lib/python3.10/site-packages'
[16.779s] Level 1:colcon.colcon_core.environment:checking '/home/uonaim/matlab_ws/FOOT/install/bin'
[16.785s] INFO:colcon.colcon_core.shell:Creating package script '/home/uonaim/matlab_ws/FOOT/install/share/import_imu/package.ps1'
[16.785s] INFO:colcon.colcon_core.shell:Creating package descriptor '/home/uonaim/matlab_ws/FOOT/install/share/import_imu/package.dsv'
[16.786s] INFO:colcon.colcon_core.shell:Creating package script '/home/uonaim/matlab_ws/FOOT/install/share/import_imu/package.sh'
[16.786s] INFO:colcon.colcon_core.shell:Creating package script '/home/uonaim/matlab_ws/FOOT/install/share/import_imu/package.bash'
[16.786s] INFO:colcon.colcon_core.shell:Creating package script '/home/uonaim/matlab_ws/FOOT/install/share/import_imu/package.zsh'
[16.786s] Level 1:colcon.colcon_core.environment:create_file_with_runtime_dependencies(/home/uonaim/matlab_ws/FOOT/install/share/colcon-core/packages/import_imu)
[16.787s] DEBUG:colcon.colcon_parallel_executor.executor.parallel:closing loop
[16.787s] DEBUG:colcon.colcon_parallel_executor.executor.parallel:loop closed
[16.787s] DEBUG:colcon.colcon_parallel_executor.executor.parallel:run_until_complete finished with '0'
[16.787s] DEBUG:colcon.colcon_core.event_reactor:joining thread
[16.792s] INFO:colcon.colcon_core.plugin_system:Skipping extension 'colcon_notification.desktop_notification.notify2': 'notify2' not found
[16.792s] INFO:colcon.colcon_core.plugin_system:Skipping extension 'colcon_notification.desktop_notification.terminal_notifier': Not used on non-Darwin systems
[16.792s] INFO:colcon.colcon_core.plugin_system:Skipping extension 'colcon_notification.desktop_notification.win32': Not used on non-Windows systems
[16.792s] INFO:colcon.colcon_notification.desktop_notification:Sending desktop notification using 'notify_send'
[16.800s] DEBUG:colcon.colcon_core.event_reactor:joined thread
[16.804s] INFO:colcon.colcon_core.shell:Creating prefix script '/home/uonaim/matlab_ws/FOOT/install/local_setup.ps1'
[16.805s] INFO:colcon.colcon_core.shell:Creating prefix util module '/home/uonaim/matlab_ws/FOOT/install/_local_setup_util_ps1.py'
[16.806s] INFO:colcon.colcon_core.shell:Creating prefix chain script '/home/uonaim/matlab_ws/FOOT/install/setup.ps1'
[16.809s] INFO:colcon.colcon_core.shell:Creating prefix script '/home/uonaim/matlab_ws/FOOT/install/local_setup.sh'
[16.809s] INFO:colcon.colcon_core.shell:Creating prefix util module '/home/uonaim/matlab_ws/FOOT/install/_local_setup_util_sh.py'
[16.810s] INFO:colcon.colcon_core.shell:Creating prefix chain script '/home/uonaim/matlab_ws/FOOT/install/setup.sh'
[16.813s] INFO:colcon.colcon_core.shell:Creating prefix script '/home/uonaim/matlab_ws/FOOT/install/local_setup.bash'
[16.814s] INFO:colcon.colcon_core.shell:Creating prefix chain script '/home/uonaim/matlab_ws/FOOT/install/setup.bash'
[16.817s] INFO:colcon.colcon_core.shell:Creating prefix script '/home/uonaim/matlab_ws/FOOT/install/local_setup.zsh'
[16.817s] INFO:colcon.colcon_core.shell:Creating prefix chain script '/home/uonaim/matlab_ws/FOOT/install/setup.zsh'
