[0.055s] Invoking command in '/home/uonaim/matlab_ws/FOOT/build/custom_msgs': PS1=(venv) VIRTUAL_ENV_PROMPT=(venv) /usr/local/MATLAB/R2023b/bin/glnxa64/cmake/bin/cmake /home/uonaim/matlab_ws/FOOT/src/custom_msgs -DALIAS_ROS2_TF2=1 -G Ninja -DCMAKE_C_COMPILER=/usr/bin/gcc -DCMAKE_CXX_COMPILER=/usr/bin/g++ -DCMAKE_INSTALL_PREFIX=/home/uonaim/matlab_ws/FOOT/install
[0.155s] -- The C compiler identification is GNU 10.5.0
[0.254s] -- The CXX compiler identification is GNU 10.5.0
[0.272s] -- Detecting C compiler ABI info
[0.351s] -- Detecting C compiler ABI info - done
[0.357s] -- Check for working C compiler: /usr/bin/gcc - skipped
[0.358s] -- Detecting C compile features
[0.358s] -- Detecting C compile features - done
[0.362s] -- Detecting CXX compiler ABI info
[0.448s] -- Detecting CXX compiler ABI info - done
[0.454s] -- Check for working CXX compiler: /usr/bin/g++ - skipped
[0.455s] -- Detecting CXX compile features
[0.455s] -- Detecting CXX compile features - done
[0.464s] -- Found ament_cmake: 1.3.3 (/usr/local/MATLAB/R2023b/sys/ros2/glnxa64/ros2/share/ament_cmake/cmake)
[1.251s] -- Found Python3: /root/.matlab/R2023b/ros2/glnxa64/venv/bin/python3.10 (found version "3.10.12") found components: Interpreter 
[1.353s] -- Found ament_cmake_ros: 0.10.0 (/usr/local/MATLAB/R2023b/sys/ros2/glnxa64/ros2/share/ament_cmake_ros/cmake)
[1.368s] -- Found rosidl_typesupport_c: 2.0.0 (/usr/local/MATLAB/R2023b/sys/ros2/glnxa64/ros2/share/rosidl_typesupport_c/cmake)
[1.369s] -- Using all available rosidl_typesupport_c: rosidl_typesupport_fastrtps_c;rosidl_typesupport_introspection_c
[1.379s] -- Found rosidl_adapter: 3.1.4 (/usr/local/MATLAB/R2023b/sys/ros2/glnxa64/ros2/share/rosidl_adapter/cmake)
[1.443s] -- Found rosidl_typesupport_cpp: 2.0.0 (/usr/local/MATLAB/R2023b/sys/ros2/glnxa64/ros2/share/rosidl_typesupport_cpp/cmake)
[1.444s] -- Using all available rosidl_typesupport_cpp: rosidl_typesupport_fastrtps_cpp;rosidl_typesupport_introspection_cpp
[1.490s] -- Found rosidl_default_generators: 1.2.0 (/usr/local/MATLAB/R2023b/sys/ros2/glnxa64/ros2/share/rosidl_default_generators/cmake)
[1.496s] -- Found builtin_interfaces: 1.2.1 (/usr/local/MATLAB/R2023b/sys/ros2/glnxa64/ros2/share/builtin_interfaces/cmake)
[1.522s] -- Found std_msgs: 4.2.3 (/usr/local/MATLAB/R2023b/sys/ros2/glnxa64/ros2/share/std_msgs/cmake)
[1.886s] -- Using all available rosidl_typesupport_c: rosidl_typesupport_fastrtps_c;rosidl_typesupport_introspection_c
[2.060s] -- Using all available rosidl_typesupport_cpp: rosidl_typesupport_fastrtps_cpp;rosidl_typesupport_introspection_cpp
[2.072s] -- Configuring done
[2.093s] -- Generating done
[2.105s] -- Build files have been written to: /home/uonaim/matlab_ws/FOOT/build/custom_msgs
[2.114s] Invoked command in '/home/uonaim/matlab_ws/FOOT/build/custom_msgs' returned '0': PS1=(venv) VIRTUAL_ENV_PROMPT=(venv) /usr/local/MATLAB/R2023b/bin/glnxa64/cmake/bin/cmake /home/uonaim/matlab_ws/FOOT/src/custom_msgs -DALIAS_ROS2_TF2=1 -G Ninja -DCMAKE_C_COMPILER=/usr/bin/gcc -DCMAKE_CXX_COMPILER=/usr/bin/g++ -DCMAKE_INSTALL_PREFIX=/home/uonaim/matlab_ws/FOOT/install
[2.116s] Invoking command in '/home/uonaim/matlab_ws/FOOT/build/custom_msgs': PS1=(venv) VIRTUAL_ENV_PROMPT=(venv) /usr/local/MATLAB/R2023b/bin/glnxa64/cmake/bin/cmake --build /home/uonaim/matlab_ws/FOOT/build/custom_msgs -- -j14 -l14
[2.441s] [1/36] Generating C++ code for ROS interfaces
[2.443s] [2/36] Generating C code for ROS interfaces
[2.539s] [3/36] Building C object CMakeFiles/custom_msgs__rosidl_generator_c.dir/rosidl_generator_c/custom_msgs/msg/detail/read_djirc__functions.c.o
[2.539s] [4/36] Building C object CMakeFiles/custom_msgs__rosidl_generator_c.dir/rosidl_generator_c/custom_msgs/msg/detail/read_dm_motor__functions.c.o
[2.539s] [5/36] Building C object CMakeFiles/custom_msgs__rosidl_generator_c.dir/rosidl_generator_c/custom_msgs/msg/detail/write_dm_motor_mit_control__functions.c.o
[2.565s] [6/36] Linking C shared library libcustom_msgs__rosidl_generator_c.so
[2.654s] [7/36] Generating C++ type support dispatch for ROS interfaces
[2.776s] [8/36] Generating C type support dispatch for ROS interfaces
[2.778s] [9/36] Generating C++ introspection for ROS interfaces
[2.813s] [10/36] Generating C++ type support for eProsima Fast-RTPS
[2.831s] [11/36] Building CXX object CMakeFiles/custom_msgs__rosidl_typesupport_c.dir/rosidl_typesupport_c/custom_msgs/msg/write_dm_motor_mit_control__type_support.cpp.o
[2.831s] [12/36] Building CXX object CMakeFiles/custom_msgs__rosidl_typesupport_c.dir/rosidl_typesupport_c/custom_msgs/msg/read_djirc__type_support.cpp.o
[2.831s] [13/36] Building CXX object CMakeFiles/custom_msgs__rosidl_typesupport_c.dir/rosidl_typesupport_c/custom_msgs/msg/read_dm_motor__type_support.cpp.o
[2.871s] [14/36] Linking CXX shared library libcustom_msgs__rosidl_typesupport_c.so
[2.872s] [15/36] Generating C introspection for ROS interfaces
[2.893s] [16/36] Generating C type support for eProsima Fast-RTPS
[2.936s] [17/36] Building C object CMakeFiles/custom_msgs__rosidl_typesupport_introspection_c.dir/rosidl_typesupport_introspection_c/custom_msgs/msg/detail/read_dm_motor__type_support.c.o
[2.938s] [18/36] Building C object CMakeFiles/custom_msgs__rosidl_typesupport_introspection_c.dir/rosidl_typesupport_introspection_c/custom_msgs/msg/detail/read_djirc__type_support.c.o
[2.940s] [19/36] Building C object CMakeFiles/custom_msgs__rosidl_typesupport_introspection_c.dir/rosidl_typesupport_introspection_c/custom_msgs/msg/detail/write_dm_motor_mit_control__type_support.c.o
[2.972s] [20/36] Linking C shared library libcustom_msgs__rosidl_typesupport_introspection_c.so
[3.038s] [21/36] Building CXX object CMakeFiles/custom_msgs__rosidl_typesupport_cpp.dir/rosidl_typesupport_cpp/custom_msgs/msg/write_dm_motor_mit_control__type_support.cpp.o
[3.045s] [22/36] Building CXX object CMakeFiles/custom_msgs__rosidl_typesupport_cpp.dir/rosidl_typesupport_cpp/custom_msgs/msg/read_dm_motor__type_support.cpp.o
[3.081s] [23/36] Building CXX object CMakeFiles/custom_msgs__rosidl_typesupport_cpp.dir/rosidl_typesupport_cpp/custom_msgs/msg/read_djirc__type_support.cpp.o
[3.124s] [24/36] Linking CXX shared library libcustom_msgs__rosidl_typesupport_cpp.so
[3.245s] [25/36] Building CXX object CMakeFiles/custom_msgs__rosidl_typesupport_introspection_cpp.dir/rosidl_typesupport_introspection_cpp/custom_msgs/msg/detail/write_dm_motor_mit_control__type_support.cpp.o
[3.249s] [26/36] Building CXX object CMakeFiles/custom_msgs__rosidl_typesupport_introspection_cpp.dir/rosidl_typesupport_introspection_cpp/custom_msgs/msg/detail/read_djirc__type_support.cpp.o
[3.287s] [27/36] Building CXX object CMakeFiles/custom_msgs__rosidl_typesupport_fastrtps_c.dir/rosidl_typesupport_fastrtps_c/custom_msgs/msg/detail/read_djirc__type_support_c.cpp.o
[3.296s] [28/36] Building CXX object CMakeFiles/custom_msgs__rosidl_typesupport_fastrtps_cpp.dir/rosidl_typesupport_fastrtps_cpp/custom_msgs/msg/detail/dds_fastrtps/read_dm_motor__type_support.cpp.o
[3.298s] [29/36] Building CXX object CMakeFiles/custom_msgs__rosidl_typesupport_fastrtps_c.dir/rosidl_typesupport_fastrtps_c/custom_msgs/msg/detail/read_dm_motor__type_support_c.cpp.o
[3.320s] [30/36] Building CXX object CMakeFiles/custom_msgs__rosidl_typesupport_introspection_cpp.dir/rosidl_typesupport_introspection_cpp/custom_msgs/msg/detail/read_dm_motor__type_support.cpp.o
[3.355s] [31/36] Building CXX object CMakeFiles/custom_msgs__rosidl_typesupport_fastrtps_cpp.dir/rosidl_typesupport_fastrtps_cpp/custom_msgs/msg/detail/dds_fastrtps/write_dm_motor_mit_control__type_support.cpp.o
[3.372s] [32/36] Linking CXX shared library libcustom_msgs__rosidl_typesupport_introspection_cpp.so
[3.382s] [33/36] Building CXX object CMakeFiles/custom_msgs__rosidl_typesupport_fastrtps_cpp.dir/rosidl_typesupport_fastrtps_cpp/custom_msgs/msg/detail/dds_fastrtps/read_djirc__type_support.cpp.o
[3.394s] [34/36] Building CXX object CMakeFiles/custom_msgs__rosidl_typesupport_fastrtps_c.dir/rosidl_typesupport_fastrtps_c/custom_msgs/msg/detail/write_dm_motor_mit_control__type_support_c.cpp.o
[3.448s] [35/36] Linking CXX shared library libcustom_msgs__rosidl_typesupport_fastrtps_cpp.so
[3.459s] [36/36] Linking CXX shared library libcustom_msgs__rosidl_typesupport_fastrtps_c.so
[3.461s] Invoked command in '/home/uonaim/matlab_ws/FOOT/build/custom_msgs' returned '0': PS1=(venv) VIRTUAL_ENV_PROMPT=(venv) /usr/local/MATLAB/R2023b/bin/glnxa64/cmake/bin/cmake --build /home/uonaim/matlab_ws/FOOT/build/custom_msgs -- -j14 -l14
[3.488s] Invoking command in '/home/uonaim/matlab_ws/FOOT/build/custom_msgs': PS1=(venv) VIRTUAL_ENV_PROMPT=(venv) /usr/local/MATLAB/R2023b/bin/glnxa64/cmake/bin/cmake --install /home/uonaim/matlab_ws/FOOT/build/custom_msgs
[3.492s] -- Install configuration: "Release"
[3.492s] -- Installing: /home/uonaim/matlab_ws/FOOT/install/share/ament_index/resource_index/rosidl_interfaces/custom_msgs
[3.492s] -- Installing: /home/uonaim/matlab_ws/FOOT/install/include/custom_msgs/custom_msgs
[3.492s] -- Installing: /home/uonaim/matlab_ws/FOOT/install/include/custom_msgs/custom_msgs/msg
[3.493s] -- Installing: /home/uonaim/matlab_ws/FOOT/install/include/custom_msgs/custom_msgs/msg/read_djirc.h
[3.493s] -- Installing: /home/uonaim/matlab_ws/FOOT/install/include/custom_msgs/custom_msgs/msg/read_dm_motor.h
[3.493s] -- Installing: /home/uonaim/matlab_ws/FOOT/install/include/custom_msgs/custom_msgs/msg/write_dm_motor_mit_control.h
[3.493s] -- Installing: /home/uonaim/matlab_ws/FOOT/install/include/custom_msgs/custom_msgs/msg/detail
[3.493s] -- Installing: /home/uonaim/matlab_ws/FOOT/install/include/custom_msgs/custom_msgs/msg/detail/write_dm_motor_mit_control__struct.h
[3.493s] -- Installing: /home/uonaim/matlab_ws/FOOT/install/include/custom_msgs/custom_msgs/msg/detail/read_dm_motor__functions.h
[3.493s] -- Installing: /home/uonaim/matlab_ws/FOOT/install/include/custom_msgs/custom_msgs/msg/detail/read_djirc__functions.h
[3.493s] -- Installing: /home/uonaim/matlab_ws/FOOT/install/include/custom_msgs/custom_msgs/msg/detail/read_djirc__type_support.h
[3.494s] -- Installing: /home/uonaim/matlab_ws/FOOT/install/include/custom_msgs/custom_msgs/msg/detail/read_dm_motor__functions.c
[3.494s] -- Installing: /home/uonaim/matlab_ws/FOOT/install/include/custom_msgs/custom_msgs/msg/detail/read_dm_motor__struct.h
[3.494s] -- Installing: /home/uonaim/matlab_ws/FOOT/install/include/custom_msgs/custom_msgs/msg/detail/read_djirc__functions.c
[3.494s] -- Installing: /home/uonaim/matlab_ws/FOOT/install/include/custom_msgs/custom_msgs/msg/detail/write_dm_motor_mit_control__type_support.h
[3.494s] -- Installing: /home/uonaim/matlab_ws/FOOT/install/include/custom_msgs/custom_msgs/msg/detail/write_dm_motor_mit_control__functions.h
[3.494s] -- Installing: /home/uonaim/matlab_ws/FOOT/install/include/custom_msgs/custom_msgs/msg/detail/write_dm_motor_mit_control__functions.c
[3.494s] -- Installing: /home/uonaim/matlab_ws/FOOT/install/include/custom_msgs/custom_msgs/msg/detail/read_djirc__struct.h
[3.495s] -- Installing: /home/uonaim/matlab_ws/FOOT/install/include/custom_msgs/custom_msgs/msg/detail/read_dm_motor__type_support.h
[3.495s] -- Installing: /home/uonaim/matlab_ws/FOOT/install/include/custom_msgs/custom_msgs/msg/rosidl_generator_c__visibility_control.h
[3.495s] -- Installing: /home/uonaim/matlab_ws/FOOT/install/share/custom_msgs/environment/library_path.sh
[3.495s] -- Installing: /home/uonaim/matlab_ws/FOOT/install/share/custom_msgs/environment/library_path.dsv
[3.495s] -- Installing: /home/uonaim/matlab_ws/FOOT/install/lib/libcustom_msgs__rosidl_generator_c.so
[3.496s] -- Up-to-date: /home/uonaim/matlab_ws/FOOT/install/include/custom_msgs/custom_msgs
[3.496s] -- Up-to-date: /home/uonaim/matlab_ws/FOOT/install/include/custom_msgs/custom_msgs/msg
[3.496s] -- Installing: /home/uonaim/matlab_ws/FOOT/install/include/custom_msgs/custom_msgs/msg/rosidl_typesupport_fastrtps_c__visibility_control.h
[3.496s] -- Up-to-date: /home/uonaim/matlab_ws/FOOT/install/include/custom_msgs/custom_msgs/msg/detail
[3.496s] -- Installing: /home/uonaim/matlab_ws/FOOT/install/include/custom_msgs/custom_msgs/msg/detail/read_dm_motor__rosidl_typesupport_fastrtps_c.h
[3.496s] -- Installing: /home/uonaim/matlab_ws/FOOT/install/include/custom_msgs/custom_msgs/msg/detail/write_dm_motor_mit_control__rosidl_typesupport_fastrtps_c.h
[3.496s] -- Installing: /home/uonaim/matlab_ws/FOOT/install/include/custom_msgs/custom_msgs/msg/detail/read_djirc__rosidl_typesupport_fastrtps_c.h
[3.496s] -- Installing: /home/uonaim/matlab_ws/FOOT/install/lib/libcustom_msgs__rosidl_typesupport_fastrtps_c.so
[3.496s] -- Up-to-date: /home/uonaim/matlab_ws/FOOT/install/include/custom_msgs/custom_msgs
[3.497s] -- Up-to-date: /home/uonaim/matlab_ws/FOOT/install/include/custom_msgs/custom_msgs/msg
[3.497s] -- Installing: /home/uonaim/matlab_ws/FOOT/install/include/custom_msgs/custom_msgs/msg/rosidl_typesupport_introspection_c__visibility_control.h
[3.497s] -- Up-to-date: /home/uonaim/matlab_ws/FOOT/install/include/custom_msgs/custom_msgs/msg/detail
[3.497s] -- Installing: /home/uonaim/matlab_ws/FOOT/install/include/custom_msgs/custom_msgs/msg/detail/read_dm_motor__type_support.c
[3.497s] -- Installing: /home/uonaim/matlab_ws/FOOT/install/include/custom_msgs/custom_msgs/msg/detail/read_djirc__type_support.c
[3.497s] -- Installing: /home/uonaim/matlab_ws/FOOT/install/include/custom_msgs/custom_msgs/msg/detail/read_dm_motor__rosidl_typesupport_introspection_c.h
[3.497s] -- Installing: /home/uonaim/matlab_ws/FOOT/install/include/custom_msgs/custom_msgs/msg/detail/read_djirc__rosidl_typesupport_introspection_c.h
[3.497s] -- Installing: /home/uonaim/matlab_ws/FOOT/install/include/custom_msgs/custom_msgs/msg/detail/write_dm_motor_mit_control__type_support.c
[3.497s] -- Installing: /home/uonaim/matlab_ws/FOOT/install/include/custom_msgs/custom_msgs/msg/detail/write_dm_motor_mit_control__rosidl_typesupport_introspection_c.h
[3.498s] -- Installing: /home/uonaim/matlab_ws/FOOT/install/lib/libcustom_msgs__rosidl_typesupport_introspection_c.so
[3.498s] -- Installing: /home/uonaim/matlab_ws/FOOT/install/lib/libcustom_msgs__rosidl_typesupport_c.so
[3.498s] -- Up-to-date: /home/uonaim/matlab_ws/FOOT/install/include/custom_msgs/custom_msgs
[3.498s] -- Up-to-date: /home/uonaim/matlab_ws/FOOT/install/include/custom_msgs/custom_msgs/msg
[3.498s] -- Installing: /home/uonaim/matlab_ws/FOOT/install/include/custom_msgs/custom_msgs/msg/read_dm_motor.hpp
[3.498s] -- Up-to-date: /home/uonaim/matlab_ws/FOOT/install/include/custom_msgs/custom_msgs/msg/detail
[3.498s] -- Installing: /home/uonaim/matlab_ws/FOOT/install/include/custom_msgs/custom_msgs/msg/detail/read_djirc__builder.hpp
[3.498s] -- Installing: /home/uonaim/matlab_ws/FOOT/install/include/custom_msgs/custom_msgs/msg/detail/read_djirc__traits.hpp
[3.498s] -- Installing: /home/uonaim/matlab_ws/FOOT/install/include/custom_msgs/custom_msgs/msg/detail/read_dm_motor__struct.hpp
[3.499s] -- Installing: /home/uonaim/matlab_ws/FOOT/install/include/custom_msgs/custom_msgs/msg/detail/write_dm_motor_mit_control__builder.hpp
[3.499s] -- Installing: /home/uonaim/matlab_ws/FOOT/install/include/custom_msgs/custom_msgs/msg/detail/read_dm_motor__traits.hpp
[3.499s] -- Installing: /home/uonaim/matlab_ws/FOOT/install/include/custom_msgs/custom_msgs/msg/detail/read_djirc__struct.hpp
[3.499s] -- Installing: /home/uonaim/matlab_ws/FOOT/install/include/custom_msgs/custom_msgs/msg/detail/write_dm_motor_mit_control__struct.hpp
[3.499s] -- Installing: /home/uonaim/matlab_ws/FOOT/install/include/custom_msgs/custom_msgs/msg/detail/write_dm_motor_mit_control__traits.hpp
[3.499s] -- Installing: /home/uonaim/matlab_ws/FOOT/install/include/custom_msgs/custom_msgs/msg/detail/read_dm_motor__builder.hpp
[3.499s] -- Installing: /home/uonaim/matlab_ws/FOOT/install/include/custom_msgs/custom_msgs/msg/read_djirc.hpp
[3.500s] -- Installing: /home/uonaim/matlab_ws/FOOT/install/include/custom_msgs/custom_msgs/msg/write_dm_motor_mit_control.hpp
[3.500s] -- Up-to-date: /home/uonaim/matlab_ws/FOOT/install/include/custom_msgs/custom_msgs
[3.500s] -- Up-to-date: /home/uonaim/matlab_ws/FOOT/install/include/custom_msgs/custom_msgs/msg
[3.500s] -- Installing: /home/uonaim/matlab_ws/FOOT/install/include/custom_msgs/custom_msgs/msg/rosidl_typesupport_fastrtps_cpp__visibility_control.h
[3.500s] -- Up-to-date: /home/uonaim/matlab_ws/FOOT/install/include/custom_msgs/custom_msgs/msg/detail
[3.500s] -- Installing: /home/uonaim/matlab_ws/FOOT/install/include/custom_msgs/custom_msgs/msg/detail/read_djirc__rosidl_typesupport_fastrtps_cpp.hpp
[3.500s] -- Installing: /home/uonaim/matlab_ws/FOOT/install/include/custom_msgs/custom_msgs/msg/detail/dds_fastrtps
[3.500s] -- Installing: /home/uonaim/matlab_ws/FOOT/install/include/custom_msgs/custom_msgs/msg/detail/write_dm_motor_mit_control__rosidl_typesupport_fastrtps_cpp.hpp
[3.500s] -- Installing: /home/uonaim/matlab_ws/FOOT/install/include/custom_msgs/custom_msgs/msg/detail/read_dm_motor__rosidl_typesupport_fastrtps_cpp.hpp
[3.500s] -- Installing: /home/uonaim/matlab_ws/FOOT/install/lib/libcustom_msgs__rosidl_typesupport_fastrtps_cpp.so
[3.501s] -- Up-to-date: /home/uonaim/matlab_ws/FOOT/install/include/custom_msgs/custom_msgs
[3.501s] -- Up-to-date: /home/uonaim/matlab_ws/FOOT/install/include/custom_msgs/custom_msgs/msg
[3.501s] -- Up-to-date: /home/uonaim/matlab_ws/FOOT/install/include/custom_msgs/custom_msgs/msg/detail
[3.501s] -- Installing: /home/uonaim/matlab_ws/FOOT/install/include/custom_msgs/custom_msgs/msg/detail/write_dm_motor_mit_control__rosidl_typesupport_introspection_cpp.hpp
[3.501s] -- Installing: /home/uonaim/matlab_ws/FOOT/install/include/custom_msgs/custom_msgs/msg/detail/read_djirc__rosidl_typesupport_introspection_cpp.hpp
[3.501s] -- Installing: /home/uonaim/matlab_ws/FOOT/install/include/custom_msgs/custom_msgs/msg/detail/read_dm_motor__type_support.cpp
[3.501s] -- Installing: /home/uonaim/matlab_ws/FOOT/install/include/custom_msgs/custom_msgs/msg/detail/write_dm_motor_mit_control__type_support.cpp
[3.501s] -- Installing: /home/uonaim/matlab_ws/FOOT/install/include/custom_msgs/custom_msgs/msg/detail/read_dm_motor__rosidl_typesupport_introspection_cpp.hpp
[3.502s] -- Installing: /home/uonaim/matlab_ws/FOOT/install/include/custom_msgs/custom_msgs/msg/detail/read_djirc__type_support.cpp
[3.502s] -- Installing: /home/uonaim/matlab_ws/FOOT/install/lib/libcustom_msgs__rosidl_typesupport_introspection_cpp.so
[3.502s] -- Installing: /home/uonaim/matlab_ws/FOOT/install/lib/libcustom_msgs__rosidl_typesupport_cpp.so
[3.502s] -- Installing: /home/uonaim/matlab_ws/FOOT/install/share/custom_msgs/msg/ReadDJIRC.idl
[3.502s] -- Installing: /home/uonaim/matlab_ws/FOOT/install/share/custom_msgs/msg/ReadDmMotor.idl
[3.503s] -- Installing: /home/uonaim/matlab_ws/FOOT/install/share/custom_msgs/msg/WriteDmMotorMITControl.idl
[3.503s] -- Installing: /home/uonaim/matlab_ws/FOOT/install/share/custom_msgs/msg/ReadDJIRC.msg
[3.503s] -- Installing: /home/uonaim/matlab_ws/FOOT/install/share/custom_msgs/msg/ReadDmMotor.msg
[3.503s] -- Installing: /home/uonaim/matlab_ws/FOOT/install/share/custom_msgs/msg/WriteDmMotorMITControl.msg
[3.503s] -- Installing: /home/uonaim/matlab_ws/FOOT/install/share/ament_index/resource_index/package_run_dependencies/custom_msgs
[3.503s] -- Installing: /home/uonaim/matlab_ws/FOOT/install/share/ament_index/resource_index/parent_prefix_path/custom_msgs
[3.503s] -- Installing: /home/uonaim/matlab_ws/FOOT/install/share/custom_msgs/environment/ament_prefix_path.sh
[3.504s] -- Installing: /home/uonaim/matlab_ws/FOOT/install/share/custom_msgs/environment/ament_prefix_path.dsv
[3.504s] -- Installing: /home/uonaim/matlab_ws/FOOT/install/share/custom_msgs/environment/path.sh
[3.504s] -- Installing: /home/uonaim/matlab_ws/FOOT/install/share/custom_msgs/environment/path.dsv
[3.504s] -- Installing: /home/uonaim/matlab_ws/FOOT/install/share/custom_msgs/local_setup.bash
[3.504s] -- Installing: /home/uonaim/matlab_ws/FOOT/install/share/custom_msgs/local_setup.sh
[3.504s] -- Installing: /home/uonaim/matlab_ws/FOOT/install/share/custom_msgs/local_setup.zsh
[3.504s] -- Installing: /home/uonaim/matlab_ws/FOOT/install/share/custom_msgs/local_setup.dsv
[3.505s] -- Installing: /home/uonaim/matlab_ws/FOOT/install/share/custom_msgs/package.dsv
[3.505s] -- Installing: /home/uonaim/matlab_ws/FOOT/install/share/ament_index/resource_index/packages/custom_msgs
[3.505s] -- Installing: /home/uonaim/matlab_ws/FOOT/install/share/custom_msgs/cmake/export_custom_msgs__rosidl_generator_cExport.cmake
[3.505s] -- Installing: /home/uonaim/matlab_ws/FOOT/install/share/custom_msgs/cmake/export_custom_msgs__rosidl_generator_cExport-release.cmake
[3.505s] -- Installing: /home/uonaim/matlab_ws/FOOT/install/share/custom_msgs/cmake/export_custom_msgs__rosidl_typesupport_fastrtps_cExport.cmake
[3.505s] -- Installing: /home/uonaim/matlab_ws/FOOT/install/share/custom_msgs/cmake/export_custom_msgs__rosidl_typesupport_fastrtps_cExport-release.cmake
[3.506s] -- Installing: /home/uonaim/matlab_ws/FOOT/install/share/custom_msgs/cmake/custom_msgs__rosidl_typesupport_introspection_cExport.cmake
[3.506s] -- Installing: /home/uonaim/matlab_ws/FOOT/install/share/custom_msgs/cmake/custom_msgs__rosidl_typesupport_introspection_cExport-release.cmake
[3.506s] -- Installing: /home/uonaim/matlab_ws/FOOT/install/share/custom_msgs/cmake/custom_msgs__rosidl_typesupport_cExport.cmake
[3.506s] -- Installing: /home/uonaim/matlab_ws/FOOT/install/share/custom_msgs/cmake/custom_msgs__rosidl_typesupport_cExport-release.cmake
[3.506s] -- Installing: /home/uonaim/matlab_ws/FOOT/install/share/custom_msgs/cmake/export_custom_msgs__rosidl_generator_cppExport.cmake
[3.506s] -- Installing: /home/uonaim/matlab_ws/FOOT/install/share/custom_msgs/cmake/export_custom_msgs__rosidl_typesupport_fastrtps_cppExport.cmake
[3.506s] -- Installing: /home/uonaim/matlab_ws/FOOT/install/share/custom_msgs/cmake/export_custom_msgs__rosidl_typesupport_fastrtps_cppExport-release.cmake
[3.507s] -- Installing: /home/uonaim/matlab_ws/FOOT/install/share/custom_msgs/cmake/custom_msgs__rosidl_typesupport_introspection_cppExport.cmake
[3.507s] -- Installing: /home/uonaim/matlab_ws/FOOT/install/share/custom_msgs/cmake/custom_msgs__rosidl_typesupport_introspection_cppExport-release.cmake
[3.507s] -- Installing: /home/uonaim/matlab_ws/FOOT/install/share/custom_msgs/cmake/custom_msgs__rosidl_typesupport_cppExport.cmake
[3.507s] -- Installing: /home/uonaim/matlab_ws/FOOT/install/share/custom_msgs/cmake/custom_msgs__rosidl_typesupport_cppExport-release.cmake
[3.507s] -- Installing: /home/uonaim/matlab_ws/FOOT/install/share/custom_msgs/cmake/rosidl_cmake-extras.cmake
[3.507s] -- Installing: /home/uonaim/matlab_ws/FOOT/install/share/custom_msgs/cmake/ament_cmake_export_dependencies-extras.cmake
[3.507s] -- Installing: /home/uonaim/matlab_ws/FOOT/install/share/custom_msgs/cmake/ament_cmake_export_include_directories-extras.cmake
[3.508s] -- Installing: /home/uonaim/matlab_ws/FOOT/install/share/custom_msgs/cmake/ament_cmake_export_libraries-extras.cmake
[3.508s] -- Installing: /home/uonaim/matlab_ws/FOOT/install/share/custom_msgs/cmake/ament_cmake_export_targets-extras.cmake
[3.508s] -- Installing: /home/uonaim/matlab_ws/FOOT/install/share/custom_msgs/cmake/rosidl_cmake_export_typesupport_targets-extras.cmake
[3.508s] -- Installing: /home/uonaim/matlab_ws/FOOT/install/share/custom_msgs/cmake/rosidl_cmake_export_typesupport_libraries-extras.cmake
[3.508s] -- Installing: /home/uonaim/matlab_ws/FOOT/install/share/custom_msgs/cmake/custom_msgsConfig.cmake
[3.508s] -- Installing: /home/uonaim/matlab_ws/FOOT/install/share/custom_msgs/cmake/custom_msgsConfig-version.cmake
[3.508s] -- Installing: /home/uonaim/matlab_ws/FOOT/install/share/custom_msgs/package.xml
[3.511s] Invoked command in '/home/uonaim/matlab_ws/FOOT/build/custom_msgs' returned '0': PS1=(venv) VIRTUAL_ENV_PROMPT=(venv) /usr/local/MATLAB/R2023b/bin/glnxa64/cmake/bin/cmake --install /home/uonaim/matlab_ws/FOOT/build/custom_msgs
