[0.446s] DEBUG:colcon:Command line arguments: ['/root/.matlab/R2023b/ros2/glnxa64/venv/bin/colcon', 'build', '--merge-install', '--base-paths', '/home/uonaim/matlab_ws/FOOT/src', '--cmake-args', '-DALIAS_ROS2_TF2=1', '-G', 'Ninja', '-DCMAKE_C_COMPILER=/usr/bin/gcc', '-DCMAKE_CXX_COMPILER=/usr/bin/g++']
[0.447s] DEBUG:colcon:Parsed command line arguments: Namespace(log_base=None, log_level=None, verb_name='build', build_base='build', install_base='install', merge_install=True, symlink_install=False, test_result_base=None, continue_on_error=False, executor='parallel', parallel_workers=14, event_handlers=None, ignore_user_meta=False, metas=['./colcon.meta'], base_paths=['/home/uonaim/matlab_ws/FOOT/src'], packages_ignore=None, packages_ignore_regex=None, paths=None, packages_up_to=None, packages_up_to_regex=None, packages_above=None, packages_above_and_dependencies=None, packages_above_depth=None, packages_select_by_dep=None, packages_skip_by_dep=None, packages_skip_up_to=None, packages_select_build_failed=False, packages_skip_build_finished=False, packages_select_test_failures=False, packages_skip_test_passed=False, packages_select=None, packages_skip=None, packages_select_regex=None, packages_skip_regex=None, packages_start=None, packages_end=None, cmake_args=['-DALIAS_ROS2_TF2=1', '-G', 'Ninja', '-DCMAKE_C_COMPILER=/usr/bin/gcc', '-DCMAKE_CXX_COMPILER=/usr/bin/g++'], cmake_target=None, cmake_target_skip_unavailable=False, cmake_clean_cache=False, cmake_clean_first=False, cmake_force_configure=False, ament_cmake_args=None, catkin_cmake_args=None, catkin_skip_building_tests=False, verb_parser=<colcon_defaults.argument_parser.defaults.DefaultArgumentsDecorator object at 0x7f79523759c0>, verb_extension=<colcon_core.verb.build.BuildVerb object at 0x7f7952298dc0>, main=<bound method BuildVerb.main of <colcon_core.verb.build.BuildVerb object at 0x7f7952298dc0>>)
[0.498s] Level 1:colcon.colcon_core.package_discovery:discover_packages(colcon_meta) check parameters
[0.498s] Level 1:colcon.colcon_core.package_discovery:discover_packages(recursive) check parameters
[0.498s] Level 1:colcon.colcon_core.package_discovery:discover_packages(ignore) check parameters
[0.498s] Level 1:colcon.colcon_core.package_discovery:discover_packages(path) check parameters
[0.498s] Level 1:colcon.colcon_core.package_discovery:discover_packages(recursive) discover
[0.498s] INFO:colcon.colcon_core.package_discovery:Crawling recursively for packages in '/home/uonaim/matlab_ws/FOOT/src'
[0.498s] Level 1:colcon.colcon_core.package_identification:_identify(/home/uonaim/matlab_ws/FOOT/src) by extensions ['ignore', 'ignore_ament_install']
[0.498s] Level 1:colcon.colcon_core.package_identification:_identify(/home/uonaim/matlab_ws/FOOT/src) by extension 'ignore'
[0.498s] Level 1:colcon.colcon_core.package_identification:_identify(/home/uonaim/matlab_ws/FOOT/src) by extension 'ignore_ament_install'
[0.498s] Level 1:colcon.colcon_core.package_identification:_identify(/home/uonaim/matlab_ws/FOOT/src) by extensions ['colcon_pkg']
[0.498s] Level 1:colcon.colcon_core.package_identification:_identify(/home/uonaim/matlab_ws/FOOT/src) by extension 'colcon_pkg'
[0.499s] Level 1:colcon.colcon_core.package_identification:_identify(/home/uonaim/matlab_ws/FOOT/src) by extensions ['colcon_meta']
[0.499s] Level 1:colcon.colcon_core.package_identification:_identify(/home/uonaim/matlab_ws/FOOT/src) by extension 'colcon_meta'
[0.499s] Level 1:colcon.colcon_core.package_identification:_identify(/home/uonaim/matlab_ws/FOOT/src) by extensions ['ros']
[0.499s] Level 1:colcon.colcon_core.package_identification:_identify(/home/uonaim/matlab_ws/FOOT/src) by extension 'ros'
[0.516s] Level 1:colcon.colcon_core.package_identification:_identify(/home/uonaim/matlab_ws/FOOT/src) by extensions ['cmake', 'python']
[0.517s] Level 1:colcon.colcon_core.package_identification:_identify(/home/uonaim/matlab_ws/FOOT/src) by extension 'cmake'
[0.517s] Level 1:colcon.colcon_core.package_identification:_identify(/home/uonaim/matlab_ws/FOOT/src) by extension 'python'
[0.517s] Level 1:colcon.colcon_core.package_identification:_identify(/home/uonaim/matlab_ws/FOOT/src) by extensions ['python_setup_py']
[0.517s] Level 1:colcon.colcon_core.package_identification:_identify(/home/uonaim/matlab_ws/FOOT/src) by extension 'python_setup_py'
[0.517s] Level 1:colcon.colcon_core.package_identification:_identify(/home/uonaim/matlab_ws/FOOT/src/custom_msgs) by extensions ['ignore', 'ignore_ament_install']
[0.517s] Level 1:colcon.colcon_core.package_identification:_identify(/home/uonaim/matlab_ws/FOOT/src/custom_msgs) by extension 'ignore'
[0.517s] Level 1:colcon.colcon_core.package_identification:_identify(/home/uonaim/matlab_ws/FOOT/src/custom_msgs) by extension 'ignore_ament_install'
[0.517s] Level 1:colcon.colcon_core.package_identification:_identify(/home/uonaim/matlab_ws/FOOT/src/custom_msgs) by extensions ['colcon_pkg']
[0.517s] Level 1:colcon.colcon_core.package_identification:_identify(/home/uonaim/matlab_ws/FOOT/src/custom_msgs) by extension 'colcon_pkg'
[0.517s] Level 1:colcon.colcon_core.package_identification:_identify(/home/uonaim/matlab_ws/FOOT/src/custom_msgs) by extensions ['colcon_meta']
[0.517s] Level 1:colcon.colcon_core.package_identification:_identify(/home/uonaim/matlab_ws/FOOT/src/custom_msgs) by extension 'colcon_meta'
[0.517s] Level 1:colcon.colcon_core.package_identification:_identify(/home/uonaim/matlab_ws/FOOT/src/custom_msgs) by extensions ['ros']
[0.517s] Level 1:colcon.colcon_core.package_identification:_identify(/home/uonaim/matlab_ws/FOOT/src/custom_msgs) by extension 'ros'
[0.520s] DEBUG:colcon.colcon_core.package_identification:Package '/home/uonaim/matlab_ws/FOOT/src/custom_msgs' with type 'ros.ament_cmake' and name 'custom_msgs'
[0.520s] Level 1:colcon.colcon_core.package_identification:_identify(/home/uonaim/matlab_ws/FOOT/src/import_imu) by extensions ['ignore', 'ignore_ament_install']
[0.520s] Level 1:colcon.colcon_core.package_identification:_identify(/home/uonaim/matlab_ws/FOOT/src/import_imu) by extension 'ignore'
[0.520s] Level 1:colcon.colcon_core.package_identification:_identify(/home/uonaim/matlab_ws/FOOT/src/import_imu) by extension 'ignore_ament_install'
[0.520s] Level 1:colcon.colcon_core.package_identification:_identify(/home/uonaim/matlab_ws/FOOT/src/import_imu) by extensions ['colcon_pkg']
[0.520s] Level 1:colcon.colcon_core.package_identification:_identify(/home/uonaim/matlab_ws/FOOT/src/import_imu) by extension 'colcon_pkg'
[0.520s] Level 1:colcon.colcon_core.package_identification:_identify(/home/uonaim/matlab_ws/FOOT/src/import_imu) by extensions ['colcon_meta']
[0.520s] Level 1:colcon.colcon_core.package_identification:_identify(/home/uonaim/matlab_ws/FOOT/src/import_imu) by extension 'colcon_meta'
[0.520s] Level 1:colcon.colcon_core.package_identification:_identify(/home/uonaim/matlab_ws/FOOT/src/import_imu) by extensions ['ros']
[0.520s] Level 1:colcon.colcon_core.package_identification:_identify(/home/uonaim/matlab_ws/FOOT/src/import_imu) by extension 'ros'
[0.521s] DEBUG:colcon.colcon_core.package_identification:Package '/home/uonaim/matlab_ws/FOOT/src/import_imu' with type 'ros.ament_cmake' and name 'import_imu'
[0.521s] Level 1:colcon.colcon_core.package_identification:_identify(/home/uonaim/matlab_ws/FOOT/src/testing_dm_hby) by extensions ['ignore', 'ignore_ament_install']
[0.521s] Level 1:colcon.colcon_core.package_identification:_identify(/home/uonaim/matlab_ws/FOOT/src/testing_dm_hby) by extension 'ignore'
[0.521s] Level 1:colcon.colcon_core.package_identification:_identify(/home/uonaim/matlab_ws/FOOT/src/testing_dm_hby) by extension 'ignore_ament_install'
[0.521s] Level 1:colcon.colcon_core.package_identification:_identify(/home/uonaim/matlab_ws/FOOT/src/testing_dm_hby) by extensions ['colcon_pkg']
[0.521s] Level 1:colcon.colcon_core.package_identification:_identify(/home/uonaim/matlab_ws/FOOT/src/testing_dm_hby) by extension 'colcon_pkg'
[0.521s] Level 1:colcon.colcon_core.package_identification:_identify(/home/uonaim/matlab_ws/FOOT/src/testing_dm_hby) by extensions ['colcon_meta']
[0.521s] Level 1:colcon.colcon_core.package_identification:_identify(/home/uonaim/matlab_ws/FOOT/src/testing_dm_hby) by extension 'colcon_meta'
[0.521s] Level 1:colcon.colcon_core.package_identification:_identify(/home/uonaim/matlab_ws/FOOT/src/testing_dm_hby) by extensions ['ros']
[0.521s] Level 1:colcon.colcon_core.package_identification:_identify(/home/uonaim/matlab_ws/FOOT/src/testing_dm_hby) by extension 'ros'
[0.522s] DEBUG:colcon.colcon_core.package_identification:Package '/home/uonaim/matlab_ws/FOOT/src/testing_dm_hby' with type 'ros.ament_cmake' and name 'testing_dm_hby'
[0.522s] Level 1:colcon.colcon_core.package_discovery:discover_packages(recursive) using defaults
[0.554s] Level 5:colcon.colcon_core.verb:set package 'custom_msgs' build argument 'cmake_args' from command line to '['-DALIAS_ROS2_TF2=1', '-G', 'Ninja', '-DCMAKE_C_COMPILER=/usr/bin/gcc', '-DCMAKE_CXX_COMPILER=/usr/bin/g++']'
[0.554s] Level 5:colcon.colcon_core.verb:set package 'custom_msgs' build argument 'cmake_target' from command line to 'None'
[0.554s] Level 5:colcon.colcon_core.verb:set package 'custom_msgs' build argument 'cmake_target_skip_unavailable' from command line to 'False'
[0.554s] Level 5:colcon.colcon_core.verb:set package 'custom_msgs' build argument 'cmake_clean_cache' from command line to 'False'
[0.554s] Level 5:colcon.colcon_core.verb:set package 'custom_msgs' build argument 'cmake_clean_first' from command line to 'False'
[0.554s] Level 5:colcon.colcon_core.verb:set package 'custom_msgs' build argument 'cmake_force_configure' from command line to 'False'
[0.555s] Level 5:colcon.colcon_core.verb:set package 'custom_msgs' build argument 'ament_cmake_args' from command line to 'None'
[0.555s] Level 5:colcon.colcon_core.verb:set package 'custom_msgs' build argument 'catkin_cmake_args' from command line to 'None'
[0.555s] Level 5:colcon.colcon_core.verb:set package 'custom_msgs' build argument 'catkin_skip_building_tests' from command line to 'False'
[0.555s] DEBUG:colcon.colcon_core.verb:Building package 'custom_msgs' with the following arguments: {'ament_cmake_args': None, 'build_base': '/home/uonaim/matlab_ws/FOOT/build/custom_msgs', 'catkin_cmake_args': None, 'catkin_skip_building_tests': False, 'cmake_args': ['-DALIAS_ROS2_TF2=1', '-G', 'Ninja', '-DCMAKE_C_COMPILER=/usr/bin/gcc', '-DCMAKE_CXX_COMPILER=/usr/bin/g++'], 'cmake_clean_cache': False, 'cmake_clean_first': False, 'cmake_force_configure': False, 'cmake_target': None, 'cmake_target_skip_unavailable': False, 'install_base': '/home/uonaim/matlab_ws/FOOT/install', 'merge_install': True, 'path': '/home/uonaim/matlab_ws/FOOT/src/custom_msgs', 'symlink_install': False, 'test_result_base': None}
[0.560s] Level 5:colcon.colcon_core.verb:set package 'import_imu' build argument 'cmake_args' from command line to '['-DALIAS_ROS2_TF2=1', '-G', 'Ninja', '-DCMAKE_C_COMPILER=/usr/bin/gcc', '-DCMAKE_CXX_COMPILER=/usr/bin/g++']'
[0.560s] Level 5:colcon.colcon_core.verb:set package 'import_imu' build argument 'cmake_target' from command line to 'None'
[0.560s] Level 5:colcon.colcon_core.verb:set package 'import_imu' build argument 'cmake_target_skip_unavailable' from command line to 'False'
[0.560s] Level 5:colcon.colcon_core.verb:set package 'import_imu' build argument 'cmake_clean_cache' from command line to 'False'
[0.560s] Level 5:colcon.colcon_core.verb:set package 'import_imu' build argument 'cmake_clean_first' from command line to 'False'
[0.560s] Level 5:colcon.colcon_core.verb:set package 'import_imu' build argument 'cmake_force_configure' from command line to 'False'
[0.560s] Level 5:colcon.colcon_core.verb:set package 'import_imu' build argument 'ament_cmake_args' from command line to 'None'
[0.560s] Level 5:colcon.colcon_core.verb:set package 'import_imu' build argument 'catkin_cmake_args' from command line to 'None'
[0.560s] Level 5:colcon.colcon_core.verb:set package 'import_imu' build argument 'catkin_skip_building_tests' from command line to 'False'
[0.560s] DEBUG:colcon.colcon_core.verb:Building package 'import_imu' with the following arguments: {'ament_cmake_args': None, 'build_base': '/home/uonaim/matlab_ws/FOOT/build/import_imu', 'catkin_cmake_args': None, 'catkin_skip_building_tests': False, 'cmake_args': ['-DALIAS_ROS2_TF2=1', '-G', 'Ninja', '-DCMAKE_C_COMPILER=/usr/bin/gcc', '-DCMAKE_CXX_COMPILER=/usr/bin/g++'], 'cmake_clean_cache': False, 'cmake_clean_first': False, 'cmake_force_configure': False, 'cmake_target': None, 'cmake_target_skip_unavailable': False, 'install_base': '/home/uonaim/matlab_ws/FOOT/install', 'merge_install': True, 'path': '/home/uonaim/matlab_ws/FOOT/src/import_imu', 'symlink_install': False, 'test_result_base': None}
[0.566s] Level 5:colcon.colcon_core.verb:set package 'testing_dm_hby' build argument 'cmake_args' from command line to '['-DALIAS_ROS2_TF2=1', '-G', 'Ninja', '-DCMAKE_C_COMPILER=/usr/bin/gcc', '-DCMAKE_CXX_COMPILER=/usr/bin/g++']'
[0.566s] Level 5:colcon.colcon_core.verb:set package 'testing_dm_hby' build argument 'cmake_target' from command line to 'None'
[0.566s] Level 5:colcon.colcon_core.verb:set package 'testing_dm_hby' build argument 'cmake_target_skip_unavailable' from command line to 'False'
[0.566s] Level 5:colcon.colcon_core.verb:set package 'testing_dm_hby' build argument 'cmake_clean_cache' from command line to 'False'
[0.566s] Level 5:colcon.colcon_core.verb:set package 'testing_dm_hby' build argument 'cmake_clean_first' from command line to 'False'
[0.566s] Level 5:colcon.colcon_core.verb:set package 'testing_dm_hby' build argument 'cmake_force_configure' from command line to 'False'
[0.566s] Level 5:colcon.colcon_core.verb:set package 'testing_dm_hby' build argument 'ament_cmake_args' from command line to 'None'
[0.566s] Level 5:colcon.colcon_core.verb:set package 'testing_dm_hby' build argument 'catkin_cmake_args' from command line to 'None'
[0.566s] Level 5:colcon.colcon_core.verb:set package 'testing_dm_hby' build argument 'catkin_skip_building_tests' from command line to 'False'
[0.566s] DEBUG:colcon.colcon_core.verb:Building package 'testing_dm_hby' with the following arguments: {'ament_cmake_args': None, 'build_base': '/home/uonaim/matlab_ws/FOOT/build/testing_dm_hby', 'catkin_cmake_args': None, 'catkin_skip_building_tests': False, 'cmake_args': ['-DALIAS_ROS2_TF2=1', '-G', 'Ninja', '-DCMAKE_C_COMPILER=/usr/bin/gcc', '-DCMAKE_CXX_COMPILER=/usr/bin/g++'], 'cmake_clean_cache': False, 'cmake_clean_first': False, 'cmake_force_configure': False, 'cmake_target': None, 'cmake_target_skip_unavailable': False, 'install_base': '/home/uonaim/matlab_ws/FOOT/install', 'merge_install': True, 'path': '/home/uonaim/matlab_ws/FOOT/src/testing_dm_hby', 'symlink_install': False, 'test_result_base': None}
[0.568s] INFO:colcon.colcon_core.executor:Executing jobs using 'parallel' executor
[0.578s] DEBUG:colcon.colcon_parallel_executor.executor.parallel:run_until_complete
[0.578s] INFO:colcon.colcon_ros.task.ament_cmake.build:Building ROS package in '/home/uonaim/matlab_ws/FOOT/src/custom_msgs' with build type 'ament_cmake'
[0.578s] INFO:colcon.colcon_cmake.task.cmake.build:Building CMake package in '/home/uonaim/matlab_ws/FOOT/src/custom_msgs'
[0.602s] INFO:colcon.colcon_core.plugin_system:Skipping extension 'colcon_core.shell.bat': Not used on non-Windows systems
[0.602s] INFO:colcon.colcon_core.shell:Skip shell extension 'powershell' for command environment: Not usable outside of PowerShell
[0.602s] DEBUG:colcon.colcon_core.shell:Skip shell extension 'dsv' for command environment
[0.624s] DEBUG:colcon.colcon_core.event_handler.log_command:Invoking command in '/home/uonaim/matlab_ws/FOOT/build/custom_msgs': PS1=(venv) VIRTUAL_ENV_PROMPT=(venv) /usr/local/MATLAB/R2023b/bin/glnxa64/cmake/bin/cmake --build /home/uonaim/matlab_ws/FOOT/build/custom_msgs -- -j14 -l14
[1.467s] DEBUG:colcon.colcon_core.event_handler.log_command:Invoked command in '/home/uonaim/matlab_ws/FOOT/build/custom_msgs' returned '0': PS1=(venv) VIRTUAL_ENV_PROMPT=(venv) /usr/local/MATLAB/R2023b/bin/glnxa64/cmake/bin/cmake --build /home/uonaim/matlab_ws/FOOT/build/custom_msgs -- -j14 -l14
[1.494s] DEBUG:colcon.colcon_core.event_handler.log_command:Invoking command in '/home/uonaim/matlab_ws/FOOT/build/custom_msgs': PS1=(venv) VIRTUAL_ENV_PROMPT=(venv) /usr/local/MATLAB/R2023b/bin/glnxa64/cmake/bin/cmake --install /home/uonaim/matlab_ws/FOOT/build/custom_msgs
[1.507s] Level 1:colcon.colcon_core.environment:create_environment_scripts_only(custom_msgs)
[1.509s] DEBUG:colcon.colcon_core.event_handler.log_command:Invoked command in '/home/uonaim/matlab_ws/FOOT/build/custom_msgs' returned '0': PS1=(venv) VIRTUAL_ENV_PROMPT=(venv) /usr/local/MATLAB/R2023b/bin/glnxa64/cmake/bin/cmake --install /home/uonaim/matlab_ws/FOOT/build/custom_msgs
[1.515s] Level 1:colcon.colcon_core.environment:checking '/home/uonaim/matlab_ws/FOOT/install' for CMake module files
[1.516s] Level 1:colcon.colcon_core.environment:checking '/home/uonaim/matlab_ws/FOOT/install' for CMake config files
[1.516s] Level 1:colcon.colcon_core.shell:create_environment_hook('custom_msgs', 'cmake_prefix_path')
[1.520s] INFO:colcon.colcon_core.shell:Creating environment hook '/home/uonaim/matlab_ws/FOOT/install/share/custom_msgs/hook/cmake_prefix_path.ps1'
[1.521s] INFO:colcon.colcon_core.shell:Creating environment descriptor '/home/uonaim/matlab_ws/FOOT/install/share/custom_msgs/hook/cmake_prefix_path.dsv'
[1.521s] INFO:colcon.colcon_core.shell:Creating environment hook '/home/uonaim/matlab_ws/FOOT/install/share/custom_msgs/hook/cmake_prefix_path.sh'
[1.522s] Level 1:colcon.colcon_core.environment:checking '/home/uonaim/matlab_ws/FOOT/install/lib'
[1.522s] Level 1:colcon.colcon_core.shell:create_environment_hook('custom_msgs', 'ld_library_path_lib')
[1.526s] INFO:colcon.colcon_core.shell:Creating environment hook '/home/uonaim/matlab_ws/FOOT/install/share/custom_msgs/hook/ld_library_path_lib.ps1'
[1.526s] INFO:colcon.colcon_core.shell:Creating environment descriptor '/home/uonaim/matlab_ws/FOOT/install/share/custom_msgs/hook/ld_library_path_lib.dsv'
[1.527s] INFO:colcon.colcon_core.shell:Creating environment hook '/home/uonaim/matlab_ws/FOOT/install/share/custom_msgs/hook/ld_library_path_lib.sh'
[1.527s] Level 1:colcon.colcon_core.environment:checking '/home/uonaim/matlab_ws/FOOT/install/bin'
[1.527s] Level 1:colcon.colcon_core.environment:checking '/home/uonaim/matlab_ws/FOOT/install/lib/pkgconfig/custom_msgs.pc'
[1.528s] Level 1:colcon.colcon_core.environment:checking '/home/uonaim/matlab_ws/FOOT/install/lib/python3.10/site-packages'
[1.528s] Level 1:colcon.colcon_core.environment:checking '/home/uonaim/matlab_ws/FOOT/install/bin'
[1.532s] INFO:colcon.colcon_core.shell:Creating package script '/home/uonaim/matlab_ws/FOOT/install/share/custom_msgs/package.ps1'
[1.533s] INFO:colcon.colcon_core.shell:Creating package descriptor '/home/uonaim/matlab_ws/FOOT/install/share/custom_msgs/package.dsv'
[1.533s] INFO:colcon.colcon_core.shell:Creating package script '/home/uonaim/matlab_ws/FOOT/install/share/custom_msgs/package.sh'
[1.534s] INFO:colcon.colcon_core.shell:Creating package script '/home/uonaim/matlab_ws/FOOT/install/share/custom_msgs/package.bash'
[1.534s] INFO:colcon.colcon_core.shell:Creating package script '/home/uonaim/matlab_ws/FOOT/install/share/custom_msgs/package.zsh'
[1.534s] Level 1:colcon.colcon_core.environment:create_file_with_runtime_dependencies(/home/uonaim/matlab_ws/FOOT/install/share/colcon-core/packages/custom_msgs)
[1.559s] Level 1:colcon.colcon_core.environment:create_environment_scripts_only(custom_msgs)
[1.563s] Level 1:colcon.colcon_core.environment:checking '/home/uonaim/matlab_ws/FOOT/install' for CMake module files
[1.564s] Level 1:colcon.colcon_core.environment:checking '/home/uonaim/matlab_ws/FOOT/install' for CMake config files
[1.564s] Level 1:colcon.colcon_core.shell:create_environment_hook('custom_msgs', 'cmake_prefix_path')
[1.568s] INFO:colcon.colcon_core.shell:Creating environment hook '/home/uonaim/matlab_ws/FOOT/install/share/custom_msgs/hook/cmake_prefix_path.ps1'
[1.569s] INFO:colcon.colcon_core.shell:Creating environment descriptor '/home/uonaim/matlab_ws/FOOT/install/share/custom_msgs/hook/cmake_prefix_path.dsv'
[1.569s] INFO:colcon.colcon_core.shell:Creating environment hook '/home/uonaim/matlab_ws/FOOT/install/share/custom_msgs/hook/cmake_prefix_path.sh'
[1.569s] Level 1:colcon.colcon_core.environment:checking '/home/uonaim/matlab_ws/FOOT/install/lib'
[1.569s] Level 1:colcon.colcon_core.shell:create_environment_hook('custom_msgs', 'ld_library_path_lib')
[1.573s] INFO:colcon.colcon_core.shell:Creating environment hook '/home/uonaim/matlab_ws/FOOT/install/share/custom_msgs/hook/ld_library_path_lib.ps1'
[1.574s] INFO:colcon.colcon_core.shell:Creating environment descriptor '/home/uonaim/matlab_ws/FOOT/install/share/custom_msgs/hook/ld_library_path_lib.dsv'
[1.574s] INFO:colcon.colcon_core.shell:Creating environment hook '/home/uonaim/matlab_ws/FOOT/install/share/custom_msgs/hook/ld_library_path_lib.sh'
[1.574s] Level 1:colcon.colcon_core.environment:checking '/home/uonaim/matlab_ws/FOOT/install/bin'
[1.574s] Level 1:colcon.colcon_core.environment:checking '/home/uonaim/matlab_ws/FOOT/install/lib/pkgconfig/custom_msgs.pc'
[1.574s] Level 1:colcon.colcon_core.environment:checking '/home/uonaim/matlab_ws/FOOT/install/lib/python3.10/site-packages'
[1.574s] Level 1:colcon.colcon_core.environment:checking '/home/uonaim/matlab_ws/FOOT/install/bin'
[1.578s] INFO:colcon.colcon_core.shell:Creating package script '/home/uonaim/matlab_ws/FOOT/install/share/custom_msgs/package.ps1'
[1.579s] INFO:colcon.colcon_core.shell:Creating package descriptor '/home/uonaim/matlab_ws/FOOT/install/share/custom_msgs/package.dsv'
[1.579s] INFO:colcon.colcon_core.shell:Creating package script '/home/uonaim/matlab_ws/FOOT/install/share/custom_msgs/package.sh'
[1.580s] INFO:colcon.colcon_core.shell:Creating package script '/home/uonaim/matlab_ws/FOOT/install/share/custom_msgs/package.bash'
[1.580s] INFO:colcon.colcon_core.shell:Creating package script '/home/uonaim/matlab_ws/FOOT/install/share/custom_msgs/package.zsh'
[1.580s] Level 1:colcon.colcon_core.environment:create_file_with_runtime_dependencies(/home/uonaim/matlab_ws/FOOT/install/share/colcon-core/packages/custom_msgs)
[1.581s] INFO:colcon.colcon_ros.task.ament_cmake.build:Building ROS package in '/home/uonaim/matlab_ws/FOOT/src/import_imu' with build type 'ament_cmake'
[1.581s] INFO:colcon.colcon_cmake.task.cmake.build:Building CMake package in '/home/uonaim/matlab_ws/FOOT/src/import_imu'
[1.585s] INFO:colcon.colcon_core.shell:Skip shell extension 'powershell' for command environment: Not usable outside of PowerShell
[1.585s] DEBUG:colcon.colcon_core.shell:Skip shell extension 'dsv' for command environment
[1.597s] INFO:colcon.colcon_ros.task.ament_cmake.build:Building ROS package in '/home/uonaim/matlab_ws/FOOT/src/testing_dm_hby' with build type 'ament_cmake'
[1.597s] INFO:colcon.colcon_cmake.task.cmake.build:Building CMake package in '/home/uonaim/matlab_ws/FOOT/src/testing_dm_hby'
[1.601s] INFO:colcon.colcon_core.shell:Skip shell extension 'powershell' for command environment: Not usable outside of PowerShell
[1.601s] DEBUG:colcon.colcon_core.shell:Skip shell extension 'dsv' for command environment
[1.616s] DEBUG:colcon.colcon_core.event_handler.log_command:Invoking command in '/home/uonaim/matlab_ws/FOOT/build/import_imu': AMENT_PREFIX_PATH=/home/uonaim/matlab_ws/FOOT/install:${AMENT_PREFIX_PATH} CMAKE_PREFIX_PATH=/home/uonaim/matlab_ws/FOOT/install:/usr/local/MATLAB/R2023b/sys/ros2/glnxa64/ros2: LD_LIBRARY_PATH=/home/uonaim/matlab_ws/FOOT/install/lib${LD_LIBRARY_PATH} PS1=(venv) VIRTUAL_ENV_PROMPT=(venv) /usr/local/MATLAB/R2023b/bin/glnxa64/cmake/bin/cmake --build /home/uonaim/matlab_ws/FOOT/build/import_imu -- -j14 -l14
[1.623s] DEBUG:colcon.colcon_core.event_handler.log_command:Invoking command in '/home/uonaim/matlab_ws/FOOT/build/testing_dm_hby': AMENT_PREFIX_PATH=/home/uonaim/matlab_ws/FOOT/install:${AMENT_PREFIX_PATH} CMAKE_PREFIX_PATH=/home/uonaim/matlab_ws/FOOT/install:/usr/local/MATLAB/R2023b/sys/ros2/glnxa64/ros2: LD_LIBRARY_PATH=/home/uonaim/matlab_ws/FOOT/install/lib${LD_LIBRARY_PATH} PS1=(venv) VIRTUAL_ENV_PROMPT=(venv) /usr/local/MATLAB/R2023b/bin/glnxa64/cmake/bin/cmake --build /home/uonaim/matlab_ws/FOOT/build/testing_dm_hby -- -j14 -l14
[1.637s] DEBUG:colcon.colcon_core.event_handler.log_command:Invoked command in '/home/uonaim/matlab_ws/FOOT/build/testing_dm_hby' returned '0': AMENT_PREFIX_PATH=/home/uonaim/matlab_ws/FOOT/install:${AMENT_PREFIX_PATH} CMAKE_PREFIX_PATH=/home/uonaim/matlab_ws/FOOT/install:/usr/local/MATLAB/R2023b/sys/ros2/glnxa64/ros2: LD_LIBRARY_PATH=/home/uonaim/matlab_ws/FOOT/install/lib${LD_LIBRARY_PATH} PS1=(venv) VIRTUAL_ENV_PROMPT=(venv) /usr/local/MATLAB/R2023b/bin/glnxa64/cmake/bin/cmake --build /home/uonaim/matlab_ws/FOOT/build/testing_dm_hby -- -j14 -l14
[1.658s] DEBUG:colcon.colcon_core.event_handler.log_command:Invoking command in '/home/uonaim/matlab_ws/FOOT/build/testing_dm_hby': AMENT_PREFIX_PATH=/home/uonaim/matlab_ws/FOOT/install:${AMENT_PREFIX_PATH} CMAKE_PREFIX_PATH=/home/uonaim/matlab_ws/FOOT/install:/usr/local/MATLAB/R2023b/sys/ros2/glnxa64/ros2: LD_LIBRARY_PATH=/home/uonaim/matlab_ws/FOOT/install/lib${LD_LIBRARY_PATH} PS1=(venv) VIRTUAL_ENV_PROMPT=(venv) /usr/local/MATLAB/R2023b/bin/glnxa64/cmake/bin/cmake --install /home/uonaim/matlab_ws/FOOT/build/testing_dm_hby
[1.663s] Level 1:colcon.colcon_core.environment:create_environment_scripts_only(testing_dm_hby)
[1.669s] Level 1:colcon.colcon_core.environment:checking '/home/uonaim/matlab_ws/FOOT/install' for CMake module files
[1.669s] DEBUG:colcon.colcon_core.event_handler.log_command:Invoked command in '/home/uonaim/matlab_ws/FOOT/build/testing_dm_hby' returned '0': AMENT_PREFIX_PATH=/home/uonaim/matlab_ws/FOOT/install:${AMENT_PREFIX_PATH} CMAKE_PREFIX_PATH=/home/uonaim/matlab_ws/FOOT/install:/usr/local/MATLAB/R2023b/sys/ros2/glnxa64/ros2: LD_LIBRARY_PATH=/home/uonaim/matlab_ws/FOOT/install/lib${LD_LIBRARY_PATH} PS1=(venv) VIRTUAL_ENV_PROMPT=(venv) /usr/local/MATLAB/R2023b/bin/glnxa64/cmake/bin/cmake --install /home/uonaim/matlab_ws/FOOT/build/testing_dm_hby
[1.670s] Level 1:colcon.colcon_core.environment:checking '/home/uonaim/matlab_ws/FOOT/install' for CMake config files
[1.670s] Level 1:colcon.colcon_core.shell:create_environment_hook('testing_dm_hby', 'cmake_prefix_path')
[1.674s] INFO:colcon.colcon_core.shell:Creating environment hook '/home/uonaim/matlab_ws/FOOT/install/share/testing_dm_hby/hook/cmake_prefix_path.ps1'
[1.674s] INFO:colcon.colcon_core.shell:Creating environment descriptor '/home/uonaim/matlab_ws/FOOT/install/share/testing_dm_hby/hook/cmake_prefix_path.dsv'
[1.675s] INFO:colcon.colcon_core.shell:Creating environment hook '/home/uonaim/matlab_ws/FOOT/install/share/testing_dm_hby/hook/cmake_prefix_path.sh'
[1.675s] Level 1:colcon.colcon_core.environment:checking '/home/uonaim/matlab_ws/FOOT/install/lib'
[1.675s] Level 1:colcon.colcon_core.shell:create_environment_hook('testing_dm_hby', 'ld_library_path_lib')
[1.679s] INFO:colcon.colcon_core.shell:Creating environment hook '/home/uonaim/matlab_ws/FOOT/install/share/testing_dm_hby/hook/ld_library_path_lib.ps1'
[1.680s] INFO:colcon.colcon_core.shell:Creating environment descriptor '/home/uonaim/matlab_ws/FOOT/install/share/testing_dm_hby/hook/ld_library_path_lib.dsv'
[1.680s] INFO:colcon.colcon_core.shell:Creating environment hook '/home/uonaim/matlab_ws/FOOT/install/share/testing_dm_hby/hook/ld_library_path_lib.sh'
[1.680s] Level 1:colcon.colcon_core.environment:checking '/home/uonaim/matlab_ws/FOOT/install/bin'
[1.680s] Level 1:colcon.colcon_core.environment:checking '/home/uonaim/matlab_ws/FOOT/install/lib/pkgconfig/testing_dm_hby.pc'
[1.681s] Level 1:colcon.colcon_core.environment:checking '/home/uonaim/matlab_ws/FOOT/install/lib/python3.10/site-packages'
[1.681s] Level 1:colcon.colcon_core.environment:checking '/home/uonaim/matlab_ws/FOOT/install/bin'
[1.685s] INFO:colcon.colcon_core.shell:Creating package script '/home/uonaim/matlab_ws/FOOT/install/share/testing_dm_hby/package.ps1'
[1.685s] INFO:colcon.colcon_core.shell:Creating package descriptor '/home/uonaim/matlab_ws/FOOT/install/share/testing_dm_hby/package.dsv'
[1.686s] INFO:colcon.colcon_core.shell:Creating package script '/home/uonaim/matlab_ws/FOOT/install/share/testing_dm_hby/package.sh'
[1.686s] INFO:colcon.colcon_core.shell:Creating package script '/home/uonaim/matlab_ws/FOOT/install/share/testing_dm_hby/package.bash'
[1.686s] INFO:colcon.colcon_core.shell:Creating package script '/home/uonaim/matlab_ws/FOOT/install/share/testing_dm_hby/package.zsh'
[1.687s] Level 1:colcon.colcon_core.environment:create_file_with_runtime_dependencies(/home/uonaim/matlab_ws/FOOT/install/share/colcon-core/packages/testing_dm_hby)
[1.711s] Level 1:colcon.colcon_core.environment:create_environment_scripts_only(testing_dm_hby)
[1.715s] Level 1:colcon.colcon_core.environment:checking '/home/uonaim/matlab_ws/FOOT/install' for CMake module files
[1.716s] Level 1:colcon.colcon_core.environment:checking '/home/uonaim/matlab_ws/FOOT/install' for CMake config files
[1.716s] Level 1:colcon.colcon_core.shell:create_environment_hook('testing_dm_hby', 'cmake_prefix_path')
[1.720s] INFO:colcon.colcon_core.shell:Creating environment hook '/home/uonaim/matlab_ws/FOOT/install/share/testing_dm_hby/hook/cmake_prefix_path.ps1'
[1.721s] INFO:colcon.colcon_core.shell:Creating environment descriptor '/home/uonaim/matlab_ws/FOOT/install/share/testing_dm_hby/hook/cmake_prefix_path.dsv'
[1.721s] INFO:colcon.colcon_core.shell:Creating environment hook '/home/uonaim/matlab_ws/FOOT/install/share/testing_dm_hby/hook/cmake_prefix_path.sh'
[1.721s] Level 1:colcon.colcon_core.environment:checking '/home/uonaim/matlab_ws/FOOT/install/lib'
[1.721s] Level 1:colcon.colcon_core.shell:create_environment_hook('testing_dm_hby', 'ld_library_path_lib')
[1.725s] INFO:colcon.colcon_core.shell:Creating environment hook '/home/uonaim/matlab_ws/FOOT/install/share/testing_dm_hby/hook/ld_library_path_lib.ps1'
[1.725s] INFO:colcon.colcon_core.shell:Creating environment descriptor '/home/uonaim/matlab_ws/FOOT/install/share/testing_dm_hby/hook/ld_library_path_lib.dsv'
[1.726s] INFO:colcon.colcon_core.shell:Creating environment hook '/home/uonaim/matlab_ws/FOOT/install/share/testing_dm_hby/hook/ld_library_path_lib.sh'
[1.726s] Level 1:colcon.colcon_core.environment:checking '/home/uonaim/matlab_ws/FOOT/install/bin'
[1.726s] Level 1:colcon.colcon_core.environment:checking '/home/uonaim/matlab_ws/FOOT/install/lib/pkgconfig/testing_dm_hby.pc'
[1.726s] Level 1:colcon.colcon_core.environment:checking '/home/uonaim/matlab_ws/FOOT/install/lib/python3.10/site-packages'
[1.726s] Level 1:colcon.colcon_core.environment:checking '/home/uonaim/matlab_ws/FOOT/install/bin'
[1.730s] INFO:colcon.colcon_core.shell:Creating package script '/home/uonaim/matlab_ws/FOOT/install/share/testing_dm_hby/package.ps1'
[1.731s] INFO:colcon.colcon_core.shell:Creating package descriptor '/home/uonaim/matlab_ws/FOOT/install/share/testing_dm_hby/package.dsv'
[1.731s] INFO:colcon.colcon_core.shell:Creating package script '/home/uonaim/matlab_ws/FOOT/install/share/testing_dm_hby/package.sh'
[1.731s] INFO:colcon.colcon_core.shell:Creating package script '/home/uonaim/matlab_ws/FOOT/install/share/testing_dm_hby/package.bash'
[1.732s] INFO:colcon.colcon_core.shell:Creating package script '/home/uonaim/matlab_ws/FOOT/install/share/testing_dm_hby/package.zsh'
[1.732s] Level 1:colcon.colcon_core.environment:create_file_with_runtime_dependencies(/home/uonaim/matlab_ws/FOOT/install/share/colcon-core/packages/testing_dm_hby)
[25.025s] DEBUG:colcon.colcon_core.event_handler.log_command:Invoked command in '/home/uonaim/matlab_ws/FOOT/build/import_imu' returned '0': AMENT_PREFIX_PATH=/home/uonaim/matlab_ws/FOOT/install:${AMENT_PREFIX_PATH} CMAKE_PREFIX_PATH=/home/uonaim/matlab_ws/FOOT/install:/usr/local/MATLAB/R2023b/sys/ros2/glnxa64/ros2: LD_LIBRARY_PATH=/home/uonaim/matlab_ws/FOOT/install/lib${LD_LIBRARY_PATH} PS1=(venv) VIRTUAL_ENV_PROMPT=(venv) /usr/local/MATLAB/R2023b/bin/glnxa64/cmake/bin/cmake --build /home/uonaim/matlab_ws/FOOT/build/import_imu -- -j14 -l14
[25.048s] DEBUG:colcon.colcon_core.event_handler.log_command:Invoking command in '/home/uonaim/matlab_ws/FOOT/build/import_imu': AMENT_PREFIX_PATH=/home/uonaim/matlab_ws/FOOT/install:${AMENT_PREFIX_PATH} CMAKE_PREFIX_PATH=/home/uonaim/matlab_ws/FOOT/install:/usr/local/MATLAB/R2023b/sys/ros2/glnxa64/ros2: LD_LIBRARY_PATH=/home/uonaim/matlab_ws/FOOT/install/lib${LD_LIBRARY_PATH} PS1=(venv) VIRTUAL_ENV_PROMPT=(venv) /usr/local/MATLAB/R2023b/bin/glnxa64/cmake/bin/cmake --install /home/uonaim/matlab_ws/FOOT/build/import_imu
[25.059s] Level 1:colcon.colcon_core.environment:create_environment_scripts_only(import_imu)
[25.067s] Level 1:colcon.colcon_core.environment:checking '/home/uonaim/matlab_ws/FOOT/install' for CMake module files
[25.067s] DEBUG:colcon.colcon_core.event_handler.log_command:Invoked command in '/home/uonaim/matlab_ws/FOOT/build/import_imu' returned '0': AMENT_PREFIX_PATH=/home/uonaim/matlab_ws/FOOT/install:${AMENT_PREFIX_PATH} CMAKE_PREFIX_PATH=/home/uonaim/matlab_ws/FOOT/install:/usr/local/MATLAB/R2023b/sys/ros2/glnxa64/ros2: LD_LIBRARY_PATH=/home/uonaim/matlab_ws/FOOT/install/lib${LD_LIBRARY_PATH} PS1=(venv) VIRTUAL_ENV_PROMPT=(venv) /usr/local/MATLAB/R2023b/bin/glnxa64/cmake/bin/cmake --install /home/uonaim/matlab_ws/FOOT/build/import_imu
[25.067s] Level 1:colcon.colcon_core.environment:checking '/home/uonaim/matlab_ws/FOOT/install' for CMake config files
[25.068s] Level 1:colcon.colcon_core.shell:create_environment_hook('import_imu', 'cmake_prefix_path')
[25.072s] INFO:colcon.colcon_core.shell:Creating environment hook '/home/uonaim/matlab_ws/FOOT/install/share/import_imu/hook/cmake_prefix_path.ps1'
[25.073s] INFO:colcon.colcon_core.shell:Creating environment descriptor '/home/uonaim/matlab_ws/FOOT/install/share/import_imu/hook/cmake_prefix_path.dsv'
[25.073s] INFO:colcon.colcon_core.shell:Creating environment hook '/home/uonaim/matlab_ws/FOOT/install/share/import_imu/hook/cmake_prefix_path.sh'
[25.073s] Level 1:colcon.colcon_core.environment:checking '/home/uonaim/matlab_ws/FOOT/install/lib'
[25.074s] Level 1:colcon.colcon_core.shell:create_environment_hook('import_imu', 'ld_library_path_lib')
[25.077s] INFO:colcon.colcon_core.shell:Creating environment hook '/home/uonaim/matlab_ws/FOOT/install/share/import_imu/hook/ld_library_path_lib.ps1'
[25.078s] INFO:colcon.colcon_core.shell:Creating environment descriptor '/home/uonaim/matlab_ws/FOOT/install/share/import_imu/hook/ld_library_path_lib.dsv'
[25.078s] INFO:colcon.colcon_core.shell:Creating environment hook '/home/uonaim/matlab_ws/FOOT/install/share/import_imu/hook/ld_library_path_lib.sh'
[25.078s] Level 1:colcon.colcon_core.environment:checking '/home/uonaim/matlab_ws/FOOT/install/bin'
[25.078s] Level 1:colcon.colcon_core.environment:checking '/home/uonaim/matlab_ws/FOOT/install/lib/pkgconfig/import_imu.pc'
[25.079s] Level 1:colcon.colcon_core.environment:checking '/home/uonaim/matlab_ws/FOOT/install/lib/python3.10/site-packages'
[25.079s] Level 1:colcon.colcon_core.environment:checking '/home/uonaim/matlab_ws/FOOT/install/bin'
[25.083s] INFO:colcon.colcon_core.shell:Creating package script '/home/uonaim/matlab_ws/FOOT/install/share/import_imu/package.ps1'
[25.083s] INFO:colcon.colcon_core.shell:Creating package descriptor '/home/uonaim/matlab_ws/FOOT/install/share/import_imu/package.dsv'
[25.083s] INFO:colcon.colcon_core.shell:Creating package script '/home/uonaim/matlab_ws/FOOT/install/share/import_imu/package.sh'
[25.084s] INFO:colcon.colcon_core.shell:Creating package script '/home/uonaim/matlab_ws/FOOT/install/share/import_imu/package.bash'
[25.084s] INFO:colcon.colcon_core.shell:Creating package script '/home/uonaim/matlab_ws/FOOT/install/share/import_imu/package.zsh'
[25.084s] Level 1:colcon.colcon_core.environment:create_file_with_runtime_dependencies(/home/uonaim/matlab_ws/FOOT/install/share/colcon-core/packages/import_imu)
[25.110s] Level 1:colcon.colcon_core.environment:create_environment_scripts_only(import_imu)
[25.115s] Level 1:colcon.colcon_core.environment:checking '/home/uonaim/matlab_ws/FOOT/install' for CMake module files
[25.116s] Level 1:colcon.colcon_core.environment:checking '/home/uonaim/matlab_ws/FOOT/install' for CMake config files
[25.116s] Level 1:colcon.colcon_core.shell:create_environment_hook('import_imu', 'cmake_prefix_path')
[25.120s] INFO:colcon.colcon_core.shell:Creating environment hook '/home/uonaim/matlab_ws/FOOT/install/share/import_imu/hook/cmake_prefix_path.ps1'
[25.120s] INFO:colcon.colcon_core.shell:Creating environment descriptor '/home/uonaim/matlab_ws/FOOT/install/share/import_imu/hook/cmake_prefix_path.dsv'
[25.121s] INFO:colcon.colcon_core.shell:Creating environment hook '/home/uonaim/matlab_ws/FOOT/install/share/import_imu/hook/cmake_prefix_path.sh'
[25.121s] Level 1:colcon.colcon_core.environment:checking '/home/uonaim/matlab_ws/FOOT/install/lib'
[25.121s] Level 1:colcon.colcon_core.shell:create_environment_hook('import_imu', 'ld_library_path_lib')
[25.125s] INFO:colcon.colcon_core.shell:Creating environment hook '/home/uonaim/matlab_ws/FOOT/install/share/import_imu/hook/ld_library_path_lib.ps1'
[25.125s] INFO:colcon.colcon_core.shell:Creating environment descriptor '/home/uonaim/matlab_ws/FOOT/install/share/import_imu/hook/ld_library_path_lib.dsv'
[25.125s] INFO:colcon.colcon_core.shell:Creating environment hook '/home/uonaim/matlab_ws/FOOT/install/share/import_imu/hook/ld_library_path_lib.sh'
[25.126s] Level 1:colcon.colcon_core.environment:checking '/home/uonaim/matlab_ws/FOOT/install/bin'
[25.126s] Level 1:colcon.colcon_core.environment:checking '/home/uonaim/matlab_ws/FOOT/install/lib/pkgconfig/import_imu.pc'
[25.126s] Level 1:colcon.colcon_core.environment:checking '/home/uonaim/matlab_ws/FOOT/install/lib/python3.10/site-packages'
[25.126s] Level 1:colcon.colcon_core.environment:checking '/home/uonaim/matlab_ws/FOOT/install/bin'
[25.130s] INFO:colcon.colcon_core.shell:Creating package script '/home/uonaim/matlab_ws/FOOT/install/share/import_imu/package.ps1'
[25.130s] INFO:colcon.colcon_core.shell:Creating package descriptor '/home/uonaim/matlab_ws/FOOT/install/share/import_imu/package.dsv'
[25.131s] INFO:colcon.colcon_core.shell:Creating package script '/home/uonaim/matlab_ws/FOOT/install/share/import_imu/package.sh'
[25.131s] INFO:colcon.colcon_core.shell:Creating package script '/home/uonaim/matlab_ws/FOOT/install/share/import_imu/package.bash'
[25.131s] INFO:colcon.colcon_core.shell:Creating package script '/home/uonaim/matlab_ws/FOOT/install/share/import_imu/package.zsh'
[25.132s] Level 1:colcon.colcon_core.environment:create_file_with_runtime_dependencies(/home/uonaim/matlab_ws/FOOT/install/share/colcon-core/packages/import_imu)
[25.132s] DEBUG:colcon.colcon_parallel_executor.executor.parallel:closing loop
[25.132s] DEBUG:colcon.colcon_parallel_executor.executor.parallel:loop closed
[25.132s] DEBUG:colcon.colcon_parallel_executor.executor.parallel:run_until_complete finished with '0'
[25.132s] DEBUG:colcon.colcon_core.event_reactor:joining thread
[25.137s] INFO:colcon.colcon_core.plugin_system:Skipping extension 'colcon_notification.desktop_notification.notify2': 'notify2' not found
[25.137s] INFO:colcon.colcon_core.plugin_system:Skipping extension 'colcon_notification.desktop_notification.terminal_notifier': Not used on non-Darwin systems
[25.137s] INFO:colcon.colcon_core.plugin_system:Skipping extension 'colcon_notification.desktop_notification.win32': Not used on non-Windows systems
[25.137s] INFO:colcon.colcon_notification.desktop_notification:Sending desktop notification using 'notify_send'
[25.145s] DEBUG:colcon.colcon_core.event_reactor:joined thread
[25.150s] INFO:colcon.colcon_core.shell:Creating prefix script '/home/uonaim/matlab_ws/FOOT/install/local_setup.ps1'
[25.151s] INFO:colcon.colcon_core.shell:Creating prefix util module '/home/uonaim/matlab_ws/FOOT/install/_local_setup_util_ps1.py'
[25.153s] INFO:colcon.colcon_core.shell:Creating prefix chain script '/home/uonaim/matlab_ws/FOOT/install/setup.ps1'
[25.156s] INFO:colcon.colcon_core.shell:Creating prefix script '/home/uonaim/matlab_ws/FOOT/install/local_setup.sh'
[25.156s] INFO:colcon.colcon_core.shell:Creating prefix util module '/home/uonaim/matlab_ws/FOOT/install/_local_setup_util_sh.py'
[25.157s] INFO:colcon.colcon_core.shell:Creating prefix chain script '/home/uonaim/matlab_ws/FOOT/install/setup.sh'
[25.160s] INFO:colcon.colcon_core.shell:Creating prefix script '/home/uonaim/matlab_ws/FOOT/install/local_setup.bash'
[25.161s] INFO:colcon.colcon_core.shell:Creating prefix chain script '/home/uonaim/matlab_ws/FOOT/install/setup.bash'
[25.164s] INFO:colcon.colcon_core.shell:Creating prefix script '/home/uonaim/matlab_ws/FOOT/install/local_setup.zsh'
[25.164s] INFO:colcon.colcon_core.shell:Creating prefix chain script '/home/uonaim/matlab_ws/FOOT/install/setup.zsh'
