[0.040s] Invoking command in '/home/uonaim/matlab_ws/FOOT/build/custom_msgs': PS1=(venv) VIRTUAL_ENV_PROMPT=(venv) /usr/local/MATLAB/R2023b/bin/glnxa64/cmake/bin/cmake /home/uonaim/matlab_ws/FOOT/src/custom_msgs -DALIAS_ROS2_TF2=1 -G Ninja -DCMAKE_C_COMPILER=/usr/bin/gcc -DCMAKE_CXX_COMPILER=/usr/bin/g++ -DCMAKE_INSTALL_PREFIX=/home/uonaim/matlab_ws/FOOT/install
[0.124s] -- The C compiler identification is GNU 10.5.0
[0.195s] -- The CXX compiler identification is GNU 10.5.0
[0.208s] -- Detecting C compiler ABI info
[0.292s] -- Detecting C compiler ABI info - done
[0.297s] -- Check for working C compiler: /usr/bin/gcc - skipped
[0.298s] -- Detecting C compile features
[0.298s] -- Detecting C compile features - done
[0.301s] -- Detecting CXX compiler ABI info
[0.394s] -- Detecting CXX compiler ABI info - done
[0.402s] -- Check for working CXX compiler: /usr/bin/g++ - skipped
[0.402s] -- Detecting CXX compile features
[0.402s] -- Detecting CXX compile features - done
[0.405s] -- Found ament_cmake: 1.3.3 (/usr/local/MATLAB/R2023b/sys/ros2/glnxa64/ros2/share/ament_cmake/cmake)
[1.228s] -- Found Python3: /root/.matlab/R2023b/ros2/glnxa64/venv/bin/python3.10 (found version "3.10.12") found components: Interpreter 
[1.321s] -- Found ament_cmake_ros: 0.10.0 (/usr/local/MATLAB/R2023b/sys/ros2/glnxa64/ros2/share/ament_cmake_ros/cmake)
[1.329s] -- Found rosidl_typesupport_c: 2.0.0 (/usr/local/MATLAB/R2023b/sys/ros2/glnxa64/ros2/share/rosidl_typesupport_c/cmake)
[1.329s] -- Using all available rosidl_typesupport_c: rosidl_typesupport_fastrtps_c;rosidl_typesupport_introspection_c
[1.336s] -- Found rosidl_adapter: 3.1.4 (/usr/local/MATLAB/R2023b/sys/ros2/glnxa64/ros2/share/rosidl_adapter/cmake)
[1.382s] -- Found rosidl_typesupport_cpp: 2.0.0 (/usr/local/MATLAB/R2023b/sys/ros2/glnxa64/ros2/share/rosidl_typesupport_cpp/cmake)
[1.382s] -- Using all available rosidl_typesupport_cpp: rosidl_typesupport_fastrtps_cpp;rosidl_typesupport_introspection_cpp
[1.414s] -- Found rosidl_default_generators: 1.2.0 (/usr/local/MATLAB/R2023b/sys/ros2/glnxa64/ros2/share/rosidl_default_generators/cmake)
[1.418s] -- Found builtin_interfaces: 1.2.1 (/usr/local/MATLAB/R2023b/sys/ros2/glnxa64/ros2/share/builtin_interfaces/cmake)
[1.437s] -- Found std_msgs: 4.2.3 (/usr/local/MATLAB/R2023b/sys/ros2/glnxa64/ros2/share/std_msgs/cmake)
[1.801s] -- Using all available rosidl_typesupport_c: rosidl_typesupport_fastrtps_c;rosidl_typesupport_introspection_c
[1.968s] -- Using all available rosidl_typesupport_cpp: rosidl_typesupport_fastrtps_cpp;rosidl_typesupport_introspection_cpp
[1.976s] -- Configuring done
[1.996s] -- Generating done
[2.009s] -- Build files have been written to: /home/uonaim/matlab_ws/FOOT/build/custom_msgs
[2.020s] Invoked command in '/home/uonaim/matlab_ws/FOOT/build/custom_msgs' returned '0': PS1=(venv) VIRTUAL_ENV_PROMPT=(venv) /usr/local/MATLAB/R2023b/bin/glnxa64/cmake/bin/cmake /home/uonaim/matlab_ws/FOOT/src/custom_msgs -DALIAS_ROS2_TF2=1 -G Ninja -DCMAKE_C_COMPILER=/usr/bin/gcc -DCMAKE_CXX_COMPILER=/usr/bin/g++ -DCMAKE_INSTALL_PREFIX=/home/uonaim/matlab_ws/FOOT/install
[2.023s] Invoking command in '/home/uonaim/matlab_ws/FOOT/build/custom_msgs': PS1=(venv) VIRTUAL_ENV_PROMPT=(venv) /usr/local/MATLAB/R2023b/bin/glnxa64/cmake/bin/cmake --build /home/uonaim/matlab_ws/FOOT/build/custom_msgs -- -j14 -l14
[2.312s] [1/29] Generating C++ code for ROS interfaces
[2.316s] [2/29] Generating C code for ROS interfaces
[2.389s] [3/29] Building C object CMakeFiles/custom_msgs__rosidl_generator_c.dir/rosidl_generator_c/custom_msgs/msg/detail/write_dm_motor_mit_control__functions.c.o
[2.393s] [4/29] Building C object CMakeFiles/custom_msgs__rosidl_generator_c.dir/rosidl_generator_c/custom_msgs/msg/detail/read_dm_motor__functions.c.o
[2.422s] [5/29] Linking C shared library libcustom_msgs__rosidl_generator_c.so
[2.493s] [6/29] Generating C++ type support dispatch for ROS interfaces
[2.508s] [7/29] Generating C++ type support for eProsima Fast-RTPS
[2.535s] [8/29] Generating C++ introspection for ROS interfaces
[2.613s] [9/29] Generating C type support dispatch for ROS interfaces
[2.651s] [10/29] Building CXX object CMakeFiles/custom_msgs__rosidl_typesupport_c.dir/rosidl_typesupport_c/custom_msgs/msg/read_dm_motor__type_support.cpp.o
[2.654s] [11/29] Building CXX object CMakeFiles/custom_msgs__rosidl_typesupport_c.dir/rosidl_typesupport_c/custom_msgs/msg/write_dm_motor_mit_control__type_support.cpp.o
[2.658s] [12/29] Generating C introspection for ROS interfaces
[2.672s] [13/29] Generating C type support for eProsima Fast-RTPS
[2.696s] [14/29] Linking CXX shared library libcustom_msgs__rosidl_typesupport_c.so
[2.711s] [15/29] Building C object CMakeFiles/custom_msgs__rosidl_typesupport_introspection_c.dir/rosidl_typesupport_introspection_c/custom_msgs/msg/detail/write_dm_motor_mit_control__type_support.c.o
[2.740s] [16/29] Building C object CMakeFiles/custom_msgs__rosidl_typesupport_introspection_c.dir/rosidl_typesupport_introspection_c/custom_msgs/msg/detail/read_dm_motor__type_support.c.o
[2.776s] [17/29] Linking C shared library libcustom_msgs__rosidl_typesupport_introspection_c.so
[2.860s] [18/29] Building CXX object CMakeFiles/custom_msgs__rosidl_typesupport_cpp.dir/rosidl_typesupport_cpp/custom_msgs/msg/write_dm_motor_mit_control__type_support.cpp.o
[2.887s] [19/29] Building CXX object CMakeFiles/custom_msgs__rosidl_typesupport_cpp.dir/rosidl_typesupport_cpp/custom_msgs/msg/read_dm_motor__type_support.cpp.o
[2.931s] [20/29] Linking CXX shared library libcustom_msgs__rosidl_typesupport_cpp.so
[2.954s] [21/29] Building CXX object CMakeFiles/custom_msgs__rosidl_typesupport_fastrtps_cpp.dir/rosidl_typesupport_fastrtps_cpp/custom_msgs/msg/detail/dds_fastrtps/read_dm_motor__type_support.cpp.o
[2.967s] [22/29] Building CXX object CMakeFiles/custom_msgs__rosidl_typesupport_introspection_cpp.dir/rosidl_typesupport_introspection_cpp/custom_msgs/msg/detail/write_dm_motor_mit_control__type_support.cpp.o
[3.005s] [23/29] Building CXX object CMakeFiles/custom_msgs__rosidl_typesupport_fastrtps_cpp.dir/rosidl_typesupport_fastrtps_cpp/custom_msgs/msg/detail/dds_fastrtps/write_dm_motor_mit_control__type_support.cpp.o
[3.037s] [24/29] Building CXX object CMakeFiles/custom_msgs__rosidl_typesupport_fastrtps_c.dir/rosidl_typesupport_fastrtps_c/custom_msgs/msg/detail/write_dm_motor_mit_control__type_support_c.cpp.o
[3.043s] [25/29] Building CXX object CMakeFiles/custom_msgs__rosidl_typesupport_introspection_cpp.dir/rosidl_typesupport_introspection_cpp/custom_msgs/msg/detail/read_dm_motor__type_support.cpp.o
[3.053s] [26/29] Building CXX object CMakeFiles/custom_msgs__rosidl_typesupport_fastrtps_c.dir/rosidl_typesupport_fastrtps_c/custom_msgs/msg/detail/read_dm_motor__type_support_c.cpp.o
[3.077s] [27/29] Linking CXX shared library libcustom_msgs__rosidl_typesupport_fastrtps_cpp.so
[3.097s] [28/29] Linking CXX shared library libcustom_msgs__rosidl_typesupport_introspection_cpp.so
[3.121s] [29/29] Linking CXX shared library libcustom_msgs__rosidl_typesupport_fastrtps_c.so
[3.123s] Invoked command in '/home/uonaim/matlab_ws/FOOT/build/custom_msgs' returned '0': PS1=(venv) VIRTUAL_ENV_PROMPT=(venv) /usr/local/MATLAB/R2023b/bin/glnxa64/cmake/bin/cmake --build /home/uonaim/matlab_ws/FOOT/build/custom_msgs -- -j14 -l14
[3.154s] Invoking command in '/home/uonaim/matlab_ws/FOOT/build/custom_msgs': PS1=(venv) VIRTUAL_ENV_PROMPT=(venv) /usr/local/MATLAB/R2023b/bin/glnxa64/cmake/bin/cmake --install /home/uonaim/matlab_ws/FOOT/build/custom_msgs
[3.159s] -- Install configuration: "Release"
[3.159s] -- Installing: /home/uonaim/matlab_ws/FOOT/install/share/ament_index/resource_index/rosidl_interfaces/custom_msgs
[3.159s] -- Installing: /home/uonaim/matlab_ws/FOOT/install/include/custom_msgs/custom_msgs
[3.159s] -- Installing: /home/uonaim/matlab_ws/FOOT/install/include/custom_msgs/custom_msgs/msg
[3.159s] -- Installing: /home/uonaim/matlab_ws/FOOT/install/include/custom_msgs/custom_msgs/msg/read_dm_motor.h
[3.159s] -- Installing: /home/uonaim/matlab_ws/FOOT/install/include/custom_msgs/custom_msgs/msg/write_dm_motor_mit_control.h
[3.160s] -- Installing: /home/uonaim/matlab_ws/FOOT/install/include/custom_msgs/custom_msgs/msg/detail
[3.160s] -- Installing: /home/uonaim/matlab_ws/FOOT/install/include/custom_msgs/custom_msgs/msg/detail/write_dm_motor_mit_control__struct.h
[3.160s] -- Installing: /home/uonaim/matlab_ws/FOOT/install/include/custom_msgs/custom_msgs/msg/detail/read_dm_motor__functions.h
[3.160s] -- Installing: /home/uonaim/matlab_ws/FOOT/install/include/custom_msgs/custom_msgs/msg/detail/read_dm_motor__functions.c
[3.160s] -- Installing: /home/uonaim/matlab_ws/FOOT/install/include/custom_msgs/custom_msgs/msg/detail/read_dm_motor__struct.h
[3.160s] -- Installing: /home/uonaim/matlab_ws/FOOT/install/include/custom_msgs/custom_msgs/msg/detail/write_dm_motor_mit_control__type_support.h
[3.160s] -- Installing: /home/uonaim/matlab_ws/FOOT/install/include/custom_msgs/custom_msgs/msg/detail/write_dm_motor_mit_control__functions.h
[3.160s] -- Installing: /home/uonaim/matlab_ws/FOOT/install/include/custom_msgs/custom_msgs/msg/detail/write_dm_motor_mit_control__functions.c
[3.160s] -- Installing: /home/uonaim/matlab_ws/FOOT/install/include/custom_msgs/custom_msgs/msg/detail/read_dm_motor__type_support.h
[3.161s] -- Installing: /home/uonaim/matlab_ws/FOOT/install/include/custom_msgs/custom_msgs/msg/rosidl_generator_c__visibility_control.h
[3.161s] -- Installing: /home/uonaim/matlab_ws/FOOT/install/share/custom_msgs/environment/library_path.sh
[3.161s] -- Installing: /home/uonaim/matlab_ws/FOOT/install/share/custom_msgs/environment/library_path.dsv
[3.161s] -- Installing: /home/uonaim/matlab_ws/FOOT/install/lib/libcustom_msgs__rosidl_generator_c.so
[3.162s] -- Up-to-date: /home/uonaim/matlab_ws/FOOT/install/include/custom_msgs/custom_msgs
[3.162s] -- Up-to-date: /home/uonaim/matlab_ws/FOOT/install/include/custom_msgs/custom_msgs/msg
[3.162s] -- Installing: /home/uonaim/matlab_ws/FOOT/install/include/custom_msgs/custom_msgs/msg/rosidl_typesupport_fastrtps_c__visibility_control.h
[3.162s] -- Up-to-date: /home/uonaim/matlab_ws/FOOT/install/include/custom_msgs/custom_msgs/msg/detail
[3.162s] -- Installing: /home/uonaim/matlab_ws/FOOT/install/include/custom_msgs/custom_msgs/msg/detail/read_dm_motor__rosidl_typesupport_fastrtps_c.h
[3.162s] -- Installing: /home/uonaim/matlab_ws/FOOT/install/include/custom_msgs/custom_msgs/msg/detail/write_dm_motor_mit_control__rosidl_typesupport_fastrtps_c.h
[3.162s] -- Installing: /home/uonaim/matlab_ws/FOOT/install/lib/libcustom_msgs__rosidl_typesupport_fastrtps_c.so
[3.162s] -- Up-to-date: /home/uonaim/matlab_ws/FOOT/install/include/custom_msgs/custom_msgs
[3.162s] -- Up-to-date: /home/uonaim/matlab_ws/FOOT/install/include/custom_msgs/custom_msgs/msg
[3.162s] -- Installing: /home/uonaim/matlab_ws/FOOT/install/include/custom_msgs/custom_msgs/msg/rosidl_typesupport_introspection_c__visibility_control.h
[3.163s] -- Up-to-date: /home/uonaim/matlab_ws/FOOT/install/include/custom_msgs/custom_msgs/msg/detail
[3.163s] -- Installing: /home/uonaim/matlab_ws/FOOT/install/include/custom_msgs/custom_msgs/msg/detail/read_dm_motor__type_support.c
[3.163s] -- Installing: /home/uonaim/matlab_ws/FOOT/install/include/custom_msgs/custom_msgs/msg/detail/read_dm_motor__rosidl_typesupport_introspection_c.h
[3.163s] -- Installing: /home/uonaim/matlab_ws/FOOT/install/include/custom_msgs/custom_msgs/msg/detail/write_dm_motor_mit_control__type_support.c
[3.163s] -- Installing: /home/uonaim/matlab_ws/FOOT/install/include/custom_msgs/custom_msgs/msg/detail/write_dm_motor_mit_control__rosidl_typesupport_introspection_c.h
[3.163s] -- Installing: /home/uonaim/matlab_ws/FOOT/install/lib/libcustom_msgs__rosidl_typesupport_introspection_c.so
[3.163s] -- Installing: /home/uonaim/matlab_ws/FOOT/install/lib/libcustom_msgs__rosidl_typesupport_c.so
[3.164s] -- Up-to-date: /home/uonaim/matlab_ws/FOOT/install/include/custom_msgs/custom_msgs
[3.164s] -- Up-to-date: /home/uonaim/matlab_ws/FOOT/install/include/custom_msgs/custom_msgs/msg
[3.164s] -- Installing: /home/uonaim/matlab_ws/FOOT/install/include/custom_msgs/custom_msgs/msg/read_dm_motor.hpp
[3.164s] -- Up-to-date: /home/uonaim/matlab_ws/FOOT/install/include/custom_msgs/custom_msgs/msg/detail
[3.164s] -- Installing: /home/uonaim/matlab_ws/FOOT/install/include/custom_msgs/custom_msgs/msg/detail/read_dm_motor__struct.hpp
[3.164s] -- Installing: /home/uonaim/matlab_ws/FOOT/install/include/custom_msgs/custom_msgs/msg/detail/write_dm_motor_mit_control__builder.hpp
[3.164s] -- Installing: /home/uonaim/matlab_ws/FOOT/install/include/custom_msgs/custom_msgs/msg/detail/read_dm_motor__traits.hpp
[3.164s] -- Installing: /home/uonaim/matlab_ws/FOOT/install/include/custom_msgs/custom_msgs/msg/detail/write_dm_motor_mit_control__struct.hpp
[3.164s] -- Installing: /home/uonaim/matlab_ws/FOOT/install/include/custom_msgs/custom_msgs/msg/detail/write_dm_motor_mit_control__traits.hpp
[3.164s] -- Installing: /home/uonaim/matlab_ws/FOOT/install/include/custom_msgs/custom_msgs/msg/detail/read_dm_motor__builder.hpp
[3.165s] -- Installing: /home/uonaim/matlab_ws/FOOT/install/include/custom_msgs/custom_msgs/msg/write_dm_motor_mit_control.hpp
[3.165s] -- Up-to-date: /home/uonaim/matlab_ws/FOOT/install/include/custom_msgs/custom_msgs
[3.165s] -- Up-to-date: /home/uonaim/matlab_ws/FOOT/install/include/custom_msgs/custom_msgs/msg
[3.165s] -- Installing: /home/uonaim/matlab_ws/FOOT/install/include/custom_msgs/custom_msgs/msg/rosidl_typesupport_fastrtps_cpp__visibility_control.h
[3.165s] -- Up-to-date: /home/uonaim/matlab_ws/FOOT/install/include/custom_msgs/custom_msgs/msg/detail
[3.165s] -- Installing: /home/uonaim/matlab_ws/FOOT/install/include/custom_msgs/custom_msgs/msg/detail/dds_fastrtps
[3.165s] -- Installing: /home/uonaim/matlab_ws/FOOT/install/include/custom_msgs/custom_msgs/msg/detail/write_dm_motor_mit_control__rosidl_typesupport_fastrtps_cpp.hpp
[3.165s] -- Installing: /home/uonaim/matlab_ws/FOOT/install/include/custom_msgs/custom_msgs/msg/detail/read_dm_motor__rosidl_typesupport_fastrtps_cpp.hpp
[3.165s] -- Installing: /home/uonaim/matlab_ws/FOOT/install/lib/libcustom_msgs__rosidl_typesupport_fastrtps_cpp.so
[3.165s] -- Up-to-date: /home/uonaim/matlab_ws/FOOT/install/include/custom_msgs/custom_msgs
[3.166s] -- Up-to-date: /home/uonaim/matlab_ws/FOOT/install/include/custom_msgs/custom_msgs/msg
[3.166s] -- Up-to-date: /home/uonaim/matlab_ws/FOOT/install/include/custom_msgs/custom_msgs/msg/detail
[3.166s] -- Installing: /home/uonaim/matlab_ws/FOOT/install/include/custom_msgs/custom_msgs/msg/detail/write_dm_motor_mit_control__rosidl_typesupport_introspection_cpp.hpp
[3.166s] -- Installing: /home/uonaim/matlab_ws/FOOT/install/include/custom_msgs/custom_msgs/msg/detail/read_dm_motor__type_support.cpp
[3.166s] -- Installing: /home/uonaim/matlab_ws/FOOT/install/include/custom_msgs/custom_msgs/msg/detail/write_dm_motor_mit_control__type_support.cpp
[3.166s] -- Installing: /home/uonaim/matlab_ws/FOOT/install/include/custom_msgs/custom_msgs/msg/detail/read_dm_motor__rosidl_typesupport_introspection_cpp.hpp
[3.166s] -- Installing: /home/uonaim/matlab_ws/FOOT/install/lib/libcustom_msgs__rosidl_typesupport_introspection_cpp.so
[3.167s] -- Installing: /home/uonaim/matlab_ws/FOOT/install/lib/libcustom_msgs__rosidl_typesupport_cpp.so
[3.167s] -- Installing: /home/uonaim/matlab_ws/FOOT/install/share/custom_msgs/msg/ReadDmMotor.idl
[3.167s] -- Installing: /home/uonaim/matlab_ws/FOOT/install/share/custom_msgs/msg/WriteDmMotorMITControl.idl
[3.167s] -- Installing: /home/uonaim/matlab_ws/FOOT/install/share/custom_msgs/msg/ReadDmMotor.msg
[3.167s] -- Installing: /home/uonaim/matlab_ws/FOOT/install/share/custom_msgs/msg/WriteDmMotorMITControl.msg
[3.168s] -- Installing: /home/uonaim/matlab_ws/FOOT/install/share/ament_index/resource_index/package_run_dependencies/custom_msgs
[3.168s] -- Installing: /home/uonaim/matlab_ws/FOOT/install/share/ament_index/resource_index/parent_prefix_path/custom_msgs
[3.168s] -- Installing: /home/uonaim/matlab_ws/FOOT/install/share/custom_msgs/environment/ament_prefix_path.sh
[3.168s] -- Installing: /home/uonaim/matlab_ws/FOOT/install/share/custom_msgs/environment/ament_prefix_path.dsv
[3.168s] -- Installing: /home/uonaim/matlab_ws/FOOT/install/share/custom_msgs/environment/path.sh
[3.168s] -- Installing: /home/uonaim/matlab_ws/FOOT/install/share/custom_msgs/environment/path.dsv
[3.168s] -- Installing: /home/uonaim/matlab_ws/FOOT/install/share/custom_msgs/local_setup.bash
[3.169s] -- Installing: /home/uonaim/matlab_ws/FOOT/install/share/custom_msgs/local_setup.sh
[3.169s] -- Installing: /home/uonaim/matlab_ws/FOOT/install/share/custom_msgs/local_setup.zsh
[3.169s] -- Installing: /home/uonaim/matlab_ws/FOOT/install/share/custom_msgs/local_setup.dsv
[3.169s] -- Installing: /home/uonaim/matlab_ws/FOOT/install/share/custom_msgs/package.dsv
[3.169s] -- Installing: /home/uonaim/matlab_ws/FOOT/install/share/ament_index/resource_index/packages/custom_msgs
[3.169s] -- Installing: /home/uonaim/matlab_ws/FOOT/install/share/custom_msgs/cmake/export_custom_msgs__rosidl_generator_cExport.cmake
[3.169s] -- Installing: /home/uonaim/matlab_ws/FOOT/install/share/custom_msgs/cmake/export_custom_msgs__rosidl_generator_cExport-release.cmake
[3.170s] -- Installing: /home/uonaim/matlab_ws/FOOT/install/share/custom_msgs/cmake/export_custom_msgs__rosidl_typesupport_fastrtps_cExport.cmake
[3.170s] -- Installing: /home/uonaim/matlab_ws/FOOT/install/share/custom_msgs/cmake/export_custom_msgs__rosidl_typesupport_fastrtps_cExport-release.cmake
[3.170s] -- Installing: /home/uonaim/matlab_ws/FOOT/install/share/custom_msgs/cmake/custom_msgs__rosidl_typesupport_introspection_cExport.cmake
[3.170s] -- Installing: /home/uonaim/matlab_ws/FOOT/install/share/custom_msgs/cmake/custom_msgs__rosidl_typesupport_introspection_cExport-release.cmake
[3.170s] -- Installing: /home/uonaim/matlab_ws/FOOT/install/share/custom_msgs/cmake/custom_msgs__rosidl_typesupport_cExport.cmake
[3.170s] -- Installing: /home/uonaim/matlab_ws/FOOT/install/share/custom_msgs/cmake/custom_msgs__rosidl_typesupport_cExport-release.cmake
[3.171s] -- Installing: /home/uonaim/matlab_ws/FOOT/install/share/custom_msgs/cmake/export_custom_msgs__rosidl_generator_cppExport.cmake
[3.171s] -- Installing: /home/uonaim/matlab_ws/FOOT/install/share/custom_msgs/cmake/export_custom_msgs__rosidl_typesupport_fastrtps_cppExport.cmake
[3.171s] -- Installing: /home/uonaim/matlab_ws/FOOT/install/share/custom_msgs/cmake/export_custom_msgs__rosidl_typesupport_fastrtps_cppExport-release.cmake
[3.171s] -- Installing: /home/uonaim/matlab_ws/FOOT/install/share/custom_msgs/cmake/custom_msgs__rosidl_typesupport_introspection_cppExport.cmake
[3.171s] -- Installing: /home/uonaim/matlab_ws/FOOT/install/share/custom_msgs/cmake/custom_msgs__rosidl_typesupport_introspection_cppExport-release.cmake
[3.171s] -- Installing: /home/uonaim/matlab_ws/FOOT/install/share/custom_msgs/cmake/custom_msgs__rosidl_typesupport_cppExport.cmake
[3.171s] -- Installing: /home/uonaim/matlab_ws/FOOT/install/share/custom_msgs/cmake/custom_msgs__rosidl_typesupport_cppExport-release.cmake
[3.172s] -- Installing: /home/uonaim/matlab_ws/FOOT/install/share/custom_msgs/cmake/rosidl_cmake-extras.cmake
[3.172s] -- Installing: /home/uonaim/matlab_ws/FOOT/install/share/custom_msgs/cmake/ament_cmake_export_dependencies-extras.cmake
[3.172s] -- Installing: /home/uonaim/matlab_ws/FOOT/install/share/custom_msgs/cmake/ament_cmake_export_include_directories-extras.cmake
[3.172s] -- Installing: /home/uonaim/matlab_ws/FOOT/install/share/custom_msgs/cmake/ament_cmake_export_libraries-extras.cmake
[3.172s] -- Installing: /home/uonaim/matlab_ws/FOOT/install/share/custom_msgs/cmake/ament_cmake_export_targets-extras.cmake
[3.172s] -- Installing: /home/uonaim/matlab_ws/FOOT/install/share/custom_msgs/cmake/rosidl_cmake_export_typesupport_targets-extras.cmake
[3.172s] -- Installing: /home/uonaim/matlab_ws/FOOT/install/share/custom_msgs/cmake/rosidl_cmake_export_typesupport_libraries-extras.cmake
[3.173s] -- Installing: /home/uonaim/matlab_ws/FOOT/install/share/custom_msgs/cmake/custom_msgsConfig.cmake
[3.173s] -- Installing: /home/uonaim/matlab_ws/FOOT/install/share/custom_msgs/cmake/custom_msgsConfig-version.cmake
[3.173s] -- Installing: /home/uonaim/matlab_ws/FOOT/install/share/custom_msgs/package.xml
[3.176s] Invoked command in '/home/uonaim/matlab_ws/FOOT/build/custom_msgs' returned '0': PS1=(venv) VIRTUAL_ENV_PROMPT=(venv) /usr/local/MATLAB/R2023b/bin/glnxa64/cmake/bin/cmake --install /home/uonaim/matlab_ws/FOOT/build/custom_msgs
