[0.049s] Invoking command in '/home/uonaim/matlab_ws/FOOT/build/custom_msgs': PS1=(venv) VIRTUAL_ENV_PROMPT=(venv) /usr/local/MATLAB/R2023b/bin/glnxa64/cmake/bin/cmake --build /home/uonaim/matlab_ws/FOOT/build/custom_msgs -- -j14 -l14
[0.059s] [0/1] Re-running CMake...
[0.074s] -- Found ament_cmake: 1.3.3 (/usr/local/MATLAB/R2023b/sys/ros2/glnxa64/ros2/share/ament_cmake/cmake)
[0.180s] -- Found ament_cmake_ros: 0.10.0 (/usr/local/MATLAB/R2023b/sys/ros2/glnxa64/ros2/share/ament_cmake_ros/cmake)
[0.183s] -- Found rosidl_typesupport_c: 2.0.0 (/usr/local/MATLAB/R2023b/sys/ros2/glnxa64/ros2/share/rosidl_typesupport_c/cmake)
[0.183s] -- Using all available rosidl_typesupport_c: rosidl_typesupport_fastrtps_c;rosidl_typesupport_introspection_c
[0.188s] -- Found rosidl_adapter: 3.1.4 (/usr/local/MATLAB/R2023b/sys/ros2/glnxa64/ros2/share/rosidl_adapter/cmake)
[0.224s] -- Found rosidl_typesupport_cpp: 2.0.0 (/usr/local/MATLAB/R2023b/sys/ros2/glnxa64/ros2/share/rosidl_typesupport_cpp/cmake)
[0.224s] -- Using all available rosidl_typesupport_cpp: rosidl_typesupport_fastrtps_cpp;rosidl_typesupport_introspection_cpp
[0.249s] -- Found rosidl_default_generators: 1.2.0 (/usr/local/MATLAB/R2023b/sys/ros2/glnxa64/ros2/share/rosidl_default_generators/cmake)
[0.252s] -- Found builtin_interfaces: 1.2.1 (/usr/local/MATLAB/R2023b/sys/ros2/glnxa64/ros2/share/builtin_interfaces/cmake)
[0.269s] -- Found std_msgs: 4.2.3 (/usr/local/MATLAB/R2023b/sys/ros2/glnxa64/ros2/share/std_msgs/cmake)
[0.637s] -- Using all available rosidl_typesupport_c: rosidl_typesupport_fastrtps_c;rosidl_typesupport_introspection_c
[0.804s] -- Using all available rosidl_typesupport_cpp: rosidl_typesupport_fastrtps_cpp;rosidl_typesupport_introspection_cpp
[0.811s] -- Configuring done
[0.831s] -- Generating done
[0.838s] -- Build files have been written to: /home/uonaim/matlab_ws/FOOT/build/custom_msgs
[1.201s] [1/36] Generating C code for ROS interfaces
[1.288s] [2/36] Building C object CMakeFiles/custom_msgs__rosidl_generator_c.dir/rosidl_generator_c/custom_msgs/msg/detail/read_djirc__functions.c.o
[1.369s] [3/36] Building C object CMakeFiles/custom_msgs__rosidl_generator_c.dir/rosidl_generator_c/custom_msgs/msg/detail/read_dm_motor__functions.c.o
[1.454s] [4/36] Building C object CMakeFiles/custom_msgs__rosidl_generator_c.dir/rosidl_generator_c/custom_msgs/msg/detail/write_dm_motor_mit_control__functions.c.o
[1.481s] [5/36] Linking C shared library libcustom_msgs__rosidl_generator_c.so
[1.730s] [6/36] Generating C type support for eProsima Fast-RTPS
[2.092s] [7/36] Building CXX object CMakeFiles/custom_msgs__rosidl_typesupport_fastrtps_c.dir/rosidl_typesupport_fastrtps_c/custom_msgs/msg/detail/read_djirc__type_support_c.cpp.o
[2.424s] [8/36] Building CXX object CMakeFiles/custom_msgs__rosidl_typesupport_fastrtps_c.dir/rosidl_typesupport_fastrtps_c/custom_msgs/msg/detail/read_dm_motor__type_support_c.cpp.o
[2.752s] [9/36] Building CXX object CMakeFiles/custom_msgs__rosidl_typesupport_fastrtps_c.dir/rosidl_typesupport_fastrtps_c/custom_msgs/msg/detail/write_dm_motor_mit_control__type_support_c.cpp.o
[2.824s] [10/36] Linking CXX shared library libcustom_msgs__rosidl_typesupport_fastrtps_c.so
[2.975s] [11/36] Generating C type support dispatch for ROS interfaces
[3.003s] [12/36] Generating C introspection for ROS interfaces
[3.009s] [13/36] Building CXX object CMakeFiles/custom_msgs__rosidl_typesupport_c.dir/rosidl_typesupport_c/custom_msgs/msg/write_dm_motor_mit_control__type_support.cpp.o
[3.009s] [14/36] Building CXX object CMakeFiles/custom_msgs__rosidl_typesupport_c.dir/rosidl_typesupport_c/custom_msgs/msg/read_djirc__type_support.cpp.o
[3.009s] [15/36] Building CXX object CMakeFiles/custom_msgs__rosidl_typesupport_c.dir/rosidl_typesupport_c/custom_msgs/msg/read_dm_motor__type_support.cpp.o
[3.042s] [16/36] Linking CXX shared library libcustom_msgs__rosidl_typesupport_c.so
[3.044s] [17/36] Generating C++ code for ROS interfaces
[3.046s] [18/36] Building C object CMakeFiles/custom_msgs__rosidl_typesupport_introspection_c.dir/rosidl_typesupport_introspection_c/custom_msgs/msg/detail/write_dm_motor_mit_control__type_support.c.o
[3.048s] [19/36] Building C object CMakeFiles/custom_msgs__rosidl_typesupport_introspection_c.dir/rosidl_typesupport_introspection_c/custom_msgs/msg/detail/read_djirc__type_support.c.o
[3.062s] [20/36] Building C object CMakeFiles/custom_msgs__rosidl_typesupport_introspection_c.dir/rosidl_typesupport_introspection_c/custom_msgs/msg/detail/read_dm_motor__type_support.c.o
[3.085s] [21/36] Linking C shared library libcustom_msgs__rosidl_typesupport_introspection_c.so
[3.255s] [22/36] Generating C++ type support dispatch for ROS interfaces
[3.275s] [23/36] Generating C++ introspection for ROS interfaces
[3.308s] [24/36] Generating C++ type support for eProsima Fast-RTPS
[3.625s] [25/36] Building CXX object CMakeFiles/custom_msgs__rosidl_typesupport_cpp.dir/rosidl_typesupport_cpp/custom_msgs/msg/read_djirc__type_support.cpp.o
[3.631s] [26/36] Building CXX object CMakeFiles/custom_msgs__rosidl_typesupport_cpp.dir/rosidl_typesupport_cpp/custom_msgs/msg/write_dm_motor_mit_control__type_support.cpp.o
[3.694s] [27/36] Building CXX object CMakeFiles/custom_msgs__rosidl_typesupport_cpp.dir/rosidl_typesupport_cpp/custom_msgs/msg/read_dm_motor__type_support.cpp.o
[3.726s] [28/36] Building CXX object CMakeFiles/custom_msgs__rosidl_typesupport_introspection_cpp.dir/rosidl_typesupport_introspection_cpp/custom_msgs/msg/detail/write_dm_motor_mit_control__type_support.cpp.o
[3.743s] [29/36] Linking CXX shared library libcustom_msgs__rosidl_typesupport_cpp.so
[3.763s] [30/36] Building CXX object CMakeFiles/custom_msgs__rosidl_typesupport_fastrtps_cpp.dir/rosidl_typesupport_fastrtps_cpp/custom_msgs/msg/detail/dds_fastrtps/read_dm_motor__type_support.cpp.o
[3.782s] [31/36] Building CXX object CMakeFiles/custom_msgs__rosidl_typesupport_introspection_cpp.dir/rosidl_typesupport_introspection_cpp/custom_msgs/msg/detail/read_dm_motor__type_support.cpp.o
[3.783s] [32/36] Building CXX object CMakeFiles/custom_msgs__rosidl_typesupport_introspection_cpp.dir/rosidl_typesupport_introspection_cpp/custom_msgs/msg/detail/read_djirc__type_support.cpp.o
[3.796s] [33/36] Building CXX object CMakeFiles/custom_msgs__rosidl_typesupport_fastrtps_cpp.dir/rosidl_typesupport_fastrtps_cpp/custom_msgs/msg/detail/dds_fastrtps/read_djirc__type_support.cpp.o
[3.813s] [34/36] Building CXX object CMakeFiles/custom_msgs__rosidl_typesupport_fastrtps_cpp.dir/rosidl_typesupport_fastrtps_cpp/custom_msgs/msg/detail/dds_fastrtps/write_dm_motor_mit_control__type_support.cpp.o
[3.842s] [35/36] Linking CXX shared library libcustom_msgs__rosidl_typesupport_introspection_cpp.so
[3.882s] [36/36] Linking CXX shared library libcustom_msgs__rosidl_typesupport_fastrtps_cpp.so
[3.885s] Invoked command in '/home/uonaim/matlab_ws/FOOT/build/custom_msgs' returned '0': PS1=(venv) VIRTUAL_ENV_PROMPT=(venv) /usr/local/MATLAB/R2023b/bin/glnxa64/cmake/bin/cmake --build /home/uonaim/matlab_ws/FOOT/build/custom_msgs -- -j14 -l14
[3.911s] Invoking command in '/home/uonaim/matlab_ws/FOOT/build/custom_msgs': PS1=(venv) VIRTUAL_ENV_PROMPT=(venv) /usr/local/MATLAB/R2023b/bin/glnxa64/cmake/bin/cmake --install /home/uonaim/matlab_ws/FOOT/build/custom_msgs
[3.915s] -- Install configuration: "Release"
[3.915s] -- Installing: /home/uonaim/matlab_ws/FOOT/install/share/ament_index/resource_index/rosidl_interfaces/custom_msgs
[3.915s] -- Up-to-date: /home/uonaim/matlab_ws/FOOT/install/include/custom_msgs/custom_msgs
[3.915s] -- Up-to-date: /home/uonaim/matlab_ws/FOOT/install/include/custom_msgs/custom_msgs/msg
[3.915s] -- Installing: /home/uonaim/matlab_ws/FOOT/install/include/custom_msgs/custom_msgs/msg/read_djirc.h
[3.915s] -- Installing: /home/uonaim/matlab_ws/FOOT/install/include/custom_msgs/custom_msgs/msg/read_dm_motor.h
[3.915s] -- Installing: /home/uonaim/matlab_ws/FOOT/install/include/custom_msgs/custom_msgs/msg/write_dm_motor_mit_control.h
[3.915s] -- Up-to-date: /home/uonaim/matlab_ws/FOOT/install/include/custom_msgs/custom_msgs/msg/detail
[3.915s] -- Installing: /home/uonaim/matlab_ws/FOOT/install/include/custom_msgs/custom_msgs/msg/detail/write_dm_motor_mit_control__struct.h
[3.916s] -- Installing: /home/uonaim/matlab_ws/FOOT/install/include/custom_msgs/custom_msgs/msg/detail/read_dm_motor__functions.h
[3.916s] -- Installing: /home/uonaim/matlab_ws/FOOT/install/include/custom_msgs/custom_msgs/msg/detail/read_djirc__functions.h
[3.916s] -- Installing: /home/uonaim/matlab_ws/FOOT/install/include/custom_msgs/custom_msgs/msg/detail/read_djirc__type_support.h
[3.916s] -- Installing: /home/uonaim/matlab_ws/FOOT/install/include/custom_msgs/custom_msgs/msg/detail/read_dm_motor__functions.c
[3.916s] -- Installing: /home/uonaim/matlab_ws/FOOT/install/include/custom_msgs/custom_msgs/msg/detail/read_dm_motor__struct.h
[3.916s] -- Installing: /home/uonaim/matlab_ws/FOOT/install/include/custom_msgs/custom_msgs/msg/detail/read_djirc__functions.c
[3.917s] -- Installing: /home/uonaim/matlab_ws/FOOT/install/include/custom_msgs/custom_msgs/msg/detail/write_dm_motor_mit_control__type_support.h
[3.917s] -- Installing: /home/uonaim/matlab_ws/FOOT/install/include/custom_msgs/custom_msgs/msg/detail/write_dm_motor_mit_control__functions.h
[3.917s] -- Installing: /home/uonaim/matlab_ws/FOOT/install/include/custom_msgs/custom_msgs/msg/detail/write_dm_motor_mit_control__functions.c
[3.917s] -- Installing: /home/uonaim/matlab_ws/FOOT/install/include/custom_msgs/custom_msgs/msg/detail/read_djirc__struct.h
[3.917s] -- Installing: /home/uonaim/matlab_ws/FOOT/install/include/custom_msgs/custom_msgs/msg/detail/read_dm_motor__type_support.h
[3.917s] -- Up-to-date: /home/uonaim/matlab_ws/FOOT/install/include/custom_msgs/custom_msgs/msg/rosidl_generator_c__visibility_control.h
[3.917s] -- Up-to-date: /home/uonaim/matlab_ws/FOOT/install/share/custom_msgs/environment/library_path.sh
[3.917s] -- Installing: /home/uonaim/matlab_ws/FOOT/install/share/custom_msgs/environment/library_path.dsv
[3.918s] -- Installing: /home/uonaim/matlab_ws/FOOT/install/lib/libcustom_msgs__rosidl_generator_c.so
[3.918s] -- Up-to-date: /home/uonaim/matlab_ws/FOOT/install/include/custom_msgs/custom_msgs
[3.918s] -- Up-to-date: /home/uonaim/matlab_ws/FOOT/install/include/custom_msgs/custom_msgs/msg
[3.918s] -- Up-to-date: /home/uonaim/matlab_ws/FOOT/install/include/custom_msgs/custom_msgs/msg/rosidl_typesupport_fastrtps_c__visibility_control.h
[3.918s] -- Up-to-date: /home/uonaim/matlab_ws/FOOT/install/include/custom_msgs/custom_msgs/msg/detail
[3.918s] -- Installing: /home/uonaim/matlab_ws/FOOT/install/include/custom_msgs/custom_msgs/msg/detail/read_dm_motor__rosidl_typesupport_fastrtps_c.h
[3.918s] -- Installing: /home/uonaim/matlab_ws/FOOT/install/include/custom_msgs/custom_msgs/msg/detail/write_dm_motor_mit_control__rosidl_typesupport_fastrtps_c.h
[3.919s] -- Installing: /home/uonaim/matlab_ws/FOOT/install/include/custom_msgs/custom_msgs/msg/detail/read_djirc__rosidl_typesupport_fastrtps_c.h
[3.919s] -- Installing: /home/uonaim/matlab_ws/FOOT/install/lib/libcustom_msgs__rosidl_typesupport_fastrtps_c.so
[3.919s] -- Up-to-date: /home/uonaim/matlab_ws/FOOT/install/include/custom_msgs/custom_msgs
[3.919s] -- Up-to-date: /home/uonaim/matlab_ws/FOOT/install/include/custom_msgs/custom_msgs/msg
[3.919s] -- Up-to-date: /home/uonaim/matlab_ws/FOOT/install/include/custom_msgs/custom_msgs/msg/rosidl_typesupport_introspection_c__visibility_control.h
[3.919s] -- Up-to-date: /home/uonaim/matlab_ws/FOOT/install/include/custom_msgs/custom_msgs/msg/detail
[3.919s] -- Installing: /home/uonaim/matlab_ws/FOOT/install/include/custom_msgs/custom_msgs/msg/detail/read_dm_motor__type_support.c
[3.919s] -- Installing: /home/uonaim/matlab_ws/FOOT/install/include/custom_msgs/custom_msgs/msg/detail/read_djirc__type_support.c
[3.920s] -- Installing: /home/uonaim/matlab_ws/FOOT/install/include/custom_msgs/custom_msgs/msg/detail/read_dm_motor__rosidl_typesupport_introspection_c.h
[3.920s] -- Installing: /home/uonaim/matlab_ws/FOOT/install/include/custom_msgs/custom_msgs/msg/detail/read_djirc__rosidl_typesupport_introspection_c.h
[3.920s] -- Installing: /home/uonaim/matlab_ws/FOOT/install/include/custom_msgs/custom_msgs/msg/detail/write_dm_motor_mit_control__type_support.c
[3.920s] -- Installing: /home/uonaim/matlab_ws/FOOT/install/include/custom_msgs/custom_msgs/msg/detail/write_dm_motor_mit_control__rosidl_typesupport_introspection_c.h
[3.920s] -- Installing: /home/uonaim/matlab_ws/FOOT/install/lib/libcustom_msgs__rosidl_typesupport_introspection_c.so
[3.921s] -- Installing: /home/uonaim/matlab_ws/FOOT/install/lib/libcustom_msgs__rosidl_typesupport_c.so
[3.921s] -- Up-to-date: /home/uonaim/matlab_ws/FOOT/install/include/custom_msgs/custom_msgs
[3.921s] -- Up-to-date: /home/uonaim/matlab_ws/FOOT/install/include/custom_msgs/custom_msgs/msg
[3.921s] -- Installing: /home/uonaim/matlab_ws/FOOT/install/include/custom_msgs/custom_msgs/msg/read_dm_motor.hpp
[3.921s] -- Up-to-date: /home/uonaim/matlab_ws/FOOT/install/include/custom_msgs/custom_msgs/msg/detail
[3.921s] -- Installing: /home/uonaim/matlab_ws/FOOT/install/include/custom_msgs/custom_msgs/msg/detail/read_djirc__builder.hpp
[3.921s] -- Installing: /home/uonaim/matlab_ws/FOOT/install/include/custom_msgs/custom_msgs/msg/detail/read_djirc__traits.hpp
[3.922s] -- Installing: /home/uonaim/matlab_ws/FOOT/install/include/custom_msgs/custom_msgs/msg/detail/read_dm_motor__struct.hpp
[3.922s] -- Installing: /home/uonaim/matlab_ws/FOOT/install/include/custom_msgs/custom_msgs/msg/detail/write_dm_motor_mit_control__builder.hpp
[3.922s] -- Installing: /home/uonaim/matlab_ws/FOOT/install/include/custom_msgs/custom_msgs/msg/detail/read_dm_motor__traits.hpp
[3.922s] -- Installing: /home/uonaim/matlab_ws/FOOT/install/include/custom_msgs/custom_msgs/msg/detail/read_djirc__struct.hpp
[3.922s] -- Installing: /home/uonaim/matlab_ws/FOOT/install/include/custom_msgs/custom_msgs/msg/detail/write_dm_motor_mit_control__struct.hpp
[3.922s] -- Installing: /home/uonaim/matlab_ws/FOOT/install/include/custom_msgs/custom_msgs/msg/detail/write_dm_motor_mit_control__traits.hpp
[3.923s] -- Installing: /home/uonaim/matlab_ws/FOOT/install/include/custom_msgs/custom_msgs/msg/detail/read_dm_motor__builder.hpp
[3.923s] -- Installing: /home/uonaim/matlab_ws/FOOT/install/include/custom_msgs/custom_msgs/msg/read_djirc.hpp
[3.923s] -- Installing: /home/uonaim/matlab_ws/FOOT/install/include/custom_msgs/custom_msgs/msg/write_dm_motor_mit_control.hpp
[3.923s] -- Up-to-date: /home/uonaim/matlab_ws/FOOT/install/include/custom_msgs/custom_msgs
[3.923s] -- Up-to-date: /home/uonaim/matlab_ws/FOOT/install/include/custom_msgs/custom_msgs/msg
[3.923s] -- Up-to-date: /home/uonaim/matlab_ws/FOOT/install/include/custom_msgs/custom_msgs/msg/rosidl_typesupport_fastrtps_cpp__visibility_control.h
[3.923s] -- Up-to-date: /home/uonaim/matlab_ws/FOOT/install/include/custom_msgs/custom_msgs/msg/detail
[3.923s] -- Installing: /home/uonaim/matlab_ws/FOOT/install/include/custom_msgs/custom_msgs/msg/detail/read_djirc__rosidl_typesupport_fastrtps_cpp.hpp
[3.923s] -- Up-to-date: /home/uonaim/matlab_ws/FOOT/install/include/custom_msgs/custom_msgs/msg/detail/dds_fastrtps
[3.923s] -- Installing: /home/uonaim/matlab_ws/FOOT/install/include/custom_msgs/custom_msgs/msg/detail/write_dm_motor_mit_control__rosidl_typesupport_fastrtps_cpp.hpp
[3.924s] -- Installing: /home/uonaim/matlab_ws/FOOT/install/include/custom_msgs/custom_msgs/msg/detail/read_dm_motor__rosidl_typesupport_fastrtps_cpp.hpp
[3.924s] -- Installing: /home/uonaim/matlab_ws/FOOT/install/lib/libcustom_msgs__rosidl_typesupport_fastrtps_cpp.so
[3.924s] -- Up-to-date: /home/uonaim/matlab_ws/FOOT/install/include/custom_msgs/custom_msgs
[3.924s] -- Up-to-date: /home/uonaim/matlab_ws/FOOT/install/include/custom_msgs/custom_msgs/msg
[3.924s] -- Up-to-date: /home/uonaim/matlab_ws/FOOT/install/include/custom_msgs/custom_msgs/msg/detail
[3.924s] -- Installing: /home/uonaim/matlab_ws/FOOT/install/include/custom_msgs/custom_msgs/msg/detail/write_dm_motor_mit_control__rosidl_typesupport_introspection_cpp.hpp
[3.924s] -- Installing: /home/uonaim/matlab_ws/FOOT/install/include/custom_msgs/custom_msgs/msg/detail/read_djirc__rosidl_typesupport_introspection_cpp.hpp
[3.924s] -- Installing: /home/uonaim/matlab_ws/FOOT/install/include/custom_msgs/custom_msgs/msg/detail/read_dm_motor__type_support.cpp
[3.925s] -- Installing: /home/uonaim/matlab_ws/FOOT/install/include/custom_msgs/custom_msgs/msg/detail/write_dm_motor_mit_control__type_support.cpp
[3.925s] -- Installing: /home/uonaim/matlab_ws/FOOT/install/include/custom_msgs/custom_msgs/msg/detail/read_dm_motor__rosidl_typesupport_introspection_cpp.hpp
[3.925s] -- Installing: /home/uonaim/matlab_ws/FOOT/install/include/custom_msgs/custom_msgs/msg/detail/read_djirc__type_support.cpp
[3.925s] -- Installing: /home/uonaim/matlab_ws/FOOT/install/lib/libcustom_msgs__rosidl_typesupport_introspection_cpp.so
[3.925s] -- Installing: /home/uonaim/matlab_ws/FOOT/install/lib/libcustom_msgs__rosidl_typesupport_cpp.so
[3.926s] -- Installing: /home/uonaim/matlab_ws/FOOT/install/share/custom_msgs/msg/ReadDJIRC.idl
[3.926s] -- Up-to-date: /home/uonaim/matlab_ws/FOOT/install/share/custom_msgs/msg/ReadDmMotor.idl
[3.926s] -- Installing: /home/uonaim/matlab_ws/FOOT/install/share/custom_msgs/msg/WriteDmMotorMITControl.idl
[3.926s] -- Up-to-date: /home/uonaim/matlab_ws/FOOT/install/share/custom_msgs/msg/ReadDJIRC.msg
[3.926s] -- Up-to-date: /home/uonaim/matlab_ws/FOOT/install/share/custom_msgs/msg/ReadDmMotor.msg
[3.926s] -- Up-to-date: /home/uonaim/matlab_ws/FOOT/install/share/custom_msgs/msg/WriteDmMotorMITControl.msg
[3.926s] -- Up-to-date: /home/uonaim/matlab_ws/FOOT/install/share/ament_index/resource_index/package_run_dependencies/custom_msgs
[3.926s] -- Up-to-date: /home/uonaim/matlab_ws/FOOT/install/share/ament_index/resource_index/parent_prefix_path/custom_msgs
[3.926s] -- Up-to-date: /home/uonaim/matlab_ws/FOOT/install/share/custom_msgs/environment/ament_prefix_path.sh
[3.927s] -- Installing: /home/uonaim/matlab_ws/FOOT/install/share/custom_msgs/environment/ament_prefix_path.dsv
[3.927s] -- Up-to-date: /home/uonaim/matlab_ws/FOOT/install/share/custom_msgs/environment/path.sh
[3.927s] -- Installing: /home/uonaim/matlab_ws/FOOT/install/share/custom_msgs/environment/path.dsv
[3.927s] -- Up-to-date: /home/uonaim/matlab_ws/FOOT/install/share/custom_msgs/local_setup.bash
[3.927s] -- Up-to-date: /home/uonaim/matlab_ws/FOOT/install/share/custom_msgs/local_setup.sh
[3.927s] -- Up-to-date: /home/uonaim/matlab_ws/FOOT/install/share/custom_msgs/local_setup.zsh
[3.927s] -- Installing: /home/uonaim/matlab_ws/FOOT/install/share/custom_msgs/local_setup.dsv
[3.927s] -- Installing: /home/uonaim/matlab_ws/FOOT/install/share/custom_msgs/package.dsv
[3.927s] -- Up-to-date: /home/uonaim/matlab_ws/FOOT/install/share/ament_index/resource_index/packages/custom_msgs
[3.928s] -- Up-to-date: /home/uonaim/matlab_ws/FOOT/install/share/custom_msgs/cmake/export_custom_msgs__rosidl_generator_cExport.cmake
[3.928s] -- Up-to-date: /home/uonaim/matlab_ws/FOOT/install/share/custom_msgs/cmake/export_custom_msgs__rosidl_generator_cExport-release.cmake
[3.928s] -- Up-to-date: /home/uonaim/matlab_ws/FOOT/install/share/custom_msgs/cmake/export_custom_msgs__rosidl_typesupport_fastrtps_cExport.cmake
[3.928s] -- Up-to-date: /home/uonaim/matlab_ws/FOOT/install/share/custom_msgs/cmake/export_custom_msgs__rosidl_typesupport_fastrtps_cExport-release.cmake
[3.928s] -- Up-to-date: /home/uonaim/matlab_ws/FOOT/install/share/custom_msgs/cmake/custom_msgs__rosidl_typesupport_introspection_cExport.cmake
[3.928s] -- Up-to-date: /home/uonaim/matlab_ws/FOOT/install/share/custom_msgs/cmake/custom_msgs__rosidl_typesupport_introspection_cExport-release.cmake
[3.928s] -- Up-to-date: /home/uonaim/matlab_ws/FOOT/install/share/custom_msgs/cmake/custom_msgs__rosidl_typesupport_cExport.cmake
[3.928s] -- Up-to-date: /home/uonaim/matlab_ws/FOOT/install/share/custom_msgs/cmake/custom_msgs__rosidl_typesupport_cExport-release.cmake
[3.928s] -- Up-to-date: /home/uonaim/matlab_ws/FOOT/install/share/custom_msgs/cmake/export_custom_msgs__rosidl_generator_cppExport.cmake
[3.928s] -- Up-to-date: /home/uonaim/matlab_ws/FOOT/install/share/custom_msgs/cmake/export_custom_msgs__rosidl_typesupport_fastrtps_cppExport.cmake
[3.928s] -- Up-to-date: /home/uonaim/matlab_ws/FOOT/install/share/custom_msgs/cmake/export_custom_msgs__rosidl_typesupport_fastrtps_cppExport-release.cmake
[3.928s] -- Up-to-date: /home/uonaim/matlab_ws/FOOT/install/share/custom_msgs/cmake/custom_msgs__rosidl_typesupport_introspection_cppExport.cmake
[3.929s] -- Up-to-date: /home/uonaim/matlab_ws/FOOT/install/share/custom_msgs/cmake/custom_msgs__rosidl_typesupport_introspection_cppExport-release.cmake
[3.929s] -- Up-to-date: /home/uonaim/matlab_ws/FOOT/install/share/custom_msgs/cmake/custom_msgs__rosidl_typesupport_cppExport.cmake
[3.929s] -- Up-to-date: /home/uonaim/matlab_ws/FOOT/install/share/custom_msgs/cmake/custom_msgs__rosidl_typesupport_cppExport-release.cmake
[3.929s] -- Installing: /home/uonaim/matlab_ws/FOOT/install/share/custom_msgs/cmake/rosidl_cmake-extras.cmake
[3.929s] -- Up-to-date: /home/uonaim/matlab_ws/FOOT/install/share/custom_msgs/cmake/ament_cmake_export_dependencies-extras.cmake
[3.929s] -- Up-to-date: /home/uonaim/matlab_ws/FOOT/install/share/custom_msgs/cmake/ament_cmake_export_include_directories-extras.cmake
[3.929s] -- Up-to-date: /home/uonaim/matlab_ws/FOOT/install/share/custom_msgs/cmake/ament_cmake_export_libraries-extras.cmake
[3.929s] -- Up-to-date: /home/uonaim/matlab_ws/FOOT/install/share/custom_msgs/cmake/ament_cmake_export_targets-extras.cmake
[3.929s] -- Up-to-date: /home/uonaim/matlab_ws/FOOT/install/share/custom_msgs/cmake/rosidl_cmake_export_typesupport_targets-extras.cmake
[3.929s] -- Up-to-date: /home/uonaim/matlab_ws/FOOT/install/share/custom_msgs/cmake/rosidl_cmake_export_typesupport_libraries-extras.cmake
[3.929s] -- Up-to-date: /home/uonaim/matlab_ws/FOOT/install/share/custom_msgs/cmake/custom_msgsConfig.cmake
[3.929s] -- Up-to-date: /home/uonaim/matlab_ws/FOOT/install/share/custom_msgs/cmake/custom_msgsConfig-version.cmake
[3.929s] -- Installing: /home/uonaim/matlab_ws/FOOT/install/share/custom_msgs/package.xml
[3.933s] Invoked command in '/home/uonaim/matlab_ws/FOOT/build/custom_msgs' returned '0': PS1=(venv) VIRTUAL_ENV_PROMPT=(venv) /usr/local/MATLAB/R2023b/bin/glnxa64/cmake/bin/cmake --install /home/uonaim/matlab_ws/FOOT/build/custom_msgs
