[0.052s] Invoking command in '/home/uonaim/matlab_ws/FOOT/build/custom_msgs': PS1=(venv) VIRTUAL_ENV_PROMPT=(venv) /usr/local/MATLAB/R2023b/bin/glnxa64/cmake/bin/cmake --build /home/uonaim/matlab_ws/FOOT/build/custom_msgs -- -j14 -l14
[0.082s] [0/1] Re-running CMake...
[0.103s] -- Found ament_cmake: 1.3.3 (/usr/local/MATLAB/R2023b/sys/ros2/glnxa64/ros2/share/ament_cmake/cmake)
[0.223s] -- Found ament_cmake_ros: 0.10.0 (/usr/local/MATLAB/R2023b/sys/ros2/glnxa64/ros2/share/ament_cmake_ros/cmake)
[0.229s] -- Found rosidl_typesupport_c: 2.0.0 (/usr/local/MATLAB/R2023b/sys/ros2/glnxa64/ros2/share/rosidl_typesupport_c/cmake)
[0.230s] -- Using all available rosidl_typesupport_c: rosidl_typesupport_fastrtps_c;rosidl_typesupport_introspection_c
[0.235s] -- Found rosidl_adapter: 3.1.4 (/usr/local/MATLAB/R2023b/sys/ros2/glnxa64/ros2/share/rosidl_adapter/cmake)
[0.283s] -- Found rosidl_typesupport_cpp: 2.0.0 (/usr/local/MATLAB/R2023b/sys/ros2/glnxa64/ros2/share/rosidl_typesupport_cpp/cmake)
[0.283s] -- Using all available rosidl_typesupport_cpp: rosidl_typesupport_fastrtps_cpp;rosidl_typesupport_introspection_cpp
[0.317s] -- Found rosidl_default_generators: 1.2.0 (/usr/local/MATLAB/R2023b/sys/ros2/glnxa64/ros2/share/rosidl_default_generators/cmake)
[0.321s] -- Found builtin_interfaces: 1.2.1 (/usr/local/MATLAB/R2023b/sys/ros2/glnxa64/ros2/share/builtin_interfaces/cmake)
[0.345s] -- Found std_msgs: 4.2.3 (/usr/local/MATLAB/R2023b/sys/ros2/glnxa64/ros2/share/std_msgs/cmake)
[0.712s] -- Using all available rosidl_typesupport_c: rosidl_typesupport_fastrtps_c;rosidl_typesupport_introspection_c
[0.885s] -- Using all available rosidl_typesupport_cpp: rosidl_typesupport_fastrtps_cpp;rosidl_typesupport_introspection_cpp
[0.897s] -- Configuring done
[0.921s] -- Generating done
[0.928s] -- Build files have been written to: /home/uonaim/matlab_ws/FOOT/build/custom_msgs
[0.978s] [1/7] Linking C shared library libcustom_msgs__rosidl_generator_c.so
[0.982s] [2/7] Linking CXX shared library libcustom_msgs__rosidl_typesupport_cpp.so
[1.002s] [3/7] Linking C shared library libcustom_msgs__rosidl_typesupport_introspection_c.so
[1.012s] [4/7] Linking CXX shared library libcustom_msgs__rosidl_typesupport_c.so
[1.013s] [5/7] Linking CXX shared library libcustom_msgs__rosidl_typesupport_introspection_cpp.so
[1.027s] [6/7] Linking CXX shared library libcustom_msgs__rosidl_typesupport_fastrtps_cpp.so
[1.048s] [7/7] Linking CXX shared library libcustom_msgs__rosidl_typesupport_fastrtps_c.so
[1.050s] Invoked command in '/home/uonaim/matlab_ws/FOOT/build/custom_msgs' returned '0': PS1=(venv) VIRTUAL_ENV_PROMPT=(venv) /usr/local/MATLAB/R2023b/bin/glnxa64/cmake/bin/cmake --build /home/uonaim/matlab_ws/FOOT/build/custom_msgs -- -j14 -l14
[1.078s] Invoking command in '/home/uonaim/matlab_ws/FOOT/build/custom_msgs': PS1=(venv) VIRTUAL_ENV_PROMPT=(venv) /usr/local/MATLAB/R2023b/bin/glnxa64/cmake/bin/cmake --install /home/uonaim/matlab_ws/FOOT/build/custom_msgs
[1.082s] -- Install configuration: "Release"
[1.082s] -- Installing: /home/uonaim/matlab_ws/FOOT/install/share/ament_index/resource_index/rosidl_interfaces/custom_msgs
[1.082s] -- Up-to-date: /home/uonaim/matlab_ws/FOOT/install/include/custom_msgs/custom_msgs
[1.082s] -- Up-to-date: /home/uonaim/matlab_ws/FOOT/install/include/custom_msgs/custom_msgs/msg
[1.082s] -- Up-to-date: /home/uonaim/matlab_ws/FOOT/install/include/custom_msgs/custom_msgs/msg/read_djirc.h
[1.082s] -- Up-to-date: /home/uonaim/matlab_ws/FOOT/install/include/custom_msgs/custom_msgs/msg/read_dm_motor.h
[1.082s] -- Up-to-date: /home/uonaim/matlab_ws/FOOT/install/include/custom_msgs/custom_msgs/msg/write_dm_motor_mit_control.h
[1.082s] -- Up-to-date: /home/uonaim/matlab_ws/FOOT/install/include/custom_msgs/custom_msgs/msg/detail
[1.082s] -- Up-to-date: /home/uonaim/matlab_ws/FOOT/install/include/custom_msgs/custom_msgs/msg/detail/write_dm_motor_mit_control__struct.h
[1.082s] -- Up-to-date: /home/uonaim/matlab_ws/FOOT/install/include/custom_msgs/custom_msgs/msg/detail/read_dm_motor__functions.h
[1.082s] -- Up-to-date: /home/uonaim/matlab_ws/FOOT/install/include/custom_msgs/custom_msgs/msg/detail/read_djirc__functions.h
[1.082s] -- Up-to-date: /home/uonaim/matlab_ws/FOOT/install/include/custom_msgs/custom_msgs/msg/detail/read_djirc__type_support.h
[1.082s] -- Up-to-date: /home/uonaim/matlab_ws/FOOT/install/include/custom_msgs/custom_msgs/msg/detail/read_dm_motor__functions.c
[1.082s] -- Up-to-date: /home/uonaim/matlab_ws/FOOT/install/include/custom_msgs/custom_msgs/msg/detail/read_dm_motor__struct.h
[1.082s] -- Up-to-date: /home/uonaim/matlab_ws/FOOT/install/include/custom_msgs/custom_msgs/msg/detail/read_djirc__functions.c
[1.083s] -- Up-to-date: /home/uonaim/matlab_ws/FOOT/install/include/custom_msgs/custom_msgs/msg/detail/write_dm_motor_mit_control__type_support.h
[1.083s] -- Up-to-date: /home/uonaim/matlab_ws/FOOT/install/include/custom_msgs/custom_msgs/msg/detail/write_dm_motor_mit_control__functions.h
[1.083s] -- Up-to-date: /home/uonaim/matlab_ws/FOOT/install/include/custom_msgs/custom_msgs/msg/detail/write_dm_motor_mit_control__functions.c
[1.083s] -- Up-to-date: /home/uonaim/matlab_ws/FOOT/install/include/custom_msgs/custom_msgs/msg/detail/read_djirc__struct.h
[1.083s] -- Up-to-date: /home/uonaim/matlab_ws/FOOT/install/include/custom_msgs/custom_msgs/msg/detail/read_dm_motor__type_support.h
[1.083s] -- Up-to-date: /home/uonaim/matlab_ws/FOOT/install/include/custom_msgs/custom_msgs/msg/rosidl_generator_c__visibility_control.h
[1.083s] -- Up-to-date: /home/uonaim/matlab_ws/FOOT/install/share/custom_msgs/environment/library_path.sh
[1.083s] -- Installing: /home/uonaim/matlab_ws/FOOT/install/share/custom_msgs/environment/library_path.dsv
[1.083s] -- Installing: /home/uonaim/matlab_ws/FOOT/install/lib/libcustom_msgs__rosidl_generator_c.so
[1.083s] -- Up-to-date: /home/uonaim/matlab_ws/FOOT/install/include/custom_msgs/custom_msgs
[1.083s] -- Up-to-date: /home/uonaim/matlab_ws/FOOT/install/include/custom_msgs/custom_msgs/msg
[1.083s] -- Up-to-date: /home/uonaim/matlab_ws/FOOT/install/include/custom_msgs/custom_msgs/msg/rosidl_typesupport_fastrtps_c__visibility_control.h
[1.083s] -- Up-to-date: /home/uonaim/matlab_ws/FOOT/install/include/custom_msgs/custom_msgs/msg/detail
[1.083s] -- Up-to-date: /home/uonaim/matlab_ws/FOOT/install/include/custom_msgs/custom_msgs/msg/detail/read_dm_motor__rosidl_typesupport_fastrtps_c.h
[1.083s] -- Up-to-date: /home/uonaim/matlab_ws/FOOT/install/include/custom_msgs/custom_msgs/msg/detail/write_dm_motor_mit_control__rosidl_typesupport_fastrtps_c.h
[1.083s] -- Up-to-date: /home/uonaim/matlab_ws/FOOT/install/include/custom_msgs/custom_msgs/msg/detail/read_djirc__rosidl_typesupport_fastrtps_c.h
[1.083s] -- Installing: /home/uonaim/matlab_ws/FOOT/install/lib/libcustom_msgs__rosidl_typesupport_fastrtps_c.so
[1.083s] -- Up-to-date: /home/uonaim/matlab_ws/FOOT/install/include/custom_msgs/custom_msgs
[1.084s] -- Up-to-date: /home/uonaim/matlab_ws/FOOT/install/include/custom_msgs/custom_msgs/msg
[1.084s] -- Up-to-date: /home/uonaim/matlab_ws/FOOT/install/include/custom_msgs/custom_msgs/msg/rosidl_typesupport_introspection_c__visibility_control.h
[1.084s] -- Up-to-date: /home/uonaim/matlab_ws/FOOT/install/include/custom_msgs/custom_msgs/msg/detail
[1.084s] -- Up-to-date: /home/uonaim/matlab_ws/FOOT/install/include/custom_msgs/custom_msgs/msg/detail/read_dm_motor__type_support.c
[1.084s] -- Up-to-date: /home/uonaim/matlab_ws/FOOT/install/include/custom_msgs/custom_msgs/msg/detail/read_djirc__type_support.c
[1.084s] -- Up-to-date: /home/uonaim/matlab_ws/FOOT/install/include/custom_msgs/custom_msgs/msg/detail/read_dm_motor__rosidl_typesupport_introspection_c.h
[1.084s] -- Up-to-date: /home/uonaim/matlab_ws/FOOT/install/include/custom_msgs/custom_msgs/msg/detail/read_djirc__rosidl_typesupport_introspection_c.h
[1.084s] -- Up-to-date: /home/uonaim/matlab_ws/FOOT/install/include/custom_msgs/custom_msgs/msg/detail/write_dm_motor_mit_control__type_support.c
[1.084s] -- Up-to-date: /home/uonaim/matlab_ws/FOOT/install/include/custom_msgs/custom_msgs/msg/detail/write_dm_motor_mit_control__rosidl_typesupport_introspection_c.h
[1.084s] -- Installing: /home/uonaim/matlab_ws/FOOT/install/lib/libcustom_msgs__rosidl_typesupport_introspection_c.so
[1.084s] -- Installing: /home/uonaim/matlab_ws/FOOT/install/lib/libcustom_msgs__rosidl_typesupport_c.so
[1.084s] -- Up-to-date: /home/uonaim/matlab_ws/FOOT/install/include/custom_msgs/custom_msgs
[1.084s] -- Up-to-date: /home/uonaim/matlab_ws/FOOT/install/include/custom_msgs/custom_msgs/msg
[1.084s] -- Up-to-date: /home/uonaim/matlab_ws/FOOT/install/include/custom_msgs/custom_msgs/msg/read_dm_motor.hpp
[1.084s] -- Up-to-date: /home/uonaim/matlab_ws/FOOT/install/include/custom_msgs/custom_msgs/msg/detail
[1.085s] -- Up-to-date: /home/uonaim/matlab_ws/FOOT/install/include/custom_msgs/custom_msgs/msg/detail/read_djirc__builder.hpp
[1.085s] -- Up-to-date: /home/uonaim/matlab_ws/FOOT/install/include/custom_msgs/custom_msgs/msg/detail/read_djirc__traits.hpp
[1.085s] -- Up-to-date: /home/uonaim/matlab_ws/FOOT/install/include/custom_msgs/custom_msgs/msg/detail/read_dm_motor__struct.hpp
[1.085s] -- Up-to-date: /home/uonaim/matlab_ws/FOOT/install/include/custom_msgs/custom_msgs/msg/detail/write_dm_motor_mit_control__builder.hpp
[1.085s] -- Up-to-date: /home/uonaim/matlab_ws/FOOT/install/include/custom_msgs/custom_msgs/msg/detail/read_dm_motor__traits.hpp
[1.085s] -- Up-to-date: /home/uonaim/matlab_ws/FOOT/install/include/custom_msgs/custom_msgs/msg/detail/read_djirc__struct.hpp
[1.085s] -- Up-to-date: /home/uonaim/matlab_ws/FOOT/install/include/custom_msgs/custom_msgs/msg/detail/write_dm_motor_mit_control__struct.hpp
[1.085s] -- Up-to-date: /home/uonaim/matlab_ws/FOOT/install/include/custom_msgs/custom_msgs/msg/detail/write_dm_motor_mit_control__traits.hpp
[1.085s] -- Up-to-date: /home/uonaim/matlab_ws/FOOT/install/include/custom_msgs/custom_msgs/msg/detail/read_dm_motor__builder.hpp
[1.085s] -- Up-to-date: /home/uonaim/matlab_ws/FOOT/install/include/custom_msgs/custom_msgs/msg/read_djirc.hpp
[1.085s] -- Up-to-date: /home/uonaim/matlab_ws/FOOT/install/include/custom_msgs/custom_msgs/msg/write_dm_motor_mit_control.hpp
[1.085s] -- Up-to-date: /home/uonaim/matlab_ws/FOOT/install/include/custom_msgs/custom_msgs
[1.085s] -- Up-to-date: /home/uonaim/matlab_ws/FOOT/install/include/custom_msgs/custom_msgs/msg
[1.085s] -- Up-to-date: /home/uonaim/matlab_ws/FOOT/install/include/custom_msgs/custom_msgs/msg/rosidl_typesupport_fastrtps_cpp__visibility_control.h
[1.085s] -- Up-to-date: /home/uonaim/matlab_ws/FOOT/install/include/custom_msgs/custom_msgs/msg/detail
[1.085s] -- Up-to-date: /home/uonaim/matlab_ws/FOOT/install/include/custom_msgs/custom_msgs/msg/detail/read_djirc__rosidl_typesupport_fastrtps_cpp.hpp
[1.086s] -- Up-to-date: /home/uonaim/matlab_ws/FOOT/install/include/custom_msgs/custom_msgs/msg/detail/dds_fastrtps
[1.086s] -- Up-to-date: /home/uonaim/matlab_ws/FOOT/install/include/custom_msgs/custom_msgs/msg/detail/write_dm_motor_mit_control__rosidl_typesupport_fastrtps_cpp.hpp
[1.086s] -- Up-to-date: /home/uonaim/matlab_ws/FOOT/install/include/custom_msgs/custom_msgs/msg/detail/read_dm_motor__rosidl_typesupport_fastrtps_cpp.hpp
[1.086s] -- Installing: /home/uonaim/matlab_ws/FOOT/install/lib/libcustom_msgs__rosidl_typesupport_fastrtps_cpp.so
[1.086s] -- Up-to-date: /home/uonaim/matlab_ws/FOOT/install/include/custom_msgs/custom_msgs
[1.086s] -- Up-to-date: /home/uonaim/matlab_ws/FOOT/install/include/custom_msgs/custom_msgs/msg
[1.086s] -- Up-to-date: /home/uonaim/matlab_ws/FOOT/install/include/custom_msgs/custom_msgs/msg/detail
[1.086s] -- Up-to-date: /home/uonaim/matlab_ws/FOOT/install/include/custom_msgs/custom_msgs/msg/detail/write_dm_motor_mit_control__rosidl_typesupport_introspection_cpp.hpp
[1.086s] -- Up-to-date: /home/uonaim/matlab_ws/FOOT/install/include/custom_msgs/custom_msgs/msg/detail/read_djirc__rosidl_typesupport_introspection_cpp.hpp
[1.086s] -- Up-to-date: /home/uonaim/matlab_ws/FOOT/install/include/custom_msgs/custom_msgs/msg/detail/read_dm_motor__type_support.cpp
[1.086s] -- Up-to-date: /home/uonaim/matlab_ws/FOOT/install/include/custom_msgs/custom_msgs/msg/detail/write_dm_motor_mit_control__type_support.cpp
[1.086s] -- Up-to-date: /home/uonaim/matlab_ws/FOOT/install/include/custom_msgs/custom_msgs/msg/detail/read_dm_motor__rosidl_typesupport_introspection_cpp.hpp
[1.086s] -- Up-to-date: /home/uonaim/matlab_ws/FOOT/install/include/custom_msgs/custom_msgs/msg/detail/read_djirc__type_support.cpp
[1.086s] -- Installing: /home/uonaim/matlab_ws/FOOT/install/lib/libcustom_msgs__rosidl_typesupport_introspection_cpp.so
[1.087s] -- Installing: /home/uonaim/matlab_ws/FOOT/install/lib/libcustom_msgs__rosidl_typesupport_cpp.so
[1.087s] -- Up-to-date: /home/uonaim/matlab_ws/FOOT/install/share/custom_msgs/msg/ReadDJIRC.idl
[1.087s] -- Up-to-date: /home/uonaim/matlab_ws/FOOT/install/share/custom_msgs/msg/ReadDmMotor.idl
[1.087s] -- Up-to-date: /home/uonaim/matlab_ws/FOOT/install/share/custom_msgs/msg/ReadDJIRC.msg
[1.087s] -- Up-to-date: /home/uonaim/matlab_ws/FOOT/install/share/custom_msgs/msg/ReadDmMotor.msg
[1.087s] -- Up-to-date: /home/uonaim/matlab_ws/FOOT/install/share/ament_index/resource_index/package_run_dependencies/custom_msgs
[1.087s] -- Up-to-date: /home/uonaim/matlab_ws/FOOT/install/share/ament_index/resource_index/parent_prefix_path/custom_msgs
[1.087s] -- Up-to-date: /home/uonaim/matlab_ws/FOOT/install/share/custom_msgs/environment/ament_prefix_path.sh
[1.087s] -- Installing: /home/uonaim/matlab_ws/FOOT/install/share/custom_msgs/environment/ament_prefix_path.dsv
[1.087s] -- Up-to-date: /home/uonaim/matlab_ws/FOOT/install/share/custom_msgs/environment/path.sh
[1.087s] -- Installing: /home/uonaim/matlab_ws/FOOT/install/share/custom_msgs/environment/path.dsv
[1.087s] -- Up-to-date: /home/uonaim/matlab_ws/FOOT/install/share/custom_msgs/local_setup.bash
[1.087s] -- Up-to-date: /home/uonaim/matlab_ws/FOOT/install/share/custom_msgs/local_setup.sh
[1.087s] -- Up-to-date: /home/uonaim/matlab_ws/FOOT/install/share/custom_msgs/local_setup.zsh
[1.087s] -- Installing: /home/uonaim/matlab_ws/FOOT/install/share/custom_msgs/local_setup.dsv
[1.087s] -- Installing: /home/uonaim/matlab_ws/FOOT/install/share/custom_msgs/package.dsv
[1.088s] -- Up-to-date: /home/uonaim/matlab_ws/FOOT/install/share/ament_index/resource_index/packages/custom_msgs
[1.090s] -- Up-to-date: /home/uonaim/matlab_ws/FOOT/install/share/custom_msgs/cmake/export_custom_msgs__rosidl_generator_cExport.cmake
[1.090s] -- Up-to-date: /home/uonaim/matlab_ws/FOOT/install/share/custom_msgs/cmake/export_custom_msgs__rosidl_generator_cExport-release.cmake
[1.090s] -- Up-to-date: /home/uonaim/matlab_ws/FOOT/install/share/custom_msgs/cmake/export_custom_msgs__rosidl_typesupport_fastrtps_cExport.cmake
[1.090s] -- Up-to-date: /home/uonaim/matlab_ws/FOOT/install/share/custom_msgs/cmake/export_custom_msgs__rosidl_typesupport_fastrtps_cExport-release.cmake
[1.091s] -- Up-to-date: /home/uonaim/matlab_ws/FOOT/install/share/custom_msgs/cmake/custom_msgs__rosidl_typesupport_introspection_cExport.cmake
[1.091s] -- Up-to-date: /home/uonaim/matlab_ws/FOOT/install/share/custom_msgs/cmake/custom_msgs__rosidl_typesupport_introspection_cExport-release.cmake
[1.091s] -- Up-to-date: /home/uonaim/matlab_ws/FOOT/install/share/custom_msgs/cmake/custom_msgs__rosidl_typesupport_cExport.cmake
[1.091s] -- Up-to-date: /home/uonaim/matlab_ws/FOOT/install/share/custom_msgs/cmake/custom_msgs__rosidl_typesupport_cExport-release.cmake
[1.092s] -- Up-to-date: /home/uonaim/matlab_ws/FOOT/install/share/custom_msgs/cmake/export_custom_msgs__rosidl_generator_cppExport.cmake
[1.092s] -- Up-to-date: /home/uonaim/matlab_ws/FOOT/install/share/custom_msgs/cmake/export_custom_msgs__rosidl_typesupport_fastrtps_cppExport.cmake
[1.092s] -- Up-to-date: /home/uonaim/matlab_ws/FOOT/install/share/custom_msgs/cmake/export_custom_msgs__rosidl_typesupport_fastrtps_cppExport-release.cmake
[1.092s] -- Up-to-date: /home/uonaim/matlab_ws/FOOT/install/share/custom_msgs/cmake/custom_msgs__rosidl_typesupport_introspection_cppExport.cmake
[1.092s] -- Up-to-date: /home/uonaim/matlab_ws/FOOT/install/share/custom_msgs/cmake/custom_msgs__rosidl_typesupport_introspection_cppExport-release.cmake
[1.093s] -- Up-to-date: /home/uonaim/matlab_ws/FOOT/install/share/custom_msgs/cmake/custom_msgs__rosidl_typesupport_cppExport.cmake
[1.093s] -- Up-to-date: /home/uonaim/matlab_ws/FOOT/install/share/custom_msgs/cmake/custom_msgs__rosidl_typesupport_cppExport-release.cmake
[1.093s] -- Installing: /home/uonaim/matlab_ws/FOOT/install/share/custom_msgs/cmake/rosidl_cmake-extras.cmake
[1.093s] -- Up-to-date: /home/uonaim/matlab_ws/FOOT/install/share/custom_msgs/cmake/ament_cmake_export_dependencies-extras.cmake
[1.093s] -- Up-to-date: /home/uonaim/matlab_ws/FOOT/install/share/custom_msgs/cmake/ament_cmake_export_include_directories-extras.cmake
[1.093s] -- Up-to-date: /home/uonaim/matlab_ws/FOOT/install/share/custom_msgs/cmake/ament_cmake_export_libraries-extras.cmake
[1.093s] -- Up-to-date: /home/uonaim/matlab_ws/FOOT/install/share/custom_msgs/cmake/ament_cmake_export_targets-extras.cmake
[1.093s] -- Up-to-date: /home/uonaim/matlab_ws/FOOT/install/share/custom_msgs/cmake/rosidl_cmake_export_typesupport_targets-extras.cmake
[1.093s] -- Up-to-date: /home/uonaim/matlab_ws/FOOT/install/share/custom_msgs/cmake/rosidl_cmake_export_typesupport_libraries-extras.cmake
[1.093s] -- Up-to-date: /home/uonaim/matlab_ws/FOOT/install/share/custom_msgs/cmake/custom_msgsConfig.cmake
[1.093s] -- Up-to-date: /home/uonaim/matlab_ws/FOOT/install/share/custom_msgs/cmake/custom_msgsConfig-version.cmake
[1.093s] -- Installing: /home/uonaim/matlab_ws/FOOT/install/share/custom_msgs/package.xml
[1.097s] Invoked command in '/home/uonaim/matlab_ws/FOOT/build/custom_msgs' returned '0': PS1=(venv) VIRTUAL_ENV_PROMPT=(venv) /usr/local/MATLAB/R2023b/bin/glnxa64/cmake/bin/cmake --install /home/uonaim/matlab_ws/FOOT/build/custom_msgs
