[0/1] Re-running CMake...
-- Found ament_cmake: 1.3.3 (/usr/local/MATLAB/R2023b/sys/ros2/glnxa64/ros2/share/ament_cmake/cmake)
-- Found ament_cmake_ros: 0.10.0 (/usr/local/MATLAB/R2023b/sys/ros2/glnxa64/ros2/share/ament_cmake_ros/cmake)
-- Found rosidl_typesupport_c: 2.0.0 (/usr/local/MATLAB/R2023b/sys/ros2/glnxa64/ros2/share/rosidl_typesupport_c/cmake)
-- Using all available rosidl_typesupport_c: rosidl_typesupport_fastrtps_c;rosidl_typesupport_introspection_c
-- Found rosidl_adapter: 3.1.4 (/usr/local/MATLAB/R2023b/sys/ros2/glnxa64/ros2/share/rosidl_adapter/cmake)
-- Found rosidl_typesupport_cpp: 2.0.0 (/usr/local/MATLAB/R2023b/sys/ros2/glnxa64/ros2/share/rosidl_typesupport_cpp/cmake)
-- Using all available rosidl_typesupport_cpp: rosidl_typesupport_fastrtps_cpp;rosidl_typesupport_introspection_cpp
-- Found rosidl_default_generators: 1.2.0 (/usr/local/MATLAB/R2023b/sys/ros2/glnxa64/ros2/share/rosidl_default_generators/cmake)
-- Found builtin_interfaces: 1.2.1 (/usr/local/MATLAB/R2023b/sys/ros2/glnxa64/ros2/share/builtin_interfaces/cmake)
-- Found std_msgs: 4.2.3 (/usr/local/MATLAB/R2023b/sys/ros2/glnxa64/ros2/share/std_msgs/cmake)
-- Using all available rosidl_typesupport_c: rosidl_typesupport_fastrtps_c;rosidl_typesupport_introspection_c
-- Using all available rosidl_typesupport_cpp: rosidl_typesupport_fastrtps_cpp;rosidl_typesupport_introspection_cpp
-- Configuring done
-- Generating done
-- Build files have been written to: /home/uonaim/matlab_ws/FOOT/build/custom_msgs
[1/36] Generating C code for ROS interfaces
[2/36] Building C object CMakeFiles/custom_msgs__rosidl_generator_c.dir/rosidl_generator_c/custom_msgs/msg/detail/read_djirc__functions.c.o
[3/36] Building C object CMakeFiles/custom_msgs__rosidl_generator_c.dir/rosidl_generator_c/custom_msgs/msg/detail/read_dm_motor__functions.c.o
[4/36] Building C object CMakeFiles/custom_msgs__rosidl_generator_c.dir/rosidl_generator_c/custom_msgs/msg/detail/write_dm_motor_mit_control__functions.c.o
[5/36] Linking C shared library libcustom_msgs__rosidl_generator_c.so
[6/36] Generating C type support for eProsima Fast-RTPS
[7/36] Building CXX object CMakeFiles/custom_msgs__rosidl_typesupport_fastrtps_c.dir/rosidl_typesupport_fastrtps_c/custom_msgs/msg/detail/read_djirc__type_support_c.cpp.o
[8/36] Building CXX object CMakeFiles/custom_msgs__rosidl_typesupport_fastrtps_c.dir/rosidl_typesupport_fastrtps_c/custom_msgs/msg/detail/read_dm_motor__type_support_c.cpp.o
[9/36] Building CXX object CMakeFiles/custom_msgs__rosidl_typesupport_fastrtps_c.dir/rosidl_typesupport_fastrtps_c/custom_msgs/msg/detail/write_dm_motor_mit_control__type_support_c.cpp.o
[10/36] Linking CXX shared library libcustom_msgs__rosidl_typesupport_fastrtps_c.so
[11/36] Generating C introspection for ROS interfaces
[12/36] Building C object CMakeFiles/custom_msgs__rosidl_typesupport_introspection_c.dir/rosidl_typesupport_introspection_c/custom_msgs/msg/detail/read_djirc__type_support.c.o
[13/36] Building C object CMakeFiles/custom_msgs__rosidl_typesupport_introspection_c.dir/rosidl_typesupport_introspection_c/custom_msgs/msg/detail/read_dm_motor__type_support.c.o
[14/36] Building C object CMakeFiles/custom_msgs__rosidl_typesupport_introspection_c.dir/rosidl_typesupport_introspection_c/custom_msgs/msg/detail/write_dm_motor_mit_control__type_support.c.o
[15/36] Linking C shared library libcustom_msgs__rosidl_typesupport_introspection_c.so
[16/36] Generating C type support dispatch for ROS interfaces
[17/36] Building CXX object CMakeFiles/custom_msgs__rosidl_typesupport_c.dir/rosidl_typesupport_c/custom_msgs/msg/read_djirc__type_support.cpp.o
[18/36] Building CXX object CMakeFiles/custom_msgs__rosidl_typesupport_c.dir/rosidl_typesupport_c/custom_msgs/msg/read_dm_motor__type_support.cpp.o
[19/36] Building CXX object CMakeFiles/custom_msgs__rosidl_typesupport_c.dir/rosidl_typesupport_c/custom_msgs/msg/write_dm_motor_mit_control__type_support.cpp.o
[20/36] Linking CXX shared library libcustom_msgs__rosidl_typesupport_c.so
[21/36] Generating C++ code for ROS interfaces
[22/36] Generating C++ type support for eProsima Fast-RTPS
[23/36] Building CXX object CMakeFiles/custom_msgs__rosidl_typesupport_fastrtps_cpp.dir/rosidl_typesupport_fastrtps_cpp/custom_msgs/msg/detail/dds_fastrtps/read_djirc__type_support.cpp.o
[24/36] Building CXX object CMakeFiles/custom_msgs__rosidl_typesupport_fastrtps_cpp.dir/rosidl_typesupport_fastrtps_cpp/custom_msgs/msg/detail/dds_fastrtps/read_dm_motor__type_support.cpp.o
[25/36] Building CXX object CMakeFiles/custom_msgs__rosidl_typesupport_fastrtps_cpp.dir/rosidl_typesupport_fastrtps_cpp/custom_msgs/msg/detail/dds_fastrtps/write_dm_motor_mit_control__type_support.cpp.o
[26/36] Linking CXX shared library libcustom_msgs__rosidl_typesupport_fastrtps_cpp.so
[27/36] Generating C++ introspection for ROS interfaces
[28/36] Building CXX object CMakeFiles/custom_msgs__rosidl_typesupport_introspection_cpp.dir/rosidl_typesupport_introspection_cpp/custom_msgs/msg/detail/read_djirc__type_support.cpp.o
[29/36] Building CXX object CMakeFiles/custom_msgs__rosidl_typesupport_introspection_cpp.dir/rosidl_typesupport_introspection_cpp/custom_msgs/msg/detail/read_dm_motor__type_support.cpp.o
[30/36] Building CXX object CMakeFiles/custom_msgs__rosidl_typesupport_introspection_cpp.dir/rosidl_typesupport_introspection_cpp/custom_msgs/msg/detail/write_dm_motor_mit_control__type_support.cpp.o
[31/36] Linking CXX shared library libcustom_msgs__rosidl_typesupport_introspection_cpp.so
[32/36] Generating C++ type support dispatch for ROS interfaces
[33/36] Building CXX object CMakeFiles/custom_msgs__rosidl_typesupport_cpp.dir/rosidl_typesupport_cpp/custom_msgs/msg/read_djirc__type_support.cpp.o
[34/36] Building CXX object CMakeFiles/custom_msgs__rosidl_typesupport_cpp.dir/rosidl_typesupport_cpp/custom_msgs/msg/read_dm_motor__type_support.cpp.o
[35/36] Building CXX object CMakeFiles/custom_msgs__rosidl_typesupport_cpp.dir/rosidl_typesupport_cpp/custom_msgs/msg/write_dm_motor_mit_control__type_support.cpp.o
[36/36] Linking CXX shared library libcustom_msgs__rosidl_typesupport_cpp.so
-- Install configuration: "Release"
-- Up-to-date: /home/uonaim/matlab_ws/FOOT/install/share/ament_index/resource_index/rosidl_interfaces/custom_msgs
-- Up-to-date: /home/uonaim/matlab_ws/FOOT/install/include/custom_msgs/custom_msgs
-- Up-to-date: /home/uonaim/matlab_ws/FOOT/install/include/custom_msgs/custom_msgs/msg
-- Up-to-date: /home/uonaim/matlab_ws/FOOT/install/include/custom_msgs/custom_msgs/msg/read_djirc.h
-- Up-to-date: /home/uonaim/matlab_ws/FOOT/install/include/custom_msgs/custom_msgs/msg/read_dm_motor.h
-- Up-to-date: /home/uonaim/matlab_ws/FOOT/install/include/custom_msgs/custom_msgs/msg/write_dm_motor_mit_control.h
-- Up-to-date: /home/uonaim/matlab_ws/FOOT/install/include/custom_msgs/custom_msgs/msg/detail
-- Up-to-date: /home/uonaim/matlab_ws/FOOT/install/include/custom_msgs/custom_msgs/msg/detail/write_dm_motor_mit_control__struct.h
-- Up-to-date: /home/uonaim/matlab_ws/FOOT/install/include/custom_msgs/custom_msgs/msg/detail/read_dm_motor__functions.h
-- Up-to-date: /home/uonaim/matlab_ws/FOOT/install/include/custom_msgs/custom_msgs/msg/detail/read_djirc__functions.h
-- Up-to-date: /home/uonaim/matlab_ws/FOOT/install/include/custom_msgs/custom_msgs/msg/detail/read_djirc__type_support.h
-- Up-to-date: /home/uonaim/matlab_ws/FOOT/install/include/custom_msgs/custom_msgs/msg/detail/read_dm_motor__functions.c
-- Up-to-date: /home/uonaim/matlab_ws/FOOT/install/include/custom_msgs/custom_msgs/msg/detail/read_dm_motor__struct.h
-- Up-to-date: /home/uonaim/matlab_ws/FOOT/install/include/custom_msgs/custom_msgs/msg/detail/read_djirc__functions.c
-- Up-to-date: /home/uonaim/matlab_ws/FOOT/install/include/custom_msgs/custom_msgs/msg/detail/write_dm_motor_mit_control__type_support.h
-- Up-to-date: /home/uonaim/matlab_ws/FOOT/install/include/custom_msgs/custom_msgs/msg/detail/write_dm_motor_mit_control__functions.h
-- Up-to-date: /home/uonaim/matlab_ws/FOOT/install/include/custom_msgs/custom_msgs/msg/detail/write_dm_motor_mit_control__functions.c
-- Up-to-date: /home/uonaim/matlab_ws/FOOT/install/include/custom_msgs/custom_msgs/msg/detail/read_djirc__struct.h
-- Up-to-date: /home/uonaim/matlab_ws/FOOT/install/include/custom_msgs/custom_msgs/msg/detail/read_dm_motor__type_support.h
-- Up-to-date: /home/uonaim/matlab_ws/FOOT/install/include/custom_msgs/custom_msgs/msg/rosidl_generator_c__visibility_control.h
-- Installing: /home/uonaim/matlab_ws/FOOT/install/share/custom_msgs/environment/library_path.sh
-- Installing: /home/uonaim/matlab_ws/FOOT/install/share/custom_msgs/environment/library_path.dsv
-- Installing: /home/uonaim/matlab_ws/FOOT/install/lib/libcustom_msgs__rosidl_generator_c.so
-- Up-to-date: /home/uonaim/matlab_ws/FOOT/install/include/custom_msgs/custom_msgs
-- Up-to-date: /home/uonaim/matlab_ws/FOOT/install/include/custom_msgs/custom_msgs/msg
-- Up-to-date: /home/uonaim/matlab_ws/FOOT/install/include/custom_msgs/custom_msgs/msg/rosidl_typesupport_fastrtps_c__visibility_control.h
-- Up-to-date: /home/uonaim/matlab_ws/FOOT/install/include/custom_msgs/custom_msgs/msg/detail
-- Up-to-date: /home/uonaim/matlab_ws/FOOT/install/include/custom_msgs/custom_msgs/msg/detail/read_dm_motor__rosidl_typesupport_fastrtps_c.h
-- Up-to-date: /home/uonaim/matlab_ws/FOOT/install/include/custom_msgs/custom_msgs/msg/detail/write_dm_motor_mit_control__rosidl_typesupport_fastrtps_c.h
-- Up-to-date: /home/uonaim/matlab_ws/FOOT/install/include/custom_msgs/custom_msgs/msg/detail/read_djirc__rosidl_typesupport_fastrtps_c.h
-- Installing: /home/uonaim/matlab_ws/FOOT/install/lib/libcustom_msgs__rosidl_typesupport_fastrtps_c.so
-- Up-to-date: /home/uonaim/matlab_ws/FOOT/install/include/custom_msgs/custom_msgs
-- Up-to-date: /home/uonaim/matlab_ws/FOOT/install/include/custom_msgs/custom_msgs/msg
-- Up-to-date: /home/uonaim/matlab_ws/FOOT/install/include/custom_msgs/custom_msgs/msg/rosidl_typesupport_introspection_c__visibility_control.h
-- Up-to-date: /home/uonaim/matlab_ws/FOOT/install/include/custom_msgs/custom_msgs/msg/detail
-- Up-to-date: /home/uonaim/matlab_ws/FOOT/install/include/custom_msgs/custom_msgs/msg/detail/read_dm_motor__type_support.c
-- Up-to-date: /home/uonaim/matlab_ws/FOOT/install/include/custom_msgs/custom_msgs/msg/detail/read_djirc__type_support.c
-- Up-to-date: /home/uonaim/matlab_ws/FOOT/install/include/custom_msgs/custom_msgs/msg/detail/read_dm_motor__rosidl_typesupport_introspection_c.h
-- Up-to-date: /home/uonaim/matlab_ws/FOOT/install/include/custom_msgs/custom_msgs/msg/detail/read_djirc__rosidl_typesupport_introspection_c.h
-- Up-to-date: /home/uonaim/matlab_ws/FOOT/install/include/custom_msgs/custom_msgs/msg/detail/write_dm_motor_mit_control__type_support.c
-- Up-to-date: /home/uonaim/matlab_ws/FOOT/install/include/custom_msgs/custom_msgs/msg/detail/write_dm_motor_mit_control__rosidl_typesupport_introspection_c.h
-- Installing: /home/uonaim/matlab_ws/FOOT/install/lib/libcustom_msgs__rosidl_typesupport_introspection_c.so
-- Installing: /home/uonaim/matlab_ws/FOOT/install/lib/libcustom_msgs__rosidl_typesupport_c.so
-- Up-to-date: /home/uonaim/matlab_ws/FOOT/install/include/custom_msgs/custom_msgs
-- Up-to-date: /home/uonaim/matlab_ws/FOOT/install/include/custom_msgs/custom_msgs/msg
-- Up-to-date: /home/uonaim/matlab_ws/FOOT/install/include/custom_msgs/custom_msgs/msg/read_dm_motor.hpp
-- Up-to-date: /home/uonaim/matlab_ws/FOOT/install/include/custom_msgs/custom_msgs/msg/detail
-- Up-to-date: /home/uonaim/matlab_ws/FOOT/install/include/custom_msgs/custom_msgs/msg/detail/read_djirc__builder.hpp
-- Up-to-date: /home/uonaim/matlab_ws/FOOT/install/include/custom_msgs/custom_msgs/msg/detail/read_djirc__traits.hpp
-- Up-to-date: /home/uonaim/matlab_ws/FOOT/install/include/custom_msgs/custom_msgs/msg/detail/read_dm_motor__struct.hpp
-- Up-to-date: /home/uonaim/matlab_ws/FOOT/install/include/custom_msgs/custom_msgs/msg/detail/write_dm_motor_mit_control__builder.hpp
-- Up-to-date: /home/uonaim/matlab_ws/FOOT/install/include/custom_msgs/custom_msgs/msg/detail/read_dm_motor__traits.hpp
-- Up-to-date: /home/uonaim/matlab_ws/FOOT/install/include/custom_msgs/custom_msgs/msg/detail/read_djirc__struct.hpp
-- Up-to-date: /home/uonaim/matlab_ws/FOOT/install/include/custom_msgs/custom_msgs/msg/detail/write_dm_motor_mit_control__struct.hpp
-- Up-to-date: /home/uonaim/matlab_ws/FOOT/install/include/custom_msgs/custom_msgs/msg/detail/write_dm_motor_mit_control__traits.hpp
-- Up-to-date: /home/uonaim/matlab_ws/FOOT/install/include/custom_msgs/custom_msgs/msg/detail/read_dm_motor__builder.hpp
-- Up-to-date: /home/uonaim/matlab_ws/FOOT/install/include/custom_msgs/custom_msgs/msg/read_djirc.hpp
-- Up-to-date: /home/uonaim/matlab_ws/FOOT/install/include/custom_msgs/custom_msgs/msg/write_dm_motor_mit_control.hpp
-- Up-to-date: /home/uonaim/matlab_ws/FOOT/install/include/custom_msgs/custom_msgs
-- Up-to-date: /home/uonaim/matlab_ws/FOOT/install/include/custom_msgs/custom_msgs/msg
-- Up-to-date: /home/uonaim/matlab_ws/FOOT/install/include/custom_msgs/custom_msgs/msg/rosidl_typesupport_fastrtps_cpp__visibility_control.h
-- Up-to-date: /home/uonaim/matlab_ws/FOOT/install/include/custom_msgs/custom_msgs/msg/detail
-- Up-to-date: /home/uonaim/matlab_ws/FOOT/install/include/custom_msgs/custom_msgs/msg/detail/read_djirc__rosidl_typesupport_fastrtps_cpp.hpp
-- Installing: /home/uonaim/matlab_ws/FOOT/install/include/custom_msgs/custom_msgs/msg/detail/dds_fastrtps
-- Up-to-date: /home/uonaim/matlab_ws/FOOT/install/include/custom_msgs/custom_msgs/msg/detail/write_dm_motor_mit_control__rosidl_typesupport_fastrtps_cpp.hpp
-- Up-to-date: /home/uonaim/matlab_ws/FOOT/install/include/custom_msgs/custom_msgs/msg/detail/read_dm_motor__rosidl_typesupport_fastrtps_cpp.hpp
-- Installing: /home/uonaim/matlab_ws/FOOT/install/lib/libcustom_msgs__rosidl_typesupport_fastrtps_cpp.so
-- Up-to-date: /home/uonaim/matlab_ws/FOOT/install/include/custom_msgs/custom_msgs
-- Up-to-date: /home/uonaim/matlab_ws/FOOT/install/include/custom_msgs/custom_msgs/msg
-- Up-to-date: /home/uonaim/matlab_ws/FOOT/install/include/custom_msgs/custom_msgs/msg/detail
-- Up-to-date: /home/uonaim/matlab_ws/FOOT/install/include/custom_msgs/custom_msgs/msg/detail/write_dm_motor_mit_control__rosidl_typesupport_introspection_cpp.hpp
-- Up-to-date: /home/uonaim/matlab_ws/FOOT/install/include/custom_msgs/custom_msgs/msg/detail/read_djirc__rosidl_typesupport_introspection_cpp.hpp
-- Up-to-date: /home/uonaim/matlab_ws/FOOT/install/include/custom_msgs/custom_msgs/msg/detail/read_dm_motor__type_support.cpp
-- Up-to-date: /home/uonaim/matlab_ws/FOOT/install/include/custom_msgs/custom_msgs/msg/detail/write_dm_motor_mit_control__type_support.cpp
-- Up-to-date: /home/uonaim/matlab_ws/FOOT/install/include/custom_msgs/custom_msgs/msg/detail/read_dm_motor__rosidl_typesupport_introspection_cpp.hpp
-- Up-to-date: /home/uonaim/matlab_ws/FOOT/install/include/custom_msgs/custom_msgs/msg/detail/read_djirc__type_support.cpp
-- Installing: /home/uonaim/matlab_ws/FOOT/install/lib/libcustom_msgs__rosidl_typesupport_introspection_cpp.so
-- Installing: /home/uonaim/matlab_ws/FOOT/install/lib/libcustom_msgs__rosidl_typesupport_cpp.so
-- Up-to-date: /home/uonaim/matlab_ws/FOOT/install/share/custom_msgs/msg/ReadDJIRC.idl
-- Up-to-date: /home/uonaim/matlab_ws/FOOT/install/share/custom_msgs/msg/ReadDmMotor.idl
-- Up-to-date: /home/uonaim/matlab_ws/FOOT/install/share/custom_msgs/msg/WriteDmMotorMITControl.idl
-- Installing: /home/uonaim/matlab_ws/FOOT/install/share/custom_msgs/msg/ReadDJIRC.msg
-- Installing: /home/uonaim/matlab_ws/FOOT/install/share/custom_msgs/msg/ReadDmMotor.msg
-- Installing: /home/uonaim/matlab_ws/FOOT/install/share/custom_msgs/msg/WriteDmMotorMITControl.msg
-- Up-to-date: /home/uonaim/matlab_ws/FOOT/install/share/ament_index/resource_index/package_run_dependencies/custom_msgs
-- Up-to-date: /home/uonaim/matlab_ws/FOOT/install/share/ament_index/resource_index/parent_prefix_path/custom_msgs
-- Installing: /home/uonaim/matlab_ws/FOOT/install/share/custom_msgs/environment/ament_prefix_path.sh
-- Installing: /home/uonaim/matlab_ws/FOOT/install/share/custom_msgs/environment/ament_prefix_path.dsv
-- Installing: /home/uonaim/matlab_ws/FOOT/install/share/custom_msgs/environment/path.sh
-- Installing: /home/uonaim/matlab_ws/FOOT/install/share/custom_msgs/environment/path.dsv
-- Up-to-date: /home/uonaim/matlab_ws/FOOT/install/share/custom_msgs/local_setup.bash
-- Up-to-date: /home/uonaim/matlab_ws/FOOT/install/share/custom_msgs/local_setup.sh
-- Up-to-date: /home/uonaim/matlab_ws/FOOT/install/share/custom_msgs/local_setup.zsh
-- Installing: /home/uonaim/matlab_ws/FOOT/install/share/custom_msgs/local_setup.dsv
-- Installing: /home/uonaim/matlab_ws/FOOT/install/share/custom_msgs/package.dsv
-- Up-to-date: /home/uonaim/matlab_ws/FOOT/install/share/ament_index/resource_index/packages/custom_msgs
-- Up-to-date: /home/uonaim/matlab_ws/FOOT/install/share/custom_msgs/cmake/export_custom_msgs__rosidl_generator_cExport.cmake
-- Up-to-date: /home/uonaim/matlab_ws/FOOT/install/share/custom_msgs/cmake/export_custom_msgs__rosidl_generator_cExport-release.cmake
-- Up-to-date: /home/uonaim/matlab_ws/FOOT/install/share/custom_msgs/cmake/export_custom_msgs__rosidl_typesupport_fastrtps_cExport.cmake
-- Up-to-date: /home/uonaim/matlab_ws/FOOT/install/share/custom_msgs/cmake/export_custom_msgs__rosidl_typesupport_fastrtps_cExport-release.cmake
-- Up-to-date: /home/uonaim/matlab_ws/FOOT/install/share/custom_msgs/cmake/custom_msgs__rosidl_typesupport_introspection_cExport.cmake
-- Up-to-date: /home/uonaim/matlab_ws/FOOT/install/share/custom_msgs/cmake/custom_msgs__rosidl_typesupport_introspection_cExport-release.cmake
-- Up-to-date: /home/uonaim/matlab_ws/FOOT/install/share/custom_msgs/cmake/custom_msgs__rosidl_typesupport_cExport.cmake
-- Up-to-date: /home/uonaim/matlab_ws/FOOT/install/share/custom_msgs/cmake/custom_msgs__rosidl_typesupport_cExport-release.cmake
-- Up-to-date: /home/uonaim/matlab_ws/FOOT/install/share/custom_msgs/cmake/export_custom_msgs__rosidl_generator_cppExport.cmake
-- Up-to-date: /home/uonaim/matlab_ws/FOOT/install/share/custom_msgs/cmake/export_custom_msgs__rosidl_typesupport_fastrtps_cppExport.cmake
-- Up-to-date: /home/uonaim/matlab_ws/FOOT/install/share/custom_msgs/cmake/export_custom_msgs__rosidl_typesupport_fastrtps_cppExport-release.cmake
-- Up-to-date: /home/uonaim/matlab_ws/FOOT/install/share/custom_msgs/cmake/custom_msgs__rosidl_typesupport_introspection_cppExport.cmake
-- Up-to-date: /home/uonaim/matlab_ws/FOOT/install/share/custom_msgs/cmake/custom_msgs__rosidl_typesupport_introspection_cppExport-release.cmake
-- Up-to-date: /home/uonaim/matlab_ws/FOOT/install/share/custom_msgs/cmake/custom_msgs__rosidl_typesupport_cppExport.cmake
-- Up-to-date: /home/uonaim/matlab_ws/FOOT/install/share/custom_msgs/cmake/custom_msgs__rosidl_typesupport_cppExport-release.cmake
-- Up-to-date: /home/uonaim/matlab_ws/FOOT/install/share/custom_msgs/cmake/rosidl_cmake-extras.cmake
-- Up-to-date: /home/uonaim/matlab_ws/FOOT/install/share/custom_msgs/cmake/ament_cmake_export_dependencies-extras.cmake
-- Up-to-date: /home/uonaim/matlab_ws/FOOT/install/share/custom_msgs/cmake/ament_cmake_export_include_directories-extras.cmake
-- Up-to-date: /home/uonaim/matlab_ws/FOOT/install/share/custom_msgs/cmake/ament_cmake_export_libraries-extras.cmake
-- Up-to-date: /home/uonaim/matlab_ws/FOOT/install/share/custom_msgs/cmake/ament_cmake_export_targets-extras.cmake
-- Up-to-date: /home/uonaim/matlab_ws/FOOT/install/share/custom_msgs/cmake/rosidl_cmake_export_typesupport_targets-extras.cmake
-- Up-to-date: /home/uonaim/matlab_ws/FOOT/install/share/custom_msgs/cmake/rosidl_cmake_export_typesupport_libraries-extras.cmake
-- Up-to-date: /home/uonaim/matlab_ws/FOOT/install/share/custom_msgs/cmake/custom_msgsConfig.cmake
-- Up-to-date: /home/uonaim/matlab_ws/FOOT/install/share/custom_msgs/cmake/custom_msgsConfig-version.cmake
-- Installing: /home/uonaim/matlab_ws/FOOT/install/share/custom_msgs/package.xml
