[0.027s] Invoking command in '/home/uonaim/matlab_ws/FOOT/build/import_imu': AMENT_PREFIX_PATH=/home/uonaim/matlab_ws/FOOT/install:${AMENT_PREFIX_PATH} CMAKE_PREFIX_PATH=/home/uonaim/matlab_ws/FOOT/install:/usr/local/MATLAB/R2023b/sys/ros2/glnxa64/ros2: LD_LIBRARY_PATH=/home/uonaim/matlab_ws/FOOT/install/lib${LD_LIBRARY_PATH} PS1=(venv) VIRTUAL_ENV_PROMPT=(venv) /usr/local/MATLAB/R2023b/bin/glnxa64/cmake/bin/cmake --build /home/uonaim/matlab_ws/FOOT/build/import_imu -- -j14 -l14
[0.038s] [0/1] Re-running CMake...
[0.054s] -- Found ament_cmake: 1.3.3 (/usr/local/MATLAB/R2023b/sys/ros2/glnxa64/ros2/share/ament_cmake/cmake)
[0.172s] -- Found ament_cmake_ros: 0.10.0 (/usr/local/MATLAB/R2023b/sys/ros2/glnxa64/ros2/share/ament_cmake_ros/cmake)
[0.174s] -- Found custom_msgs: 0.0.0 (/home/uonaim/matlab_ws/FOOT/install/share/custom_msgs/cmake)
[0.205s] -- Found rosidl_generator_c: 3.1.4 (/usr/local/MATLAB/R2023b/sys/ros2/glnxa64/ros2/share/rosidl_generator_c/cmake)
[0.208s] -- Found rosidl_adapter: 3.1.4 (/usr/local/MATLAB/R2023b/sys/ros2/glnxa64/ros2/share/rosidl_adapter/cmake)
[0.214s] -- Found rosidl_generator_cpp: 3.1.4 (/usr/local/MATLAB/R2023b/sys/ros2/glnxa64/ros2/share/rosidl_generator_cpp/cmake)
[0.227s] -- Using all available rosidl_typesupport_c: rosidl_typesupport_fastrtps_c;rosidl_typesupport_introspection_c
[0.245s] -- Using all available rosidl_typesupport_cpp: rosidl_typesupport_fastrtps_cpp;rosidl_typesupport_introspection_cpp
[0.355s] -- Found rclcpp: 16.0.3 (/usr/local/MATLAB/R2023b/sys/ros2/glnxa64/ros2/share/rclcpp/cmake)
[0.399s] -- Found rmw_implementation_cmake: 6.1.1 (/usr/local/MATLAB/R2023b/sys/ros2/glnxa64/ros2/share/rmw_implementation_cmake/cmake)
[0.401s] -- Found rmw_cyclonedds_cpp: 1.3.4 (/usr/local/MATLAB/R2023b/sys/ros2/glnxa64/ros2/share/rmw_cyclonedds_cpp/cmake)
[0.428s] -- Using RMW implementation 'rmw_cyclonedds_cpp' as default
[0.529s] -- Found sensor_msgs: 4.2.3 (/usr/local/MATLAB/R2023b/sys/ros2/glnxa64/ros2/share/sensor_msgs/cmake)
[0.708s] -- Configuring done
[0.722s] -- Generating done
[0.731s] -- Build files have been written to: /home/uonaim/matlab_ws/FOOT/build/import_imu
[19.815s] [1/10] Building CXX object CMakeFiles/Import_IMU.dir/src/Import_IMU.cpp.o
[23.290s] [2/10] Building CXX object CMakeFiles/Import_IMU.dir/src/slros_busmsg_conversion.cpp.o
[23.290s] In file included from /home/uonaim/matlab_ws/FOOT/src/import_imu/include/import_imu/slros_busmsg_conversion.h:14,
[23.290s]                  from /home/uonaim/matlab_ws/FOOT/src/import_imu/src/slros_busmsg_conversion.cpp:1:
[23.290s] /home/uonaim/matlab_ws/FOOT/src/import_imu/include/import_imu/slros_msgconvert_utils.h: In instantiation of ‘void convertToBusFixedPrimitiveArray(BusType&, const MsgType&, const slros::ROSPropertyWarnStatus&) [with BusType = double [9]; MsgType = std::array<double, 9>]’:
[23.290s] /home/uonaim/matlab_ws/FOOT/src/import_imu/src/slros_busmsg_conversion.cpp:234:128:   required from here
[23.290s] /home/uonaim/matlab_ws/FOOT/src/import_imu/include/import_imu/slros_msgconvert_utils.h:543:81: warning: unused parameter ‘warnStatus’ [-Wunused-parameter]
[23.290s]   543 |                                             const slros::ROSPropertyWarnStatus& warnStatus) {
[23.291s]       |                                             ~~~~~~~~~~~~~~~~~~~~~~~~~~~~~~~~~~~~^~~~~~~~~~
[23.320s] [3/10] Building CXX object CMakeFiles/Import_IMU.dir/src/rtGetInf.cpp.o
[26.959s] [4/10] Building CXX object CMakeFiles/Import_IMU.dir/src/ros2nodeinterface.cpp.o
[26.987s] [5/10] Building CXX object CMakeFiles/Import_IMU.dir/src/rtGetNaN.cpp.o
[26.993s] [6/10] Building CXX object CMakeFiles/Import_IMU.dir/src/rt_nonfinite.cpp.o
[30.285s] [7/10] Building CXX object CMakeFiles/Import_IMU.dir/src/slros2_initialize.cpp.o
[30.789s] [8/10] Building CXX object CMakeFiles/Import_IMU.dir/src/Import_IMU_data.cpp.o
[30.849s] [9/10] Building CXX object CMakeFiles/Import_IMU.dir/src/main.cpp.o
[31.642s] [10/10] Linking CXX executable Import_IMU
[31.645s] Invoked command in '/home/uonaim/matlab_ws/FOOT/build/import_imu' returned '0': AMENT_PREFIX_PATH=/home/uonaim/matlab_ws/FOOT/install:${AMENT_PREFIX_PATH} CMAKE_PREFIX_PATH=/home/uonaim/matlab_ws/FOOT/install:/usr/local/MATLAB/R2023b/sys/ros2/glnxa64/ros2: LD_LIBRARY_PATH=/home/uonaim/matlab_ws/FOOT/install/lib${LD_LIBRARY_PATH} PS1=(venv) VIRTUAL_ENV_PROMPT=(venv) /usr/local/MATLAB/R2023b/bin/glnxa64/cmake/bin/cmake --build /home/uonaim/matlab_ws/FOOT/build/import_imu -- -j14 -l14
[31.667s] Invoking command in '/home/uonaim/matlab_ws/FOOT/build/import_imu': AMENT_PREFIX_PATH=/home/uonaim/matlab_ws/FOOT/install:${AMENT_PREFIX_PATH} CMAKE_PREFIX_PATH=/home/uonaim/matlab_ws/FOOT/install:/usr/local/MATLAB/R2023b/sys/ros2/glnxa64/ros2: LD_LIBRARY_PATH=/home/uonaim/matlab_ws/FOOT/install/lib${LD_LIBRARY_PATH} PS1=(venv) VIRTUAL_ENV_PROMPT=(venv) /usr/local/MATLAB/R2023b/bin/glnxa64/cmake/bin/cmake --install /home/uonaim/matlab_ws/FOOT/build/import_imu
[31.670s] -- Install configuration: "Release"
[31.670s] -- Installing: /home/uonaim/matlab_ws/FOOT/install/lib/import_imu/Import_IMU
[31.675s] -- Up-to-date: /home/uonaim/matlab_ws/FOOT/install/share/ament_index/resource_index/package_run_dependencies/import_imu
[31.676s] -- Up-to-date: /home/uonaim/matlab_ws/FOOT/install/share/ament_index/resource_index/parent_prefix_path/import_imu
[31.676s] -- Installing: /home/uonaim/matlab_ws/FOOT/install/share/import_imu/environment/ament_prefix_path.sh
[31.676s] -- Installing: /home/uonaim/matlab_ws/FOOT/install/share/import_imu/environment/ament_prefix_path.dsv
[31.676s] -- Installing: /home/uonaim/matlab_ws/FOOT/install/share/import_imu/environment/path.sh
[31.676s] -- Installing: /home/uonaim/matlab_ws/FOOT/install/share/import_imu/environment/path.dsv
[31.676s] -- Up-to-date: /home/uonaim/matlab_ws/FOOT/install/share/import_imu/local_setup.bash
[31.676s] -- Up-to-date: /home/uonaim/matlab_ws/FOOT/install/share/import_imu/local_setup.sh
[31.677s] -- Up-to-date: /home/uonaim/matlab_ws/FOOT/install/share/import_imu/local_setup.zsh
[31.677s] -- Installing: /home/uonaim/matlab_ws/FOOT/install/share/import_imu/local_setup.dsv
[31.677s] -- Installing: /home/uonaim/matlab_ws/FOOT/install/share/import_imu/package.dsv
[31.677s] -- Up-to-date: /home/uonaim/matlab_ws/FOOT/install/share/ament_index/resource_index/packages/import_imu
[31.677s] -- Up-to-date: /home/uonaim/matlab_ws/FOOT/install/share/import_imu/cmake/ament_cmake_export_include_directories-extras.cmake
[31.677s] -- Up-to-date: /home/uonaim/matlab_ws/FOOT/install/share/import_imu/cmake/import_imuConfig.cmake
[31.677s] -- Up-to-date: /home/uonaim/matlab_ws/FOOT/install/share/import_imu/cmake/import_imuConfig-version.cmake
[31.677s] -- Installing: /home/uonaim/matlab_ws/FOOT/install/share/import_imu/package.xml
[31.684s] Invoked command in '/home/uonaim/matlab_ws/FOOT/build/import_imu' returned '0': AMENT_PREFIX_PATH=/home/uonaim/matlab_ws/FOOT/install:${AMENT_PREFIX_PATH} CMAKE_PREFIX_PATH=/home/uonaim/matlab_ws/FOOT/install:/usr/local/MATLAB/R2023b/sys/ros2/glnxa64/ros2: LD_LIBRARY_PATH=/home/uonaim/matlab_ws/FOOT/install/lib${LD_LIBRARY_PATH} PS1=(venv) VIRTUAL_ENV_PROMPT=(venv) /usr/local/MATLAB/R2023b/bin/glnxa64/cmake/bin/cmake --install /home/uonaim/matlab_ws/FOOT/build/import_imu
