[0.406s] DEBUG:colcon:Command line arguments: ['/root/.matlab/R2023b/ros2/glnxa64/venv/bin/colcon', 'build', '--merge-install', '--base-paths', '/home/uonaim/matlab_ws/FOOT/src', '--cmake-args', '-DALIAS_ROS2_TF2=1', '-G', 'Ninja', '-DCMAKE_C_COMPILER=/usr/bin/gcc', '-DCMAKE_CXX_COMPILER=/usr/bin/g++']
[0.406s] DEBUG:colcon:Parsed command line arguments: Namespace(log_base=None, log_level=None, verb_name='build', build_base='build', install_base='install', merge_install=True, symlink_install=False, test_result_base=None, continue_on_error=False, executor='parallel', parallel_workers=14, event_handlers=None, ignore_user_meta=False, metas=['./colcon.meta'], base_paths=['/home/uonaim/matlab_ws/FOOT/src'], packages_ignore=None, packages_ignore_regex=None, paths=None, packages_up_to=None, packages_up_to_regex=None, packages_above=None, packages_above_and_dependencies=None, packages_above_depth=None, packages_select_by_dep=None, packages_skip_by_dep=None, packages_skip_up_to=None, packages_select_build_failed=False, packages_skip_build_finished=False, packages_select_test_failures=False, packages_skip_test_passed=False, packages_select=None, packages_skip=None, packages_select_regex=None, packages_skip_regex=None, packages_start=None, packages_end=None, cmake_args=['-DALIAS_ROS2_TF2=1', '-G', 'Ninja', '-DCMAKE_C_COMPILER=/usr/bin/gcc', '-DCMAKE_CXX_COMPILER=/usr/bin/g++'], cmake_target=None, cmake_target_skip_unavailable=False, cmake_clean_cache=False, cmake_clean_first=False, cmake_force_configure=False, ament_cmake_args=None, catkin_cmake_args=None, catkin_skip_building_tests=False, verb_parser=<colcon_defaults.argument_parser.defaults.DefaultArgumentsDecorator object at 0x7f75a2d7d810>, verb_extension=<colcon_core.verb.build.BuildVerb object at 0x7f75a2ca4fa0>, main=<bound method BuildVerb.main of <colcon_core.verb.build.BuildVerb object at 0x7f75a2ca4fa0>>)
[0.452s] Level 1:colcon.colcon_core.package_discovery:discover_packages(colcon_meta) check parameters
[0.452s] Level 1:colcon.colcon_core.package_discovery:discover_packages(recursive) check parameters
[0.453s] Level 1:colcon.colcon_core.package_discovery:discover_packages(ignore) check parameters
[0.453s] Level 1:colcon.colcon_core.package_discovery:discover_packages(path) check parameters
[0.453s] Level 1:colcon.colcon_core.package_discovery:discover_packages(recursive) discover
[0.453s] INFO:colcon.colcon_core.package_discovery:Crawling recursively for packages in '/home/uonaim/matlab_ws/FOOT/src'
[0.453s] Level 1:colcon.colcon_core.package_identification:_identify(/home/uonaim/matlab_ws/FOOT/src) by extensions ['ignore', 'ignore_ament_install']
[0.453s] Level 1:colcon.colcon_core.package_identification:_identify(/home/uonaim/matlab_ws/FOOT/src) by extension 'ignore'
[0.453s] Level 1:colcon.colcon_core.package_identification:_identify(/home/uonaim/matlab_ws/FOOT/src) by extension 'ignore_ament_install'
[0.453s] Level 1:colcon.colcon_core.package_identification:_identify(/home/uonaim/matlab_ws/FOOT/src) by extensions ['colcon_pkg']
[0.453s] Level 1:colcon.colcon_core.package_identification:_identify(/home/uonaim/matlab_ws/FOOT/src) by extension 'colcon_pkg'
[0.453s] Level 1:colcon.colcon_core.package_identification:_identify(/home/uonaim/matlab_ws/FOOT/src) by extensions ['colcon_meta']
[0.453s] Level 1:colcon.colcon_core.package_identification:_identify(/home/uonaim/matlab_ws/FOOT/src) by extension 'colcon_meta'
[0.453s] Level 1:colcon.colcon_core.package_identification:_identify(/home/uonaim/matlab_ws/FOOT/src) by extensions ['ros']
[0.453s] Level 1:colcon.colcon_core.package_identification:_identify(/home/uonaim/matlab_ws/FOOT/src) by extension 'ros'
[0.467s] Level 1:colcon.colcon_core.package_identification:_identify(/home/uonaim/matlab_ws/FOOT/src) by extensions ['cmake', 'python']
[0.467s] Level 1:colcon.colcon_core.package_identification:_identify(/home/uonaim/matlab_ws/FOOT/src) by extension 'cmake'
[0.467s] Level 1:colcon.colcon_core.package_identification:_identify(/home/uonaim/matlab_ws/FOOT/src) by extension 'python'
[0.467s] Level 1:colcon.colcon_core.package_identification:_identify(/home/uonaim/matlab_ws/FOOT/src) by extensions ['python_setup_py']
[0.467s] Level 1:colcon.colcon_core.package_identification:_identify(/home/uonaim/matlab_ws/FOOT/src) by extension 'python_setup_py'
[0.468s] Level 1:colcon.colcon_core.package_identification:_identify(/home/uonaim/matlab_ws/FOOT/src/custom_msgs) by extensions ['ignore', 'ignore_ament_install']
[0.468s] Level 1:colcon.colcon_core.package_identification:_identify(/home/uonaim/matlab_ws/FOOT/src/custom_msgs) by extension 'ignore'
[0.468s] Level 1:colcon.colcon_core.package_identification:_identify(/home/uonaim/matlab_ws/FOOT/src/custom_msgs) by extension 'ignore_ament_install'
[0.468s] Level 1:colcon.colcon_core.package_identification:_identify(/home/uonaim/matlab_ws/FOOT/src/custom_msgs) by extensions ['colcon_pkg']
[0.468s] Level 1:colcon.colcon_core.package_identification:_identify(/home/uonaim/matlab_ws/FOOT/src/custom_msgs) by extension 'colcon_pkg'
[0.468s] Level 1:colcon.colcon_core.package_identification:_identify(/home/uonaim/matlab_ws/FOOT/src/custom_msgs) by extensions ['colcon_meta']
[0.468s] Level 1:colcon.colcon_core.package_identification:_identify(/home/uonaim/matlab_ws/FOOT/src/custom_msgs) by extension 'colcon_meta'
[0.468s] Level 1:colcon.colcon_core.package_identification:_identify(/home/uonaim/matlab_ws/FOOT/src/custom_msgs) by extensions ['ros']
[0.468s] Level 1:colcon.colcon_core.package_identification:_identify(/home/uonaim/matlab_ws/FOOT/src/custom_msgs) by extension 'ros'
[0.470s] DEBUG:colcon.colcon_core.package_identification:Package '/home/uonaim/matlab_ws/FOOT/src/custom_msgs' with type 'ros.ament_cmake' and name 'custom_msgs'
[0.470s] Level 1:colcon.colcon_core.package_identification:_identify(/home/uonaim/matlab_ws/FOOT/src/testing_dm_hby) by extensions ['ignore', 'ignore_ament_install']
[0.470s] Level 1:colcon.colcon_core.package_identification:_identify(/home/uonaim/matlab_ws/FOOT/src/testing_dm_hby) by extension 'ignore'
[0.470s] Level 1:colcon.colcon_core.package_identification:_identify(/home/uonaim/matlab_ws/FOOT/src/testing_dm_hby) by extension 'ignore_ament_install'
[0.470s] Level 1:colcon.colcon_core.package_identification:_identify(/home/uonaim/matlab_ws/FOOT/src/testing_dm_hby) by extensions ['colcon_pkg']
[0.470s] Level 1:colcon.colcon_core.package_identification:_identify(/home/uonaim/matlab_ws/FOOT/src/testing_dm_hby) by extension 'colcon_pkg'
[0.470s] Level 1:colcon.colcon_core.package_identification:_identify(/home/uonaim/matlab_ws/FOOT/src/testing_dm_hby) by extensions ['colcon_meta']
[0.470s] Level 1:colcon.colcon_core.package_identification:_identify(/home/uonaim/matlab_ws/FOOT/src/testing_dm_hby) by extension 'colcon_meta'
[0.470s] Level 1:colcon.colcon_core.package_identification:_identify(/home/uonaim/matlab_ws/FOOT/src/testing_dm_hby) by extensions ['ros']
[0.470s] Level 1:colcon.colcon_core.package_identification:_identify(/home/uonaim/matlab_ws/FOOT/src/testing_dm_hby) by extension 'ros'
[0.471s] DEBUG:colcon.colcon_core.package_identification:Package '/home/uonaim/matlab_ws/FOOT/src/testing_dm_hby' with type 'ros.ament_cmake' and name 'testing_dm_hby'
[0.471s] Level 1:colcon.colcon_core.package_discovery:discover_packages(recursive) using defaults
[0.501s] Level 5:colcon.colcon_core.verb:set package 'custom_msgs' build argument 'cmake_args' from command line to '['-DALIAS_ROS2_TF2=1', '-G', 'Ninja', '-DCMAKE_C_COMPILER=/usr/bin/gcc', '-DCMAKE_CXX_COMPILER=/usr/bin/g++']'
[0.501s] Level 5:colcon.colcon_core.verb:set package 'custom_msgs' build argument 'cmake_target' from command line to 'None'
[0.501s] Level 5:colcon.colcon_core.verb:set package 'custom_msgs' build argument 'cmake_target_skip_unavailable' from command line to 'False'
[0.501s] Level 5:colcon.colcon_core.verb:set package 'custom_msgs' build argument 'cmake_clean_cache' from command line to 'False'
[0.501s] Level 5:colcon.colcon_core.verb:set package 'custom_msgs' build argument 'cmake_clean_first' from command line to 'False'
[0.501s] Level 5:colcon.colcon_core.verb:set package 'custom_msgs' build argument 'cmake_force_configure' from command line to 'False'
[0.501s] Level 5:colcon.colcon_core.verb:set package 'custom_msgs' build argument 'ament_cmake_args' from command line to 'None'
[0.501s] Level 5:colcon.colcon_core.verb:set package 'custom_msgs' build argument 'catkin_cmake_args' from command line to 'None'
[0.501s] Level 5:colcon.colcon_core.verb:set package 'custom_msgs' build argument 'catkin_skip_building_tests' from command line to 'False'
[0.501s] DEBUG:colcon.colcon_core.verb:Building package 'custom_msgs' with the following arguments: {'ament_cmake_args': None, 'build_base': '/home/uonaim/matlab_ws/FOOT/build/custom_msgs', 'catkin_cmake_args': None, 'catkin_skip_building_tests': False, 'cmake_args': ['-DALIAS_ROS2_TF2=1', '-G', 'Ninja', '-DCMAKE_C_COMPILER=/usr/bin/gcc', '-DCMAKE_CXX_COMPILER=/usr/bin/g++'], 'cmake_clean_cache': False, 'cmake_clean_first': False, 'cmake_force_configure': False, 'cmake_target': None, 'cmake_target_skip_unavailable': False, 'install_base': '/home/uonaim/matlab_ws/FOOT/install', 'merge_install': True, 'path': '/home/uonaim/matlab_ws/FOOT/src/custom_msgs', 'symlink_install': False, 'test_result_base': None}
[0.506s] Level 5:colcon.colcon_core.verb:set package 'testing_dm_hby' build argument 'cmake_args' from command line to '['-DALIAS_ROS2_TF2=1', '-G', 'Ninja', '-DCMAKE_C_COMPILER=/usr/bin/gcc', '-DCMAKE_CXX_COMPILER=/usr/bin/g++']'
[0.506s] Level 5:colcon.colcon_core.verb:set package 'testing_dm_hby' build argument 'cmake_target' from command line to 'None'
[0.506s] Level 5:colcon.colcon_core.verb:set package 'testing_dm_hby' build argument 'cmake_target_skip_unavailable' from command line to 'False'
[0.506s] Level 5:colcon.colcon_core.verb:set package 'testing_dm_hby' build argument 'cmake_clean_cache' from command line to 'False'
[0.506s] Level 5:colcon.colcon_core.verb:set package 'testing_dm_hby' build argument 'cmake_clean_first' from command line to 'False'
[0.506s] Level 5:colcon.colcon_core.verb:set package 'testing_dm_hby' build argument 'cmake_force_configure' from command line to 'False'
[0.506s] Level 5:colcon.colcon_core.verb:set package 'testing_dm_hby' build argument 'ament_cmake_args' from command line to 'None'
[0.506s] Level 5:colcon.colcon_core.verb:set package 'testing_dm_hby' build argument 'catkin_cmake_args' from command line to 'None'
[0.506s] Level 5:colcon.colcon_core.verb:set package 'testing_dm_hby' build argument 'catkin_skip_building_tests' from command line to 'False'
[0.506s] DEBUG:colcon.colcon_core.verb:Building package 'testing_dm_hby' with the following arguments: {'ament_cmake_args': None, 'build_base': '/home/uonaim/matlab_ws/FOOT/build/testing_dm_hby', 'catkin_cmake_args': None, 'catkin_skip_building_tests': False, 'cmake_args': ['-DALIAS_ROS2_TF2=1', '-G', 'Ninja', '-DCMAKE_C_COMPILER=/usr/bin/gcc', '-DCMAKE_CXX_COMPILER=/usr/bin/g++'], 'cmake_clean_cache': False, 'cmake_clean_first': False, 'cmake_force_configure': False, 'cmake_target': None, 'cmake_target_skip_unavailable': False, 'install_base': '/home/uonaim/matlab_ws/FOOT/install', 'merge_install': True, 'path': '/home/uonaim/matlab_ws/FOOT/src/testing_dm_hby', 'symlink_install': False, 'test_result_base': None}
[0.508s] INFO:colcon.colcon_core.executor:Executing jobs using 'parallel' executor
[0.518s] DEBUG:colcon.colcon_parallel_executor.executor.parallel:run_until_complete
[0.518s] INFO:colcon.colcon_ros.task.ament_cmake.build:Building ROS package in '/home/uonaim/matlab_ws/FOOT/src/custom_msgs' with build type 'ament_cmake'
[0.518s] INFO:colcon.colcon_cmake.task.cmake.build:Building CMake package in '/home/uonaim/matlab_ws/FOOT/src/custom_msgs'
[0.539s] INFO:colcon.colcon_core.plugin_system:Skipping extension 'colcon_core.shell.bat': Not used on non-Windows systems
[0.539s] INFO:colcon.colcon_core.shell:Skip shell extension 'powershell' for command environment: Not usable outside of PowerShell
[0.539s] DEBUG:colcon.colcon_core.shell:Skip shell extension 'dsv' for command environment
[0.561s] DEBUG:colcon.colcon_core.event_handler.log_command:Invoking command in '/home/uonaim/matlab_ws/FOOT/build/custom_msgs': PS1=(venv) VIRTUAL_ENV_PROMPT=(venv) /usr/local/MATLAB/R2023b/bin/glnxa64/cmake/bin/cmake --build /home/uonaim/matlab_ws/FOOT/build/custom_msgs -- -j14 -l14
[1.340s] DEBUG:colcon.colcon_core.event_handler.log_command:Invoked command in '/home/uonaim/matlab_ws/FOOT/build/custom_msgs' returned '0': PS1=(venv) VIRTUAL_ENV_PROMPT=(venv) /usr/local/MATLAB/R2023b/bin/glnxa64/cmake/bin/cmake --build /home/uonaim/matlab_ws/FOOT/build/custom_msgs -- -j14 -l14
[1.367s] DEBUG:colcon.colcon_core.event_handler.log_command:Invoking command in '/home/uonaim/matlab_ws/FOOT/build/custom_msgs': PS1=(venv) VIRTUAL_ENV_PROMPT=(venv) /usr/local/MATLAB/R2023b/bin/glnxa64/cmake/bin/cmake --install /home/uonaim/matlab_ws/FOOT/build/custom_msgs
[1.379s] Level 1:colcon.colcon_core.environment:create_environment_scripts_only(custom_msgs)
[1.380s] DEBUG:colcon.colcon_core.event_handler.log_command:Invoked command in '/home/uonaim/matlab_ws/FOOT/build/custom_msgs' returned '0': PS1=(venv) VIRTUAL_ENV_PROMPT=(venv) /usr/local/MATLAB/R2023b/bin/glnxa64/cmake/bin/cmake --install /home/uonaim/matlab_ws/FOOT/build/custom_msgs
[1.386s] Level 1:colcon.colcon_core.environment:checking '/home/uonaim/matlab_ws/FOOT/install' for CMake module files
[1.386s] Level 1:colcon.colcon_core.environment:checking '/home/uonaim/matlab_ws/FOOT/install' for CMake config files
[1.387s] Level 1:colcon.colcon_core.shell:create_environment_hook('custom_msgs', 'cmake_prefix_path')
[1.391s] INFO:colcon.colcon_core.shell:Creating environment hook '/home/uonaim/matlab_ws/FOOT/install/share/custom_msgs/hook/cmake_prefix_path.ps1'
[1.391s] INFO:colcon.colcon_core.shell:Creating environment descriptor '/home/uonaim/matlab_ws/FOOT/install/share/custom_msgs/hook/cmake_prefix_path.dsv'
[1.392s] INFO:colcon.colcon_core.shell:Creating environment hook '/home/uonaim/matlab_ws/FOOT/install/share/custom_msgs/hook/cmake_prefix_path.sh'
[1.392s] Level 1:colcon.colcon_core.environment:checking '/home/uonaim/matlab_ws/FOOT/install/lib'
[1.392s] Level 1:colcon.colcon_core.shell:create_environment_hook('custom_msgs', 'ld_library_path_lib')
[1.396s] INFO:colcon.colcon_core.shell:Creating environment hook '/home/uonaim/matlab_ws/FOOT/install/share/custom_msgs/hook/ld_library_path_lib.ps1'
[1.397s] INFO:colcon.colcon_core.shell:Creating environment descriptor '/home/uonaim/matlab_ws/FOOT/install/share/custom_msgs/hook/ld_library_path_lib.dsv'
[1.397s] INFO:colcon.colcon_core.shell:Creating environment hook '/home/uonaim/matlab_ws/FOOT/install/share/custom_msgs/hook/ld_library_path_lib.sh'
[1.397s] Level 1:colcon.colcon_core.environment:checking '/home/uonaim/matlab_ws/FOOT/install/bin'
[1.397s] Level 1:colcon.colcon_core.environment:checking '/home/uonaim/matlab_ws/FOOT/install/lib/pkgconfig/custom_msgs.pc'
[1.398s] Level 1:colcon.colcon_core.environment:checking '/home/uonaim/matlab_ws/FOOT/install/lib/python3.10/site-packages'
[1.399s] Level 1:colcon.colcon_core.environment:checking '/home/uonaim/matlab_ws/FOOT/install/bin'
[1.403s] INFO:colcon.colcon_core.shell:Creating package script '/home/uonaim/matlab_ws/FOOT/install/share/custom_msgs/package.ps1'
[1.403s] INFO:colcon.colcon_core.shell:Creating package descriptor '/home/uonaim/matlab_ws/FOOT/install/share/custom_msgs/package.dsv'
[1.404s] INFO:colcon.colcon_core.shell:Creating package script '/home/uonaim/matlab_ws/FOOT/install/share/custom_msgs/package.sh'
[1.404s] INFO:colcon.colcon_core.shell:Creating package script '/home/uonaim/matlab_ws/FOOT/install/share/custom_msgs/package.bash'
[1.405s] INFO:colcon.colcon_core.shell:Creating package script '/home/uonaim/matlab_ws/FOOT/install/share/custom_msgs/package.zsh'
[1.405s] Level 1:colcon.colcon_core.environment:create_file_with_runtime_dependencies(/home/uonaim/matlab_ws/FOOT/install/share/colcon-core/packages/custom_msgs)
[1.432s] Level 1:colcon.colcon_core.environment:create_environment_scripts_only(custom_msgs)
[1.437s] Level 1:colcon.colcon_core.environment:checking '/home/uonaim/matlab_ws/FOOT/install' for CMake module files
[1.437s] Level 1:colcon.colcon_core.environment:checking '/home/uonaim/matlab_ws/FOOT/install' for CMake config files
[1.438s] Level 1:colcon.colcon_core.shell:create_environment_hook('custom_msgs', 'cmake_prefix_path')
[1.443s] INFO:colcon.colcon_core.shell:Creating environment hook '/home/uonaim/matlab_ws/FOOT/install/share/custom_msgs/hook/cmake_prefix_path.ps1'
[1.444s] INFO:colcon.colcon_core.shell:Creating environment descriptor '/home/uonaim/matlab_ws/FOOT/install/share/custom_msgs/hook/cmake_prefix_path.dsv'
[1.444s] INFO:colcon.colcon_core.shell:Creating environment hook '/home/uonaim/matlab_ws/FOOT/install/share/custom_msgs/hook/cmake_prefix_path.sh'
[1.445s] Level 1:colcon.colcon_core.environment:checking '/home/uonaim/matlab_ws/FOOT/install/lib'
[1.445s] Level 1:colcon.colcon_core.shell:create_environment_hook('custom_msgs', 'ld_library_path_lib')
[1.449s] INFO:colcon.colcon_core.shell:Creating environment hook '/home/uonaim/matlab_ws/FOOT/install/share/custom_msgs/hook/ld_library_path_lib.ps1'
[1.449s] INFO:colcon.colcon_core.shell:Creating environment descriptor '/home/uonaim/matlab_ws/FOOT/install/share/custom_msgs/hook/ld_library_path_lib.dsv'
[1.449s] INFO:colcon.colcon_core.shell:Creating environment hook '/home/uonaim/matlab_ws/FOOT/install/share/custom_msgs/hook/ld_library_path_lib.sh'
[1.449s] Level 1:colcon.colcon_core.environment:checking '/home/uonaim/matlab_ws/FOOT/install/bin'
[1.449s] Level 1:colcon.colcon_core.environment:checking '/home/uonaim/matlab_ws/FOOT/install/lib/pkgconfig/custom_msgs.pc'
[1.450s] Level 1:colcon.colcon_core.environment:checking '/home/uonaim/matlab_ws/FOOT/install/lib/python3.10/site-packages'
[1.450s] Level 1:colcon.colcon_core.environment:checking '/home/uonaim/matlab_ws/FOOT/install/bin'
[1.454s] INFO:colcon.colcon_core.shell:Creating package script '/home/uonaim/matlab_ws/FOOT/install/share/custom_msgs/package.ps1'
[1.454s] INFO:colcon.colcon_core.shell:Creating package descriptor '/home/uonaim/matlab_ws/FOOT/install/share/custom_msgs/package.dsv'
[1.455s] INFO:colcon.colcon_core.shell:Creating package script '/home/uonaim/matlab_ws/FOOT/install/share/custom_msgs/package.sh'
[1.455s] INFO:colcon.colcon_core.shell:Creating package script '/home/uonaim/matlab_ws/FOOT/install/share/custom_msgs/package.bash'
[1.455s] INFO:colcon.colcon_core.shell:Creating package script '/home/uonaim/matlab_ws/FOOT/install/share/custom_msgs/package.zsh'
[1.456s] Level 1:colcon.colcon_core.environment:create_file_with_runtime_dependencies(/home/uonaim/matlab_ws/FOOT/install/share/colcon-core/packages/custom_msgs)
[1.456s] INFO:colcon.colcon_ros.task.ament_cmake.build:Building ROS package in '/home/uonaim/matlab_ws/FOOT/src/testing_dm_hby' with build type 'ament_cmake'
[1.456s] INFO:colcon.colcon_cmake.task.cmake.build:Building CMake package in '/home/uonaim/matlab_ws/FOOT/src/testing_dm_hby'
[1.460s] INFO:colcon.colcon_core.shell:Skip shell extension 'powershell' for command environment: Not usable outside of PowerShell
[1.460s] DEBUG:colcon.colcon_core.shell:Skip shell extension 'dsv' for command environment
[1.485s] DEBUG:colcon.colcon_core.event_handler.log_command:Invoking command in '/home/uonaim/matlab_ws/FOOT/build/testing_dm_hby': AMENT_PREFIX_PATH=/home/uonaim/matlab_ws/FOOT/install:${AMENT_PREFIX_PATH} CMAKE_PREFIX_PATH=/home/uonaim/matlab_ws/FOOT/install:/usr/local/MATLAB/R2023b/sys/ros2/glnxa64/ros2: LD_LIBRARY_PATH=/home/uonaim/matlab_ws/FOOT/install/lib${LD_LIBRARY_PATH} PS1=(venv) VIRTUAL_ENV_PROMPT=(venv) /usr/local/MATLAB/R2023b/bin/glnxa64/cmake/bin/cmake --build /home/uonaim/matlab_ws/FOOT/build/testing_dm_hby -- -j14 -l14
[10.766s] DEBUG:colcon.colcon_core.event_handler.log_command:Invoked command in '/home/uonaim/matlab_ws/FOOT/build/testing_dm_hby' returned '0': AMENT_PREFIX_PATH=/home/uonaim/matlab_ws/FOOT/install:${AMENT_PREFIX_PATH} CMAKE_PREFIX_PATH=/home/uonaim/matlab_ws/FOOT/install:/usr/local/MATLAB/R2023b/sys/ros2/glnxa64/ros2: LD_LIBRARY_PATH=/home/uonaim/matlab_ws/FOOT/install/lib${LD_LIBRARY_PATH} PS1=(venv) VIRTUAL_ENV_PROMPT=(venv) /usr/local/MATLAB/R2023b/bin/glnxa64/cmake/bin/cmake --build /home/uonaim/matlab_ws/FOOT/build/testing_dm_hby -- -j14 -l14
[10.790s] DEBUG:colcon.colcon_core.event_handler.log_command:Invoking command in '/home/uonaim/matlab_ws/FOOT/build/testing_dm_hby': AMENT_PREFIX_PATH=/home/uonaim/matlab_ws/FOOT/install:${AMENT_PREFIX_PATH} CMAKE_PREFIX_PATH=/home/uonaim/matlab_ws/FOOT/install:/usr/local/MATLAB/R2023b/sys/ros2/glnxa64/ros2: LD_LIBRARY_PATH=/home/uonaim/matlab_ws/FOOT/install/lib${LD_LIBRARY_PATH} PS1=(venv) VIRTUAL_ENV_PROMPT=(venv) /usr/local/MATLAB/R2023b/bin/glnxa64/cmake/bin/cmake --install /home/uonaim/matlab_ws/FOOT/build/testing_dm_hby
[10.799s] Level 1:colcon.colcon_core.environment:create_environment_scripts_only(testing_dm_hby)
[10.804s] Level 1:colcon.colcon_core.environment:checking '/home/uonaim/matlab_ws/FOOT/install' for CMake module files
[10.804s] DEBUG:colcon.colcon_core.event_handler.log_command:Invoked command in '/home/uonaim/matlab_ws/FOOT/build/testing_dm_hby' returned '0': AMENT_PREFIX_PATH=/home/uonaim/matlab_ws/FOOT/install:${AMENT_PREFIX_PATH} CMAKE_PREFIX_PATH=/home/uonaim/matlab_ws/FOOT/install:/usr/local/MATLAB/R2023b/sys/ros2/glnxa64/ros2: LD_LIBRARY_PATH=/home/uonaim/matlab_ws/FOOT/install/lib${LD_LIBRARY_PATH} PS1=(venv) VIRTUAL_ENV_PROMPT=(venv) /usr/local/MATLAB/R2023b/bin/glnxa64/cmake/bin/cmake --install /home/uonaim/matlab_ws/FOOT/build/testing_dm_hby
[10.805s] Level 1:colcon.colcon_core.environment:checking '/home/uonaim/matlab_ws/FOOT/install' for CMake config files
[10.805s] Level 1:colcon.colcon_core.shell:create_environment_hook('testing_dm_hby', 'cmake_prefix_path')
[10.810s] INFO:colcon.colcon_core.shell:Creating environment hook '/home/uonaim/matlab_ws/FOOT/install/share/testing_dm_hby/hook/cmake_prefix_path.ps1'
[10.810s] INFO:colcon.colcon_core.shell:Creating environment descriptor '/home/uonaim/matlab_ws/FOOT/install/share/testing_dm_hby/hook/cmake_prefix_path.dsv'
[10.810s] INFO:colcon.colcon_core.shell:Creating environment hook '/home/uonaim/matlab_ws/FOOT/install/share/testing_dm_hby/hook/cmake_prefix_path.sh'
[10.811s] Level 1:colcon.colcon_core.environment:checking '/home/uonaim/matlab_ws/FOOT/install/lib'
[10.811s] Level 1:colcon.colcon_core.shell:create_environment_hook('testing_dm_hby', 'ld_library_path_lib')
[10.815s] INFO:colcon.colcon_core.shell:Creating environment hook '/home/uonaim/matlab_ws/FOOT/install/share/testing_dm_hby/hook/ld_library_path_lib.ps1'
[10.815s] INFO:colcon.colcon_core.shell:Creating environment descriptor '/home/uonaim/matlab_ws/FOOT/install/share/testing_dm_hby/hook/ld_library_path_lib.dsv'
[10.815s] INFO:colcon.colcon_core.shell:Creating environment hook '/home/uonaim/matlab_ws/FOOT/install/share/testing_dm_hby/hook/ld_library_path_lib.sh'
[10.816s] Level 1:colcon.colcon_core.environment:checking '/home/uonaim/matlab_ws/FOOT/install/bin'
[10.816s] Level 1:colcon.colcon_core.environment:checking '/home/uonaim/matlab_ws/FOOT/install/lib/pkgconfig/testing_dm_hby.pc'
[10.816s] Level 1:colcon.colcon_core.environment:checking '/home/uonaim/matlab_ws/FOOT/install/lib/python3.10/site-packages'
[10.816s] Level 1:colcon.colcon_core.environment:checking '/home/uonaim/matlab_ws/FOOT/install/bin'
[10.820s] INFO:colcon.colcon_core.shell:Creating package script '/home/uonaim/matlab_ws/FOOT/install/share/testing_dm_hby/package.ps1'
[10.820s] INFO:colcon.colcon_core.shell:Creating package descriptor '/home/uonaim/matlab_ws/FOOT/install/share/testing_dm_hby/package.dsv'
[10.820s] INFO:colcon.colcon_core.shell:Creating package script '/home/uonaim/matlab_ws/FOOT/install/share/testing_dm_hby/package.sh'
[10.821s] INFO:colcon.colcon_core.shell:Creating package script '/home/uonaim/matlab_ws/FOOT/install/share/testing_dm_hby/package.bash'
[10.821s] INFO:colcon.colcon_core.shell:Creating package script '/home/uonaim/matlab_ws/FOOT/install/share/testing_dm_hby/package.zsh'
[10.821s] Level 1:colcon.colcon_core.environment:create_file_with_runtime_dependencies(/home/uonaim/matlab_ws/FOOT/install/share/colcon-core/packages/testing_dm_hby)
[10.848s] Level 1:colcon.colcon_core.environment:create_environment_scripts_only(testing_dm_hby)
[10.852s] Level 1:colcon.colcon_core.environment:checking '/home/uonaim/matlab_ws/FOOT/install' for CMake module files
[10.853s] Level 1:colcon.colcon_core.environment:checking '/home/uonaim/matlab_ws/FOOT/install' for CMake config files
[10.853s] Level 1:colcon.colcon_core.shell:create_environment_hook('testing_dm_hby', 'cmake_prefix_path')
[10.857s] INFO:colcon.colcon_core.shell:Creating environment hook '/home/uonaim/matlab_ws/FOOT/install/share/testing_dm_hby/hook/cmake_prefix_path.ps1'
[10.858s] INFO:colcon.colcon_core.shell:Creating environment descriptor '/home/uonaim/matlab_ws/FOOT/install/share/testing_dm_hby/hook/cmake_prefix_path.dsv'
[10.858s] INFO:colcon.colcon_core.shell:Creating environment hook '/home/uonaim/matlab_ws/FOOT/install/share/testing_dm_hby/hook/cmake_prefix_path.sh'
[10.859s] Level 1:colcon.colcon_core.environment:checking '/home/uonaim/matlab_ws/FOOT/install/lib'
[10.859s] Level 1:colcon.colcon_core.shell:create_environment_hook('testing_dm_hby', 'ld_library_path_lib')
[10.862s] INFO:colcon.colcon_core.shell:Creating environment hook '/home/uonaim/matlab_ws/FOOT/install/share/testing_dm_hby/hook/ld_library_path_lib.ps1'
[10.863s] INFO:colcon.colcon_core.shell:Creating environment descriptor '/home/uonaim/matlab_ws/FOOT/install/share/testing_dm_hby/hook/ld_library_path_lib.dsv'
[10.863s] INFO:colcon.colcon_core.shell:Creating environment hook '/home/uonaim/matlab_ws/FOOT/install/share/testing_dm_hby/hook/ld_library_path_lib.sh'
[10.863s] Level 1:colcon.colcon_core.environment:checking '/home/uonaim/matlab_ws/FOOT/install/bin'
[10.863s] Level 1:colcon.colcon_core.environment:checking '/home/uonaim/matlab_ws/FOOT/install/lib/pkgconfig/testing_dm_hby.pc'
[10.863s] Level 1:colcon.colcon_core.environment:checking '/home/uonaim/matlab_ws/FOOT/install/lib/python3.10/site-packages'
[10.863s] Level 1:colcon.colcon_core.environment:checking '/home/uonaim/matlab_ws/FOOT/install/bin'
[10.867s] INFO:colcon.colcon_core.shell:Creating package script '/home/uonaim/matlab_ws/FOOT/install/share/testing_dm_hby/package.ps1'
[10.868s] INFO:colcon.colcon_core.shell:Creating package descriptor '/home/uonaim/matlab_ws/FOOT/install/share/testing_dm_hby/package.dsv'
[10.868s] INFO:colcon.colcon_core.shell:Creating package script '/home/uonaim/matlab_ws/FOOT/install/share/testing_dm_hby/package.sh'
[10.868s] INFO:colcon.colcon_core.shell:Creating package script '/home/uonaim/matlab_ws/FOOT/install/share/testing_dm_hby/package.bash'
[10.869s] INFO:colcon.colcon_core.shell:Creating package script '/home/uonaim/matlab_ws/FOOT/install/share/testing_dm_hby/package.zsh'
[10.869s] Level 1:colcon.colcon_core.environment:create_file_with_runtime_dependencies(/home/uonaim/matlab_ws/FOOT/install/share/colcon-core/packages/testing_dm_hby)
[10.869s] DEBUG:colcon.colcon_parallel_executor.executor.parallel:closing loop
[10.870s] DEBUG:colcon.colcon_parallel_executor.executor.parallel:loop closed
[10.870s] DEBUG:colcon.colcon_parallel_executor.executor.parallel:run_until_complete finished with '0'
[10.870s] DEBUG:colcon.colcon_core.event_reactor:joining thread
[10.874s] INFO:colcon.colcon_core.plugin_system:Skipping extension 'colcon_notification.desktop_notification.notify2': 'notify2' not found
[10.875s] INFO:colcon.colcon_core.plugin_system:Skipping extension 'colcon_notification.desktop_notification.terminal_notifier': Not used on non-Darwin systems
[10.875s] INFO:colcon.colcon_core.plugin_system:Skipping extension 'colcon_notification.desktop_notification.win32': Not used on non-Windows systems
[10.875s] INFO:colcon.colcon_notification.desktop_notification:Sending desktop notification using 'notify_send'
[10.883s] DEBUG:colcon.colcon_core.event_reactor:joined thread
[10.888s] INFO:colcon.colcon_core.shell:Creating prefix script '/home/uonaim/matlab_ws/FOOT/install/local_setup.ps1'
[10.889s] INFO:colcon.colcon_core.shell:Creating prefix util module '/home/uonaim/matlab_ws/FOOT/install/_local_setup_util_ps1.py'
[10.890s] INFO:colcon.colcon_core.shell:Creating prefix chain script '/home/uonaim/matlab_ws/FOOT/install/setup.ps1'
[10.893s] INFO:colcon.colcon_core.shell:Creating prefix script '/home/uonaim/matlab_ws/FOOT/install/local_setup.sh'
[10.894s] INFO:colcon.colcon_core.shell:Creating prefix util module '/home/uonaim/matlab_ws/FOOT/install/_local_setup_util_sh.py'
[10.894s] INFO:colcon.colcon_core.shell:Creating prefix chain script '/home/uonaim/matlab_ws/FOOT/install/setup.sh'
[10.897s] INFO:colcon.colcon_core.shell:Creating prefix script '/home/uonaim/matlab_ws/FOOT/install/local_setup.bash'
[10.898s] INFO:colcon.colcon_core.shell:Creating prefix chain script '/home/uonaim/matlab_ws/FOOT/install/setup.bash'
[10.901s] INFO:colcon.colcon_core.shell:Creating prefix script '/home/uonaim/matlab_ws/FOOT/install/local_setup.zsh'
[10.901s] INFO:colcon.colcon_core.shell:Creating prefix chain script '/home/uonaim/matlab_ws/FOOT/install/setup.zsh'
