[0.024s] Invoking command in '/home/uonaim/matlab_ws/FOOT/build/import_imu': AMENT_PREFIX_PATH=/home/uonaim/matlab_ws/FOOT/install:${AMENT_PREFIX_PATH} CMAKE_PREFIX_PATH=/home/uonaim/matlab_ws/FOOT/install:/usr/local/MATLAB/R2023b/sys/ros2/glnxa64/ros2: LD_LIBRARY_PATH=/home/uonaim/matlab_ws/FOOT/install/lib${LD_LIBRARY_PATH} PS1=(venv) VIRTUAL_ENV_PROMPT=(venv) /usr/local/MATLAB/R2023b/bin/glnxa64/cmake/bin/cmake --build /home/uonaim/matlab_ws/FOOT/build/import_imu -- -j14 -l14
[0.032s] [0/1] Re-running CMake...
[0.047s] -- Found ament_cmake: 1.3.3 (/usr/local/MATLAB/R2023b/sys/ros2/glnxa64/ros2/share/ament_cmake/cmake)
[0.149s] -- Found ament_cmake_ros: 0.10.0 (/usr/local/MATLAB/R2023b/sys/ros2/glnxa64/ros2/share/ament_cmake_ros/cmake)
[0.152s] -- Found custom_msgs: 0.0.0 (/home/uonaim/matlab_ws/FOOT/install/share/custom_msgs/cmake)
[0.180s] -- Found rosidl_generator_c: 3.1.4 (/usr/local/MATLAB/R2023b/sys/ros2/glnxa64/ros2/share/rosidl_generator_c/cmake)
[0.183s] -- Found rosidl_adapter: 3.1.4 (/usr/local/MATLAB/R2023b/sys/ros2/glnxa64/ros2/share/rosidl_adapter/cmake)
[0.189s] -- Found rosidl_generator_cpp: 3.1.4 (/usr/local/MATLAB/R2023b/sys/ros2/glnxa64/ros2/share/rosidl_generator_cpp/cmake)
[0.200s] -- Using all available rosidl_typesupport_c: rosidl_typesupport_fastrtps_c;rosidl_typesupport_introspection_c
[0.221s] -- Using all available rosidl_typesupport_cpp: rosidl_typesupport_fastrtps_cpp;rosidl_typesupport_introspection_cpp
[0.329s] -- Found rclcpp: 16.0.3 (/usr/local/MATLAB/R2023b/sys/ros2/glnxa64/ros2/share/rclcpp/cmake)
[0.375s] -- Found rmw_implementation_cmake: 6.1.1 (/usr/local/MATLAB/R2023b/sys/ros2/glnxa64/ros2/share/rmw_implementation_cmake/cmake)
[0.376s] -- Found rmw_cyclonedds_cpp: 1.3.4 (/usr/local/MATLAB/R2023b/sys/ros2/glnxa64/ros2/share/rmw_cyclonedds_cpp/cmake)
[0.400s] -- Using RMW implementation 'rmw_cyclonedds_cpp' as default
[0.485s] -- Found sensor_msgs: 4.2.3 (/usr/local/MATLAB/R2023b/sys/ros2/glnxa64/ros2/share/sensor_msgs/cmake)
[0.643s] -- Configuring done
[0.656s] -- Generating done
[0.663s] -- Build files have been written to: /home/uonaim/matlab_ws/FOOT/build/import_imu
[0.704s] [1/10] Building CXX object CMakeFiles/Import_IMU.dir/src/rtGetNaN.cpp.o
[0.712s] [2/10] Building CXX object CMakeFiles/Import_IMU.dir/src/rtGetInf.cpp.o
[0.714s] [3/10] Building CXX object CMakeFiles/Import_IMU.dir/src/rt_nonfinite.cpp.o
[3.729s] [4/10] Building CXX object CMakeFiles/Import_IMU.dir/src/main.cpp.o
[3.875s] [5/10] Building CXX object CMakeFiles/Import_IMU.dir/src/slros_busmsg_conversion.cpp.o
[3.876s] In file included from /home/uonaim/matlab_ws/FOOT/src/import_imu/include/import_imu/slros_busmsg_conversion.h:14,
[3.876s]                  from /home/uonaim/matlab_ws/FOOT/src/import_imu/src/slros_busmsg_conversion.cpp:1:
[3.876s] /home/uonaim/matlab_ws/FOOT/src/import_imu/include/import_imu/slros_msgconvert_utils.h: In instantiation of ‘void convertToBusFixedPrimitiveArray(BusType&, const MsgType&, const slros::ROSPropertyWarnStatus&) [with BusType = double [9]; MsgType = std::array<double, 9>]’:
[3.876s] /home/uonaim/matlab_ws/FOOT/src/import_imu/src/slros_busmsg_conversion.cpp:234:128:   required from here
[3.876s] /home/uonaim/matlab_ws/FOOT/src/import_imu/include/import_imu/slros_msgconvert_utils.h:543:81: warning: unused parameter ‘warnStatus’ [-Wunused-parameter]
[3.876s]   543 |                                             const slros::ROSPropertyWarnStatus& warnStatus) {
[3.876s]       |                                             ~~~~~~~~~~~~~~~~~~~~~~~~~~~~~~~~~~~~^~~~~~~~~~
[4.477s] [6/10] Building CXX object CMakeFiles/Import_IMU.dir/src/Import_IMU_data.cpp.o
[4.599s] [7/10] Building CXX object CMakeFiles/Import_IMU.dir/src/slros2_initialize.cpp.o
[4.909s] [8/10] Building CXX object CMakeFiles/Import_IMU.dir/src/ros2nodeinterface.cpp.o
[14.633s] [9/10] Building CXX object CMakeFiles/Import_IMU.dir/src/Import_IMU.cpp.o
[15.208s] [10/10] Linking CXX executable Import_IMU
[15.212s] Invoked command in '/home/uonaim/matlab_ws/FOOT/build/import_imu' returned '0': AMENT_PREFIX_PATH=/home/uonaim/matlab_ws/FOOT/install:${AMENT_PREFIX_PATH} CMAKE_PREFIX_PATH=/home/uonaim/matlab_ws/FOOT/install:/usr/local/MATLAB/R2023b/sys/ros2/glnxa64/ros2: LD_LIBRARY_PATH=/home/uonaim/matlab_ws/FOOT/install/lib${LD_LIBRARY_PATH} PS1=(venv) VIRTUAL_ENV_PROMPT=(venv) /usr/local/MATLAB/R2023b/bin/glnxa64/cmake/bin/cmake --build /home/uonaim/matlab_ws/FOOT/build/import_imu -- -j14 -l14
[15.234s] Invoking command in '/home/uonaim/matlab_ws/FOOT/build/import_imu': AMENT_PREFIX_PATH=/home/uonaim/matlab_ws/FOOT/install:${AMENT_PREFIX_PATH} CMAKE_PREFIX_PATH=/home/uonaim/matlab_ws/FOOT/install:/usr/local/MATLAB/R2023b/sys/ros2/glnxa64/ros2: LD_LIBRARY_PATH=/home/uonaim/matlab_ws/FOOT/install/lib${LD_LIBRARY_PATH} PS1=(venv) VIRTUAL_ENV_PROMPT=(venv) /usr/local/MATLAB/R2023b/bin/glnxa64/cmake/bin/cmake --install /home/uonaim/matlab_ws/FOOT/build/import_imu
[15.237s] -- Install configuration: "Release"
[15.237s] -- Installing: /home/uonaim/matlab_ws/FOOT/install/lib/import_imu/Import_IMU
[15.241s] -- Up-to-date: /home/uonaim/matlab_ws/FOOT/install/share/ament_index/resource_index/package_run_dependencies/import_imu
[15.241s] -- Up-to-date: /home/uonaim/matlab_ws/FOOT/install/share/ament_index/resource_index/parent_prefix_path/import_imu
[15.241s] -- Up-to-date: /home/uonaim/matlab_ws/FOOT/install/share/import_imu/environment/ament_prefix_path.sh
[15.241s] -- Installing: /home/uonaim/matlab_ws/FOOT/install/share/import_imu/environment/ament_prefix_path.dsv
[15.241s] -- Up-to-date: /home/uonaim/matlab_ws/FOOT/install/share/import_imu/environment/path.sh
[15.241s] -- Installing: /home/uonaim/matlab_ws/FOOT/install/share/import_imu/environment/path.dsv
[15.241s] -- Up-to-date: /home/uonaim/matlab_ws/FOOT/install/share/import_imu/local_setup.bash
[15.242s] -- Up-to-date: /home/uonaim/matlab_ws/FOOT/install/share/import_imu/local_setup.sh
[15.242s] -- Up-to-date: /home/uonaim/matlab_ws/FOOT/install/share/import_imu/local_setup.zsh
[15.242s] -- Installing: /home/uonaim/matlab_ws/FOOT/install/share/import_imu/local_setup.dsv
[15.242s] -- Installing: /home/uonaim/matlab_ws/FOOT/install/share/import_imu/package.dsv
[15.242s] -- Up-to-date: /home/uonaim/matlab_ws/FOOT/install/share/ament_index/resource_index/packages/import_imu
[15.242s] -- Up-to-date: /home/uonaim/matlab_ws/FOOT/install/share/import_imu/cmake/ament_cmake_export_include_directories-extras.cmake
[15.242s] -- Up-to-date: /home/uonaim/matlab_ws/FOOT/install/share/import_imu/cmake/import_imuConfig.cmake
[15.242s] -- Up-to-date: /home/uonaim/matlab_ws/FOOT/install/share/import_imu/cmake/import_imuConfig-version.cmake
[15.242s] -- Installing: /home/uonaim/matlab_ws/FOOT/install/share/import_imu/package.xml
[15.249s] Invoked command in '/home/uonaim/matlab_ws/FOOT/build/import_imu' returned '0': AMENT_PREFIX_PATH=/home/uonaim/matlab_ws/FOOT/install:${AMENT_PREFIX_PATH} CMAKE_PREFIX_PATH=/home/uonaim/matlab_ws/FOOT/install:/usr/local/MATLAB/R2023b/sys/ros2/glnxa64/ros2: LD_LIBRARY_PATH=/home/uonaim/matlab_ws/FOOT/install/lib${LD_LIBRARY_PATH} PS1=(venv) VIRTUAL_ENV_PROMPT=(venv) /usr/local/MATLAB/R2023b/bin/glnxa64/cmake/bin/cmake --install /home/uonaim/matlab_ws/FOOT/build/import_imu
