[0.812s] DEBUG:colcon:Command line arguments: ['/root/.matlab/R2023b/ros2/glnxa64/venv/bin/colcon', 'build', '--merge-install', '--base-paths', '/home/uonaim/matlab_ws/FOOT/src', '--cmake-args', '-DALIAS_ROS2_TF2=1', '-G', 'Ninja', '-DCMAKE_C_COMPILER=/usr/bin/gcc', '-DCMAKE_CXX_COMPILER=/usr/bin/g++']
[0.812s] DEBUG:colcon:Parsed command line arguments: Namespace(log_base=None, log_level=None, verb_name='build', build_base='build', install_base='install', merge_install=True, symlink_install=False, test_result_base=None, continue_on_error=False, executor='parallel', parallel_workers=14, event_handlers=None, ignore_user_meta=False, metas=['./colcon.meta'], base_paths=['/home/uonaim/matlab_ws/FOOT/src'], packages_ignore=None, packages_ignore_regex=None, paths=None, packages_up_to=None, packages_up_to_regex=None, packages_above=None, packages_above_and_dependencies=None, packages_above_depth=None, packages_select_by_dep=None, packages_skip_by_dep=None, packages_skip_up_to=None, packages_select_build_failed=False, packages_skip_build_finished=False, packages_select_test_failures=False, packages_skip_test_passed=False, packages_select=None, packages_skip=None, packages_select_regex=None, packages_skip_regex=None, packages_start=None, packages_end=None, cmake_args=['-DALIAS_ROS2_TF2=1', '-G', 'Ninja', '-DCMAKE_C_COMPILER=/usr/bin/gcc', '-DCMAKE_CXX_COMPILER=/usr/bin/g++'], cmake_target=None, cmake_target_skip_unavailable=False, cmake_clean_cache=False, cmake_clean_first=False, cmake_force_configure=False, ament_cmake_args=None, catkin_cmake_args=None, catkin_skip_building_tests=False, verb_parser=<colcon_defaults.argument_parser.defaults.DefaultArgumentsDecorator object at 0x7f24467b59f0>, verb_extension=<colcon_core.verb.build.BuildVerb object at 0x7f24468dd000>, main=<bound method BuildVerb.main of <colcon_core.verb.build.BuildVerb object at 0x7f24468dd000>>)
[0.913s] Level 1:colcon.colcon_core.package_discovery:discover_packages(colcon_meta) check parameters
[0.914s] Level 1:colcon.colcon_core.package_discovery:discover_packages(recursive) check parameters
[0.914s] Level 1:colcon.colcon_core.package_discovery:discover_packages(ignore) check parameters
[0.914s] Level 1:colcon.colcon_core.package_discovery:discover_packages(path) check parameters
[0.914s] Level 1:colcon.colcon_core.package_discovery:discover_packages(recursive) discover
[0.914s] INFO:colcon.colcon_core.package_discovery:Crawling recursively for packages in '/home/uonaim/matlab_ws/FOOT/src'
[0.914s] Level 1:colcon.colcon_core.package_identification:_identify(/home/uonaim/matlab_ws/FOOT/src) by extensions ['ignore', 'ignore_ament_install']
[0.914s] Level 1:colcon.colcon_core.package_identification:_identify(/home/uonaim/matlab_ws/FOOT/src) by extension 'ignore'
[0.914s] Level 1:colcon.colcon_core.package_identification:_identify(/home/uonaim/matlab_ws/FOOT/src) by extension 'ignore_ament_install'
[0.914s] Level 1:colcon.colcon_core.package_identification:_identify(/home/uonaim/matlab_ws/FOOT/src) by extensions ['colcon_pkg']
[0.914s] Level 1:colcon.colcon_core.package_identification:_identify(/home/uonaim/matlab_ws/FOOT/src) by extension 'colcon_pkg'
[0.914s] Level 1:colcon.colcon_core.package_identification:_identify(/home/uonaim/matlab_ws/FOOT/src) by extensions ['colcon_meta']
[0.914s] Level 1:colcon.colcon_core.package_identification:_identify(/home/uonaim/matlab_ws/FOOT/src) by extension 'colcon_meta'
[0.915s] Level 1:colcon.colcon_core.package_identification:_identify(/home/uonaim/matlab_ws/FOOT/src) by extensions ['ros']
[0.915s] Level 1:colcon.colcon_core.package_identification:_identify(/home/uonaim/matlab_ws/FOOT/src) by extension 'ros'
[0.945s] Level 1:colcon.colcon_core.package_identification:_identify(/home/uonaim/matlab_ws/FOOT/src) by extensions ['cmake', 'python']
[0.945s] Level 1:colcon.colcon_core.package_identification:_identify(/home/uonaim/matlab_ws/FOOT/src) by extension 'cmake'
[0.945s] Level 1:colcon.colcon_core.package_identification:_identify(/home/uonaim/matlab_ws/FOOT/src) by extension 'python'
[0.945s] Level 1:colcon.colcon_core.package_identification:_identify(/home/uonaim/matlab_ws/FOOT/src) by extensions ['python_setup_py']
[0.945s] Level 1:colcon.colcon_core.package_identification:_identify(/home/uonaim/matlab_ws/FOOT/src) by extension 'python_setup_py'
[0.946s] Level 1:colcon.colcon_core.package_identification:_identify(/home/uonaim/matlab_ws/FOOT/src/custom_msgs) by extensions ['ignore', 'ignore_ament_install']
[0.946s] Level 1:colcon.colcon_core.package_identification:_identify(/home/uonaim/matlab_ws/FOOT/src/custom_msgs) by extension 'ignore'
[0.946s] Level 1:colcon.colcon_core.package_identification:_identify(/home/uonaim/matlab_ws/FOOT/src/custom_msgs) by extension 'ignore_ament_install'
[0.946s] Level 1:colcon.colcon_core.package_identification:_identify(/home/uonaim/matlab_ws/FOOT/src/custom_msgs) by extensions ['colcon_pkg']
[0.946s] Level 1:colcon.colcon_core.package_identification:_identify(/home/uonaim/matlab_ws/FOOT/src/custom_msgs) by extension 'colcon_pkg'
[0.946s] Level 1:colcon.colcon_core.package_identification:_identify(/home/uonaim/matlab_ws/FOOT/src/custom_msgs) by extensions ['colcon_meta']
[0.946s] Level 1:colcon.colcon_core.package_identification:_identify(/home/uonaim/matlab_ws/FOOT/src/custom_msgs) by extension 'colcon_meta'
[0.946s] Level 1:colcon.colcon_core.package_identification:_identify(/home/uonaim/matlab_ws/FOOT/src/custom_msgs) by extensions ['ros']
[0.946s] Level 1:colcon.colcon_core.package_identification:_identify(/home/uonaim/matlab_ws/FOOT/src/custom_msgs) by extension 'ros'
[0.950s] DEBUG:colcon.colcon_core.package_identification:Package '/home/uonaim/matlab_ws/FOOT/src/custom_msgs' with type 'ros.ament_cmake' and name 'custom_msgs'
[0.950s] Level 1:colcon.colcon_core.package_identification:_identify(/home/uonaim/matlab_ws/FOOT/src/testing_dm_hby) by extensions ['ignore', 'ignore_ament_install']
[0.950s] Level 1:colcon.colcon_core.package_identification:_identify(/home/uonaim/matlab_ws/FOOT/src/testing_dm_hby) by extension 'ignore'
[0.950s] Level 1:colcon.colcon_core.package_identification:_identify(/home/uonaim/matlab_ws/FOOT/src/testing_dm_hby) by extension 'ignore_ament_install'
[0.950s] Level 1:colcon.colcon_core.package_identification:_identify(/home/uonaim/matlab_ws/FOOT/src/testing_dm_hby) by extensions ['colcon_pkg']
[0.950s] Level 1:colcon.colcon_core.package_identification:_identify(/home/uonaim/matlab_ws/FOOT/src/testing_dm_hby) by extension 'colcon_pkg'
[0.951s] Level 1:colcon.colcon_core.package_identification:_identify(/home/uonaim/matlab_ws/FOOT/src/testing_dm_hby) by extensions ['colcon_meta']
[0.951s] Level 1:colcon.colcon_core.package_identification:_identify(/home/uonaim/matlab_ws/FOOT/src/testing_dm_hby) by extension 'colcon_meta'
[0.951s] Level 1:colcon.colcon_core.package_identification:_identify(/home/uonaim/matlab_ws/FOOT/src/testing_dm_hby) by extensions ['ros']
[0.951s] Level 1:colcon.colcon_core.package_identification:_identify(/home/uonaim/matlab_ws/FOOT/src/testing_dm_hby) by extension 'ros'
[0.951s] DEBUG:colcon.colcon_core.package_identification:Package '/home/uonaim/matlab_ws/FOOT/src/testing_dm_hby' with type 'ros.ament_cmake' and name 'testing_dm_hby'
[0.951s] Level 1:colcon.colcon_core.package_discovery:discover_packages(recursive) using defaults
[1.016s] Level 5:colcon.colcon_core.verb:set package 'custom_msgs' build argument 'cmake_args' from command line to '['-DALIAS_ROS2_TF2=1', '-G', 'Ninja', '-DCMAKE_C_COMPILER=/usr/bin/gcc', '-DCMAKE_CXX_COMPILER=/usr/bin/g++']'
[1.017s] Level 5:colcon.colcon_core.verb:set package 'custom_msgs' build argument 'cmake_target' from command line to 'None'
[1.017s] Level 5:colcon.colcon_core.verb:set package 'custom_msgs' build argument 'cmake_target_skip_unavailable' from command line to 'False'
[1.017s] Level 5:colcon.colcon_core.verb:set package 'custom_msgs' build argument 'cmake_clean_cache' from command line to 'False'
[1.017s] Level 5:colcon.colcon_core.verb:set package 'custom_msgs' build argument 'cmake_clean_first' from command line to 'False'
[1.017s] Level 5:colcon.colcon_core.verb:set package 'custom_msgs' build argument 'cmake_force_configure' from command line to 'False'
[1.017s] Level 5:colcon.colcon_core.verb:set package 'custom_msgs' build argument 'ament_cmake_args' from command line to 'None'
[1.017s] Level 5:colcon.colcon_core.verb:set package 'custom_msgs' build argument 'catkin_cmake_args' from command line to 'None'
[1.017s] Level 5:colcon.colcon_core.verb:set package 'custom_msgs' build argument 'catkin_skip_building_tests' from command line to 'False'
[1.017s] DEBUG:colcon.colcon_core.verb:Building package 'custom_msgs' with the following arguments: {'ament_cmake_args': None, 'build_base': '/home/uonaim/matlab_ws/FOOT/build/custom_msgs', 'catkin_cmake_args': None, 'catkin_skip_building_tests': False, 'cmake_args': ['-DALIAS_ROS2_TF2=1', '-G', 'Ninja', '-DCMAKE_C_COMPILER=/usr/bin/gcc', '-DCMAKE_CXX_COMPILER=/usr/bin/g++'], 'cmake_clean_cache': False, 'cmake_clean_first': False, 'cmake_force_configure': False, 'cmake_target': None, 'cmake_target_skip_unavailable': False, 'install_base': '/home/uonaim/matlab_ws/FOOT/install', 'merge_install': True, 'path': '/home/uonaim/matlab_ws/FOOT/src/custom_msgs', 'symlink_install': False, 'test_result_base': None}
[1.030s] Level 5:colcon.colcon_core.verb:set package 'testing_dm_hby' build argument 'cmake_args' from command line to '['-DALIAS_ROS2_TF2=1', '-G', 'Ninja', '-DCMAKE_C_COMPILER=/usr/bin/gcc', '-DCMAKE_CXX_COMPILER=/usr/bin/g++']'
[1.030s] Level 5:colcon.colcon_core.verb:set package 'testing_dm_hby' build argument 'cmake_target' from command line to 'None'
[1.030s] Level 5:colcon.colcon_core.verb:set package 'testing_dm_hby' build argument 'cmake_target_skip_unavailable' from command line to 'False'
[1.030s] Level 5:colcon.colcon_core.verb:set package 'testing_dm_hby' build argument 'cmake_clean_cache' from command line to 'False'
[1.030s] Level 5:colcon.colcon_core.verb:set package 'testing_dm_hby' build argument 'cmake_clean_first' from command line to 'False'
[1.030s] Level 5:colcon.colcon_core.verb:set package 'testing_dm_hby' build argument 'cmake_force_configure' from command line to 'False'
[1.030s] Level 5:colcon.colcon_core.verb:set package 'testing_dm_hby' build argument 'ament_cmake_args' from command line to 'None'
[1.030s] Level 5:colcon.colcon_core.verb:set package 'testing_dm_hby' build argument 'catkin_cmake_args' from command line to 'None'
[1.030s] Level 5:colcon.colcon_core.verb:set package 'testing_dm_hby' build argument 'catkin_skip_building_tests' from command line to 'False'
[1.030s] DEBUG:colcon.colcon_core.verb:Building package 'testing_dm_hby' with the following arguments: {'ament_cmake_args': None, 'build_base': '/home/uonaim/matlab_ws/FOOT/build/testing_dm_hby', 'catkin_cmake_args': None, 'catkin_skip_building_tests': False, 'cmake_args': ['-DALIAS_ROS2_TF2=1', '-G', 'Ninja', '-DCMAKE_C_COMPILER=/usr/bin/gcc', '-DCMAKE_CXX_COMPILER=/usr/bin/g++'], 'cmake_clean_cache': False, 'cmake_clean_first': False, 'cmake_force_configure': False, 'cmake_target': None, 'cmake_target_skip_unavailable': False, 'install_base': '/home/uonaim/matlab_ws/FOOT/install', 'merge_install': True, 'path': '/home/uonaim/matlab_ws/FOOT/src/testing_dm_hby', 'symlink_install': False, 'test_result_base': None}
[1.034s] INFO:colcon.colcon_core.executor:Executing jobs using 'parallel' executor
[1.055s] DEBUG:colcon.colcon_parallel_executor.executor.parallel:run_until_complete
[1.055s] INFO:colcon.colcon_ros.task.ament_cmake.build:Building ROS package in '/home/uonaim/matlab_ws/FOOT/src/custom_msgs' with build type 'ament_cmake'
[1.056s] INFO:colcon.colcon_cmake.task.cmake.build:Building CMake package in '/home/uonaim/matlab_ws/FOOT/src/custom_msgs'
[1.108s] INFO:colcon.colcon_core.plugin_system:Skipping extension 'colcon_core.shell.bat': Not used on non-Windows systems
[1.108s] INFO:colcon.colcon_core.shell:Skip shell extension 'powershell' for command environment: Not usable outside of PowerShell
[1.108s] DEBUG:colcon.colcon_core.shell:Skip shell extension 'dsv' for command environment
[1.143s] DEBUG:colcon.colcon_core.event_handler.log_command:Invoking command in '/home/uonaim/matlab_ws/FOOT/build/custom_msgs': PS1=(venv) VIRTUAL_ENV_PROMPT=(venv) /usr/local/MATLAB/R2023b/bin/glnxa64/cmake/bin/cmake --build /home/uonaim/matlab_ws/FOOT/build/custom_msgs -- -j14 -l14
[2.305s] DEBUG:colcon.colcon_core.event_handler.log_command:Invoked command in '/home/uonaim/matlab_ws/FOOT/build/custom_msgs' returned '0': PS1=(venv) VIRTUAL_ENV_PROMPT=(venv) /usr/local/MATLAB/R2023b/bin/glnxa64/cmake/bin/cmake --build /home/uonaim/matlab_ws/FOOT/build/custom_msgs -- -j14 -l14
[2.336s] DEBUG:colcon.colcon_core.event_handler.log_command:Invoking command in '/home/uonaim/matlab_ws/FOOT/build/custom_msgs': PS1=(venv) VIRTUAL_ENV_PROMPT=(venv) /usr/local/MATLAB/R2023b/bin/glnxa64/cmake/bin/cmake --install /home/uonaim/matlab_ws/FOOT/build/custom_msgs
[2.359s] Level 1:colcon.colcon_core.environment:create_environment_scripts_only(custom_msgs)
[2.362s] DEBUG:colcon.colcon_core.event_handler.log_command:Invoked command in '/home/uonaim/matlab_ws/FOOT/build/custom_msgs' returned '0': PS1=(venv) VIRTUAL_ENV_PROMPT=(venv) /usr/local/MATLAB/R2023b/bin/glnxa64/cmake/bin/cmake --install /home/uonaim/matlab_ws/FOOT/build/custom_msgs
[2.378s] Level 1:colcon.colcon_core.environment:checking '/home/uonaim/matlab_ws/FOOT/install' for CMake module files
[2.379s] Level 1:colcon.colcon_core.environment:checking '/home/uonaim/matlab_ws/FOOT/install' for CMake config files
[2.380s] Level 1:colcon.colcon_core.shell:create_environment_hook('custom_msgs', 'cmake_prefix_path')
[2.388s] INFO:colcon.colcon_core.shell:Creating environment hook '/home/uonaim/matlab_ws/FOOT/install/share/custom_msgs/hook/cmake_prefix_path.ps1'
[2.389s] INFO:colcon.colcon_core.shell:Creating environment descriptor '/home/uonaim/matlab_ws/FOOT/install/share/custom_msgs/hook/cmake_prefix_path.dsv'
[2.390s] INFO:colcon.colcon_core.shell:Creating environment hook '/home/uonaim/matlab_ws/FOOT/install/share/custom_msgs/hook/cmake_prefix_path.sh'
[2.392s] Level 1:colcon.colcon_core.environment:checking '/home/uonaim/matlab_ws/FOOT/install/lib'
[2.392s] Level 1:colcon.colcon_core.shell:create_environment_hook('custom_msgs', 'ld_library_path_lib')
[2.401s] INFO:colcon.colcon_core.shell:Creating environment hook '/home/uonaim/matlab_ws/FOOT/install/share/custom_msgs/hook/ld_library_path_lib.ps1'
[2.402s] INFO:colcon.colcon_core.shell:Creating environment descriptor '/home/uonaim/matlab_ws/FOOT/install/share/custom_msgs/hook/ld_library_path_lib.dsv'
[2.402s] INFO:colcon.colcon_core.shell:Creating environment hook '/home/uonaim/matlab_ws/FOOT/install/share/custom_msgs/hook/ld_library_path_lib.sh'
[2.403s] Level 1:colcon.colcon_core.environment:checking '/home/uonaim/matlab_ws/FOOT/install/bin'
[2.403s] Level 1:colcon.colcon_core.environment:checking '/home/uonaim/matlab_ws/FOOT/install/lib/pkgconfig/custom_msgs.pc'
[2.404s] Level 1:colcon.colcon_core.environment:checking '/home/uonaim/matlab_ws/FOOT/install/lib/python3.10/site-packages'
[2.405s] Level 1:colcon.colcon_core.environment:checking '/home/uonaim/matlab_ws/FOOT/install/bin'
[2.413s] INFO:colcon.colcon_core.shell:Creating package script '/home/uonaim/matlab_ws/FOOT/install/share/custom_msgs/package.ps1'
[2.415s] INFO:colcon.colcon_core.shell:Creating package descriptor '/home/uonaim/matlab_ws/FOOT/install/share/custom_msgs/package.dsv'
[2.416s] INFO:colcon.colcon_core.shell:Creating package script '/home/uonaim/matlab_ws/FOOT/install/share/custom_msgs/package.sh'
[2.417s] INFO:colcon.colcon_core.shell:Creating package script '/home/uonaim/matlab_ws/FOOT/install/share/custom_msgs/package.bash'
[2.418s] INFO:colcon.colcon_core.shell:Creating package script '/home/uonaim/matlab_ws/FOOT/install/share/custom_msgs/package.zsh'
[2.419s] Level 1:colcon.colcon_core.environment:create_file_with_runtime_dependencies(/home/uonaim/matlab_ws/FOOT/install/share/colcon-core/packages/custom_msgs)
[2.456s] Level 1:colcon.colcon_core.environment:create_environment_scripts_only(custom_msgs)
[2.467s] Level 1:colcon.colcon_core.environment:checking '/home/uonaim/matlab_ws/FOOT/install' for CMake module files
[2.468s] Level 1:colcon.colcon_core.environment:checking '/home/uonaim/matlab_ws/FOOT/install' for CMake config files
[2.469s] Level 1:colcon.colcon_core.shell:create_environment_hook('custom_msgs', 'cmake_prefix_path')
[2.475s] INFO:colcon.colcon_core.shell:Creating environment hook '/home/uonaim/matlab_ws/FOOT/install/share/custom_msgs/hook/cmake_prefix_path.ps1'
[2.476s] INFO:colcon.colcon_core.shell:Creating environment descriptor '/home/uonaim/matlab_ws/FOOT/install/share/custom_msgs/hook/cmake_prefix_path.dsv'
[2.476s] INFO:colcon.colcon_core.shell:Creating environment hook '/home/uonaim/matlab_ws/FOOT/install/share/custom_msgs/hook/cmake_prefix_path.sh'
[2.478s] Level 1:colcon.colcon_core.environment:checking '/home/uonaim/matlab_ws/FOOT/install/lib'
[2.478s] Level 1:colcon.colcon_core.shell:create_environment_hook('custom_msgs', 'ld_library_path_lib')
[2.485s] INFO:colcon.colcon_core.shell:Creating environment hook '/home/uonaim/matlab_ws/FOOT/install/share/custom_msgs/hook/ld_library_path_lib.ps1'
[2.486s] INFO:colcon.colcon_core.shell:Creating environment descriptor '/home/uonaim/matlab_ws/FOOT/install/share/custom_msgs/hook/ld_library_path_lib.dsv'
[2.486s] INFO:colcon.colcon_core.shell:Creating environment hook '/home/uonaim/matlab_ws/FOOT/install/share/custom_msgs/hook/ld_library_path_lib.sh'
[2.487s] Level 1:colcon.colcon_core.environment:checking '/home/uonaim/matlab_ws/FOOT/install/bin'
[2.487s] Level 1:colcon.colcon_core.environment:checking '/home/uonaim/matlab_ws/FOOT/install/lib/pkgconfig/custom_msgs.pc'
[2.488s] Level 1:colcon.colcon_core.environment:checking '/home/uonaim/matlab_ws/FOOT/install/lib/python3.10/site-packages'
[2.488s] Level 1:colcon.colcon_core.environment:checking '/home/uonaim/matlab_ws/FOOT/install/bin'
[2.496s] INFO:colcon.colcon_core.shell:Creating package script '/home/uonaim/matlab_ws/FOOT/install/share/custom_msgs/package.ps1'
[2.497s] INFO:colcon.colcon_core.shell:Creating package descriptor '/home/uonaim/matlab_ws/FOOT/install/share/custom_msgs/package.dsv'
[2.498s] INFO:colcon.colcon_core.shell:Creating package script '/home/uonaim/matlab_ws/FOOT/install/share/custom_msgs/package.sh'
[2.499s] INFO:colcon.colcon_core.shell:Creating package script '/home/uonaim/matlab_ws/FOOT/install/share/custom_msgs/package.bash'
[2.500s] INFO:colcon.colcon_core.shell:Creating package script '/home/uonaim/matlab_ws/FOOT/install/share/custom_msgs/package.zsh'
[2.500s] Level 1:colcon.colcon_core.environment:create_file_with_runtime_dependencies(/home/uonaim/matlab_ws/FOOT/install/share/colcon-core/packages/custom_msgs)
[2.501s] INFO:colcon.colcon_ros.task.ament_cmake.build:Building ROS package in '/home/uonaim/matlab_ws/FOOT/src/testing_dm_hby' with build type 'ament_cmake'
[2.503s] INFO:colcon.colcon_cmake.task.cmake.build:Building CMake package in '/home/uonaim/matlab_ws/FOOT/src/testing_dm_hby'
[2.510s] INFO:colcon.colcon_core.shell:Skip shell extension 'powershell' for command environment: Not usable outside of PowerShell
[2.510s] DEBUG:colcon.colcon_core.shell:Skip shell extension 'dsv' for command environment
[2.549s] DEBUG:colcon.colcon_core.event_handler.log_command:Invoking command in '/home/uonaim/matlab_ws/FOOT/build/testing_dm_hby': AMENT_PREFIX_PATH=/home/uonaim/matlab_ws/FOOT/install:${AMENT_PREFIX_PATH} CMAKE_PREFIX_PATH=/home/uonaim/matlab_ws/FOOT/install:/usr/local/MATLAB/R2023b/sys/ros2/glnxa64/ros2: LD_LIBRARY_PATH=/home/uonaim/matlab_ws/FOOT/install/lib${LD_LIBRARY_PATH} PS1=(venv) VIRTUAL_ENV_PROMPT=(venv) /usr/local/MATLAB/R2023b/bin/glnxa64/cmake/bin/cmake --build /home/uonaim/matlab_ws/FOOT/build/testing_dm_hby -- -j14 -l14
[37.388s] DEBUG:colcon.colcon_core.event_handler.log_command:Invoked command in '/home/uonaim/matlab_ws/FOOT/build/testing_dm_hby' returned '0': AMENT_PREFIX_PATH=/home/uonaim/matlab_ws/FOOT/install:${AMENT_PREFIX_PATH} CMAKE_PREFIX_PATH=/home/uonaim/matlab_ws/FOOT/install:/usr/local/MATLAB/R2023b/sys/ros2/glnxa64/ros2: LD_LIBRARY_PATH=/home/uonaim/matlab_ws/FOOT/install/lib${LD_LIBRARY_PATH} PS1=(venv) VIRTUAL_ENV_PROMPT=(venv) /usr/local/MATLAB/R2023b/bin/glnxa64/cmake/bin/cmake --build /home/uonaim/matlab_ws/FOOT/build/testing_dm_hby -- -j14 -l14
[37.413s] DEBUG:colcon.colcon_core.event_handler.log_command:Invoking command in '/home/uonaim/matlab_ws/FOOT/build/testing_dm_hby': AMENT_PREFIX_PATH=/home/uonaim/matlab_ws/FOOT/install:${AMENT_PREFIX_PATH} CMAKE_PREFIX_PATH=/home/uonaim/matlab_ws/FOOT/install:/usr/local/MATLAB/R2023b/sys/ros2/glnxa64/ros2: LD_LIBRARY_PATH=/home/uonaim/matlab_ws/FOOT/install/lib${LD_LIBRARY_PATH} PS1=(venv) VIRTUAL_ENV_PROMPT=(venv) /usr/local/MATLAB/R2023b/bin/glnxa64/cmake/bin/cmake --install /home/uonaim/matlab_ws/FOOT/build/testing_dm_hby
[37.424s] Level 1:colcon.colcon_core.environment:create_environment_scripts_only(testing_dm_hby)
[37.430s] DEBUG:colcon.colcon_core.event_handler.log_command:Invoked command in '/home/uonaim/matlab_ws/FOOT/build/testing_dm_hby' returned '0': AMENT_PREFIX_PATH=/home/uonaim/matlab_ws/FOOT/install:${AMENT_PREFIX_PATH} CMAKE_PREFIX_PATH=/home/uonaim/matlab_ws/FOOT/install:/usr/local/MATLAB/R2023b/sys/ros2/glnxa64/ros2: LD_LIBRARY_PATH=/home/uonaim/matlab_ws/FOOT/install/lib${LD_LIBRARY_PATH} PS1=(venv) VIRTUAL_ENV_PROMPT=(venv) /usr/local/MATLAB/R2023b/bin/glnxa64/cmake/bin/cmake --install /home/uonaim/matlab_ws/FOOT/build/testing_dm_hby
[37.432s] Level 1:colcon.colcon_core.environment:checking '/home/uonaim/matlab_ws/FOOT/install' for CMake module files
[37.433s] Level 1:colcon.colcon_core.environment:checking '/home/uonaim/matlab_ws/FOOT/install' for CMake config files
[37.434s] Level 1:colcon.colcon_core.shell:create_environment_hook('testing_dm_hby', 'cmake_prefix_path')
[37.440s] INFO:colcon.colcon_core.shell:Creating environment hook '/home/uonaim/matlab_ws/FOOT/install/share/testing_dm_hby/hook/cmake_prefix_path.ps1'
[37.441s] INFO:colcon.colcon_core.shell:Creating environment descriptor '/home/uonaim/matlab_ws/FOOT/install/share/testing_dm_hby/hook/cmake_prefix_path.dsv'
[37.442s] INFO:colcon.colcon_core.shell:Creating environment hook '/home/uonaim/matlab_ws/FOOT/install/share/testing_dm_hby/hook/cmake_prefix_path.sh'
[37.442s] Level 1:colcon.colcon_core.environment:checking '/home/uonaim/matlab_ws/FOOT/install/lib'
[37.442s] Level 1:colcon.colcon_core.shell:create_environment_hook('testing_dm_hby', 'ld_library_path_lib')
[37.449s] INFO:colcon.colcon_core.shell:Creating environment hook '/home/uonaim/matlab_ws/FOOT/install/share/testing_dm_hby/hook/ld_library_path_lib.ps1'
[37.450s] INFO:colcon.colcon_core.shell:Creating environment descriptor '/home/uonaim/matlab_ws/FOOT/install/share/testing_dm_hby/hook/ld_library_path_lib.dsv'
[37.450s] INFO:colcon.colcon_core.shell:Creating environment hook '/home/uonaim/matlab_ws/FOOT/install/share/testing_dm_hby/hook/ld_library_path_lib.sh'
[37.451s] Level 1:colcon.colcon_core.environment:checking '/home/uonaim/matlab_ws/FOOT/install/bin'
[37.451s] Level 1:colcon.colcon_core.environment:checking '/home/uonaim/matlab_ws/FOOT/install/lib/pkgconfig/testing_dm_hby.pc'
[37.451s] Level 1:colcon.colcon_core.environment:checking '/home/uonaim/matlab_ws/FOOT/install/lib/python3.10/site-packages'
[37.452s] Level 1:colcon.colcon_core.environment:checking '/home/uonaim/matlab_ws/FOOT/install/bin'
[37.458s] INFO:colcon.colcon_core.shell:Creating package script '/home/uonaim/matlab_ws/FOOT/install/share/testing_dm_hby/package.ps1'
[37.459s] INFO:colcon.colcon_core.shell:Creating package descriptor '/home/uonaim/matlab_ws/FOOT/install/share/testing_dm_hby/package.dsv'
[37.460s] INFO:colcon.colcon_core.shell:Creating package script '/home/uonaim/matlab_ws/FOOT/install/share/testing_dm_hby/package.sh'
[37.460s] INFO:colcon.colcon_core.shell:Creating package script '/home/uonaim/matlab_ws/FOOT/install/share/testing_dm_hby/package.bash'
[37.461s] INFO:colcon.colcon_core.shell:Creating package script '/home/uonaim/matlab_ws/FOOT/install/share/testing_dm_hby/package.zsh'
[37.461s] Level 1:colcon.colcon_core.environment:create_file_with_runtime_dependencies(/home/uonaim/matlab_ws/FOOT/install/share/colcon-core/packages/testing_dm_hby)
[37.488s] Level 1:colcon.colcon_core.environment:create_environment_scripts_only(testing_dm_hby)
[37.495s] Level 1:colcon.colcon_core.environment:checking '/home/uonaim/matlab_ws/FOOT/install' for CMake module files
[37.495s] Level 1:colcon.colcon_core.environment:checking '/home/uonaim/matlab_ws/FOOT/install' for CMake config files
[37.496s] Level 1:colcon.colcon_core.shell:create_environment_hook('testing_dm_hby', 'cmake_prefix_path')
[37.501s] INFO:colcon.colcon_core.shell:Creating environment hook '/home/uonaim/matlab_ws/FOOT/install/share/testing_dm_hby/hook/cmake_prefix_path.ps1'
[37.502s] INFO:colcon.colcon_core.shell:Creating environment descriptor '/home/uonaim/matlab_ws/FOOT/install/share/testing_dm_hby/hook/cmake_prefix_path.dsv'
[37.502s] INFO:colcon.colcon_core.shell:Creating environment hook '/home/uonaim/matlab_ws/FOOT/install/share/testing_dm_hby/hook/cmake_prefix_path.sh'
[37.503s] Level 1:colcon.colcon_core.environment:checking '/home/uonaim/matlab_ws/FOOT/install/lib'
[37.503s] Level 1:colcon.colcon_core.shell:create_environment_hook('testing_dm_hby', 'ld_library_path_lib')
[37.508s] INFO:colcon.colcon_core.shell:Creating environment hook '/home/uonaim/matlab_ws/FOOT/install/share/testing_dm_hby/hook/ld_library_path_lib.ps1'
[37.509s] INFO:colcon.colcon_core.shell:Creating environment descriptor '/home/uonaim/matlab_ws/FOOT/install/share/testing_dm_hby/hook/ld_library_path_lib.dsv'
[37.510s] INFO:colcon.colcon_core.shell:Creating environment hook '/home/uonaim/matlab_ws/FOOT/install/share/testing_dm_hby/hook/ld_library_path_lib.sh'
[37.510s] Level 1:colcon.colcon_core.environment:checking '/home/uonaim/matlab_ws/FOOT/install/bin'
[37.510s] Level 1:colcon.colcon_core.environment:checking '/home/uonaim/matlab_ws/FOOT/install/lib/pkgconfig/testing_dm_hby.pc'
[37.511s] Level 1:colcon.colcon_core.environment:checking '/home/uonaim/matlab_ws/FOOT/install/lib/python3.10/site-packages'
[37.511s] Level 1:colcon.colcon_core.environment:checking '/home/uonaim/matlab_ws/FOOT/install/bin'
[37.516s] INFO:colcon.colcon_core.shell:Creating package script '/home/uonaim/matlab_ws/FOOT/install/share/testing_dm_hby/package.ps1'
[37.517s] INFO:colcon.colcon_core.shell:Creating package descriptor '/home/uonaim/matlab_ws/FOOT/install/share/testing_dm_hby/package.dsv'
[37.517s] INFO:colcon.colcon_core.shell:Creating package script '/home/uonaim/matlab_ws/FOOT/install/share/testing_dm_hby/package.sh'
[37.518s] INFO:colcon.colcon_core.shell:Creating package script '/home/uonaim/matlab_ws/FOOT/install/share/testing_dm_hby/package.bash'
[37.518s] INFO:colcon.colcon_core.shell:Creating package script '/home/uonaim/matlab_ws/FOOT/install/share/testing_dm_hby/package.zsh'
[37.518s] Level 1:colcon.colcon_core.environment:create_file_with_runtime_dependencies(/home/uonaim/matlab_ws/FOOT/install/share/colcon-core/packages/testing_dm_hby)
[37.519s] DEBUG:colcon.colcon_parallel_executor.executor.parallel:closing loop
[37.519s] DEBUG:colcon.colcon_parallel_executor.executor.parallel:loop closed
[37.519s] DEBUG:colcon.colcon_parallel_executor.executor.parallel:run_until_complete finished with '0'
[37.519s] DEBUG:colcon.colcon_core.event_reactor:joining thread
[37.529s] INFO:colcon.colcon_core.plugin_system:Skipping extension 'colcon_notification.desktop_notification.notify2': 'notify2' not found
[37.529s] INFO:colcon.colcon_core.plugin_system:Skipping extension 'colcon_notification.desktop_notification.terminal_notifier': Not used on non-Darwin systems
[37.529s] INFO:colcon.colcon_core.plugin_system:Skipping extension 'colcon_notification.desktop_notification.win32': Not used on non-Windows systems
[37.529s] INFO:colcon.colcon_notification.desktop_notification:Sending desktop notification using 'notify_send'
[37.548s] DEBUG:colcon.colcon_core.event_reactor:joined thread
[37.554s] INFO:colcon.colcon_core.shell:Creating prefix script '/home/uonaim/matlab_ws/FOOT/install/local_setup.ps1'
[37.556s] INFO:colcon.colcon_core.shell:Creating prefix util module '/home/uonaim/matlab_ws/FOOT/install/_local_setup_util_ps1.py'
[37.557s] INFO:colcon.colcon_core.shell:Creating prefix chain script '/home/uonaim/matlab_ws/FOOT/install/setup.ps1'
[37.563s] INFO:colcon.colcon_core.shell:Creating prefix script '/home/uonaim/matlab_ws/FOOT/install/local_setup.sh'
[37.564s] INFO:colcon.colcon_core.shell:Creating prefix util module '/home/uonaim/matlab_ws/FOOT/install/_local_setup_util_sh.py'
[37.564s] INFO:colcon.colcon_core.shell:Creating prefix chain script '/home/uonaim/matlab_ws/FOOT/install/setup.sh'
[37.569s] INFO:colcon.colcon_core.shell:Creating prefix script '/home/uonaim/matlab_ws/FOOT/install/local_setup.bash'
[37.570s] INFO:colcon.colcon_core.shell:Creating prefix chain script '/home/uonaim/matlab_ws/FOOT/install/setup.bash'
[37.575s] INFO:colcon.colcon_core.shell:Creating prefix script '/home/uonaim/matlab_ws/FOOT/install/local_setup.zsh'
[37.576s] INFO:colcon.colcon_core.shell:Creating prefix chain script '/home/uonaim/matlab_ws/FOOT/install/setup.zsh'
